/cbica/projects/pafin/code/processing
2115fmn003
Tue Mar  4 09:05:19 EST 2025
Running task 3
Commandline: apptainer run --cleanenv       -B /cbica/projects/pafin/dset:/data       -B /cbica/projects/pafin/derivatives/fmriprep:/out       -B /cbica/comp_space/pafin/pafin-fmriprep:/work       -B /cbica/projects/pafin/code:/code       -B /cbica/projects/pafin/tokens/freesurfer_license.txt:/license.txt       /cbica/projects/pafin/apptainer/fmriprep-24.1.1.sif       /data       /out       participant       --participant-label 24684       -w /work       --omp-nthreads 20       --nprocs 20       --mem_mb 39000       --output-spaces func T1w MNI152NLin6Asym:res-2       --output-layout bids       --me-output-echos       --project-goodvoxels       --cifti-output 91k       --bids-filter-file /code/processing/filter.json       --fs-license-file /license.txt       --skip_bids_validation       --level full
250304-09:06:00,232 nipype.workflow IMPORTANT:
	 Running fMRIPrep version 24.1.1

         License NOTICE ##################################################
         fMRIPrep 24.1.1
         Copyright The NiPreps Developers.
         
         This product includes software developed by
         the NiPreps Community (https://nipreps.org/).
         
         Portions of this software were developed at the Department of
         Psychology at Stanford University, Stanford, CA, US.
         
         This software is also distributed as a Docker container image.
         The bootstrapping file for the image ("Dockerfile") is licensed
         under the MIT License.
         
         This software may be distributed through an add-on package called
         "Docker Wrapper" that is under the BSD 3-clause License.
         #################################################################
250304-09:06:01,760 nipype.workflow IMPORTANT:
	 Building fMRIPrep's workflow:
           * BIDS dataset path: /data.
           * Participant list: ['24684'].
           * Run identifier: 20250304-090525_7a81a29a-d270-4031-8f64-2b91643c9721.
           * Output spaces: func T1w MNI152NLin6Asym:res-2.
           * Pre-run FreeSurfer's SUBJECTS_DIR: /out/sourcedata/freesurfer.
250304-09:06:03,219 nipype.workflow INFO:
	 ANAT Stage 1: Adding template workflow
250304-09:06:04,148 nipype.workflow INFO:
	 ANAT Stage 2: Preparing brain extraction workflow
250304-09:06:04,241 nipype.workflow INFO:
	 ANAT Stage 3: Preparing segmentation workflow
250304-09:06:04,247 nipype.workflow INFO:
	 ANAT Stage 4: Preparing normalization workflow for ['MNI152NLin6Asym', 'MNI152NLin2009cAsym']
250304-09:06:04,257 nipype.workflow INFO:
	 ANAT Stage 5: Preparing surface reconstruction workflow
250304-09:06:04,275 nipype.workflow INFO:
	 ANAT Stage 6: Preparing mask refinement workflow
250304-09:06:04,277 nipype.workflow INFO:
	 ANAT Stage 7: Creating T2w template
250304-09:06:04,281 nipype.workflow INFO:
	 ANAT Stage 8: Creating GIFTI surfaces for ['white', 'pial', 'midthickness', 'sphere_reg', 'sphere']
250304-09:06:04,296 nipype.workflow INFO:
	 ANAT Stage 8: Creating GIFTI metrics for ['thickness', 'sulc']
250304-09:06:04,303 nipype.workflow INFO:
	 ANAT Stage 8a: Creating cortical ribbon mask
250304-09:06:04,306 nipype.workflow INFO:
	 ANAT Stage 9: Creating fsLR registration sphere
250304-09:06:04,310 nipype.workflow INFO:
	 ANAT Stage 10: Creating MSM-Sulc registration sphere
250304-09:06:05,117 nipype.workflow INFO:
	 B0 field inhomogeneity map will be estimated with the following 1 estimator(s): [<EstimatorType.PEPOLAR: 2>].
250304-09:06:05,167 nipype.workflow INFO:
	 Setting-up fieldmap "funcpepolar01" (EstimatorType.PEPOLAR) with <sub-24684_ses-1_acq-func_dir-AP_run-01_part-mag_epi.nii.gz, sub-24684_ses-1_acq-func_dir-PA_run-01_part-mag_epi.nii.gz>
250304-09:06:05,324 nipype.workflow INFO:
	 Using single-band reference file(s) sub-24684_ses-1_task-bao_dir-AP_run-01_echo-1_part-mag_sbref.nii.gz,sub-24684_ses-1_task-bao_dir-AP_run-01_echo-2_part-mag_sbref.nii.gz,sub-24684_ses-1_task-bao_dir-AP_run-01_echo-3_part-mag_sbref.nii.gz,sub-24684_ses-1_task-bao_dir-AP_run-01_echo-4_part-mag_sbref.nii.gz,sub-24684_ses-1_task-bao_dir-AP_run-01_echo-5_part-mag_sbref.nii.gz.
250304-09:06:05,468 nipype.workflow INFO:
	 Stage 1: Adding HMC boldref workflow
250304-09:06:05,480 nipype.workflow INFO:
	 Stage 2: Adding motion correction workflow
250304-09:06:05,491 nipype.workflow INFO:
	 Stage 3: Adding coregistration boldref workflow
250304-09:06:06,65 nipype.workflow IMPORTANT:
	 BOLD series will be slice-timing corrected to an offset of 0.798s.
250304-09:06:06,69 nipype.workflow IMPORTANT:
	 Generating T2* map and optimally combined ME-EPI time series.
250304-09:06:06,781 nipype.workflow INFO:
	 Using single-band reference file(s) sub-24684_ses-1_task-rat_dir-PA_run-01_echo-1_part-mag_sbref.nii.gz,sub-24684_ses-1_task-rat_dir-PA_run-01_echo-2_part-mag_sbref.nii.gz,sub-24684_ses-1_task-rat_dir-PA_run-01_echo-3_part-mag_sbref.nii.gz,sub-24684_ses-1_task-rat_dir-PA_run-01_echo-4_part-mag_sbref.nii.gz,sub-24684_ses-1_task-rat_dir-PA_run-01_echo-5_part-mag_sbref.nii.gz.
250304-09:06:06,844 nipype.workflow INFO:
	 Stage 1: Adding HMC boldref workflow
250304-09:06:06,849 nipype.workflow INFO:
	 Stage 2: Adding motion correction workflow
250304-09:06:06,853 nipype.workflow INFO:
	 Stage 3: Adding coregistration boldref workflow
250304-09:06:07,455 nipype.workflow IMPORTANT:
	 BOLD series will be slice-timing corrected to an offset of 0.799s.
250304-09:06:07,457 nipype.workflow IMPORTANT:
	 Generating T2* map and optimally combined ME-EPI time series.
250304-09:06:11,886 nipype.workflow INFO:
	 fMRIPrep workflow graph with 857 nodes built successfully.
250304-09:06:30,170 nipype.workflow IMPORTANT:
	 fMRIPrep started!
250304-09:06:31,689 nipype.workflow WARNING:
	 Some nodes exceed the total amount of memory available (39.00GB).
250304-09:06:38,534 nipype.workflow INFO:
	 [Node] Setting-up "fmriprep_24_1_wf.sub_24684_wf.anat_fit_wf.brain_extraction_wf.full_wm" in "/work/fmriprep_24_1_wf/sub_24684_wf/anat_fit_wf/brain_extraction_wf/full_wm".
250304-09:06:38,543 nipype.workflow INFO:
	 [Node] Executing "full_wm" <nipype.interfaces.utility.wrappers.Function>
250304-09:06:38,658 nipype.workflow INFO:
	 [Node] Setting-up "fmriprep_24_1_wf.sub_24684_wf.anat_fit_wf.brain_extraction_wf.lap_tmpl" in "/work/fmriprep_24_1_wf/sub_24684_wf/anat_fit_wf/brain_extraction_wf/lap_tmpl".
250304-09:06:38,669 nipype.workflow INFO:
	 [Node] Executing "lap_tmpl" <nipype.interfaces.ants.utils.ImageMath>
250304-09:06:38,699 nipype.workflow INFO:
	 [Node] Setting-up "fmriprep_24_1_wf.sub_24684_wf.anat_fit_wf.brain_extraction_wf.res_tmpl" in "/work/fmriprep_24_1_wf/sub_24684_wf/anat_fit_wf/brain_extraction_wf/res_tmpl".
250304-09:06:38,706 nipype.workflow INFO:
	 [Node] Executing "res_tmpl" <niworkflows.interfaces.nibabel.RegridToZooms>
250304-09:06:38,730 nipype.workflow INFO:
	 [Node] Setting-up "fmriprep_24_1_wf.sub_24684_wf.bold_ses_1_task_bao_dir_AP_run_01_echo_1_part_mag_wf.bold_fit_wf.hmc_boldref_wf.val_bold" in "/work/fmriprep_24_1_wf/sub_24684_wf/bold_ses_1_task_bao_dir_AP_run_01_echo_1_part_mag_wf/bold_fit_wf/hmc_boldref_wf/val_bold".
250304-09:06:38,737 nipype.workflow INFO:
	 [Node] Executing "val_bold" <niworkflows.interfaces.header.ValidateImage>
250304-09:06:38,740 nipype.workflow INFO:
	 [Node] Setting-up "fmriprep_24_1_wf.sub_24684_wf.bold_ses_1_task_bao_dir_AP_run_01_echo_1_part_mag_wf.bold_fit_wf.hmc_boldref_wf.get_dummy" in "/work/fmriprep_24_1_wf/sub_24684_wf/bold_ses_1_task_bao_dir_AP_run_01_echo_1_part_mag_wf/bold_fit_wf/hmc_boldref_wf/get_dummy".
250304-09:06:38,747 nipype.workflow INFO:
	 [Node] Executing "get_dummy" <niworkflows.interfaces.bold.NonsteadyStatesDetector>
250304-09:06:38,771 nipype.workflow INFO:
	 [Node] Setting-up "fmriprep_24_1_wf.sub_24684_wf.fmap_preproc_wf.out_merge_fmap_id" in "/work/fmriprep_24_1_wf/sub_24684_wf/fmap_preproc_wf/out_merge_fmap_id".
250304-09:06:38,780 nipype.workflow INFO:
	 [Node] Executing "out_merge_fmap_id" <nipype.interfaces.utility.base.Merge>
250304-09:06:38,780 nipype.workflow INFO:
	 [Node] Setting-up "fmriprep_24_1_wf.sub_24684_wf.fmap_preproc_wf.out_merge_method" in "/work/fmriprep_24_1_wf/sub_24684_wf/fmap_preproc_wf/out_merge_method".
250304-09:06:38,784 nipype.workflow INFO:
	 [Node] Finished "out_merge_fmap_id", elapsed time 0.000265s.
250304-09:06:38,787 nipype.workflow INFO:
	 [Node] Executing "out_merge_method" <nipype.interfaces.utility.base.Merge>
250304-09:06:38,791 nipype.workflow INFO:
	 [Node] Finished "out_merge_method", elapsed time 0.000369s.
250304-09:06:38,876 nipype.workflow INFO:
	 [Node] Finished "val_bold", elapsed time 0.132292s.
250304-09:06:38,955 nipype.workflow INFO:
	 [Node] Setting-up "fmriprep_24_1_wf.sub_24684_wf.bold_ses_1_task_rat_dir_PA_run_01_echo_1_part_mag_wf.bold_fit_wf.hmc_boldref_wf.get_dummy" in "/work/fmriprep_24_1_wf/sub_24684_wf/bold_ses_1_task_rat_dir_PA_run_01_echo_1_part_mag_wf/bold_fit_wf/hmc_boldref_wf/get_dummy".
250304-09:06:38,963 nipype.workflow INFO:
	 [Node] Executing "get_dummy" <niworkflows.interfaces.bold.NonsteadyStatesDetector>
250304-09:06:38,963 nipype.workflow INFO:
	 [Node] Setting-up "fmriprep_24_1_wf.sub_24684_wf.bold_ses_1_task_rat_dir_PA_run_01_echo_1_part_mag_wf.bold_fit_wf.hmc_boldref_wf.val_bold" in "/work/fmriprep_24_1_wf/sub_24684_wf/bold_ses_1_task_rat_dir_PA_run_01_echo_1_part_mag_wf/bold_fit_wf/hmc_boldref_wf/val_bold".
250304-09:06:38,970 nipype.workflow INFO:
	 [Node] Executing "val_bold" <niworkflows.interfaces.header.ValidateImage>
250304-09:06:39,48 nipype.workflow INFO:
	 [Node] Finished "val_bold", elapsed time 0.077737s.
250304-09:06:39,305 nipype.workflow INFO:
	 [Node] Finished "full_wm", elapsed time 0.757429s.
250304-09:06:40,240 nipype.workflow INFO:
	 [Node] Setting-up "fmriprep_24_1_wf.sub_24684_wf.bold_ses_1_task_bao_dir_AP_run_01_echo_1_part_mag_wf.bold_fit_wf.ds_fmapreg_wf.sources" in "/work/fmriprep_24_1_wf/sub_24684_wf/bold_ses_1_task_bao_dir_AP_run_01_echo_1_part_mag_wf/bold_fit_wf/ds_fmapreg_wf/sources".
250304-09:06:40,247 nipype.workflow INFO:
	 [Node] Executing "sources" <fmriprep.interfaces.bids.BIDSURI>
250304-09:06:40,250 nipype.workflow INFO:
	 [Node] Finished "sources", elapsed time 0.000298s.
250304-09:06:40,287 nipype.workflow INFO:
	 [Node] Setting-up "fmriprep_24_1_wf.sub_24684_wf.bold_ses_1_task_rat_dir_PA_run_01_echo_1_part_mag_wf.bold_fit_wf.ds_hmc_boldref_wf.sources" in "/work/fmriprep_24_1_wf/sub_24684_wf/bold_ses_1_task_rat_dir_PA_run_01_echo_1_part_mag_wf/bold_fit_wf/ds_hmc_boldref_wf/sources".
250304-09:06:40,294 nipype.workflow INFO:
	 [Node] Executing "sources" <fmriprep.interfaces.bids.BIDSURI>
250304-09:06:40,294 nipype.workflow INFO:
	 [Node] Finished "sources", elapsed time 0.000199s.
250304-09:06:40,338 nipype.workflow INFO:
	 [Node] Setting-up "fmriprep_24_1_wf.sub_24684_wf.bold_ses_1_task_bao_dir_AP_run_01_echo_1_part_mag_wf.ds_bold_native_wf.sources" in "/work/fmriprep_24_1_wf/sub_24684_wf/bold_ses_1_task_bao_dir_AP_run_01_echo_1_part_mag_wf/ds_bold_native_wf/sources".
250304-09:06:40,360 nipype.workflow INFO:
	 [Node] Executing "sources" <fmriprep.interfaces.bids.BIDSURI>
250304-09:06:40,364 nipype.workflow INFO:
	 [Node] Finished "sources", elapsed time 0.000493s.
250304-09:06:40,380 nipype.workflow INFO:
	 [Node] Finished "res_tmpl", elapsed time 1.669475s.
250304-09:06:40,596 nipype.workflow INFO:
	 [Node] Setting-up "fmriprep_24_1_wf.sub_24684_wf.bidssrc" in "/work/fmriprep_24_1_wf/sub_24684_wf/bidssrc".
250304-09:06:40,596 nipype.workflow INFO:
	 [Node] Setting-up "fmriprep_24_1_wf.sub_24684_wf.select_MNI6_tpl" in "/work/fmriprep_24_1_wf/sub_24684_wf/select_MNI6_tpl".
250304-09:06:40,613 nipype.workflow INFO:
	 [Node] Executing "select_MNI6_tpl" <smriprep.interfaces.templateflow.TemplateFlowSelect>
250304-09:06:40,618 nipype.workflow INFO:
	 [Node] Setting-up "fmriprep_24_1_wf.sub_24684_wf.bold_ses_1_task_rat_dir_PA_run_01_echo_1_part_mag_wf.bold_fit_wf.ds_boldmask_wf.sources" in "/work/fmriprep_24_1_wf/sub_24684_wf/bold_ses_1_task_rat_dir_PA_run_01_echo_1_part_mag_wf/bold_fit_wf/ds_boldmask_wf/sources".
250304-09:06:40,624 nipype.workflow INFO:
	 [Node] Executing "sources" <fmriprep.interfaces.bids.BIDSURI>
250304-09:06:40,625 nipype.workflow INFO:
	 [Node] Finished "sources", elapsed time 0.000196s.
250304-09:06:40,656 nipype.workflow INFO:
	 [Node] Setting-up "fmriprep_24_1_wf.sub_24684_wf.bold_ses_1_task_bao_dir_AP_run_01_echo_1_part_mag_wf.bold_fit_wf.ds_hmc_boldref_wf.sources" in "/work/fmriprep_24_1_wf/sub_24684_wf/bold_ses_1_task_bao_dir_AP_run_01_echo_1_part_mag_wf/bold_fit_wf/ds_hmc_boldref_wf/sources".
250304-09:06:40,659 nipype.workflow INFO:
	 [Node] Finished "select_MNI6_tpl", elapsed time 0.043372s.
250304-09:06:40,663 nipype.workflow INFO:
	 [Node] Executing "sources" <fmriprep.interfaces.bids.BIDSURI>
250304-09:06:40,665 nipype.workflow INFO:
	 [Node] Setting-up "fmriprep_24_1_wf.sub_24684_wf.bold_ses_1_task_bao_dir_AP_run_01_echo_1_part_mag_wf.bold_fit_wf.ds_hmc_wf.sources" in "/work/fmriprep_24_1_wf/sub_24684_wf/bold_ses_1_task_bao_dir_AP_run_01_echo_1_part_mag_wf/bold_fit_wf/ds_hmc_wf/sources".
250304-09:06:40,667 nipype.workflow INFO:
	 [Node] Finished "sources", elapsed time 0.000327s.
250304-09:06:40,671 nipype.workflow INFO:
	 [Node] Executing "sources" <fmriprep.interfaces.bids.BIDSURI>
250304-09:06:40,673 nipype.workflow INFO:
	 [Node] Executing "bidssrc" <niworkflows.interfaces.bids.BIDSDataGrabber>
250304-09:06:40,674 nipype.workflow INFO:
	 [Node] Finished "sources", elapsed time 0.000287s.
250304-09:06:40,675 nipype.interface INFO:
	 No "flair" images found for sub-24684
250304-09:06:40,675 nipype.interface INFO:
	 No "roi" images found for sub-24684
250304-09:06:40,675 nipype.interface INFO:
	 No "pet" images found for sub-24684
250304-09:06:40,675 nipype.interface INFO:
	 No "asl" images found for sub-24684
250304-09:06:40,676 nipype.workflow INFO:
	 [Node] Finished "bidssrc", elapsed time 0.000973s.
250304-09:06:40,731 nipype.workflow INFO:
	 [Node] Setting-up "fmriprep_24_1_wf.sub_24684_wf.bold_ses_1_task_rat_dir_PA_run_01_echo_1_part_mag_wf.bold_native_wf.bold_source" in "/work/fmriprep_24_1_wf/sub_24684_wf/bold_ses_1_task_rat_dir_PA_run_01_echo_1_part_mag_wf/bold_native_wf/_echoidx_0/bold_source".
250304-09:06:40,741 nipype.workflow INFO:
	 [Node] Setting-up "fmriprep_24_1_wf.sub_24684_wf.bold_ses_1_task_rat_dir_PA_run_01_echo_1_part_mag_wf.bold_native_wf.bold_source" in "/work/fmriprep_24_1_wf/sub_24684_wf/bold_ses_1_task_rat_dir_PA_run_01_echo_1_part_mag_wf/bold_native_wf/_echoidx_1/bold_source".
250304-09:06:40,742 nipype.workflow INFO:
	 [Node] Setting-up "fmriprep_24_1_wf.sub_24684_wf.bold_ses_1_task_rat_dir_PA_run_01_echo_1_part_mag_wf.bold_native_wf.bold_source" in "/work/fmriprep_24_1_wf/sub_24684_wf/bold_ses_1_task_rat_dir_PA_run_01_echo_1_part_mag_wf/bold_native_wf/_echoidx_3/bold_source".
250304-09:06:40,742 nipype.workflow INFO:
	 [Node] Setting-up "fmriprep_24_1_wf.sub_24684_wf.bold_ses_1_task_rat_dir_PA_run_01_echo_1_part_mag_wf.bold_native_wf.bold_source" in "/work/fmriprep_24_1_wf/sub_24684_wf/bold_ses_1_task_rat_dir_PA_run_01_echo_1_part_mag_wf/bold_native_wf/_echoidx_2/bold_source".
250304-09:06:40,743 nipype.workflow INFO:
	 [Node] Setting-up "fmriprep_24_1_wf.sub_24684_wf.bold_ses_1_task_rat_dir_PA_run_01_echo_1_part_mag_wf.bold_fit_wf.ds_fmapreg_wf.sources" in "/work/fmriprep_24_1_wf/sub_24684_wf/bold_ses_1_task_rat_dir_PA_run_01_echo_1_part_mag_wf/bold_fit_wf/ds_fmapreg_wf/sources".
250304-09:06:40,754 nipype.workflow INFO:
	 [Node] Executing "bold_source" <nipype.interfaces.utility.base.Select>
250304-09:06:40,759 nipype.workflow INFO:
	 [Node] Finished "bold_source", elapsed time 0.000667s.
250304-09:06:40,760 nipype.workflow INFO:
	 [Node] Executing "bold_source" <nipype.interfaces.utility.base.Select>
250304-09:06:40,762 nipype.workflow INFO:
	 [Node] Finished "bold_source", elapsed time 0.00036s.
250304-09:06:40,766 nipype.workflow INFO:
	 [Node] Executing "sources" <fmriprep.interfaces.bids.BIDSURI>
250304-09:06:40,769 nipype.workflow INFO:
	 [Node] Executing "bold_source" <nipype.interfaces.utility.base.Select>
250304-09:06:40,770 nipype.workflow INFO:
	 [Node] Finished "bold_source", elapsed time 0.000399s.
250304-09:06:40,771 nipype.workflow INFO:
	 [Node] Executing "bold_source" <nipype.interfaces.utility.base.Select>
250304-09:06:40,772 nipype.workflow INFO:
	 [Node] Finished "sources", elapsed time 0.000485s.
250304-09:06:40,776 nipype.workflow INFO:
	 [Node] Finished "bold_source", elapsed time 0.000655s.
250304-09:06:40,779 nipype.workflow INFO:
	 [Node] Setting-up "fmriprep_24_1_wf.sub_24684_wf.bold_ses_1_task_bao_dir_AP_run_01_echo_1_part_mag_wf.bold_fit_wf.ds_boldmask_wf.sources" in "/work/fmriprep_24_1_wf/sub_24684_wf/bold_ses_1_task_bao_dir_AP_run_01_echo_1_part_mag_wf/bold_fit_wf/ds_boldmask_wf/sources".
250304-09:06:40,785 nipype.workflow INFO:
	 [Node] Executing "sources" <fmriprep.interfaces.bids.BIDSURI>
250304-09:06:40,788 nipype.workflow INFO:
	 [Node] Finished "sources", elapsed time 0.000239s.
250304-09:06:40,800 nipype.workflow INFO:
	 [Node] Setting-up "fmriprep_24_1_wf.sub_24684_wf.bold_ses_1_task_rat_dir_PA_run_01_echo_1_part_mag_wf.bold_fit_wf.ds_hmc_wf.sources" in "/work/fmriprep_24_1_wf/sub_24684_wf/bold_ses_1_task_rat_dir_PA_run_01_echo_1_part_mag_wf/bold_fit_wf/ds_hmc_wf/sources".
250304-09:06:40,813 nipype.workflow INFO:
	 [Node] Executing "sources" <fmriprep.interfaces.bids.BIDSURI>
250304-09:06:40,818 nipype.workflow INFO:
	 [Node] Finished "sources", elapsed time 0.000277s.
250304-09:06:41,519 nipype.workflow INFO:
	 [Node] Setting-up "fmriprep_24_1_wf.sub_24684_wf.bold_ses_1_task_rat_dir_PA_run_01_echo_1_part_mag_wf.ds_bold_native_wf.sources" in "/work/fmriprep_24_1_wf/sub_24684_wf/bold_ses_1_task_rat_dir_PA_run_01_echo_1_part_mag_wf/ds_bold_native_wf/sources".
250304-09:06:41,529 nipype.workflow INFO:
	 [Node] Executing "sources" <fmriprep.interfaces.bids.BIDSURI>
250304-09:06:41,534 nipype.workflow INFO:
	 [Node] Finished "sources", elapsed time 0.000313s.
250304-09:06:41,928 nipype.workflow INFO:
	 [Node] Setting-up "fmriprep_24_1_wf.sub_24684_wf.bold_ses_1_task_bao_dir_AP_run_01_echo_1_part_mag_wf.bold_native_wf.bold_source" in "/work/fmriprep_24_1_wf/sub_24684_wf/bold_ses_1_task_bao_dir_AP_run_01_echo_1_part_mag_wf/bold_native_wf/_echoidx_0/bold_source".
250304-09:06:41,928 nipype.workflow INFO:
	 [Node] Setting-up "fmriprep_24_1_wf.sub_24684_wf.bold_ses_1_task_rat_dir_PA_run_01_echo_1_part_mag_wf.bold_native_wf.bold_source" in "/work/fmriprep_24_1_wf/sub_24684_wf/bold_ses_1_task_rat_dir_PA_run_01_echo_1_part_mag_wf/bold_native_wf/_echoidx_4/bold_source".
250304-09:06:41,929 nipype.workflow INFO:
	 [Node] Setting-up "fmriprep_24_1_wf.sub_24684_wf.bold_ses_1_task_bao_dir_AP_run_01_echo_1_part_mag_wf.bold_native_wf.bold_source" in "/work/fmriprep_24_1_wf/sub_24684_wf/bold_ses_1_task_bao_dir_AP_run_01_echo_1_part_mag_wf/bold_native_wf/_echoidx_1/bold_source".
250304-09:06:41,929 nipype.workflow INFO:
	 [Node] Setting-up "fmriprep_24_1_wf.sub_24684_wf.bold_ses_1_task_bao_dir_AP_run_01_echo_1_part_mag_wf.bold_native_wf.bold_source" in "/work/fmriprep_24_1_wf/sub_24684_wf/bold_ses_1_task_bao_dir_AP_run_01_echo_1_part_mag_wf/bold_native_wf/_echoidx_3/bold_source".
250304-09:06:41,929 nipype.workflow INFO:
	 [Node] Setting-up "fmriprep_24_1_wf.sub_24684_wf.bold_ses_1_task_bao_dir_AP_run_01_echo_1_part_mag_wf.bold_native_wf.bold_source" in "/work/fmriprep_24_1_wf/sub_24684_wf/bold_ses_1_task_bao_dir_AP_run_01_echo_1_part_mag_wf/bold_native_wf/_echoidx_2/bold_source".
250304-09:06:41,930 nipype.workflow INFO:
	 [Node] Setting-up "fmriprep_24_1_wf.sub_24684_wf.bold_ses_1_task_bao_dir_AP_run_01_echo_1_part_mag_wf.bold_native_wf.bold_source" in "/work/fmriprep_24_1_wf/sub_24684_wf/bold_ses_1_task_bao_dir_AP_run_01_echo_1_part_mag_wf/bold_native_wf/_echoidx_4/bold_source".
250304-09:06:41,935 nipype.workflow INFO:
	 [Node] Executing "bold_source" <nipype.interfaces.utility.base.Select>
250304-09:06:41,936 nipype.workflow INFO:
	 [Node] Finished "bold_source", elapsed time 0.000329s.
250304-09:06:41,938 nipype.workflow INFO:
	 [Node] Executing "bold_source" <nipype.interfaces.utility.base.Select>
250304-09:06:41,938 nipype.workflow INFO:
	 [Node] Executing "bold_source" <nipype.interfaces.utility.base.Select>
250304-09:06:41,939 nipype.workflow INFO:
	 [Node] Executing "bold_source" <nipype.interfaces.utility.base.Select>
250304-09:06:41,939 nipype.workflow INFO:
	 [Node] Finished "bold_source", elapsed time 0.000404s.
250304-09:06:41,940 nipype.workflow INFO:
	 [Node] Executing "bold_source" <nipype.interfaces.utility.base.Select>
250304-09:06:41,940 nipype.workflow INFO:
	 [Node] Executing "bold_source" <nipype.interfaces.utility.base.Select>
250304-09:06:41,941 nipype.workflow INFO:
	 [Node] Finished "bold_source", elapsed time 0.001004s.
250304-09:06:41,942 nipype.workflow INFO:
	 [Node] Finished "bold_source", elapsed time 0.000683s.
250304-09:06:41,943 nipype.workflow INFO:
	 [Node] Finished "bold_source", elapsed time 0.001046s.
250304-09:06:41,944 nipype.workflow INFO:
	 [Node] Finished "bold_source", elapsed time 0.001017s.
250304-09:06:42,320 nipype.workflow INFO:
	 [Node] Setting-up "fmriprep_24_1_wf.sub_24684_wf.bids_info" in "/work/fmriprep_24_1_wf/sub_24684_wf/bids_info".
250304-09:06:42,325 nipype.workflow INFO:
	 [Node] Setting-up "fmriprep_24_1_wf.sub_24684_wf.anat_fit_wf.anat_template_wf.anat_ref_dimensions" in "/work/fmriprep_24_1_wf/sub_24684_wf/anat_fit_wf/anat_template_wf/anat_ref_dimensions".
250304-09:06:42,327 nipype.workflow INFO:
	 [Node] Executing "bids_info" <niworkflows.interfaces.bids.BIDSInfo>
250304-09:06:42,331 nipype.workflow INFO:
	 [Node] Setting-up "fmriprep_24_1_wf.sub_24684_wf.anat_fit_wf.t2w_template_wf.anat_ref_dimensions" in "/work/fmriprep_24_1_wf/sub_24684_wf/anat_fit_wf/t2w_template_wf/anat_ref_dimensions".
250304-09:06:42,332 nipype.workflow INFO:
	 [Node] Executing "anat_ref_dimensions" <niworkflows.interfaces.images.TemplateDimensions>
250304-09:06:42,336 nipype.workflow INFO:
	 [Node] Finished "bids_info", elapsed time 0.008177s.
250304-09:06:42,343 nipype.workflow INFO:
	 [Node] Executing "anat_ref_dimensions" <niworkflows.interfaces.images.TemplateDimensions>
250304-09:06:42,461 nipype.workflow INFO:
	 [Node] Finished "anat_ref_dimensions", elapsed time 0.116802s.
250304-09:06:42,484 nipype.workflow INFO:
	 [Node] Finished "anat_ref_dimensions", elapsed time 0.151154s.
250304-09:06:42,650 nipype.workflow INFO:
	 [Node] Finished "get_dummy", elapsed time 3.899844s.
250304-09:06:43,853 nipype.workflow INFO:
	 [Node] Setting-up "fmriprep_24_1_wf.sub_24684_wf.bold_ses_1_task_rat_dir_PA_run_01_echo_1_part_mag_wf.bold_native_wf.validate_bold" in "/work/fmriprep_24_1_wf/sub_24684_wf/bold_ses_1_task_rat_dir_PA_run_01_echo_1_part_mag_wf/bold_native_wf/_echoidx_0/validate_bold".
250304-09:06:43,859 nipype.workflow INFO:
	 [Node] Executing "validate_bold" <niworkflows.interfaces.header.ValidateImage>
250304-09:06:43,869 nipype.workflow INFO:
	 [Node] Setting-up "fmriprep_24_1_wf.sub_24684_wf.bold_ses_1_task_rat_dir_PA_run_01_echo_1_part_mag_wf.bold_native_wf.validate_bold" in "/work/fmriprep_24_1_wf/sub_24684_wf/bold_ses_1_task_rat_dir_PA_run_01_echo_1_part_mag_wf/bold_native_wf/_echoidx_3/validate_bold".
250304-09:06:43,878 nipype.workflow INFO:
	 [Node] Executing "validate_bold" <niworkflows.interfaces.header.ValidateImage>
250304-09:06:43,891 nipype.workflow INFO:
	 [Node] Finished "get_dummy", elapsed time 4.923707s.
250304-09:06:43,945 nipype.workflow INFO:
	 [Node] Finished "validate_bold", elapsed time 0.085443s.
250304-09:06:43,959 nipype.workflow INFO:
	 [Node] Finished "validate_bold", elapsed time 0.0801s.
250304-09:06:43,978 nipype.workflow INFO:
	 [Node] Setting-up "fmriprep_24_1_wf.sub_24684_wf.bold_ses_1_task_rat_dir_PA_run_01_echo_1_part_mag_wf.bold_native_wf.validate_bold" in "/work/fmriprep_24_1_wf/sub_24684_wf/bold_ses_1_task_rat_dir_PA_run_01_echo_1_part_mag_wf/bold_native_wf/_echoidx_1/validate_bold".
250304-09:06:43,980 nipype.workflow INFO:
	 [Node] Setting-up "fmriprep_24_1_wf.sub_24684_wf.bold_ses_1_task_rat_dir_PA_run_01_echo_1_part_mag_wf.bold_native_wf.validate_bold" in "/work/fmriprep_24_1_wf/sub_24684_wf/bold_ses_1_task_rat_dir_PA_run_01_echo_1_part_mag_wf/bold_native_wf/_echoidx_2/validate_bold".
250304-09:06:43,984 nipype.workflow INFO:
	 [Node] Executing "validate_bold" <niworkflows.interfaces.header.ValidateImage>
250304-09:06:43,986 nipype.workflow INFO:
	 [Node] Executing "validate_bold" <niworkflows.interfaces.header.ValidateImage>
250304-09:06:44,41 nipype.workflow INFO:
	 [Node] Finished "validate_bold", elapsed time 0.054658s.
250304-09:06:44,82 nipype.workflow INFO:
	 [Node] Finished "validate_bold", elapsed time 0.09747s.
250304-09:06:44,156 nipype.workflow INFO:
	 [Node] Setting-up "fmriprep_24_1_wf.sub_24684_wf.bold_ses_1_task_bao_dir_AP_run_01_echo_1_part_mag_wf.bold_fit_wf.hmc_boldref_wf.gen_avg" in "/work/fmriprep_24_1_wf/sub_24684_wf/bold_ses_1_task_bao_dir_AP_run_01_echo_1_part_mag_wf/bold_fit_wf/hmc_boldref_wf/gen_avg".
250304-09:06:44,169 nipype.workflow INFO:
	 [Node] Executing "gen_avg" <niworkflows.interfaces.images.RobustAverage>
250304-09:06:44,212 nipype.workflow INFO:
	 [Node] Setting-up "fmriprep_24_1_wf.sub_24684_wf.bold_ses_1_task_bao_dir_AP_run_01_echo_1_part_mag_wf.bold_native_wf.validate_bold" in "/work/fmriprep_24_1_wf/sub_24684_wf/bold_ses_1_task_bao_dir_AP_run_01_echo_1_part_mag_wf/bold_native_wf/_echoidx_3/validate_bold".
250304-09:06:44,217 nipype.workflow INFO:
	 [Node] Setting-up "fmriprep_24_1_wf.sub_24684_wf.bold_ses_1_task_rat_dir_PA_run_01_echo_1_part_mag_wf.bold_native_wf.validate_bold" in "/work/fmriprep_24_1_wf/sub_24684_wf/bold_ses_1_task_rat_dir_PA_run_01_echo_1_part_mag_wf/bold_native_wf/_echoidx_4/validate_bold".
250304-09:06:44,222 nipype.workflow INFO:
	 [Node] Setting-up "fmriprep_24_1_wf.sub_24684_wf.bold_ses_1_task_bao_dir_AP_run_01_echo_1_part_mag_wf.bold_native_wf.validate_bold" in "/work/fmriprep_24_1_wf/sub_24684_wf/bold_ses_1_task_bao_dir_AP_run_01_echo_1_part_mag_wf/bold_native_wf/_echoidx_0/validate_bold".
250304-09:06:44,223 nipype.workflow INFO:
	 [Node] Executing "validate_bold" <niworkflows.interfaces.header.ValidateImage>
250304-09:06:44,223 nipype.workflow INFO:
	 [Node] Setting-up "fmriprep_24_1_wf.sub_24684_wf.bold_ses_1_task_bao_dir_AP_run_01_echo_1_part_mag_wf.bold_native_wf.validate_bold" in "/work/fmriprep_24_1_wf/sub_24684_wf/bold_ses_1_task_bao_dir_AP_run_01_echo_1_part_mag_wf/bold_native_wf/_echoidx_4/validate_bold".
250304-09:06:44,223 nipype.workflow INFO:
	 [Node] Executing "validate_bold" <niworkflows.interfaces.header.ValidateImage>
250304-09:06:44,223 nipype.workflow INFO:
	 [Node] Setting-up "fmriprep_24_1_wf.sub_24684_wf.bold_ses_1_task_bao_dir_AP_run_01_echo_1_part_mag_wf.bold_native_wf.validate_bold" in "/work/fmriprep_24_1_wf/sub_24684_wf/bold_ses_1_task_bao_dir_AP_run_01_echo_1_part_mag_wf/bold_native_wf/_echoidx_1/validate_bold".
250304-09:06:44,226 nipype.workflow INFO:
	 [Node] Setting-up "fmriprep_24_1_wf.sub_24684_wf.bold_ses_1_task_bao_dir_AP_run_01_echo_1_part_mag_wf.bold_native_wf.validate_bold" in "/work/fmriprep_24_1_wf/sub_24684_wf/bold_ses_1_task_bao_dir_AP_run_01_echo_1_part_mag_wf/bold_native_wf/_echoidx_2/validate_bold".
250304-09:06:44,229 nipype.workflow INFO:
	 [Node] Executing "validate_bold" <niworkflows.interfaces.header.ValidateImage>
250304-09:06:44,231 nipype.workflow INFO:
	 [Node] Executing "validate_bold" <niworkflows.interfaces.header.ValidateImage>
250304-09:06:44,232 nipype.workflow INFO:
	 [Node] Executing "validate_bold" <niworkflows.interfaces.header.ValidateImage>
250304-09:06:44,233 nipype.workflow INFO:
	 [Node] Executing "validate_bold" <niworkflows.interfaces.header.ValidateImage>
250304-09:06:44,285 nipype.workflow INFO:
	 [Node] Finished "validate_bold", elapsed time 0.061861s.
250304-09:06:44,297 nipype.workflow INFO:
	 [Node] Finished "validate_bold", elapsed time 0.065935s.
250304-09:06:44,298 nipype.workflow INFO:
	 [Node] Finished "validate_bold", elapsed time 0.067797s.
250304-09:06:44,320 nipype.workflow INFO:
	 [Node] Finished "validate_bold", elapsed time 0.095394s.
250304-09:06:44,327 nipype.workflow INFO:
	 [Node] Finished "validate_bold", elapsed time 0.092323s.
250304-09:06:44,338 nipype.workflow INFO:
	 [Node] Finished "validate_bold", elapsed time 0.105143s.
250304-09:06:45,220 nipype.workflow INFO:
	 [Node] Setting-up "fmriprep_24_1_wf.sub_24684_wf.anat_fit_wf.fs_isrunning" in "/work/fmriprep_24_1_wf/sub_24684_wf/anat_fit_wf/fs_isrunning".
250304-09:06:45,221 nipype.workflow INFO:
	 [Node] Setting-up "fmriprep_24_1_wf.sub_24684_wf.anat_fit_wf.ds_t1w_mask_wf.raw_sources" in "/work/fmriprep_24_1_wf/sub_24684_wf/anat_fit_wf/ds_t1w_mask_wf/raw_sources".
250304-09:06:45,222 nipype.workflow INFO:
	 [Node] Setting-up "fmriprep_24_1_wf.sub_24684_wf.anat_fit_wf.ds_ribbon_mask_wf.raw_sources" in "/work/fmriprep_24_1_wf/sub_24684_wf/anat_fit_wf/ds_ribbon_mask_wf/raw_sources".
250304-09:06:45,232 nipype.workflow INFO:
	 [Node] Executing "fs_isrunning" <nipype.interfaces.utility.wrappers.Function>
250304-09:06:45,235 nipype.workflow INFO:
	 [Node] Finished "fs_isrunning", elapsed time 0.001402s.
250304-09:06:45,240 nipype.workflow INFO:
	 [Node] Executing "raw_sources" <nipype.interfaces.utility.wrappers.Function>
250304-09:06:45,240 nipype.workflow INFO:
	 [Node] Executing "raw_sources" <nipype.interfaces.utility.wrappers.Function>
250304-09:06:45,242 nipype.workflow INFO:
	 [Node] Finished "raw_sources", elapsed time 0.000824s.
250304-09:06:45,242 nipype.workflow INFO:
	 [Node] Finished "raw_sources", elapsed time 0.000854s.
250304-09:06:46,41 nipype.workflow INFO:
	 [Node] Setting-up "fmriprep_24_1_wf.sub_24684_wf.bold_ses_1_task_rat_dir_PA_run_01_echo_1_part_mag_wf.bold_fit_wf.hmc_boldref_wf.gen_avg" in "/work/fmriprep_24_1_wf/sub_24684_wf/bold_ses_1_task_rat_dir_PA_run_01_echo_1_part_mag_wf/bold_fit_wf/hmc_boldref_wf/gen_avg".
250304-09:06:46,62 nipype.workflow INFO:
	 [Node] Executing "gen_avg" <niworkflows.interfaces.images.RobustAverage>
250304-09:06:47,985 nipype.workflow INFO:
	 [Node] Finished "lap_tmpl", elapsed time 9.051724s.
250304-09:06:48,94 nipype.workflow INFO:
	 [Node] Setting-up "fmriprep_24_1_wf.sub_24684_wf.bold_ses_1_task_bao_dir_AP_run_01_echo_1_part_mag_wf.bold_native_wf.bold_stc_wf.slice_timing_correction" in "/work/fmriprep_24_1_wf/sub_24684_wf/bold_ses_1_task_bao_dir_AP_run_01_echo_1_part_mag_wf/bold_native_wf/bold_stc_wf/_echoidx_0/slice_timing_correction".
250304-09:06:48,109 nipype.workflow INFO:
	 [Node] Executing "slice_timing_correction" <fmriprep.workflows.bold.stc.TShift>
250304-09:06:48,169 nipype.workflow INFO:
	 [Node] Setting-up "fmriprep_24_1_wf.sub_24684_wf.bold_ses_1_task_bao_dir_AP_run_01_echo_1_part_mag_wf.bold_native_wf.bold_stc_wf.slice_timing_correction" in "/work/fmriprep_24_1_wf/sub_24684_wf/bold_ses_1_task_bao_dir_AP_run_01_echo_1_part_mag_wf/bold_native_wf/bold_stc_wf/_echoidx_1/slice_timing_correction".
250304-09:06:48,202 nipype.workflow INFO:
	 [Node] Executing "slice_timing_correction" <fmriprep.workflows.bold.stc.TShift>
250304-09:06:48,304 nipype.interface INFO:
	 stderr 2025-03-04T09:06:48.304746:++ 3dvolreg: AFNI version=AFNI_24.3.01 (Oct  9 2024) [64-bit]
250304-09:06:48,305 nipype.interface INFO:
	 stderr 2025-03-04T09:06:48.304746:++ Authored by: RW Cox
250304-09:06:48,320 nipype.interface INFO:
	 stderr 2025-03-04T09:06:48.320081:** AFNI converts NIFTI_datatype=512 (UINT16) in file /work/fmriprep_24_1_wf/sub_24684_wf/bold_ses_1_task_bao_dir_AP_run_01_echo_1_part_mag_wf/bold_fit_wf/hmc_boldref_wf/gen_avg/sub-24684_ses-1_task-bao_dir-AP_run-01_echo-1_part-mag_bold_sliced.nii.gz to FLOAT32
250304-09:06:48,320 nipype.interface INFO:
	 stderr 2025-03-04T09:06:48.320425:     Warnings of this type will be muted for this session.
250304-09:06:48,320 nipype.interface INFO:
	 stderr 2025-03-04T09:06:48.320425:     Set AFNI_NIFTI_TYPE_WARN to YES to see them all, NO to see none.
250304-09:06:48,339 nipype.interface INFO:
	 stderr 2025-03-04T09:06:48.339534:++ Coarse del was 10, replaced with 7
250304-09:06:49,357 nipype.workflow INFO:
	 [Node] Setting-up "fmriprep_24_1_wf.sub_24684_wf.bold_ses_1_task_bao_dir_AP_run_01_echo_1_part_mag_wf.bold_native_wf.bold_stc_wf.slice_timing_correction" in "/work/fmriprep_24_1_wf/sub_24684_wf/bold_ses_1_task_bao_dir_AP_run_01_echo_1_part_mag_wf/bold_native_wf/bold_stc_wf/_echoidx_4/slice_timing_correction".
250304-09:06:49,374 nipype.workflow INFO:
	 [Node] Executing "slice_timing_correction" <fmriprep.workflows.bold.stc.TShift>
250304-09:06:49,767 nipype.workflow INFO:
	 [Node] Setting-up "fmriprep_24_1_wf.sub_24684_wf.bold_ses_1_task_bao_dir_AP_run_01_echo_1_part_mag_wf.bold_native_wf.bold_stc_wf.slice_timing_correction" in "/work/fmriprep_24_1_wf/sub_24684_wf/bold_ses_1_task_bao_dir_AP_run_01_echo_1_part_mag_wf/bold_native_wf/bold_stc_wf/_echoidx_2/slice_timing_correction".
250304-09:06:49,783 nipype.workflow INFO:
	 [Node] Executing "slice_timing_correction" <fmriprep.workflows.bold.stc.TShift>
250304-09:06:49,878 nipype.workflow INFO:
	 [Node] Setting-up "fmriprep_24_1_wf.sub_24684_wf.bold_ses_1_task_bao_dir_AP_run_01_echo_1_part_mag_wf.bold_native_wf.bold_stc_wf.slice_timing_correction" in "/work/fmriprep_24_1_wf/sub_24684_wf/bold_ses_1_task_bao_dir_AP_run_01_echo_1_part_mag_wf/bold_native_wf/bold_stc_wf/_echoidx_3/slice_timing_correction".
250304-09:06:49,902 nipype.workflow INFO:
	 [Node] Executing "slice_timing_correction" <fmriprep.workflows.bold.stc.TShift>
250304-09:06:50,49 nipype.interface INFO:
	 stderr 2025-03-04T09:06:50.049406:++ 3dvolreg: AFNI version=AFNI_24.3.01 (Oct  9 2024) [64-bit]
250304-09:06:50,49 nipype.interface INFO:
	 stderr 2025-03-04T09:06:50.049406:++ Authored by: RW Cox
250304-09:06:50,52 nipype.interface INFO:
	 stderr 2025-03-04T09:06:50.052377:** AFNI converts NIFTI_datatype=512 (UINT16) in file /work/fmriprep_24_1_wf/sub_24684_wf/bold_ses_1_task_rat_dir_PA_run_01_echo_1_part_mag_wf/bold_fit_wf/hmc_boldref_wf/gen_avg/sub-24684_ses-1_task-rat_dir-PA_run-01_echo-1_part-mag_bold_sliced.nii.gz to FLOAT32
250304-09:06:50,52 nipype.interface INFO:
	 stderr 2025-03-04T09:06:50.052377:     Warnings of this type will be muted for this session.
250304-09:06:50,52 nipype.interface INFO:
	 stderr 2025-03-04T09:06:50.052377:     Set AFNI_NIFTI_TYPE_WARN to YES to see them all, NO to see none.
250304-09:06:50,52 nipype.interface INFO:
	 stderr 2025-03-04T09:06:50.052888:++ Coarse del was 10, replaced with 7
250304-09:06:50,97 nipype.workflow INFO:
	 [Node] Setting-up "fmriprep_24_1_wf.sub_24684_wf.anat_fit_wf.brain_extraction_wf.mrg_tmpl" in "/work/fmriprep_24_1_wf/sub_24684_wf/anat_fit_wf/brain_extraction_wf/mrg_tmpl".
250304-09:06:50,142 nipype.workflow INFO:
	 [Node] Executing "mrg_tmpl" <nipype.interfaces.utility.base.Merge>
250304-09:06:50,143 nipype.workflow INFO:
	 [Node] Finished "mrg_tmpl", elapsed time 0.000273s.
250304-09:06:50,191 nipype.workflow INFO:
	 [Node] Setting-up "fmriprep_24_1_wf.sub_24684_wf.bold_ses_1_task_rat_dir_PA_run_01_echo_1_part_mag_wf.bold_native_wf.bold_stc_wf.slice_timing_correction" in "/work/fmriprep_24_1_wf/sub_24684_wf/bold_ses_1_task_rat_dir_PA_run_01_echo_1_part_mag_wf/bold_native_wf/bold_stc_wf/_echoidx_0/slice_timing_correction".
250304-09:06:50,202 nipype.workflow INFO:
	 [Node] Executing "slice_timing_correction" <fmriprep.workflows.bold.stc.TShift>
250304-09:06:50,210 nipype.workflow INFO:
	 [Node] Setting-up "fmriprep_24_1_wf.sub_24684_wf.bold_ses_1_task_rat_dir_PA_run_01_echo_1_part_mag_wf.bold_native_wf.bold_stc_wf.slice_timing_correction" in "/work/fmriprep_24_1_wf/sub_24684_wf/bold_ses_1_task_rat_dir_PA_run_01_echo_1_part_mag_wf/bold_native_wf/bold_stc_wf/_echoidx_3/slice_timing_correction".
250304-09:06:50,236 nipype.workflow INFO:
	 [Node] Executing "slice_timing_correction" <fmriprep.workflows.bold.stc.TShift>
250304-09:06:51,788 nipype.workflow INFO:
	 [Node] Setting-up "fmriprep_24_1_wf.sub_24684_wf.bold_ses_1_task_rat_dir_PA_run_01_echo_1_part_mag_wf.bold_native_wf.bold_stc_wf.slice_timing_correction" in "/work/fmriprep_24_1_wf/sub_24684_wf/bold_ses_1_task_rat_dir_PA_run_01_echo_1_part_mag_wf/bold_native_wf/bold_stc_wf/_echoidx_2/slice_timing_correction".
250304-09:06:51,798 nipype.workflow INFO:
	 [Node] Executing "slice_timing_correction" <fmriprep.workflows.bold.stc.TShift>
250304-09:06:51,849 nipype.workflow INFO:
	 [Node] Setting-up "fmriprep_24_1_wf.sub_24684_wf.bold_ses_1_task_rat_dir_PA_run_01_echo_1_part_mag_wf.bold_native_wf.bold_stc_wf.slice_timing_correction" in "/work/fmriprep_24_1_wf/sub_24684_wf/bold_ses_1_task_rat_dir_PA_run_01_echo_1_part_mag_wf/bold_native_wf/bold_stc_wf/_echoidx_1/slice_timing_correction".
250304-09:06:51,859 nipype.workflow INFO:
	 [Node] Executing "slice_timing_correction" <fmriprep.workflows.bold.stc.TShift>
250304-09:07:01,474 nipype.interface INFO:
	 stderr 2025-03-04T09:07:01.474075:++ Max displacement in automask = 0.09 (mm) at sub-brick 1
250304-09:07:01,474 nipype.interface INFO:
	 stderr 2025-03-04T09:07:01.474075:++ Max delta displ  in automask = 0.09 (mm) at sub-brick 1
250304-09:07:02,524 nipype.workflow INFO:
	 [Node] Finished "gen_avg", elapsed time 16.461588s.
250304-09:07:04,92 nipype.workflow INFO:
	 [Node] Setting-up "fmriprep_24_1_wf.sub_24684_wf.bold_ses_1_task_rat_dir_PA_run_01_echo_1_part_mag_wf.bold_fit_wf.fmapref_buffer" in "/work/fmriprep_24_1_wf/sub_24684_wf/bold_ses_1_task_rat_dir_PA_run_01_echo_1_part_mag_wf/bold_fit_wf/fmapref_buffer".
250304-09:07:04,105 nipype.workflow INFO:
	 [Node] Executing "fmapref_buffer" <nipype.interfaces.utility.wrappers.Function>
250304-09:07:04,107 nipype.workflow INFO:
	 [Node] Finished "fmapref_buffer", elapsed time 0.000811s.
250304-09:07:04,179 nipype.interface WARNING:
	 Changing /out/sub-24684/ses-1/func/sub-24684_ses-1_task-rat_dir-PA_run-01_part-mag_desc-hmc_boldref.nii.gz dtype from uint16 to float32
250304-09:07:06,95 nipype.workflow INFO:
	 [Node] Setting-up "fmriprep_24_1_wf.sub_24684_wf.bold_ses_1_task_rat_dir_PA_run_01_echo_1_part_mag_wf.bold_fit_wf.ds_coreg_boldref_wf.sources" in "/work/fmriprep_24_1_wf/sub_24684_wf/bold_ses_1_task_rat_dir_PA_run_01_echo_1_part_mag_wf/bold_fit_wf/ds_coreg_boldref_wf/sources".
250304-09:07:06,102 nipype.workflow INFO:
	 [Node] Executing "sources" <fmriprep.interfaces.bids.BIDSURI>
250304-09:07:06,103 nipype.workflow INFO:
	 [Node] Finished "sources", elapsed time 0.000279s.
250304-09:07:47,992 nipype.interface INFO:
	 stderr 2025-03-04T09:07:47.992910:++ Max displacement in automask = 0.19 (mm) at sub-brick 4
250304-09:07:47,993 nipype.interface INFO:
	 stderr 2025-03-04T09:07:47.992910:++ Max delta displ  in automask = 0.27 (mm) at sub-brick 5
250304-09:07:52,134 nipype.workflow INFO:
	 [Node] Finished "slice_timing_correction", elapsed time 63.930772s.
250304-09:07:52,233 nipype.workflow INFO:
	 [Node] Finished "slice_timing_correction", elapsed time 64.122212s.
250304-09:07:52,607 nipype.workflow INFO:
	 [Node] Finished "gen_avg", elapsed time 68.437175s.
250304-09:07:53,583 nipype.workflow INFO:
	 [Node] Finished "slice_timing_correction", elapsed time 63.798971s.
250304-09:07:54,128 nipype.workflow INFO:
	 [Node] Finished "slice_timing_correction", elapsed time 64.752912s.
250304-09:07:54,160 nipype.workflow INFO:
	 [Node] Setting-up "fmriprep_24_1_wf.sub_24684_wf.bold_ses_1_task_bao_dir_AP_run_01_echo_1_part_mag_wf.bold_fit_wf.fmapref_buffer" in "/work/fmriprep_24_1_wf/sub_24684_wf/bold_ses_1_task_bao_dir_AP_run_01_echo_1_part_mag_wf/bold_fit_wf/fmapref_buffer".
250304-09:07:54,179 nipype.workflow INFO:
	 [Node] Executing "fmapref_buffer" <nipype.interfaces.utility.wrappers.Function>
250304-09:07:54,182 nipype.workflow INFO:
	 [Node] Finished "fmapref_buffer", elapsed time 0.001444s.
250304-09:07:54,208 nipype.interface WARNING:
	 Changing /out/sub-24684/ses-1/func/sub-24684_ses-1_task-bao_dir-AP_run-01_part-mag_desc-hmc_boldref.nii.gz dtype from uint16 to float32
250304-09:07:54,594 nipype.workflow INFO:
	 [Node] Setting-up "fmriprep_24_1_wf.sub_24684_wf.bold_ses_1_task_bao_dir_AP_run_01_echo_1_part_mag_wf.bold_native_wf.bold_stc_wf.copy_xform" in "/work/fmriprep_24_1_wf/sub_24684_wf/bold_ses_1_task_bao_dir_AP_run_01_echo_1_part_mag_wf/bold_native_wf/bold_stc_wf/_echoidx_1/copy_xform".
250304-09:07:54,594 nipype.workflow INFO:
	 [Node] Setting-up "fmriprep_24_1_wf.sub_24684_wf.bold_ses_1_task_bao_dir_AP_run_01_echo_1_part_mag_wf.bold_native_wf.bold_stc_wf.copy_xform" in "/work/fmriprep_24_1_wf/sub_24684_wf/bold_ses_1_task_bao_dir_AP_run_01_echo_1_part_mag_wf/bold_native_wf/bold_stc_wf/_echoidx_0/copy_xform".
250304-09:07:54,630 nipype.workflow INFO:
	 [Node] Finished "slice_timing_correction", elapsed time 64.726717s.
250304-09:07:54,654 nipype.workflow INFO:
	 [Node] Setting-up "fmriprep_24_1_wf.sub_24684_wf.bold_ses_1_task_bao_dir_AP_run_01_echo_1_part_mag_wf.bold_fit_wf.bold_hmc_wf.mcflirt" in "/work/fmriprep_24_1_wf/sub_24684_wf/bold_ses_1_task_bao_dir_AP_run_01_echo_1_part_mag_wf/bold_fit_wf/bold_hmc_wf/mcflirt".
250304-09:07:54,659 nipype.workflow INFO:
	 [Node] Setting-up "fmriprep_24_1_wf.sub_24684_wf.bold_ses_1_task_rat_dir_PA_run_01_echo_1_part_mag_wf.bold_fit_wf.bold_hmc_wf.mcflirt" in "/work/fmriprep_24_1_wf/sub_24684_wf/bold_ses_1_task_rat_dir_PA_run_01_echo_1_part_mag_wf/bold_fit_wf/bold_hmc_wf/mcflirt".
250304-09:07:54,665 nipype.workflow INFO:
	 [Node] Executing "mcflirt" <nipype.interfaces.fsl.preprocess.MCFLIRT>
250304-09:07:54,677 nipype.workflow INFO:
	 [Node] Executing "mcflirt" <nipype.interfaces.fsl.preprocess.MCFLIRT>
250304-09:07:54,689 nipype.workflow INFO:
	 [Node] Setting-up "fmriprep_24_1_wf.sub_24684_wf.bold_ses_1_task_bao_dir_AP_run_01_echo_1_part_mag_wf.bold_native_wf.bold_stc_wf.copy_xform" in "/work/fmriprep_24_1_wf/sub_24684_wf/bold_ses_1_task_bao_dir_AP_run_01_echo_1_part_mag_wf/bold_native_wf/bold_stc_wf/_echoidx_2/copy_xform".
250304-09:07:56,177 nipype.workflow INFO:
	 [Node] Setting-up "fmriprep_24_1_wf.sub_24684_wf.bold_ses_1_task_bao_dir_AP_run_01_echo_1_part_mag_wf.bold_fit_wf.ds_coreg_boldref_wf.sources" in "/work/fmriprep_24_1_wf/sub_24684_wf/bold_ses_1_task_bao_dir_AP_run_01_echo_1_part_mag_wf/bold_fit_wf/ds_coreg_boldref_wf/sources".
250304-09:07:56,177 nipype.workflow INFO:
	 [Node] Setting-up "fmriprep_24_1_wf.sub_24684_wf.bold_ses_1_task_bao_dir_AP_run_01_echo_1_part_mag_wf.bold_native_wf.bold_stc_wf.copy_xform" in "/work/fmriprep_24_1_wf/sub_24684_wf/bold_ses_1_task_bao_dir_AP_run_01_echo_1_part_mag_wf/bold_native_wf/bold_stc_wf/_echoidx_3/copy_xform".
250304-09:07:56,178 nipype.workflow INFO:
	 [Node] Setting-up "fmriprep_24_1_wf.sub_24684_wf.bold_ses_1_task_bao_dir_AP_run_01_echo_1_part_mag_wf.bold_native_wf.bold_stc_wf.copy_xform" in "/work/fmriprep_24_1_wf/sub_24684_wf/bold_ses_1_task_bao_dir_AP_run_01_echo_1_part_mag_wf/bold_native_wf/bold_stc_wf/_echoidx_4/copy_xform".
250304-09:07:56,186 nipype.workflow INFO:
	 [Node] Executing "sources" <fmriprep.interfaces.bids.BIDSURI>
250304-09:07:56,188 nipype.workflow INFO:
	 [Node] Finished "sources", elapsed time 0.000319s.
250304-09:07:56,400 nipype.workflow INFO:
	 [Node] Executing "copy_xform" <niworkflows.interfaces.header.CopyXForm>
250304-09:07:56,526 nipype.workflow INFO:
	 [Node] Executing "copy_xform" <niworkflows.interfaces.header.CopyXForm>
250304-09:07:58,260 nipype.workflow INFO:
	 [Node] Executing "copy_xform" <niworkflows.interfaces.header.CopyXForm>
250304-09:07:58,328 nipype.workflow INFO:
	 [Node] Executing "copy_xform" <niworkflows.interfaces.header.CopyXForm>
250304-09:07:58,534 nipype.workflow INFO:
	 [Node] Executing "copy_xform" <niworkflows.interfaces.header.CopyXForm>
250304-09:08:00,35 nipype.workflow INFO:
	 [Node] Setting-up "fmriprep_24_1_wf.sub_24684_wf.bold_ses_1_task_rat_dir_PA_run_01_echo_1_part_mag_wf.bold_native_wf.bold_stc_wf.slice_timing_correction" in "/work/fmriprep_24_1_wf/sub_24684_wf/bold_ses_1_task_rat_dir_PA_run_01_echo_1_part_mag_wf/bold_native_wf/bold_stc_wf/_echoidx_4/slice_timing_correction".
250304-09:08:00,51 nipype.workflow INFO:
	 [Node] Executing "slice_timing_correction" <fmriprep.workflows.bold.stc.TShift>
250304-09:08:22,803 nipype.workflow INFO:
	 [Node] Finished "slice_timing_correction", elapsed time 92.566138s.
250304-09:08:23,934 nipype.workflow INFO:
	 [Node] Finished "slice_timing_correction", elapsed time 92.073548s.
250304-09:08:24,242 nipype.workflow INFO:
	 [Node] Setting-up "fmriprep_24_1_wf.sub_24684_wf.bold_ses_1_task_rat_dir_PA_run_01_echo_1_part_mag_wf.bold_native_wf.bold_stc_wf.copy_xform" in "/work/fmriprep_24_1_wf/sub_24684_wf/bold_ses_1_task_rat_dir_PA_run_01_echo_1_part_mag_wf/bold_native_wf/bold_stc_wf/_echoidx_1/copy_xform".
250304-09:08:24,243 nipype.workflow INFO:
	 [Node] Setting-up "fmriprep_24_1_wf.sub_24684_wf.bold_ses_1_task_rat_dir_PA_run_01_echo_1_part_mag_wf.bold_native_wf.bold_stc_wf.copy_xform" in "/work/fmriprep_24_1_wf/sub_24684_wf/bold_ses_1_task_rat_dir_PA_run_01_echo_1_part_mag_wf/bold_native_wf/bold_stc_wf/_echoidx_3/copy_xform".
250304-09:08:24,250 nipype.workflow INFO:
	 [Node] Executing "copy_xform" <niworkflows.interfaces.header.CopyXForm>
250304-09:08:24,251 nipype.workflow INFO:
	 [Node] Executing "copy_xform" <niworkflows.interfaces.header.CopyXForm>
250304-09:08:28,59 nipype.workflow INFO:
	 [Node] Finished "slice_timing_correction", elapsed time 96.259426s.
250304-09:08:30,75 nipype.workflow INFO:
	 [Node] Finished "slice_timing_correction", elapsed time 99.872468s.
250304-09:08:30,246 nipype.workflow INFO:
	 [Node] Setting-up "fmriprep_24_1_wf.sub_24684_wf.bold_ses_1_task_rat_dir_PA_run_01_echo_1_part_mag_wf.bold_native_wf.bold_stc_wf.copy_xform" in "/work/fmriprep_24_1_wf/sub_24684_wf/bold_ses_1_task_rat_dir_PA_run_01_echo_1_part_mag_wf/bold_native_wf/bold_stc_wf/_echoidx_2/copy_xform".
250304-09:08:32,271 nipype.workflow INFO:
	 [Node] Setting-up "fmriprep_24_1_wf.sub_24684_wf.bold_ses_1_task_rat_dir_PA_run_01_echo_1_part_mag_wf.bold_native_wf.bold_stc_wf.copy_xform" in "/work/fmriprep_24_1_wf/sub_24684_wf/bold_ses_1_task_rat_dir_PA_run_01_echo_1_part_mag_wf/bold_native_wf/bold_stc_wf/_echoidx_0/copy_xform".
250304-09:08:32,281 nipype.workflow INFO:
	 [Node] Executing "copy_xform" <niworkflows.interfaces.header.CopyXForm>
250304-09:08:34,255 nipype.workflow INFO:
	 [Node] Executing "copy_xform" <niworkflows.interfaces.header.CopyXForm>
250304-09:08:42,480 nipype.workflow INFO:
	 [Node] Finished "copy_xform", elapsed time 45.952748s.
250304-09:08:44,167 nipype.workflow INFO:
	 [Node] Finished "copy_xform", elapsed time 47.766156s.
250304-09:08:45,2 nipype.workflow INFO:
	 [Node] Finished "copy_xform", elapsed time 46.4671s.
250304-09:08:46,156 nipype.workflow INFO:
	 [Node] Finished "copy_xform", elapsed time 47.826409s.
250304-09:08:50,578 nipype.workflow INFO:
	 [Node] Finished "copy_xform", elapsed time 52.315969s.
250304-09:09:26,912 nipype.workflow INFO:
	 [Node] Finished "copy_xform", elapsed time 62.661332s.
250304-09:09:29,27 nipype.workflow INFO:
	 [Node] Finished "copy_xform", elapsed time 64.774869s.
250304-09:09:32,599 nipype.workflow INFO:
	 [Node] Finished "copy_xform", elapsed time 60.316962s.
250304-09:09:33,688 nipype.workflow INFO:
	 [Node] Finished "copy_xform", elapsed time 59.432686s.
250304-09:09:40,137 nipype.workflow INFO:
	 [Node] Finished "slice_timing_correction", elapsed time 100.085176s.
250304-09:09:42,217 nipype.workflow INFO:
	 [Node] Setting-up "fmriprep_24_1_wf.sub_24684_wf.bold_ses_1_task_rat_dir_PA_run_01_echo_1_part_mag_wf.bold_native_wf.bold_stc_wf.copy_xform" in "/work/fmriprep_24_1_wf/sub_24684_wf/bold_ses_1_task_rat_dir_PA_run_01_echo_1_part_mag_wf/bold_native_wf/bold_stc_wf/_echoidx_4/copy_xform".
250304-09:09:42,223 nipype.workflow INFO:
	 [Node] Executing "copy_xform" <niworkflows.interfaces.header.CopyXForm>
250304-09:10:38,295 nipype.workflow INFO:
	 [Node] Finished "copy_xform", elapsed time 56.070742s.
250304-09:11:02,364 nipype.workflow INFO:
	 [Node] Finished "mcflirt", elapsed time 187.698338s.
250304-09:11:04,551 nipype.workflow INFO:
	 [Node] Setting-up "fmriprep_24_1_wf.sub_24684_wf.bold_ses_1_task_bao_dir_AP_run_01_echo_1_part_mag_wf.bold_fit_wf.bold_hmc_wf.normalize_motion" in "/work/fmriprep_24_1_wf/sub_24684_wf/bold_ses_1_task_bao_dir_AP_run_01_echo_1_part_mag_wf/bold_fit_wf/bold_hmc_wf/normalize_motion".
250304-09:11:04,741 nipype.workflow INFO:
	 [Node] Executing "normalize_motion" <niworkflows.interfaces.confounds.NormalizeMotionParams>
250304-09:11:04,745 nipype.workflow INFO:
	 [Node] Finished "normalize_motion", elapsed time 0.003343s.
250304-09:11:06,288 nipype.workflow INFO:
	 [Node] Setting-up "fmriprep_24_1_wf.sub_24684_wf.bold_ses_1_task_bao_dir_AP_run_01_echo_1_part_mag_wf.bold_confounds_wf.fdisp" in "/work/fmriprep_24_1_wf/sub_24684_wf/bold_ses_1_task_bao_dir_AP_run_01_echo_1_part_mag_wf/bold_confounds_wf/fdisp".
250304-09:11:06,301 nipype.workflow INFO:
	 [Node] Executing "fdisp" <nipype.algorithms.confounds.FramewiseDisplacement>
250304-09:11:06,309 nipype.workflow INFO:
	 [Node] Finished "fdisp", elapsed time 0.006678s.
250304-09:12:25,387 nipype.workflow INFO:
	 [Node] Finished "mcflirt", elapsed time 270.708195s.
250304-09:12:26,358 nipype.workflow INFO:
	 [Node] Setting-up "_denoise0" in "/work/fmriprep_24_1_wf/sub_24684_wf/anat_fit_wf/anat_template_wf/denoise/mapflow/_denoise0".
250304-09:12:26,363 nipype.workflow INFO:
	 [Node] Executing "_denoise0" <nipype.interfaces.ants.segmentation.DenoiseImage>
250304-09:13:14,685 nipype.workflow INFO:
	 [Node] Finished "_denoise0", elapsed time 48.079441s.
250304-09:13:16,347 nipype.workflow INFO:
	 [Node] Setting-up "_denoise0" in "/work/fmriprep_24_1_wf/sub_24684_wf/anat_fit_wf/t2w_template_wf/denoise/mapflow/_denoise0".
250304-09:13:16,354 nipype.workflow INFO:
	 [Node] Executing "_denoise0" <nipype.interfaces.ants.segmentation.DenoiseImage>
250304-09:14:05,33 nipype.workflow INFO:
	 [Node] Finished "_denoise0", elapsed time 48.422623s.
250304-09:14:06,363 nipype.workflow INFO:
	 [Node] Setting-up "fmriprep_24_1_wf.sub_24684_wf.bold_ses_1_task_rat_dir_PA_run_01_echo_1_part_mag_wf.bold_fit_wf.bold_hmc_wf.normalize_motion" in "/work/fmriprep_24_1_wf/sub_24684_wf/bold_ses_1_task_rat_dir_PA_run_01_echo_1_part_mag_wf/bold_fit_wf/bold_hmc_wf/normalize_motion".
250304-09:14:06,375 nipype.workflow INFO:
	 [Node] Setting-up "_anat_conform0" in "/work/fmriprep_24_1_wf/sub_24684_wf/anat_fit_wf/anat_template_wf/anat_conform/mapflow/_anat_conform0".
250304-09:14:06,377 nipype.workflow INFO:
	 [Node] Setting-up "_anat_conform0" in "/work/fmriprep_24_1_wf/sub_24684_wf/anat_fit_wf/t2w_template_wf/anat_conform/mapflow/_anat_conform0".
250304-09:14:06,381 nipype.workflow INFO:
	 [Node] Executing "_anat_conform0" <niworkflows.interfaces.images.Conform>
250304-09:14:06,384 nipype.workflow INFO:
	 [Node] Executing "_anat_conform0" <niworkflows.interfaces.images.Conform>
250304-09:14:06,397 nipype.workflow INFO:
	 [Node] Executing "normalize_motion" <niworkflows.interfaces.confounds.NormalizeMotionParams>
250304-09:14:06,403 nipype.workflow INFO:
	 [Node] Finished "normalize_motion", elapsed time 0.004832s.
250304-09:14:06,436 nipype.workflow INFO:
	 [Node] Finished "_anat_conform0", elapsed time 0.051222s.
250304-09:14:06,437 nipype.workflow INFO:
	 [Node] Finished "_anat_conform0", elapsed time 0.055574s.
250304-09:14:08,359 nipype.workflow INFO:
	 [Node] Setting-up "fmriprep_24_1_wf.sub_24684_wf.bold_ses_1_task_bao_dir_AP_run_01_echo_1_part_mag_wf.bold_fit_wf.enhance_and_skullstrip_bold_wf.init_aff" in "/work/fmriprep_24_1_wf/sub_24684_wf/bold_ses_1_task_bao_dir_AP_run_01_echo_1_part_mag_wf/bold_fit_wf/enhance_and_skullstrip_bold_wf/init_aff".
250304-09:14:08,372 nipype.workflow INFO:
	 [Node] Executing "init_aff" <nipype.interfaces.ants.utils.AI>
250304-09:14:30,62 nipype.workflow INFO:
	 [Node] Finished "init_aff", elapsed time 21.398287s.
250304-09:14:30,422 nipype.workflow INFO:
	 [Node] Setting-up "fmriprep_24_1_wf.sub_24684_wf.bold_ses_1_task_bao_dir_AP_run_01_echo_1_part_mag_wf.bold_fit_wf.bold_hmc_wf.fsl2itk" in "/work/fmriprep_24_1_wf/sub_24684_wf/bold_ses_1_task_bao_dir_AP_run_01_echo_1_part_mag_wf/bold_fit_wf/bold_hmc_wf/fsl2itk".
250304-09:14:30,460 nipype.workflow INFO:
	 [Node] Executing "fsl2itk" <niworkflows.interfaces.itk.MCFLIRT2ITK>
250304-09:14:30,460 nipype.interface WARNING:
	 Multithreading is deprecated. Remove the num_threads input.
250304-09:14:30,798 nipype.workflow INFO:
	 [Node] Finished "fsl2itk", elapsed time 0.337633s.
250304-09:14:32,367 nipype.workflow INFO:
	 [Node] Setting-up "fmriprep_24_1_wf.sub_24684_wf.bold_ses_1_task_rat_dir_PA_run_01_echo_1_part_mag_wf.bold_fit_wf.enhance_and_skullstrip_bold_wf.init_aff" in "/work/fmriprep_24_1_wf/sub_24684_wf/bold_ses_1_task_rat_dir_PA_run_01_echo_1_part_mag_wf/bold_fit_wf/enhance_and_skullstrip_bold_wf/init_aff".
250304-09:14:32,380 nipype.workflow INFO:
	 [Node] Executing "init_aff" <nipype.interfaces.ants.utils.AI>
250304-09:14:53,678 nipype.workflow INFO:
	 [Node] Finished "init_aff", elapsed time 21.001826s.
250304-09:14:54,432 nipype.workflow INFO:
	 [Node] Setting-up "fmriprep_24_1_wf.sub_24684_wf.bold_ses_1_task_rat_dir_PA_run_01_echo_1_part_mag_wf.bold_fit_wf.bold_hmc_wf.fsl2itk" in "/work/fmriprep_24_1_wf/sub_24684_wf/bold_ses_1_task_rat_dir_PA_run_01_echo_1_part_mag_wf/bold_fit_wf/bold_hmc_wf/fsl2itk".
250304-09:14:54,509 nipype.workflow INFO:
	 [Node] Executing "fsl2itk" <niworkflows.interfaces.itk.MCFLIRT2ITK>
250304-09:14:54,510 nipype.interface WARNING:
	 Multithreading is deprecated. Remove the num_threads input.
250304-09:14:54,999 nipype.workflow INFO:
	 [Node] Finished "fsl2itk", elapsed time 0.489735s.
250304-09:14:56,372 nipype.workflow INFO:
	 [Node] Setting-up "fmriprep_24_1_wf.sub_24684_wf.anat_fit_wf.anat_template_wf.get1st" in "/work/fmriprep_24_1_wf/sub_24684_wf/anat_fit_wf/anat_template_wf/get1st".
250304-09:14:56,372 nipype.workflow INFO:
	 [Node] Setting-up "fmriprep_24_1_wf.sub_24684_wf.anat_fit_wf.t2w_template_wf.get1st" in "/work/fmriprep_24_1_wf/sub_24684_wf/anat_fit_wf/t2w_template_wf/get1st".
250304-09:14:56,383 nipype.workflow INFO:
	 [Node] Executing "get1st" <nipype.interfaces.utility.base.Select>
250304-09:14:56,386 nipype.workflow INFO:
	 [Node] Finished "get1st", elapsed time 0.002081s.
250304-09:14:56,391 nipype.workflow INFO:
	 [Node] Executing "get1st" <nipype.interfaces.utility.base.Select>
250304-09:14:56,394 nipype.workflow INFO:
	 [Node] Finished "get1st", elapsed time 0.001459s.
250304-09:14:56,712 nipype.workflow INFO:
	 [Node] Setting-up "fmriprep_24_1_wf.sub_24684_wf.bold_ses_1_task_rat_dir_PA_run_01_echo_1_part_mag_wf.bold_confounds_wf.fdisp" in "/work/fmriprep_24_1_wf/sub_24684_wf/bold_ses_1_task_rat_dir_PA_run_01_echo_1_part_mag_wf/bold_confounds_wf/fdisp".
250304-09:14:56,726 nipype.workflow INFO:
	 [Node] Executing "fdisp" <nipype.algorithms.confounds.FramewiseDisplacement>
250304-09:14:56,736 nipype.workflow INFO:
	 [Node] Finished "fdisp", elapsed time 0.00935s.
250304-09:14:58,370 nipype.workflow INFO:
	 [Node] Setting-up "fmriprep_24_1_wf.sub_24684_wf.bold_ses_1_task_bao_dir_AP_run_01_echo_1_part_mag_wf.bold_fit_wf.enhance_and_skullstrip_bold_wf.norm" in "/work/fmriprep_24_1_wf/sub_24684_wf/bold_ses_1_task_bao_dir_AP_run_01_echo_1_part_mag_wf/bold_fit_wf/enhance_and_skullstrip_bold_wf/norm".
250304-09:14:58,389 nipype.workflow INFO:
	 [Node] Executing "norm" <niworkflows.interfaces.fixes.FixHeaderRegistration>
250304-09:14:59,615 nipype.workflow INFO:
	 [Node] Finished "norm", elapsed time 0.939771s.
250304-09:15:00,380 nipype.workflow INFO:
	 [Node] Setting-up "fmriprep_24_1_wf.sub_24684_wf.bold_ses_1_task_rat_dir_PA_run_01_echo_1_part_mag_wf.bold_fit_wf.enhance_and_skullstrip_bold_wf.norm" in "/work/fmriprep_24_1_wf/sub_24684_wf/bold_ses_1_task_rat_dir_PA_run_01_echo_1_part_mag_wf/bold_fit_wf/enhance_and_skullstrip_bold_wf/norm".
250304-09:15:00,397 nipype.workflow INFO:
	 [Node] Executing "norm" <niworkflows.interfaces.fixes.FixHeaderRegistration>
250304-09:15:01,343 nipype.workflow INFO:
	 [Node] Finished "norm", elapsed time 0.653799s.
250304-09:15:02,584 nipype.workflow INFO:
	 [Node] Setting-up "fmriprep_24_1_wf.sub_24684_wf.bold_ses_1_task_bao_dir_AP_run_01_echo_1_part_mag_wf.bold_fit_wf.enhance_and_skullstrip_bold_wf.map_brainmask" in "/work/fmriprep_24_1_wf/sub_24684_wf/bold_ses_1_task_bao_dir_AP_run_01_echo_1_part_mag_wf/bold_fit_wf/enhance_and_skullstrip_bold_wf/map_brainmask".
250304-09:15:02,585 nipype.workflow INFO:
	 [Node] Setting-up "fmriprep_24_1_wf.sub_24684_wf.bold_ses_1_task_rat_dir_PA_run_01_echo_1_part_mag_wf.bold_fit_wf.enhance_and_skullstrip_bold_wf.map_brainmask" in "/work/fmriprep_24_1_wf/sub_24684_wf/bold_ses_1_task_rat_dir_PA_run_01_echo_1_part_mag_wf/bold_fit_wf/enhance_and_skullstrip_bold_wf/map_brainmask".
250304-09:15:02,596 nipype.workflow INFO:
	 [Node] Executing "map_brainmask" <niworkflows.interfaces.fixes.FixHeaderApplyTransforms>
250304-09:15:02,599 nipype.workflow INFO:
	 [Node] Executing "map_brainmask" <niworkflows.interfaces.fixes.FixHeaderApplyTransforms>
250304-09:15:03,528 nipype.workflow INFO:
	 [Node] Finished "map_brainmask", elapsed time 0.687642s.
250304-09:15:03,538 nipype.workflow INFO:
	 [Node] Finished "map_brainmask", elapsed time 0.672183s.
250304-09:15:04,396 nipype.workflow INFO:
	 [Node] Setting-up "fmriprep_24_1_wf.sub_24684_wf.anat_fit_wf.surface_recon_wf.fov_check" in "/work/fmriprep_24_1_wf/sub_24684_wf/anat_fit_wf/surface_recon_wf/fov_check".
250304-09:15:04,405 nipype.workflow INFO:
	 [Node] Executing "fov_check" <nipype.interfaces.utility.wrappers.Function>
250304-09:15:04,436 nipype.workflow INFO:
	 [Node] Setting-up "_truncate_images0" in "/work/fmriprep_24_1_wf/sub_24684_wf/anat_fit_wf/brain_extraction_wf/truncate_images/mapflow/_truncate_images0".
250304-09:15:04,440 nipype.workflow INFO:
	 [Node] Executing "_truncate_images0" <nipype.interfaces.ants.utils.ImageMath>
250304-09:15:04,699 nipype.workflow INFO:
	 [Node] Setting-up "fmriprep_24_1_wf.sub_24684_wf.anat_fit_wf.surface_recon_wf.recon_config" in "/work/fmriprep_24_1_wf/sub_24684_wf/anat_fit_wf/surface_recon_wf/recon_config".
250304-09:15:04,706 nipype.workflow INFO:
	 [Node] Executing "recon_config" <niworkflows.interfaces.freesurfer.FSDetectInputs>
250304-09:15:04,762 nipype.workflow INFO:
	 [Node] Finished "fov_check", elapsed time 0.356505s.
250304-09:15:04,794 nipype.workflow INFO:
	 [Node] Finished "recon_config", elapsed time 0.08755s.
250304-09:15:06,388 nipype.workflow INFO:
	 [Node] Setting-up "fmriprep_24_1_wf.sub_24684_wf.bold_ses_1_task_rat_dir_PA_run_01_echo_1_part_mag_wf.bold_fit_wf.enhance_and_skullstrip_bold_wf.n4_correct" in "/work/fmriprep_24_1_wf/sub_24684_wf/bold_ses_1_task_rat_dir_PA_run_01_echo_1_part_mag_wf/bold_fit_wf/enhance_and_skullstrip_bold_wf/n4_correct".
250304-09:15:06,398 nipype.workflow INFO:
	 [Node] Executing "n4_correct" <niworkflows.interfaces.fixes.FixN4BiasFieldCorrection>
250304-09:15:06,424 nipype.workflow INFO:
	 [Node] Setting-up "fmriprep_24_1_wf.sub_24684_wf.bold_ses_1_task_bao_dir_AP_run_01_echo_1_part_mag_wf.bold_fit_wf.enhance_and_skullstrip_bold_wf.n4_correct" in "/work/fmriprep_24_1_wf/sub_24684_wf/bold_ses_1_task_bao_dir_AP_run_01_echo_1_part_mag_wf/bold_fit_wf/enhance_and_skullstrip_bold_wf/n4_correct".
250304-09:15:06,430 nipype.workflow INFO:
	 [Node] Executing "n4_correct" <niworkflows.interfaces.fixes.FixN4BiasFieldCorrection>
250304-09:15:09,509 nipype.workflow INFO:
	 [Node] Finished "_truncate_images0", elapsed time 4.805714s.
250304-09:15:12,152 nipype.workflow INFO:
	 [Node] Finished "n4_correct", elapsed time 5.752339s.
250304-09:15:12,254 nipype.workflow INFO:
	 [Node] Finished "n4_correct", elapsed time 5.538076s.
250304-09:15:12,381 nipype.workflow INFO:
	 [Node] Setting-up "fmriprep_24_1_wf.sub_24684_wf.bold_ses_1_task_rat_dir_PA_run_01_echo_1_part_mag_wf.bold_fit_wf.enhance_and_skullstrip_bold_wf.skullstrip_first_pass" in "/work/fmriprep_24_1_wf/sub_24684_wf/bold_ses_1_task_rat_dir_PA_run_01_echo_1_part_mag_wf/bold_fit_wf/enhance_and_skullstrip_bold_wf/skullstrip_first_pass".
250304-09:15:12,386 nipype.workflow INFO:
	 [Node] Setting-up "fmriprep_24_1_wf.sub_24684_wf.bold_ses_1_task_rat_dir_PA_run_01_echo_1_part_mag_wf.bold_fit_wf.unwarp_wf.rotime" in "/work/fmriprep_24_1_wf/sub_24684_wf/bold_ses_1_task_rat_dir_PA_run_01_echo_1_part_mag_wf/bold_fit_wf/unwarp_wf/rotime".
250304-09:15:12,393 nipype.workflow INFO:
	 [Node] Executing "skullstrip_first_pass" <nipype.interfaces.fsl.preprocess.BET>
250304-09:15:12,399 nipype.workflow INFO:
	 [Node] Executing "rotime" <sdcflows.interfaces.epi.GetReadoutTime>
250304-09:15:12,401 nipype.workflow INFO:
	 [Node] Finished "rotime", elapsed time 0.001439s.
250304-09:15:13,858 nipype.workflow INFO:
	 [Node] Finished "skullstrip_first_pass", elapsed time 1.4634909999999999s.
250304-09:15:14,396 nipype.workflow INFO:
	 [Node] Setting-up "_inu_n40" in "/work/fmriprep_24_1_wf/sub_24684_wf/anat_fit_wf/brain_extraction_wf/inu_n4/mapflow/_inu_n40".
250304-09:15:14,404 nipype.workflow INFO:
	 [Node] Executing "_inu_n40" <nipype.interfaces.ants.segmentation.N4BiasFieldCorrection>
250304-09:15:35,310 nipype.workflow INFO:
	 [Node] Finished "_inu_n40", elapsed time 20.65257s.
250304-09:15:36,390 nipype.workflow INFO:
	 [Node] Setting-up "fmriprep_24_1_wf.sub_24684_wf.anat_fit_wf.surface_recon_wf.autorecon1" in "/work/fmriprep_24_1_wf/sub_24684_wf/anat_fit_wf/surface_recon_wf/autorecon1".
250304-09:15:36,407 nipype.workflow INFO:
	 [Node] Executing "autorecon1" <smriprep.interfaces.freesurfer.ReconAll>
