/cbica/projects/pafin/code/processing
2115fmn015
Tue Mar  4 14:02:46 EST 2025
Running task 3
Commandline: apptainer run --home /cbica/projects/pafin --cleanenv --containall --writable-tmpfs       -B /cbica/projects/pafin/dset:/data       -B /cbica/projects/pafin/derivatives/fmriprep:/out       -B /cbica/comp_space/pafin/pafin-fmriprep:/work       -B /cbica/projects/pafin/code:/code       -B /cbica/projects/pafin/tokens/freesurfer_license.txt:/license.txt       /cbica/projects/pafin/apptainer/fmriprep-24.1.1.sif       /data       /out       participant       --participant-label 24684       -w /work       --omp-nthreads 20       --nprocs 20       --mem_mb 39000       --output-spaces func T1w MNI152NLin6Asym:res-2       --output-layout bids       --me-output-echos       --project-goodvoxels       --cifti-output 91k       --bids-filter-file /code/processing/filter.json       --fs-license-file /license.txt       --skip_bids_validation       --level full
250304-14:03:31,57 nipype.workflow IMPORTANT:
	 Running fMRIPrep version 24.1.1

         License NOTICE ##################################################
         fMRIPrep 24.1.1
         Copyright The NiPreps Developers.
         
         This product includes software developed by
         the NiPreps Community (https://nipreps.org/).
         
         Portions of this software were developed at the Department of
         Psychology at Stanford University, Stanford, CA, US.
         
         This software is also distributed as a Docker container image.
         The bootstrapping file for the image ("Dockerfile") is licensed
         under the MIT License.
         
         This software may be distributed through an add-on package called
         "Docker Wrapper" that is under the BSD 3-clause License.
         #################################################################
250304-14:03:32,653 nipype.workflow IMPORTANT:
	 Building fMRIPrep's workflow:
           * BIDS dataset path: /data.
           * Participant list: ['24684'].
           * Run identifier: 20250304-140255_6702a474-c137-4b41-922d-ea9cc7fa0075.
           * Output spaces: func T1w MNI152NLin6Asym:res-2.
           * Pre-run FreeSurfer's SUBJECTS_DIR: /out/sourcedata/freesurfer.
250304-14:03:34,505 nipype.workflow INFO:
	 ANAT Stage 1: Adding template workflow
250304-14:03:35,430 nipype.workflow INFO:
	 ANAT Stage 2: Preparing brain extraction workflow
250304-14:03:35,551 nipype.workflow INFO:
	 ANAT Stage 3: Preparing segmentation workflow
250304-14:03:35,557 nipype.workflow INFO:
	 ANAT Stage 4: Preparing normalization workflow for ['MNI152NLin6Asym', 'MNI152NLin2009cAsym']
250304-14:03:35,568 nipype.workflow INFO:
	 ANAT Stage 5: Preparing surface reconstruction workflow
250304-14:03:35,590 nipype.workflow INFO:
	 ANAT Stage 6: Preparing mask refinement workflow
250304-14:03:35,592 nipype.workflow INFO:
	 ANAT Stage 7: Creating T2w template
250304-14:03:35,597 nipype.workflow INFO:
	 ANAT Stage 8: Creating GIFTI surfaces for ['white', 'pial', 'midthickness', 'sphere_reg', 'sphere']
250304-14:03:35,613 nipype.workflow INFO:
	 ANAT Stage 8: Creating GIFTI metrics for ['thickness', 'sulc']
250304-14:03:35,620 nipype.workflow INFO:
	 ANAT Stage 8a: Creating cortical ribbon mask
250304-14:03:35,624 nipype.workflow INFO:
	 ANAT Stage 9: Creating fsLR registration sphere
250304-14:03:35,629 nipype.workflow INFO:
	 ANAT Stage 10: Creating MSM-Sulc registration sphere
250304-14:03:36,561 nipype.workflow INFO:
	 B0 field inhomogeneity map will be estimated with the following 1 estimator(s): [<EstimatorType.PEPOLAR: 2>].
250304-14:03:36,627 nipype.workflow INFO:
	 Setting-up fieldmap "funcpepolar01" (EstimatorType.PEPOLAR) with <sub-24684_ses-1_acq-func_dir-AP_run-01_part-mag_epi.nii.gz, sub-24684_ses-1_acq-func_dir-PA_run-01_part-mag_epi.nii.gz>
250304-14:03:36,836 nipype.workflow INFO:
	 Using single-band reference file(s) sub-24684_ses-1_task-bao_dir-AP_run-01_echo-1_part-mag_sbref.nii.gz,sub-24684_ses-1_task-bao_dir-AP_run-01_echo-2_part-mag_sbref.nii.gz,sub-24684_ses-1_task-bao_dir-AP_run-01_echo-3_part-mag_sbref.nii.gz,sub-24684_ses-1_task-bao_dir-AP_run-01_echo-4_part-mag_sbref.nii.gz,sub-24684_ses-1_task-bao_dir-AP_run-01_echo-5_part-mag_sbref.nii.gz.
250304-14:03:36,976 nipype.workflow INFO:
	 Stage 1: Adding HMC boldref workflow
250304-14:03:36,987 nipype.workflow INFO:
	 Stage 2: Adding motion correction workflow
250304-14:03:36,999 nipype.workflow INFO:
	 Stage 3: Adding coregistration boldref workflow
250304-14:03:37,821 nipype.workflow IMPORTANT:
	 BOLD series will be slice-timing corrected to an offset of 0.798s.
250304-14:03:37,825 nipype.workflow IMPORTANT:
	 Generating T2* map and optimally combined ME-EPI time series.
250304-14:03:38,733 nipype.workflow INFO:
	 Using single-band reference file(s) sub-24684_ses-1_task-rat_dir-PA_run-01_echo-1_part-mag_sbref.nii.gz,sub-24684_ses-1_task-rat_dir-PA_run-01_echo-2_part-mag_sbref.nii.gz,sub-24684_ses-1_task-rat_dir-PA_run-01_echo-3_part-mag_sbref.nii.gz,sub-24684_ses-1_task-rat_dir-PA_run-01_echo-4_part-mag_sbref.nii.gz,sub-24684_ses-1_task-rat_dir-PA_run-01_echo-5_part-mag_sbref.nii.gz.
250304-14:03:38,800 nipype.workflow INFO:
	 Stage 1: Adding HMC boldref workflow
250304-14:03:38,806 nipype.workflow INFO:
	 Stage 2: Adding motion correction workflow
250304-14:03:38,810 nipype.workflow INFO:
	 Stage 3: Adding coregistration boldref workflow
250304-14:03:39,583 nipype.workflow IMPORTANT:
	 BOLD series will be slice-timing corrected to an offset of 0.799s.
250304-14:03:39,587 nipype.workflow IMPORTANT:
	 Generating T2* map and optimally combined ME-EPI time series.
250304-14:03:44,814 nipype.workflow INFO:
	 fMRIPrep workflow graph with 857 nodes built successfully.
250304-14:04:04,695 nipype.workflow IMPORTANT:
	 fMRIPrep started!
250304-14:04:06,506 nipype.workflow WARNING:
	 Some nodes exceed the total amount of memory available (39.00GB).
250304-14:04:14,695 nipype.workflow INFO:
	 [Node] Setting-up "fmriprep_24_1_wf.sub_24684_wf.anat_fit_wf.brain_extraction_wf.full_wm" in "/work/fmriprep_24_1_wf/sub_24684_wf/anat_fit_wf/brain_extraction_wf/full_wm".
250304-14:04:14,703 nipype.workflow INFO:
	 [Node] Executing "full_wm" <nipype.interfaces.utility.wrappers.Function>
250304-14:04:15,30 nipype.workflow INFO:
	 [Node] Setting-up "fmriprep_24_1_wf.sub_24684_wf.anat_fit_wf.brain_extraction_wf.res_tmpl" in "/work/fmriprep_24_1_wf/sub_24684_wf/anat_fit_wf/brain_extraction_wf/res_tmpl".
250304-14:04:15,40 nipype.workflow INFO:
	 [Node] Executing "res_tmpl" <niworkflows.interfaces.nibabel.RegridToZooms>
250304-14:04:15,82 nipype.workflow INFO:
	 [Node] Setting-up "fmriprep_24_1_wf.sub_24684_wf.anat_fit_wf.brain_extraction_wf.lap_tmpl" in "/work/fmriprep_24_1_wf/sub_24684_wf/anat_fit_wf/brain_extraction_wf/lap_tmpl".
250304-14:04:15,92 nipype.workflow INFO:
	 [Node] Executing "lap_tmpl" <nipype.interfaces.ants.utils.ImageMath>
250304-14:04:15,317 nipype.workflow INFO:
	 [Node] Setting-up "fmriprep_24_1_wf.sub_24684_wf.bold_ses_1_task_bao_dir_AP_run_01_echo_1_part_mag_wf.bold_fit_wf.hmc_boldref_wf.val_bold" in "/work/fmriprep_24_1_wf/sub_24684_wf/bold_ses_1_task_bao_dir_AP_run_01_echo_1_part_mag_wf/bold_fit_wf/hmc_boldref_wf/val_bold".
250304-14:04:15,338 nipype.workflow INFO:
	 [Node] Executing "val_bold" <niworkflows.interfaces.header.ValidateImage>
250304-14:04:15,346 nipype.workflow INFO:
	 [Node] Setting-up "fmriprep_24_1_wf.sub_24684_wf.bold_ses_1_task_bao_dir_AP_run_01_echo_1_part_mag_wf.bold_fit_wf.hmc_boldref_wf.get_dummy" in "/work/fmriprep_24_1_wf/sub_24684_wf/bold_ses_1_task_bao_dir_AP_run_01_echo_1_part_mag_wf/bold_fit_wf/hmc_boldref_wf/get_dummy".
250304-14:04:15,353 nipype.workflow INFO:
	 [Node] Executing "get_dummy" <niworkflows.interfaces.bold.NonsteadyStatesDetector>
250304-14:04:15,407 nipype.workflow INFO:
	 [Node] Finished "full_wm", elapsed time 0.692184s.
250304-14:04:15,414 nipype.workflow INFO:
	 [Node] Setting-up "fmriprep_24_1_wf.sub_24684_wf.fmap_preproc_wf.out_merge_fmap_id" in "/work/fmriprep_24_1_wf/sub_24684_wf/fmap_preproc_wf/out_merge_fmap_id".
250304-14:04:15,419 nipype.workflow INFO:
	 [Node] Executing "out_merge_fmap_id" <nipype.interfaces.utility.base.Merge>
250304-14:04:15,420 nipype.workflow INFO:
	 [Node] Finished "out_merge_fmap_id", elapsed time 0.000224s.
250304-14:04:15,421 nipype.workflow INFO:
	 [Node] Setting-up "fmriprep_24_1_wf.sub_24684_wf.fmap_preproc_wf.out_merge_method" in "/work/fmriprep_24_1_wf/sub_24684_wf/fmap_preproc_wf/out_merge_method".
250304-14:04:15,429 nipype.workflow INFO:
	 [Node] Executing "out_merge_method" <nipype.interfaces.utility.base.Merge>
250304-14:04:15,436 nipype.workflow INFO:
	 [Node] Finished "val_bold", elapsed time 0.088145s.
250304-14:04:15,442 nipype.workflow INFO:
	 [Node] Setting-up "fmriprep_24_1_wf.sub_24684_wf.bold_ses_1_task_rat_dir_PA_run_01_echo_1_part_mag_wf.bold_fit_wf.hmc_boldref_wf.get_dummy" in "/work/fmriprep_24_1_wf/sub_24684_wf/bold_ses_1_task_rat_dir_PA_run_01_echo_1_part_mag_wf/bold_fit_wf/hmc_boldref_wf/get_dummy".
250304-14:04:15,444 nipype.workflow INFO:
	 [Node] Finished "out_merge_method", elapsed time 0.000251s.
250304-14:04:15,448 nipype.workflow INFO:
	 [Node] Executing "get_dummy" <niworkflows.interfaces.bold.NonsteadyStatesDetector>
250304-14:04:15,598 nipype.workflow INFO:
	 [Node] Setting-up "fmriprep_24_1_wf.sub_24684_wf.bold_ses_1_task_rat_dir_PA_run_01_echo_1_part_mag_wf.bold_fit_wf.hmc_boldref_wf.val_bold" in "/work/fmriprep_24_1_wf/sub_24684_wf/bold_ses_1_task_rat_dir_PA_run_01_echo_1_part_mag_wf/bold_fit_wf/hmc_boldref_wf/val_bold".
250304-14:04:15,605 nipype.workflow INFO:
	 [Node] Executing "val_bold" <niworkflows.interfaces.header.ValidateImage>
250304-14:04:15,688 nipype.workflow INFO:
	 [Node] Finished "val_bold", elapsed time 0.082794s.
250304-14:04:16,372 nipype.workflow INFO:
	 [Node] Setting-up "fmriprep_24_1_wf.sub_24684_wf.bidssrc" in "/work/fmriprep_24_1_wf/sub_24684_wf/bidssrc".
250304-14:04:16,453 nipype.workflow INFO:
	 [Node] Executing "bidssrc" <niworkflows.interfaces.bids.BIDSDataGrabber>
250304-14:04:16,457 nipype.interface INFO:
	 No "flair" images found for sub-24684
250304-14:04:16,457 nipype.interface INFO:
	 No "roi" images found for sub-24684
250304-14:04:16,457 nipype.interface INFO:
	 No "pet" images found for sub-24684
250304-14:04:16,457 nipype.interface INFO:
	 No "asl" images found for sub-24684
250304-14:04:16,458 nipype.workflow INFO:
	 [Node] Finished "bidssrc", elapsed time 0.001103s.
250304-14:04:16,840 nipype.workflow INFO:
	 [Node] Setting-up "fmriprep_24_1_wf.sub_24684_wf.select_MNI6_tpl" in "/work/fmriprep_24_1_wf/sub_24684_wf/select_MNI6_tpl".
250304-14:04:16,842 nipype.workflow INFO:
	 [Node] Finished "res_tmpl", elapsed time 1.7881019999999999s.
250304-14:04:16,846 nipype.workflow INFO:
	 [Node] Executing "select_MNI6_tpl" <smriprep.interfaces.templateflow.TemplateFlowSelect>
250304-14:04:16,887 nipype.workflow INFO:
	 [Node] Finished "select_MNI6_tpl", elapsed time 0.037478s.
250304-14:04:16,917 nipype.workflow INFO:
	 [Node] Setting-up "fmriprep_24_1_wf.sub_24684_wf.bold_ses_1_task_bao_dir_AP_run_01_echo_1_part_mag_wf.bold_fit_wf.ds_boldmask_wf.sources" in "/work/fmriprep_24_1_wf/sub_24684_wf/bold_ses_1_task_bao_dir_AP_run_01_echo_1_part_mag_wf/bold_fit_wf/ds_boldmask_wf/sources".
250304-14:04:16,930 nipype.workflow INFO:
	 [Node] Executing "sources" <fmriprep.interfaces.bids.BIDSURI>
250304-14:04:16,936 nipype.workflow INFO:
	 [Node] Finished "sources", elapsed time 0.000659s.
250304-14:04:17,174 nipype.workflow INFO:
	 [Node] Setting-up "fmriprep_24_1_wf.sub_24684_wf.bold_ses_1_task_bao_dir_AP_run_01_echo_1_part_mag_wf.bold_fit_wf.ds_hmc_boldref_wf.sources" in "/work/fmriprep_24_1_wf/sub_24684_wf/bold_ses_1_task_bao_dir_AP_run_01_echo_1_part_mag_wf/bold_fit_wf/ds_hmc_boldref_wf/sources".
250304-14:04:17,186 nipype.workflow INFO:
	 [Node] Executing "sources" <fmriprep.interfaces.bids.BIDSURI>
250304-14:04:17,196 nipype.workflow INFO:
	 [Node] Finished "sources", elapsed time 0.000255s.
250304-14:04:17,241 nipype.workflow INFO:
	 [Node] Setting-up "fmriprep_24_1_wf.sub_24684_wf.bold_ses_1_task_rat_dir_PA_run_01_echo_1_part_mag_wf.bold_fit_wf.ds_fmapreg_wf.sources" in "/work/fmriprep_24_1_wf/sub_24684_wf/bold_ses_1_task_rat_dir_PA_run_01_echo_1_part_mag_wf/bold_fit_wf/ds_fmapreg_wf/sources".
250304-14:04:17,250 nipype.workflow INFO:
	 [Node] Executing "sources" <fmriprep.interfaces.bids.BIDSURI>
250304-14:04:17,257 nipype.workflow INFO:
	 [Node] Finished "sources", elapsed time 0.000897s.
250304-14:04:17,394 nipype.workflow INFO:
	 [Node] Setting-up "fmriprep_24_1_wf.sub_24684_wf.bold_ses_1_task_rat_dir_PA_run_01_echo_1_part_mag_wf.bold_fit_wf.ds_boldmask_wf.sources" in "/work/fmriprep_24_1_wf/sub_24684_wf/bold_ses_1_task_rat_dir_PA_run_01_echo_1_part_mag_wf/bold_fit_wf/ds_boldmask_wf/sources".
250304-14:04:17,398 nipype.workflow INFO:
	 [Node] Setting-up "fmriprep_24_1_wf.sub_24684_wf.bold_ses_1_task_bao_dir_AP_run_01_echo_1_part_mag_wf.bold_fit_wf.ds_fmapreg_wf.sources" in "/work/fmriprep_24_1_wf/sub_24684_wf/bold_ses_1_task_bao_dir_AP_run_01_echo_1_part_mag_wf/bold_fit_wf/ds_fmapreg_wf/sources".
250304-14:04:17,411 nipype.workflow INFO:
	 [Node] Executing "sources" <fmriprep.interfaces.bids.BIDSURI>
250304-14:04:17,414 nipype.workflow INFO:
	 [Node] Executing "sources" <fmriprep.interfaces.bids.BIDSURI>
250304-14:04:17,417 nipype.workflow INFO:
	 [Node] Finished "sources", elapsed time 0.000478s.
250304-14:04:17,417 nipype.workflow INFO:
	 [Node] Finished "sources", elapsed time 0.000283s.
250304-14:04:17,431 nipype.workflow INFO:
	 [Node] Setting-up "fmriprep_24_1_wf.sub_24684_wf.bold_ses_1_task_rat_dir_PA_run_01_echo_1_part_mag_wf.bold_fit_wf.ds_hmc_boldref_wf.sources" in "/work/fmriprep_24_1_wf/sub_24684_wf/bold_ses_1_task_rat_dir_PA_run_01_echo_1_part_mag_wf/bold_fit_wf/ds_hmc_boldref_wf/sources".
250304-14:04:17,438 nipype.workflow INFO:
	 [Node] Executing "sources" <fmriprep.interfaces.bids.BIDSURI>
250304-14:04:17,439 nipype.workflow INFO:
	 [Node] Finished "sources", elapsed time 0.00043s.
250304-14:04:17,456 nipype.workflow INFO:
	 [Node] Setting-up "fmriprep_24_1_wf.sub_24684_wf.bold_ses_1_task_bao_dir_AP_run_01_echo_1_part_mag_wf.bold_fit_wf.ds_hmc_wf.sources" in "/work/fmriprep_24_1_wf/sub_24684_wf/bold_ses_1_task_bao_dir_AP_run_01_echo_1_part_mag_wf/bold_fit_wf/ds_hmc_wf/sources".
250304-14:04:17,462 nipype.workflow INFO:
	 [Node] Setting-up "fmriprep_24_1_wf.sub_24684_wf.bold_ses_1_task_bao_dir_AP_run_01_echo_1_part_mag_wf.ds_bold_native_wf.sources" in "/work/fmriprep_24_1_wf/sub_24684_wf/bold_ses_1_task_bao_dir_AP_run_01_echo_1_part_mag_wf/ds_bold_native_wf/sources".
250304-14:04:17,463 nipype.workflow INFO:
	 [Node] Executing "sources" <fmriprep.interfaces.bids.BIDSURI>
250304-14:04:17,467 nipype.workflow INFO:
	 [Node] Finished "sources", elapsed time 0.000228s.
250304-14:04:17,470 nipype.workflow INFO:
	 [Node] Executing "sources" <fmriprep.interfaces.bids.BIDSURI>
250304-14:04:17,474 nipype.workflow INFO:
	 [Node] Finished "sources", elapsed time 0.000501s.
250304-14:04:17,648 nipype.workflow INFO:
	 [Node] Setting-up "fmriprep_24_1_wf.sub_24684_wf.bold_ses_1_task_rat_dir_PA_run_01_echo_1_part_mag_wf.bold_fit_wf.ds_hmc_wf.sources" in "/work/fmriprep_24_1_wf/sub_24684_wf/bold_ses_1_task_rat_dir_PA_run_01_echo_1_part_mag_wf/bold_fit_wf/ds_hmc_wf/sources".
250304-14:04:17,655 nipype.workflow INFO:
	 [Node] Executing "sources" <fmriprep.interfaces.bids.BIDSURI>
250304-14:04:17,661 nipype.workflow INFO:
	 [Node] Finished "sources", elapsed time 0.000579s.
250304-14:04:17,667 nipype.workflow INFO:
	 [Node] Setting-up "fmriprep_24_1_wf.sub_24684_wf.bold_ses_1_task_rat_dir_PA_run_01_echo_1_part_mag_wf.bold_native_wf.bold_source" in "/work/fmriprep_24_1_wf/sub_24684_wf/bold_ses_1_task_rat_dir_PA_run_01_echo_1_part_mag_wf/bold_native_wf/_echoidx_0/bold_source".
250304-14:04:17,667 nipype.workflow INFO:
	 [Node] Setting-up "fmriprep_24_1_wf.sub_24684_wf.bold_ses_1_task_rat_dir_PA_run_01_echo_1_part_mag_wf.bold_native_wf.bold_source" in "/work/fmriprep_24_1_wf/sub_24684_wf/bold_ses_1_task_rat_dir_PA_run_01_echo_1_part_mag_wf/bold_native_wf/_echoidx_1/bold_source".
250304-14:04:17,668 nipype.workflow INFO:
	 [Node] Setting-up "fmriprep_24_1_wf.sub_24684_wf.bold_ses_1_task_rat_dir_PA_run_01_echo_1_part_mag_wf.bold_native_wf.bold_source" in "/work/fmriprep_24_1_wf/sub_24684_wf/bold_ses_1_task_rat_dir_PA_run_01_echo_1_part_mag_wf/bold_native_wf/_echoidx_2/bold_source".
250304-14:04:17,668 nipype.workflow INFO:
	 [Node] Setting-up "fmriprep_24_1_wf.sub_24684_wf.bold_ses_1_task_rat_dir_PA_run_01_echo_1_part_mag_wf.bold_native_wf.bold_source" in "/work/fmriprep_24_1_wf/sub_24684_wf/bold_ses_1_task_rat_dir_PA_run_01_echo_1_part_mag_wf/bold_native_wf/_echoidx_3/bold_source".
250304-14:04:17,669 nipype.workflow INFO:
	 [Node] Setting-up "fmriprep_24_1_wf.sub_24684_wf.bold_ses_1_task_rat_dir_PA_run_01_echo_1_part_mag_wf.bold_native_wf.bold_source" in "/work/fmriprep_24_1_wf/sub_24684_wf/bold_ses_1_task_rat_dir_PA_run_01_echo_1_part_mag_wf/bold_native_wf/_echoidx_4/bold_source".
250304-14:04:17,674 nipype.workflow INFO:
	 [Node] Executing "bold_source" <nipype.interfaces.utility.base.Select>
250304-14:04:17,675 nipype.workflow INFO:
	 [Node] Executing "bold_source" <nipype.interfaces.utility.base.Select>
250304-14:04:17,675 nipype.workflow INFO:
	 [Node] Finished "bold_source", elapsed time 0.000398s.
250304-14:04:17,676 nipype.workflow INFO:
	 [Node] Executing "bold_source" <nipype.interfaces.utility.base.Select>
250304-14:04:17,676 nipype.workflow INFO:
	 [Node] Executing "bold_source" <nipype.interfaces.utility.base.Select>
250304-14:04:17,677 nipype.workflow INFO:
	 [Node] Finished "bold_source", elapsed time 0.000283s.
250304-14:04:17,678 nipype.workflow INFO:
	 [Node] Executing "bold_source" <nipype.interfaces.utility.base.Select>
250304-14:04:17,680 nipype.workflow INFO:
	 [Node] Finished "bold_source", elapsed time 0.000371s.
250304-14:04:17,682 nipype.workflow INFO:
	 [Node] Finished "bold_source", elapsed time 0.000685s.
250304-14:04:17,684 nipype.workflow INFO:
	 [Node] Finished "bold_source", elapsed time 0.000752s.
250304-14:04:18,537 nipype.workflow INFO:
	 [Node] Setting-up "fmriprep_24_1_wf.sub_24684_wf.bold_ses_1_task_rat_dir_PA_run_01_echo_1_part_mag_wf.ds_bold_native_wf.sources" in "/work/fmriprep_24_1_wf/sub_24684_wf/bold_ses_1_task_rat_dir_PA_run_01_echo_1_part_mag_wf/ds_bold_native_wf/sources".
250304-14:04:18,546 nipype.workflow INFO:
	 [Node] Executing "sources" <fmriprep.interfaces.bids.BIDSURI>
250304-14:04:18,551 nipype.workflow INFO:
	 [Node] Finished "sources", elapsed time 0.000447s.
250304-14:04:18,779 nipype.workflow INFO:
	 [Node] Setting-up "fmriprep_24_1_wf.sub_24684_wf.bold_ses_1_task_bao_dir_AP_run_01_echo_1_part_mag_wf.bold_native_wf.bold_source" in "/work/fmriprep_24_1_wf/sub_24684_wf/bold_ses_1_task_bao_dir_AP_run_01_echo_1_part_mag_wf/bold_native_wf/_echoidx_0/bold_source".
250304-14:04:18,780 nipype.workflow INFO:
	 [Node] Setting-up "fmriprep_24_1_wf.sub_24684_wf.bold_ses_1_task_bao_dir_AP_run_01_echo_1_part_mag_wf.bold_native_wf.bold_source" in "/work/fmriprep_24_1_wf/sub_24684_wf/bold_ses_1_task_bao_dir_AP_run_01_echo_1_part_mag_wf/bold_native_wf/_echoidx_2/bold_source".
250304-14:04:18,781 nipype.workflow INFO:
	 [Node] Setting-up "fmriprep_24_1_wf.sub_24684_wf.bold_ses_1_task_bao_dir_AP_run_01_echo_1_part_mag_wf.bold_native_wf.bold_source" in "/work/fmriprep_24_1_wf/sub_24684_wf/bold_ses_1_task_bao_dir_AP_run_01_echo_1_part_mag_wf/bold_native_wf/_echoidx_1/bold_source".
250304-14:04:18,781 nipype.workflow INFO:
	 [Node] Setting-up "fmriprep_24_1_wf.sub_24684_wf.bold_ses_1_task_bao_dir_AP_run_01_echo_1_part_mag_wf.bold_native_wf.bold_source" in "/work/fmriprep_24_1_wf/sub_24684_wf/bold_ses_1_task_bao_dir_AP_run_01_echo_1_part_mag_wf/bold_native_wf/_echoidx_3/bold_source".
250304-14:04:18,781 nipype.workflow INFO:
	 [Node] Setting-up "fmriprep_24_1_wf.sub_24684_wf.bold_ses_1_task_bao_dir_AP_run_01_echo_1_part_mag_wf.bold_native_wf.bold_source" in "/work/fmriprep_24_1_wf/sub_24684_wf/bold_ses_1_task_bao_dir_AP_run_01_echo_1_part_mag_wf/bold_native_wf/_echoidx_4/bold_source".
250304-14:04:18,787 nipype.workflow INFO:
	 [Node] Executing "bold_source" <nipype.interfaces.utility.base.Select>
250304-14:04:18,787 nipype.workflow INFO:
	 [Node] Executing "bold_source" <nipype.interfaces.utility.base.Select>
250304-14:04:18,788 nipype.workflow INFO:
	 [Node] Executing "bold_source" <nipype.interfaces.utility.base.Select>
250304-14:04:18,788 nipype.workflow INFO:
	 [Node] Finished "bold_source", elapsed time 0.000431s.
250304-14:04:18,789 nipype.workflow INFO:
	 [Node] Executing "bold_source" <nipype.interfaces.utility.base.Select>
250304-14:04:18,789 nipype.workflow INFO:
	 [Node] Finished "bold_source", elapsed time 0.000364s.
250304-14:04:18,790 nipype.workflow INFO:
	 [Node] Executing "bold_source" <nipype.interfaces.utility.base.Select>
250304-14:04:18,791 nipype.workflow INFO:
	 [Node] Finished "bold_source", elapsed time 0.00051s.
250304-14:04:18,792 nipype.workflow INFO:
	 [Node] Finished "bold_source", elapsed time 0.0009s.
250304-14:04:18,793 nipype.workflow INFO:
	 [Node] Finished "bold_source", elapsed time 0.00181s.
250304-14:04:19,230 nipype.workflow INFO:
	 [Node] Setting-up "fmriprep_24_1_wf.sub_24684_wf.bids_info" in "/work/fmriprep_24_1_wf/sub_24684_wf/bids_info".
250304-14:04:19,239 nipype.workflow INFO:
	 [Node] Setting-up "fmriprep_24_1_wf.sub_24684_wf.anat_fit_wf.t2w_template_wf.anat_ref_dimensions" in "/work/fmriprep_24_1_wf/sub_24684_wf/anat_fit_wf/t2w_template_wf/anat_ref_dimensions".
250304-14:04:19,239 nipype.workflow INFO:
	 [Node] Setting-up "fmriprep_24_1_wf.sub_24684_wf.anat_fit_wf.anat_template_wf.anat_ref_dimensions" in "/work/fmriprep_24_1_wf/sub_24684_wf/anat_fit_wf/anat_template_wf/anat_ref_dimensions".
250304-14:04:19,239 nipype.workflow INFO:
	 [Node] Executing "bids_info" <niworkflows.interfaces.bids.BIDSInfo>
250304-14:04:19,246 nipype.workflow INFO:
	 [Node] Finished "get_dummy", elapsed time 3.886989s.
250304-14:04:19,249 nipype.workflow INFO:
	 [Node] Executing "anat_ref_dimensions" <niworkflows.interfaces.images.TemplateDimensions>
250304-14:04:19,249 nipype.workflow INFO:
	 [Node] Executing "anat_ref_dimensions" <niworkflows.interfaces.images.TemplateDimensions>
250304-14:04:19,256 nipype.workflow INFO:
	 [Node] Finished "bids_info", elapsed time 0.015104s.
250304-14:04:19,423 nipype.workflow INFO:
	 [Node] Finished "anat_ref_dimensions", elapsed time 0.173084s.
250304-14:04:19,432 nipype.workflow INFO:
	 [Node] Finished "anat_ref_dimensions", elapsed time 0.182163s.
250304-14:04:20,380 nipype.workflow INFO:
	 [Node] Finished "get_dummy", elapsed time 4.930211s.
250304-14:04:20,925 nipype.workflow INFO:
	 [Node] Setting-up "fmriprep_24_1_wf.sub_24684_wf.bold_ses_1_task_rat_dir_PA_run_01_echo_1_part_mag_wf.bold_native_wf.validate_bold" in "/work/fmriprep_24_1_wf/sub_24684_wf/bold_ses_1_task_rat_dir_PA_run_01_echo_1_part_mag_wf/bold_native_wf/_echoidx_3/validate_bold".
250304-14:04:20,933 nipype.workflow INFO:
	 [Node] Setting-up "fmriprep_24_1_wf.sub_24684_wf.bold_ses_1_task_rat_dir_PA_run_01_echo_1_part_mag_wf.bold_native_wf.validate_bold" in "/work/fmriprep_24_1_wf/sub_24684_wf/bold_ses_1_task_rat_dir_PA_run_01_echo_1_part_mag_wf/bold_native_wf/_echoidx_4/validate_bold".
250304-14:04:20,934 nipype.workflow INFO:
	 [Node] Executing "validate_bold" <niworkflows.interfaces.header.ValidateImage>
250304-14:04:20,934 nipype.workflow INFO:
	 [Node] Setting-up "fmriprep_24_1_wf.sub_24684_wf.bold_ses_1_task_rat_dir_PA_run_01_echo_1_part_mag_wf.bold_native_wf.validate_bold" in "/work/fmriprep_24_1_wf/sub_24684_wf/bold_ses_1_task_rat_dir_PA_run_01_echo_1_part_mag_wf/bold_native_wf/_echoidx_0/validate_bold".
250304-14:04:20,935 nipype.workflow INFO:
	 [Node] Setting-up "fmriprep_24_1_wf.sub_24684_wf.bold_ses_1_task_rat_dir_PA_run_01_echo_1_part_mag_wf.bold_native_wf.validate_bold" in "/work/fmriprep_24_1_wf/sub_24684_wf/bold_ses_1_task_rat_dir_PA_run_01_echo_1_part_mag_wf/bold_native_wf/_echoidx_1/validate_bold".
250304-14:04:20,936 nipype.workflow INFO:
	 [Node] Setting-up "fmriprep_24_1_wf.sub_24684_wf.bold_ses_1_task_rat_dir_PA_run_01_echo_1_part_mag_wf.bold_native_wf.validate_bold" in "/work/fmriprep_24_1_wf/sub_24684_wf/bold_ses_1_task_rat_dir_PA_run_01_echo_1_part_mag_wf/bold_native_wf/_echoidx_2/validate_bold".
250304-14:04:20,941 nipype.workflow INFO:
	 [Node] Executing "validate_bold" <niworkflows.interfaces.header.ValidateImage>
250304-14:04:20,944 nipype.workflow INFO:
	 [Node] Executing "validate_bold" <niworkflows.interfaces.header.ValidateImage>
250304-14:04:20,944 nipype.workflow INFO:
	 [Node] Executing "validate_bold" <niworkflows.interfaces.header.ValidateImage>
250304-14:04:20,946 nipype.workflow INFO:
	 [Node] Executing "validate_bold" <niworkflows.interfaces.header.ValidateImage>
250304-14:04:21,1 nipype.workflow INFO:
	 [Node] Finished "validate_bold", elapsed time 0.066473s.
250304-14:04:21,11 nipype.workflow INFO:
	 [Node] Finished "validate_bold", elapsed time 0.065999s.
250304-14:04:21,11 nipype.workflow INFO:
	 [Node] Finished "validate_bold", elapsed time 0.066646s.
250304-14:04:21,13 nipype.workflow INFO:
	 [Node] Finished "validate_bold", elapsed time 0.070997s.
250304-14:04:21,14 nipype.workflow INFO:
	 [Node] Finished "validate_bold", elapsed time 0.066462s.
250304-14:04:21,286 nipype.workflow INFO:
	 [Node] Setting-up "fmriprep_24_1_wf.sub_24684_wf.bold_ses_1_task_bao_dir_AP_run_01_echo_1_part_mag_wf.bold_fit_wf.hmc_boldref_wf.gen_avg" in "/work/fmriprep_24_1_wf/sub_24684_wf/bold_ses_1_task_bao_dir_AP_run_01_echo_1_part_mag_wf/bold_fit_wf/hmc_boldref_wf/gen_avg".
250304-14:04:21,301 nipype.workflow INFO:
	 [Node] Executing "gen_avg" <niworkflows.interfaces.images.RobustAverage>
250304-14:04:21,494 nipype.workflow INFO:
	 [Node] Setting-up "fmriprep_24_1_wf.sub_24684_wf.bold_ses_1_task_rat_dir_PA_run_01_echo_1_part_mag_wf.bold_fit_wf.hmc_boldref_wf.gen_avg" in "/work/fmriprep_24_1_wf/sub_24684_wf/bold_ses_1_task_rat_dir_PA_run_01_echo_1_part_mag_wf/bold_fit_wf/hmc_boldref_wf/gen_avg".
250304-14:04:21,511 nipype.workflow INFO:
	 [Node] Executing "gen_avg" <niworkflows.interfaces.images.RobustAverage>
250304-14:04:21,553 nipype.workflow INFO:
	 [Node] Setting-up "fmriprep_24_1_wf.sub_24684_wf.bold_ses_1_task_bao_dir_AP_run_01_echo_1_part_mag_wf.bold_native_wf.validate_bold" in "/work/fmriprep_24_1_wf/sub_24684_wf/bold_ses_1_task_bao_dir_AP_run_01_echo_1_part_mag_wf/bold_native_wf/_echoidx_4/validate_bold".
250304-14:04:21,557 nipype.workflow INFO:
	 [Node] Setting-up "fmriprep_24_1_wf.sub_24684_wf.bold_ses_1_task_bao_dir_AP_run_01_echo_1_part_mag_wf.bold_native_wf.validate_bold" in "/work/fmriprep_24_1_wf/sub_24684_wf/bold_ses_1_task_bao_dir_AP_run_01_echo_1_part_mag_wf/bold_native_wf/_echoidx_2/validate_bold".
250304-14:04:21,557 nipype.workflow INFO:
	 [Node] Setting-up "fmriprep_24_1_wf.sub_24684_wf.bold_ses_1_task_bao_dir_AP_run_01_echo_1_part_mag_wf.bold_native_wf.validate_bold" in "/work/fmriprep_24_1_wf/sub_24684_wf/bold_ses_1_task_bao_dir_AP_run_01_echo_1_part_mag_wf/bold_native_wf/_echoidx_1/validate_bold".
250304-14:04:21,558 nipype.workflow INFO:
	 [Node] Setting-up "fmriprep_24_1_wf.sub_24684_wf.bold_ses_1_task_bao_dir_AP_run_01_echo_1_part_mag_wf.bold_native_wf.validate_bold" in "/work/fmriprep_24_1_wf/sub_24684_wf/bold_ses_1_task_bao_dir_AP_run_01_echo_1_part_mag_wf/bold_native_wf/_echoidx_3/validate_bold".
250304-14:04:21,559 nipype.workflow INFO:
	 [Node] Executing "validate_bold" <niworkflows.interfaces.header.ValidateImage>
250304-14:04:21,565 nipype.workflow INFO:
	 [Node] Executing "validate_bold" <niworkflows.interfaces.header.ValidateImage>
250304-14:04:21,565 nipype.workflow INFO:
	 [Node] Executing "validate_bold" <niworkflows.interfaces.header.ValidateImage>
250304-14:04:21,569 nipype.workflow INFO:
	 [Node] Executing "validate_bold" <niworkflows.interfaces.header.ValidateImage>
250304-14:04:21,633 nipype.workflow INFO:
	 [Node] Finished "validate_bold", elapsed time 0.066675s.
250304-14:04:21,635 nipype.workflow INFO:
	 [Node] Finished "validate_bold", elapsed time 0.068414s.
250304-14:04:21,638 nipype.workflow INFO:
	 [Node] Finished "validate_bold", elapsed time 0.067748s.
250304-14:04:21,644 nipype.workflow INFO:
	 [Node] Finished "validate_bold", elapsed time 0.084059s.
250304-14:04:21,688 nipype.workflow INFO:
	 [Node] Setting-up "fmriprep_24_1_wf.sub_24684_wf.bold_ses_1_task_bao_dir_AP_run_01_echo_1_part_mag_wf.bold_native_wf.validate_bold" in "/work/fmriprep_24_1_wf/sub_24684_wf/bold_ses_1_task_bao_dir_AP_run_01_echo_1_part_mag_wf/bold_native_wf/_echoidx_0/validate_bold".
250304-14:04:21,694 nipype.workflow INFO:
	 [Node] Executing "validate_bold" <niworkflows.interfaces.header.ValidateImage>
250304-14:04:21,751 nipype.workflow INFO:
	 [Node] Finished "validate_bold", elapsed time 0.056354s.
250304-14:04:22,788 nipype.workflow INFO:
	 [Node] Setting-up "fmriprep_24_1_wf.sub_24684_wf.anat_fit_wf.fs_isrunning" in "/work/fmriprep_24_1_wf/sub_24684_wf/anat_fit_wf/fs_isrunning".
250304-14:04:22,790 nipype.workflow INFO:
	 [Node] Setting-up "fmriprep_24_1_wf.sub_24684_wf.anat_fit_wf.ds_t1w_mask_wf.raw_sources" in "/work/fmriprep_24_1_wf/sub_24684_wf/anat_fit_wf/ds_t1w_mask_wf/raw_sources".
250304-14:04:22,793 nipype.workflow INFO:
	 [Node] Setting-up "fmriprep_24_1_wf.sub_24684_wf.anat_fit_wf.ds_ribbon_mask_wf.raw_sources" in "/work/fmriprep_24_1_wf/sub_24684_wf/anat_fit_wf/ds_ribbon_mask_wf/raw_sources".
250304-14:04:22,807 nipype.workflow INFO:
	 [Node] Executing "raw_sources" <nipype.interfaces.utility.wrappers.Function>
250304-14:04:22,808 nipype.workflow INFO:
	 [Node] Finished "raw_sources", elapsed time 0.000539s.
250304-14:04:22,809 nipype.workflow INFO:
	 [Node] Executing "raw_sources" <nipype.interfaces.utility.wrappers.Function>
250304-14:04:22,811 nipype.workflow INFO:
	 [Node] Finished "raw_sources", elapsed time 0.000999s.
250304-14:04:24,305 nipype.workflow INFO:
	 [Node] Executing "fs_isrunning" <nipype.interfaces.utility.wrappers.Function>
250304-14:04:24,306 nipype.workflow INFO:
	 [Node] Finished "fs_isrunning", elapsed time 0.00049s.
250304-14:04:25,400 nipype.workflow INFO:
	 [Node] Setting-up "fmriprep_24_1_wf.sub_24684_wf.bold_ses_1_task_bao_dir_AP_run_01_echo_1_part_mag_wf.bold_native_wf.bold_stc_wf.slice_timing_correction" in "/work/fmriprep_24_1_wf/sub_24684_wf/bold_ses_1_task_bao_dir_AP_run_01_echo_1_part_mag_wf/bold_native_wf/bold_stc_wf/_echoidx_3/slice_timing_correction".
250304-14:04:25,413 nipype.workflow INFO:
	 [Node] Executing "slice_timing_correction" <fmriprep.workflows.bold.stc.TShift>
250304-14:04:25,600 nipype.workflow INFO:
	 [Node] Finished "lap_tmpl", elapsed time 10.051808s.
250304-14:04:25,708 nipype.workflow INFO:
	 [Node] Setting-up "fmriprep_24_1_wf.sub_24684_wf.bold_ses_1_task_bao_dir_AP_run_01_echo_1_part_mag_wf.bold_native_wf.bold_stc_wf.slice_timing_correction" in "/work/fmriprep_24_1_wf/sub_24684_wf/bold_ses_1_task_bao_dir_AP_run_01_echo_1_part_mag_wf/bold_native_wf/bold_stc_wf/_echoidx_2/slice_timing_correction".
250304-14:04:25,720 nipype.workflow INFO:
	 [Node] Executing "slice_timing_correction" <fmriprep.workflows.bold.stc.TShift>
250304-14:04:25,947 nipype.interface INFO:
	 stderr 2025-03-04T14:04:25.947144:++ 3dvolreg: AFNI version=AFNI_24.3.01 (Oct  9 2024) [64-bit]
250304-14:04:25,947 nipype.interface INFO:
	 stderr 2025-03-04T14:04:25.947683:++ Authored by: RW Cox
250304-14:04:25,966 nipype.interface INFO:
	 stderr 2025-03-04T14:04:25.966115:** AFNI converts NIFTI_datatype=512 (UINT16) in file /work/fmriprep_24_1_wf/sub_24684_wf/bold_ses_1_task_rat_dir_PA_run_01_echo_1_part_mag_wf/bold_fit_wf/hmc_boldref_wf/gen_avg/sub-24684_ses-1_task-rat_dir-PA_run-01_echo-1_part-mag_bold_sliced.nii.gz to FLOAT32
250304-14:04:25,966 nipype.interface INFO:
	 stderr 2025-03-04T14:04:25.966440:     Warnings of this type will be muted for this session.
250304-14:04:25,966 nipype.interface INFO:
	 stderr 2025-03-04T14:04:25.966440:     Set AFNI_NIFTI_TYPE_WARN to YES to see them all, NO to see none.
250304-14:04:25,978 nipype.interface INFO:
	 stderr 2025-03-04T14:04:25.978175:++ Coarse del was 10, replaced with 7
250304-14:04:26,15 nipype.workflow INFO:
	 [Node] Setting-up "fmriprep_24_1_wf.sub_24684_wf.bold_ses_1_task_rat_dir_PA_run_01_echo_1_part_mag_wf.bold_native_wf.bold_stc_wf.slice_timing_correction" in "/work/fmriprep_24_1_wf/sub_24684_wf/bold_ses_1_task_rat_dir_PA_run_01_echo_1_part_mag_wf/bold_native_wf/bold_stc_wf/_echoidx_1/slice_timing_correction".
250304-14:04:26,34 nipype.workflow INFO:
	 [Node] Executing "slice_timing_correction" <fmriprep.workflows.bold.stc.TShift>
250304-14:04:26,41 nipype.workflow INFO:
	 [Node] Setting-up "fmriprep_24_1_wf.sub_24684_wf.bold_ses_1_task_bao_dir_AP_run_01_echo_1_part_mag_wf.bold_native_wf.bold_stc_wf.slice_timing_correction" in "/work/fmriprep_24_1_wf/sub_24684_wf/bold_ses_1_task_bao_dir_AP_run_01_echo_1_part_mag_wf/bold_native_wf/bold_stc_wf/_echoidx_0/slice_timing_correction".
250304-14:04:26,54 nipype.workflow INFO:
	 [Node] Executing "slice_timing_correction" <fmriprep.workflows.bold.stc.TShift>
250304-14:04:26,84 nipype.workflow INFO:
	 [Node] Setting-up "fmriprep_24_1_wf.sub_24684_wf.bold_ses_1_task_bao_dir_AP_run_01_echo_1_part_mag_wf.bold_native_wf.bold_stc_wf.slice_timing_correction" in "/work/fmriprep_24_1_wf/sub_24684_wf/bold_ses_1_task_bao_dir_AP_run_01_echo_1_part_mag_wf/bold_native_wf/bold_stc_wf/_echoidx_1/slice_timing_correction".
250304-14:04:26,93 nipype.workflow INFO:
	 [Node] Executing "slice_timing_correction" <fmriprep.workflows.bold.stc.TShift>
250304-14:04:26,116 nipype.interface INFO:
	 stderr 2025-03-04T14:04:26.116813:++ 3dvolreg: AFNI version=AFNI_24.3.01 (Oct  9 2024) [64-bit]
250304-14:04:26,117 nipype.interface INFO:
	 stderr 2025-03-04T14:04:26.116813:++ Authored by: RW Cox
250304-14:04:26,119 nipype.interface INFO:
	 stderr 2025-03-04T14:04:26.119662:** AFNI converts NIFTI_datatype=512 (UINT16) in file /work/fmriprep_24_1_wf/sub_24684_wf/bold_ses_1_task_bao_dir_AP_run_01_echo_1_part_mag_wf/bold_fit_wf/hmc_boldref_wf/gen_avg/sub-24684_ses-1_task-bao_dir-AP_run-01_echo-1_part-mag_bold_sliced.nii.gz to FLOAT32
250304-14:04:26,119 nipype.interface INFO:
	 stderr 2025-03-04T14:04:26.119839:     Warnings of this type will be muted for this session.
250304-14:04:26,119 nipype.interface INFO:
	 stderr 2025-03-04T14:04:26.119839:     Set AFNI_NIFTI_TYPE_WARN to YES to see them all, NO to see none.
250304-14:04:26,120 nipype.interface INFO:
	 stderr 2025-03-04T14:04:26.120482:++ Coarse del was 10, replaced with 7
250304-14:04:26,121 nipype.workflow INFO:
	 [Node] Setting-up "fmriprep_24_1_wf.sub_24684_wf.bold_ses_1_task_rat_dir_PA_run_01_echo_1_part_mag_wf.bold_native_wf.bold_stc_wf.slice_timing_correction" in "/work/fmriprep_24_1_wf/sub_24684_wf/bold_ses_1_task_rat_dir_PA_run_01_echo_1_part_mag_wf/bold_native_wf/bold_stc_wf/_echoidx_0/slice_timing_correction".
250304-14:04:26,217 nipype.workflow INFO:
	 [Node] Setting-up "fmriprep_24_1_wf.sub_24684_wf.bold_ses_1_task_rat_dir_PA_run_01_echo_1_part_mag_wf.bold_native_wf.bold_stc_wf.slice_timing_correction" in "/work/fmriprep_24_1_wf/sub_24684_wf/bold_ses_1_task_rat_dir_PA_run_01_echo_1_part_mag_wf/bold_native_wf/bold_stc_wf/_echoidx_2/slice_timing_correction".
250304-14:04:26,578 nipype.workflow INFO:
	 [Node] Setting-up "fmriprep_24_1_wf.sub_24684_wf.bold_ses_1_task_rat_dir_PA_run_01_echo_1_part_mag_wf.bold_native_wf.bold_stc_wf.slice_timing_correction" in "/work/fmriprep_24_1_wf/sub_24684_wf/bold_ses_1_task_rat_dir_PA_run_01_echo_1_part_mag_wf/bold_native_wf/bold_stc_wf/_echoidx_4/slice_timing_correction".
250304-14:04:26,594 nipype.workflow INFO:
	 [Node] Setting-up "fmriprep_24_1_wf.sub_24684_wf.bold_ses_1_task_rat_dir_PA_run_01_echo_1_part_mag_wf.bold_native_wf.bold_stc_wf.slice_timing_correction" in "/work/fmriprep_24_1_wf/sub_24684_wf/bold_ses_1_task_rat_dir_PA_run_01_echo_1_part_mag_wf/bold_native_wf/bold_stc_wf/_echoidx_3/slice_timing_correction".
250304-14:04:26,949 nipype.workflow INFO:
	 [Node] Executing "slice_timing_correction" <fmriprep.workflows.bold.stc.TShift>
250304-14:04:26,951 nipype.workflow INFO:
	 [Node] Executing "slice_timing_correction" <fmriprep.workflows.bold.stc.TShift>
250304-14:04:26,954 nipype.workflow INFO:
	 [Node] Executing "slice_timing_correction" <fmriprep.workflows.bold.stc.TShift>
250304-14:04:26,954 nipype.workflow INFO:
	 [Node] Executing "slice_timing_correction" <fmriprep.workflows.bold.stc.TShift>
250304-14:04:27,267 nipype.workflow INFO:
	 [Node] Setting-up "fmriprep_24_1_wf.sub_24684_wf.anat_fit_wf.brain_extraction_wf.mrg_tmpl" in "/work/fmriprep_24_1_wf/sub_24684_wf/anat_fit_wf/brain_extraction_wf/mrg_tmpl".
250304-14:04:27,306 nipype.workflow INFO:
	 [Node] Executing "mrg_tmpl" <nipype.interfaces.utility.base.Merge>
250304-14:04:27,308 nipype.workflow INFO:
	 [Node] Finished "mrg_tmpl", elapsed time 0.000254s.
250304-14:04:33,464 nipype.interface INFO:
	 stderr 2025-03-04T14:04:33.464255:++ Max displacement in automask = 0.09 (mm) at sub-brick 1
250304-14:04:33,464 nipype.interface INFO:
	 stderr 2025-03-04T14:04:33.464255:++ Max delta displ  in automask = 0.09 (mm) at sub-brick 1
250304-14:04:34,203 nipype.workflow INFO:
	 [Node] Finished "gen_avg", elapsed time 12.690593s.
250304-14:04:35,280 nipype.workflow INFO:
	 [Node] Setting-up "fmriprep_24_1_wf.sub_24684_wf.bold_ses_1_task_rat_dir_PA_run_01_echo_1_part_mag_wf.bold_fit_wf.fmapref_buffer" in "/work/fmriprep_24_1_wf/sub_24684_wf/bold_ses_1_task_rat_dir_PA_run_01_echo_1_part_mag_wf/bold_fit_wf/fmapref_buffer".
250304-14:04:35,294 nipype.workflow INFO:
	 [Node] Executing "fmapref_buffer" <nipype.interfaces.utility.wrappers.Function>
250304-14:04:35,296 nipype.workflow INFO:
	 [Node] Finished "fmapref_buffer", elapsed time 0.000932s.
250304-14:04:35,352 nipype.interface WARNING:
	 Changing /out/sub-24684/ses-1/func/sub-24684_ses-1_task-rat_dir-PA_run-01_part-mag_desc-hmc_boldref.nii.gz dtype from uint16 to float32
250304-14:04:37,269 nipype.workflow INFO:
	 [Node] Setting-up "fmriprep_24_1_wf.sub_24684_wf.bold_ses_1_task_rat_dir_PA_run_01_echo_1_part_mag_wf.bold_fit_wf.ds_coreg_boldref_wf.sources" in "/work/fmriprep_24_1_wf/sub_24684_wf/bold_ses_1_task_rat_dir_PA_run_01_echo_1_part_mag_wf/bold_fit_wf/ds_coreg_boldref_wf/sources".
250304-14:04:37,277 nipype.workflow INFO:
	 [Node] Executing "sources" <fmriprep.interfaces.bids.BIDSURI>
250304-14:04:37,278 nipype.workflow INFO:
	 [Node] Finished "sources", elapsed time 0.000292s.
250304-14:05:26,969 nipype.interface INFO:
	 stderr 2025-03-04T14:05:26.969056:++ Max displacement in automask = 0.19 (mm) at sub-brick 4
250304-14:05:26,969 nipype.interface INFO:
	 stderr 2025-03-04T14:05:26.969056:++ Max delta displ  in automask = 0.27 (mm) at sub-brick 5
250304-14:05:28,652 nipype.workflow INFO:
	 [Node] Finished "slice_timing_correction", elapsed time 62.930971s.
250304-14:05:29,274 nipype.workflow INFO:
	 [Node] Setting-up "fmriprep_24_1_wf.sub_24684_wf.bold_ses_1_task_bao_dir_AP_run_01_echo_1_part_mag_wf.bold_native_wf.bold_stc_wf.copy_xform" in "/work/fmriprep_24_1_wf/sub_24684_wf/bold_ses_1_task_bao_dir_AP_run_01_echo_1_part_mag_wf/bold_native_wf/bold_stc_wf/_echoidx_2/copy_xform".
250304-14:05:30,818 nipype.workflow INFO:
	 [Node] Setting-up "fmriprep_24_1_wf.sub_24684_wf.bold_ses_1_task_bao_dir_AP_run_01_echo_1_part_mag_wf.bold_native_wf.bold_stc_wf.slice_timing_correction" in "/work/fmriprep_24_1_wf/sub_24684_wf/bold_ses_1_task_bao_dir_AP_run_01_echo_1_part_mag_wf/bold_native_wf/bold_stc_wf/_echoidx_4/slice_timing_correction".
250304-14:05:30,828 nipype.workflow INFO:
	 [Node] Executing "slice_timing_correction" <fmriprep.workflows.bold.stc.TShift>
250304-14:05:32,100 nipype.workflow INFO:
	 [Node] Finished "slice_timing_correction", elapsed time 66.044938s.
250304-14:05:32,227 nipype.workflow INFO:
	 [Node] Finished "gen_avg", elapsed time 70.925465s.
250304-14:05:32,633 nipype.workflow INFO:
	 [Node] Finished "slice_timing_correction", elapsed time 67.219727s.
250304-14:05:32,671 nipype.workflow INFO:
	 [Node] Finished "slice_timing_correction", elapsed time 66.576656s.
250304-14:05:33,101 nipype.workflow INFO:
	 [Node] Executing "copy_xform" <niworkflows.interfaces.header.CopyXForm>
250304-14:05:33,285 nipype.workflow INFO:
	 [Node] Setting-up "fmriprep_24_1_wf.sub_24684_wf.bold_ses_1_task_bao_dir_AP_run_01_echo_1_part_mag_wf.bold_fit_wf.fmapref_buffer" in "/work/fmriprep_24_1_wf/sub_24684_wf/bold_ses_1_task_bao_dir_AP_run_01_echo_1_part_mag_wf/bold_fit_wf/fmapref_buffer".
250304-14:05:33,292 nipype.workflow INFO:
	 [Node] Executing "fmapref_buffer" <nipype.interfaces.utility.wrappers.Function>
250304-14:05:33,294 nipype.workflow INFO:
	 [Node] Finished "fmapref_buffer", elapsed time 0.001343s.
250304-14:05:33,363 nipype.interface WARNING:
	 Changing /out/sub-24684/ses-1/func/sub-24684_ses-1_task-bao_dir-AP_run-01_part-mag_desc-hmc_boldref.nii.gz dtype from uint16 to float32
250304-14:05:33,943 nipype.workflow INFO:
	 [Node] Setting-up "fmriprep_24_1_wf.sub_24684_wf.bold_ses_1_task_bao_dir_AP_run_01_echo_1_part_mag_wf.bold_fit_wf.bold_hmc_wf.mcflirt" in "/work/fmriprep_24_1_wf/sub_24684_wf/bold_ses_1_task_bao_dir_AP_run_01_echo_1_part_mag_wf/bold_fit_wf/bold_hmc_wf/mcflirt".
250304-14:05:33,945 nipype.workflow INFO:
	 [Node] Setting-up "fmriprep_24_1_wf.sub_24684_wf.bold_ses_1_task_rat_dir_PA_run_01_echo_1_part_mag_wf.bold_fit_wf.bold_hmc_wf.mcflirt" in "/work/fmriprep_24_1_wf/sub_24684_wf/bold_ses_1_task_rat_dir_PA_run_01_echo_1_part_mag_wf/bold_fit_wf/bold_hmc_wf/mcflirt".
250304-14:05:33,961 nipype.workflow INFO:
	 [Node] Executing "mcflirt" <nipype.interfaces.fsl.preprocess.MCFLIRT>
250304-14:05:33,963 nipype.workflow INFO:
	 [Node] Executing "mcflirt" <nipype.interfaces.fsl.preprocess.MCFLIRT>
250304-14:05:33,966 nipype.workflow INFO:
	 [Node] Setting-up "fmriprep_24_1_wf.sub_24684_wf.bold_ses_1_task_bao_dir_AP_run_01_echo_1_part_mag_wf.bold_native_wf.bold_stc_wf.copy_xform" in "/work/fmriprep_24_1_wf/sub_24684_wf/bold_ses_1_task_bao_dir_AP_run_01_echo_1_part_mag_wf/bold_native_wf/bold_stc_wf/_echoidx_0/copy_xform".
250304-14:05:35,327 nipype.workflow INFO:
	 [Node] Setting-up "fmriprep_24_1_wf.sub_24684_wf.bold_ses_1_task_bao_dir_AP_run_01_echo_1_part_mag_wf.bold_fit_wf.ds_coreg_boldref_wf.sources" in "/work/fmriprep_24_1_wf/sub_24684_wf/bold_ses_1_task_bao_dir_AP_run_01_echo_1_part_mag_wf/bold_fit_wf/ds_coreg_boldref_wf/sources".
250304-14:05:35,348 nipype.workflow INFO:
	 [Node] Executing "sources" <fmriprep.interfaces.bids.BIDSURI>
250304-14:05:35,349 nipype.workflow INFO:
	 [Node] Finished "sources", elapsed time 0.000285s.
250304-14:05:37,145 nipype.workflow INFO:
	 [Node] Executing "copy_xform" <niworkflows.interfaces.header.CopyXForm>
250304-14:05:37,385 nipype.workflow INFO:
	 [Node] Setting-up "fmriprep_24_1_wf.sub_24684_wf.bold_ses_1_task_bao_dir_AP_run_01_echo_1_part_mag_wf.bold_native_wf.bold_stc_wf.copy_xform" in "/work/fmriprep_24_1_wf/sub_24684_wf/bold_ses_1_task_bao_dir_AP_run_01_echo_1_part_mag_wf/bold_native_wf/bold_stc_wf/_echoidx_1/copy_xform".
250304-14:05:37,386 nipype.workflow INFO:
	 [Node] Setting-up "fmriprep_24_1_wf.sub_24684_wf.bold_ses_1_task_bao_dir_AP_run_01_echo_1_part_mag_wf.bold_native_wf.bold_stc_wf.copy_xform" in "/work/fmriprep_24_1_wf/sub_24684_wf/bold_ses_1_task_bao_dir_AP_run_01_echo_1_part_mag_wf/bold_native_wf/bold_stc_wf/_echoidx_3/copy_xform".
250304-14:05:39,925 nipype.workflow INFO:
	 [Node] Executing "copy_xform" <niworkflows.interfaces.header.CopyXForm>
250304-14:05:41,20 nipype.workflow INFO:
	 [Node] Executing "copy_xform" <niworkflows.interfaces.header.CopyXForm>
250304-14:05:57,950 nipype.workflow INFO:
	 [Node] Finished "slice_timing_correction", elapsed time 90.994499s.
250304-14:05:58,505 nipype.workflow INFO:
	 [Node] Finished "slice_timing_correction", elapsed time 92.470572s.
250304-14:05:59,271 nipype.workflow INFO:
	 [Node] Setting-up "fmriprep_24_1_wf.sub_24684_wf.bold_ses_1_task_rat_dir_PA_run_01_echo_1_part_mag_wf.bold_native_wf.bold_stc_wf.copy_xform" in "/work/fmriprep_24_1_wf/sub_24684_wf/bold_ses_1_task_rat_dir_PA_run_01_echo_1_part_mag_wf/bold_native_wf/bold_stc_wf/_echoidx_3/copy_xform".
250304-14:05:59,271 nipype.workflow INFO:
	 [Node] Setting-up "fmriprep_24_1_wf.sub_24684_wf.bold_ses_1_task_rat_dir_PA_run_01_echo_1_part_mag_wf.bold_native_wf.bold_stc_wf.copy_xform" in "/work/fmriprep_24_1_wf/sub_24684_wf/bold_ses_1_task_rat_dir_PA_run_01_echo_1_part_mag_wf/bold_native_wf/bold_stc_wf/_echoidx_1/copy_xform".
250304-14:05:59,278 nipype.workflow INFO:
	 [Node] Executing "copy_xform" <niworkflows.interfaces.header.CopyXForm>
250304-14:06:00,616 nipype.workflow INFO:
	 [Node] Finished "slice_timing_correction", elapsed time 93.661377s.
250304-14:06:01,278 nipype.workflow INFO:
	 [Node] Setting-up "fmriprep_24_1_wf.sub_24684_wf.bold_ses_1_task_rat_dir_PA_run_01_echo_1_part_mag_wf.bold_native_wf.bold_stc_wf.copy_xform" in "/work/fmriprep_24_1_wf/sub_24684_wf/bold_ses_1_task_rat_dir_PA_run_01_echo_1_part_mag_wf/bold_native_wf/bold_stc_wf/_echoidx_4/copy_xform".
250304-14:06:01,285 nipype.workflow INFO:
	 [Node] Executing "copy_xform" <niworkflows.interfaces.header.CopyXForm>
250304-14:06:01,403 nipype.workflow INFO:
	 [Node] Executing "copy_xform" <niworkflows.interfaces.header.CopyXForm>
250304-14:06:05,854 nipype.workflow INFO:
	 [Node] Finished "slice_timing_correction", elapsed time 98.900796s.
250304-14:06:07,253 nipype.workflow INFO:
	 [Node] Setting-up "fmriprep_24_1_wf.sub_24684_wf.bold_ses_1_task_rat_dir_PA_run_01_echo_1_part_mag_wf.bold_native_wf.bold_stc_wf.copy_xform" in "/work/fmriprep_24_1_wf/sub_24684_wf/bold_ses_1_task_rat_dir_PA_run_01_echo_1_part_mag_wf/bold_native_wf/bold_stc_wf/_echoidx_2/copy_xform".
250304-14:06:09,185 nipype.workflow INFO:
	 [Node] Finished "slice_timing_correction", elapsed time 102.23435s.
250304-14:06:11,267 nipype.workflow INFO:
	 [Node] Setting-up "fmriprep_24_1_wf.sub_24684_wf.bold_ses_1_task_rat_dir_PA_run_01_echo_1_part_mag_wf.bold_native_wf.bold_stc_wf.copy_xform" in "/work/fmriprep_24_1_wf/sub_24684_wf/bold_ses_1_task_rat_dir_PA_run_01_echo_1_part_mag_wf/bold_native_wf/bold_stc_wf/_echoidx_0/copy_xform".
250304-14:06:11,275 nipype.workflow INFO:
	 [Node] Executing "copy_xform" <niworkflows.interfaces.header.CopyXForm>
250304-14:06:11,676 nipype.workflow INFO:
	 [Node] Executing "copy_xform" <niworkflows.interfaces.header.CopyXForm>
250304-14:06:18,658 nipype.workflow INFO:
	 [Node] Finished "copy_xform", elapsed time 41.511346s.
250304-14:06:25,246 nipype.workflow INFO:
	 [Node] Finished "copy_xform", elapsed time 52.144288s.
250304-14:06:31,235 nipype.workflow INFO:
	 [Node] Finished "copy_xform", elapsed time 51.308578s.
250304-14:06:32,30 nipype.workflow INFO:
	 [Node] Finished "copy_xform", elapsed time 51.007659s.
250304-14:06:46,668 nipype.workflow INFO:
	 [Node] Finished "slice_timing_correction", elapsed time 75.840071s.
250304-14:06:47,271 nipype.workflow INFO:
	 [Node] Setting-up "fmriprep_24_1_wf.sub_24684_wf.bold_ses_1_task_bao_dir_AP_run_01_echo_1_part_mag_wf.bold_native_wf.bold_stc_wf.copy_xform" in "/work/fmriprep_24_1_wf/sub_24684_wf/bold_ses_1_task_bao_dir_AP_run_01_echo_1_part_mag_wf/bold_native_wf/bold_stc_wf/_echoidx_4/copy_xform".
250304-14:06:47,281 nipype.workflow INFO:
	 [Node] Executing "copy_xform" <niworkflows.interfaces.header.CopyXForm>
250304-14:07:00,325 nipype.workflow INFO:
	 [Node] Finished "copy_xform", elapsed time 61.04631s.
250304-14:07:01,67 nipype.workflow INFO:
	 [Node] Finished "copy_xform", elapsed time 59.662888s.
250304-14:07:06,542 nipype.workflow INFO:
	 [Node] Finished "copy_xform", elapsed time 65.25613799999999s.
250304-14:07:18,789 nipype.workflow INFO:
	 [Node] Finished "copy_xform", elapsed time 67.513295s.
250304-14:07:19,113 nipype.workflow INFO:
	 [Node] Finished "copy_xform", elapsed time 67.43539s.
250304-14:07:28,826 nipype.workflow INFO:
	 [Node] Finished "copy_xform", elapsed time 41.543901s.
250304-14:09:00,946 nipype.workflow INFO:
	 [Node] Finished "mcflirt", elapsed time 206.981269s.
250304-14:09:01,691 nipype.workflow INFO:
	 [Node] Setting-up "fmriprep_24_1_wf.sub_24684_wf.bold_ses_1_task_bao_dir_AP_run_01_echo_1_part_mag_wf.bold_fit_wf.bold_hmc_wf.normalize_motion" in "/work/fmriprep_24_1_wf/sub_24684_wf/bold_ses_1_task_bao_dir_AP_run_01_echo_1_part_mag_wf/bold_fit_wf/bold_hmc_wf/normalize_motion".
250304-14:09:01,760 nipype.workflow INFO:
	 [Node] Executing "normalize_motion" <niworkflows.interfaces.confounds.NormalizeMotionParams>
250304-14:09:01,765 nipype.workflow INFO:
	 [Node] Finished "normalize_motion", elapsed time 0.004539s.
250304-14:09:03,331 nipype.workflow INFO:
	 [Node] Setting-up "fmriprep_24_1_wf.sub_24684_wf.bold_ses_1_task_bao_dir_AP_run_01_echo_1_part_mag_wf.bold_confounds_wf.fdisp" in "/work/fmriprep_24_1_wf/sub_24684_wf/bold_ses_1_task_bao_dir_AP_run_01_echo_1_part_mag_wf/bold_confounds_wf/fdisp".
250304-14:09:03,776 nipype.workflow INFO:
	 [Node] Executing "fdisp" <nipype.algorithms.confounds.FramewiseDisplacement>
250304-14:09:03,779 nipype.workflow INFO:
	 [Node] Finished "fdisp", elapsed time 0.003081s.
250304-14:10:22,967 nipype.workflow INFO:
	 [Node] Finished "mcflirt", elapsed time 289.005267s.
250304-14:10:23,368 nipype.workflow INFO:
	 [Node] Setting-up "_denoise0" in "/work/fmriprep_24_1_wf/sub_24684_wf/anat_fit_wf/anat_template_wf/denoise/mapflow/_denoise0".
250304-14:10:23,376 nipype.workflow INFO:
	 [Node] Executing "_denoise0" <nipype.interfaces.ants.segmentation.DenoiseImage>
250304-14:12:00,862 nipype.workflow INFO:
	 [Node] Finished "_denoise0", elapsed time 97.165172s.
250304-14:12:01,377 nipype.workflow INFO:
	 [Node] Setting-up "_denoise0" in "/work/fmriprep_24_1_wf/sub_24684_wf/anat_fit_wf/t2w_template_wf/denoise/mapflow/_denoise0".
250304-14:12:01,385 nipype.workflow INFO:
	 [Node] Executing "_denoise0" <nipype.interfaces.ants.segmentation.DenoiseImage>
250304-14:12:49,613 nipype.workflow INFO:
	 [Node] Finished "_denoise0", elapsed time 47.949745s.
250304-14:12:51,387 nipype.workflow INFO:
	 [Node] Setting-up "fmriprep_24_1_wf.sub_24684_wf.bold_ses_1_task_rat_dir_PA_run_01_echo_1_part_mag_wf.bold_fit_wf.bold_hmc_wf.normalize_motion" in "/work/fmriprep_24_1_wf/sub_24684_wf/bold_ses_1_task_rat_dir_PA_run_01_echo_1_part_mag_wf/bold_fit_wf/bold_hmc_wf/normalize_motion".
250304-14:12:51,394 nipype.workflow INFO:
	 [Node] Setting-up "_anat_conform0" in "/work/fmriprep_24_1_wf/sub_24684_wf/anat_fit_wf/t2w_template_wf/anat_conform/mapflow/_anat_conform0".
250304-14:12:51,398 nipype.workflow INFO:
	 [Node] Setting-up "_anat_conform0" in "/work/fmriprep_24_1_wf/sub_24684_wf/anat_fit_wf/anat_template_wf/anat_conform/mapflow/_anat_conform0".
250304-14:12:51,401 nipype.workflow INFO:
	 [Node] Executing "_anat_conform0" <niworkflows.interfaces.images.Conform>
250304-14:12:51,405 nipype.workflow INFO:
	 [Node] Executing "_anat_conform0" <niworkflows.interfaces.images.Conform>
250304-14:12:51,425 nipype.workflow INFO:
	 [Node] Executing "normalize_motion" <niworkflows.interfaces.confounds.NormalizeMotionParams>
250304-14:12:51,430 nipype.workflow INFO:
	 [Node] Finished "normalize_motion", elapsed time 0.004753s.
250304-14:12:51,455 nipype.workflow INFO:
	 [Node] Finished "_anat_conform0", elapsed time 0.05283s.
250304-14:12:51,474 nipype.workflow INFO:
	 [Node] Finished "_anat_conform0", elapsed time 0.068079s.
250304-14:12:53,409 nipype.workflow INFO:
	 [Node] Setting-up "fmriprep_24_1_wf.sub_24684_wf.bold_ses_1_task_bao_dir_AP_run_01_echo_1_part_mag_wf.bold_fit_wf.enhance_and_skullstrip_bold_wf.init_aff" in "/work/fmriprep_24_1_wf/sub_24684_wf/bold_ses_1_task_bao_dir_AP_run_01_echo_1_part_mag_wf/bold_fit_wf/enhance_and_skullstrip_bold_wf/init_aff".
250304-14:12:53,422 nipype.workflow INFO:
	 [Node] Executing "init_aff" <nipype.interfaces.ants.utils.AI>
250304-14:13:18,195 nipype.workflow INFO:
	 [Node] Finished "init_aff", elapsed time 24.771627s.
250304-14:13:19,439 nipype.workflow INFO:
	 [Node] Setting-up "fmriprep_24_1_wf.sub_24684_wf.bold_ses_1_task_bao_dir_AP_run_01_echo_1_part_mag_wf.bold_fit_wf.bold_hmc_wf.fsl2itk" in "/work/fmriprep_24_1_wf/sub_24684_wf/bold_ses_1_task_bao_dir_AP_run_01_echo_1_part_mag_wf/bold_fit_wf/bold_hmc_wf/fsl2itk".
250304-14:13:19,479 nipype.workflow INFO:
	 [Node] Executing "fsl2itk" <niworkflows.interfaces.itk.MCFLIRT2ITK>
250304-14:13:19,479 nipype.interface WARNING:
	 Multithreading is deprecated. Remove the num_threads input.
250304-14:13:19,721 nipype.workflow INFO:
	 [Node] Finished "fsl2itk", elapsed time 0.241154s.
250304-14:13:21,386 nipype.workflow INFO:
	 [Node] Setting-up "fmriprep_24_1_wf.sub_24684_wf.bold_ses_1_task_rat_dir_PA_run_01_echo_1_part_mag_wf.bold_fit_wf.enhance_and_skullstrip_bold_wf.init_aff" in "/work/fmriprep_24_1_wf/sub_24684_wf/bold_ses_1_task_rat_dir_PA_run_01_echo_1_part_mag_wf/bold_fit_wf/enhance_and_skullstrip_bold_wf/init_aff".
250304-14:13:21,399 nipype.workflow INFO:
	 [Node] Executing "init_aff" <nipype.interfaces.ants.utils.AI>
250304-14:13:45,162 nipype.workflow INFO:
	 [Node] Finished "init_aff", elapsed time 23.464375s.
250304-14:13:45,584 nipype.workflow INFO:
	 [Node] Setting-up "fmriprep_24_1_wf.sub_24684_wf.bold_ses_1_task_rat_dir_PA_run_01_echo_1_part_mag_wf.bold_fit_wf.bold_hmc_wf.fsl2itk" in "/work/fmriprep_24_1_wf/sub_24684_wf/bold_ses_1_task_rat_dir_PA_run_01_echo_1_part_mag_wf/bold_fit_wf/bold_hmc_wf/fsl2itk".
250304-14:13:45,636 nipype.workflow INFO:
	 [Node] Executing "fsl2itk" <niworkflows.interfaces.itk.MCFLIRT2ITK>
250304-14:13:45,636 nipype.interface WARNING:
	 Multithreading is deprecated. Remove the num_threads input.
250304-14:13:45,974 nipype.workflow INFO:
	 [Node] Finished "fsl2itk", elapsed time 0.338115s.
250304-14:13:47,387 nipype.workflow INFO:
	 [Node] Setting-up "fmriprep_24_1_wf.sub_24684_wf.anat_fit_wf.anat_template_wf.get1st" in "/work/fmriprep_24_1_wf/sub_24684_wf/anat_fit_wf/anat_template_wf/get1st".
250304-14:13:47,387 nipype.workflow INFO:
	 [Node] Setting-up "fmriprep_24_1_wf.sub_24684_wf.anat_fit_wf.t2w_template_wf.get1st" in "/work/fmriprep_24_1_wf/sub_24684_wf/anat_fit_wf/t2w_template_wf/get1st".
250304-14:13:47,405 nipype.workflow INFO:
	 [Node] Executing "get1st" <nipype.interfaces.utility.base.Select>
250304-14:13:47,406 nipype.workflow INFO:
	 [Node] Executing "get1st" <nipype.interfaces.utility.base.Select>
250304-14:13:47,407 nipype.workflow INFO:
	 [Node] Finished "get1st", elapsed time 0.000676s.
250304-14:13:47,409 nipype.workflow INFO:
	 [Node] Finished "get1st", elapsed time 0.002s.
250304-14:13:49,269 nipype.workflow INFO:
	 [Node] Setting-up "fmriprep_24_1_wf.sub_24684_wf.bold_ses_1_task_rat_dir_PA_run_01_echo_1_part_mag_wf.bold_confounds_wf.fdisp" in "/work/fmriprep_24_1_wf/sub_24684_wf/bold_ses_1_task_rat_dir_PA_run_01_echo_1_part_mag_wf/bold_confounds_wf/fdisp".
250304-14:13:49,282 nipype.workflow INFO:
	 [Node] Executing "fdisp" <nipype.algorithms.confounds.FramewiseDisplacement>
250304-14:13:49,294 nipype.workflow INFO:
	 [Node] Finished "fdisp", elapsed time 0.010276s.
250304-14:13:49,726 nipype.workflow INFO:
	 [Node] Setting-up "fmriprep_24_1_wf.sub_24684_wf.bold_ses_1_task_bao_dir_AP_run_01_echo_1_part_mag_wf.bold_fit_wf.enhance_and_skullstrip_bold_wf.norm" in "/work/fmriprep_24_1_wf/sub_24684_wf/bold_ses_1_task_bao_dir_AP_run_01_echo_1_part_mag_wf/bold_fit_wf/enhance_and_skullstrip_bold_wf/norm".
250304-14:13:49,742 nipype.workflow INFO:
	 [Node] Executing "norm" <niworkflows.interfaces.fixes.FixHeaderRegistration>
250304-14:13:51,247 nipype.workflow INFO:
	 [Node] Finished "norm", elapsed time 1.215193s.
250304-14:13:51,719 nipype.workflow INFO:
	 [Node] Setting-up "fmriprep_24_1_wf.sub_24684_wf.bold_ses_1_task_rat_dir_PA_run_01_echo_1_part_mag_wf.bold_fit_wf.enhance_and_skullstrip_bold_wf.norm" in "/work/fmriprep_24_1_wf/sub_24684_wf/bold_ses_1_task_rat_dir_PA_run_01_echo_1_part_mag_wf/bold_fit_wf/enhance_and_skullstrip_bold_wf/norm".
250304-14:13:51,739 nipype.workflow INFO:
	 [Node] Executing "norm" <niworkflows.interfaces.fixes.FixHeaderRegistration>
250304-14:13:53,8 nipype.workflow INFO:
	 [Node] Finished "norm", elapsed time 0.845668s.
250304-14:13:53,894 nipype.workflow INFO:
	 [Node] Setting-up "fmriprep_24_1_wf.sub_24684_wf.bold_ses_1_task_bao_dir_AP_run_01_echo_1_part_mag_wf.bold_fit_wf.enhance_and_skullstrip_bold_wf.map_brainmask" in "/work/fmriprep_24_1_wf/sub_24684_wf/bold_ses_1_task_bao_dir_AP_run_01_echo_1_part_mag_wf/bold_fit_wf/enhance_and_skullstrip_bold_wf/map_brainmask".
250304-14:13:53,895 nipype.workflow INFO:
	 [Node] Setting-up "fmriprep_24_1_wf.sub_24684_wf.bold_ses_1_task_rat_dir_PA_run_01_echo_1_part_mag_wf.bold_fit_wf.enhance_and_skullstrip_bold_wf.map_brainmask" in "/work/fmriprep_24_1_wf/sub_24684_wf/bold_ses_1_task_rat_dir_PA_run_01_echo_1_part_mag_wf/bold_fit_wf/enhance_and_skullstrip_bold_wf/map_brainmask".
250304-14:13:53,907 nipype.workflow INFO:
	 [Node] Executing "map_brainmask" <niworkflows.interfaces.fixes.FixHeaderApplyTransforms>
250304-14:13:53,908 nipype.workflow INFO:
	 [Node] Executing "map_brainmask" <niworkflows.interfaces.fixes.FixHeaderApplyTransforms>
250304-14:13:54,960 nipype.workflow INFO:
	 [Node] Finished "map_brainmask", elapsed time 0.734832s.
250304-14:13:54,977 nipype.workflow INFO:
	 [Node] Finished "map_brainmask", elapsed time 0.746798s.
250304-14:13:55,698 nipype.workflow INFO:
	 [Node] Setting-up "fmriprep_24_1_wf.sub_24684_wf.anat_fit_wf.surface_recon_wf.fov_check" in "/work/fmriprep_24_1_wf/sub_24684_wf/anat_fit_wf/surface_recon_wf/fov_check".
250304-14:13:55,708 nipype.workflow INFO:
	 [Node] Executing "fov_check" <nipype.interfaces.utility.wrappers.Function>
250304-14:13:55,742 nipype.workflow INFO:
	 [Node] Setting-up "_truncate_images0" in "/work/fmriprep_24_1_wf/sub_24684_wf/anat_fit_wf/brain_extraction_wf/truncate_images/mapflow/_truncate_images0".
250304-14:13:55,747 nipype.workflow INFO:
	 [Node] Executing "_truncate_images0" <nipype.interfaces.ants.utils.ImageMath>
250304-14:13:56,70 nipype.workflow INFO:
	 [Node] Finished "fov_check", elapsed time 0.361228s.
250304-14:13:56,96 nipype.workflow INFO:
	 [Node] Setting-up "fmriprep_24_1_wf.sub_24684_wf.anat_fit_wf.surface_recon_wf.recon_config" in "/work/fmriprep_24_1_wf/sub_24684_wf/anat_fit_wf/surface_recon_wf/recon_config".
250304-14:13:57,295 nipype.workflow INFO:
	 [Node] Executing "recon_config" <niworkflows.interfaces.freesurfer.FSDetectInputs>
250304-14:13:57,378 nipype.workflow INFO:
	 [Node] Finished "recon_config", elapsed time 0.081756s.
250304-14:13:57,695 nipype.workflow INFO:
	 [Node] Setting-up "fmriprep_24_1_wf.sub_24684_wf.bold_ses_1_task_rat_dir_PA_run_01_echo_1_part_mag_wf.bold_fit_wf.enhance_and_skullstrip_bold_wf.n4_correct" in "/work/fmriprep_24_1_wf/sub_24684_wf/bold_ses_1_task_rat_dir_PA_run_01_echo_1_part_mag_wf/bold_fit_wf/enhance_and_skullstrip_bold_wf/n4_correct".
250304-14:13:57,706 nipype.workflow INFO:
	 [Node] Executing "n4_correct" <niworkflows.interfaces.fixes.FixN4BiasFieldCorrection>
250304-14:13:57,734 nipype.workflow INFO:
	 [Node] Setting-up "fmriprep_24_1_wf.sub_24684_wf.bold_ses_1_task_bao_dir_AP_run_01_echo_1_part_mag_wf.bold_fit_wf.enhance_and_skullstrip_bold_wf.n4_correct" in "/work/fmriprep_24_1_wf/sub_24684_wf/bold_ses_1_task_bao_dir_AP_run_01_echo_1_part_mag_wf/bold_fit_wf/enhance_and_skullstrip_bold_wf/n4_correct".
250304-14:13:57,740 nipype.workflow INFO:
	 [Node] Executing "n4_correct" <niworkflows.interfaces.fixes.FixN4BiasFieldCorrection>
250304-14:14:00,814 nipype.workflow INFO:
	 [Node] Finished "_truncate_images0", elapsed time 4.806982s.
250304-14:14:03,362 nipype.workflow INFO:
	 [Node] Finished "n4_correct", elapsed time 5.6544740000000004s.
250304-14:14:03,586 nipype.workflow INFO:
	 [Node] Finished "n4_correct", elapsed time 5.55401s.
250304-14:14:03,698 nipype.workflow INFO:
	 [Node] Setting-up "fmriprep_24_1_wf.sub_24684_wf.bold_ses_1_task_rat_dir_PA_run_01_echo_1_part_mag_wf.bold_fit_wf.enhance_and_skullstrip_bold_wf.skullstrip_first_pass" in "/work/fmriprep_24_1_wf/sub_24684_wf/bold_ses_1_task_rat_dir_PA_run_01_echo_1_part_mag_wf/bold_fit_wf/enhance_and_skullstrip_bold_wf/skullstrip_first_pass".
250304-14:14:03,705 nipype.workflow INFO:
	 [Node] Setting-up "fmriprep_24_1_wf.sub_24684_wf.bold_ses_1_task_rat_dir_PA_run_01_echo_1_part_mag_wf.bold_fit_wf.unwarp_wf.rotime" in "/work/fmriprep_24_1_wf/sub_24684_wf/bold_ses_1_task_rat_dir_PA_run_01_echo_1_part_mag_wf/bold_fit_wf/unwarp_wf/rotime".
250304-14:14:03,708 nipype.workflow INFO:
	 [Node] Executing "skullstrip_first_pass" <nipype.interfaces.fsl.preprocess.BET>
250304-14:14:03,720 nipype.workflow INFO:
	 [Node] Executing "rotime" <sdcflows.interfaces.epi.GetReadoutTime>
250304-14:14:03,723 nipype.workflow INFO:
	 [Node] Finished "rotime", elapsed time 0.001551s.
250304-14:14:05,529 nipype.workflow INFO:
	 [Node] Finished "skullstrip_first_pass", elapsed time 1.8189980000000001s.
250304-14:14:05,716 nipype.workflow INFO:
	 [Node] Setting-up "_inu_n40" in "/work/fmriprep_24_1_wf/sub_24684_wf/anat_fit_wf/brain_extraction_wf/inu_n4/mapflow/_inu_n40".
250304-14:14:05,724 nipype.workflow INFO:
	 [Node] Executing "_inu_n40" <nipype.interfaces.ants.segmentation.N4BiasFieldCorrection>
250304-14:14:26,661 nipype.workflow INFO:
	 [Node] Finished "_inu_n40", elapsed time 20.679017s.
250304-14:14:27,707 nipype.workflow INFO:
	 [Node] Setting-up "fmriprep_24_1_wf.sub_24684_wf.anat_fit_wf.surface_recon_wf.autorecon1" in "/work/fmriprep_24_1_wf/sub_24684_wf/anat_fit_wf/surface_recon_wf/autorecon1".
250304-14:14:27,722 nipype.workflow INFO:
	 [Node] Executing "autorecon1" <smriprep.interfaces.freesurfer.ReconAll>
250304-14:23:25,303 nipype.workflow INFO:
	 [Node] Finished "autorecon1", elapsed time 537.579506s.
250304-14:23:26,58 nipype.workflow INFO:
	 [Node] Setting-up "fmriprep_24_1_wf.sub_24684_wf.anat_fit_wf.brain_extraction_wf.lap_target" in "/work/fmriprep_24_1_wf/sub_24684_wf/anat_fit_wf/brain_extraction_wf/lap_target".
250304-14:23:26,60 nipype.workflow INFO:
	 [Node] Setting-up "fmriprep_24_1_wf.sub_24684_wf.anat_fit_wf.surface_recon_wf.fsnative2t1w_xfm" in "/work/fmriprep_24_1_wf/sub_24684_wf/anat_fit_wf/surface_recon_wf/fsnative2t1w_xfm".
250304-14:23:26,62 nipype.workflow INFO:
	 [Node] Setting-up "fmriprep_24_1_wf.sub_24684_wf.bold_ses_1_task_bao_dir_AP_run_01_echo_1_part_mag_wf.bold_fit_wf.enhance_and_skullstrip_bold_wf.skullstrip_first_pass" in "/work/fmriprep_24_1_wf/sub_24684_wf/bold_ses_1_task_bao_dir_AP_run_01_echo_1_part_mag_wf/bold_fit_wf/enhance_and_skullstrip_bold_wf/skullstrip_first_pass".
250304-14:23:26,67 nipype.workflow INFO:
	 [Node] Executing "lap_target" <nipype.interfaces.ants.utils.ImageMath>
250304-14:23:26,69 nipype.workflow INFO:
	 [Node] Setting-up "fmriprep_24_1_wf.sub_24684_wf.anat_fit_wf.brain_extraction_wf.res_target" in "/work/fmriprep_24_1_wf/sub_24684_wf/anat_fit_wf/brain_extraction_wf/res_target".
250304-14:23:26,69 nipype.workflow INFO:
	 [Node] Setting-up "fmriprep_24_1_wf.sub_24684_wf.bold_ses_1_task_rat_dir_PA_run_01_echo_1_part_mag_wf.bold_fit_wf.enhance_and_skullstrip_bold_wf.first_dilate" in "/work/fmriprep_24_1_wf/sub_24684_wf/bold_ses_1_task_rat_dir_PA_run_01_echo_1_part_mag_wf/bold_fit_wf/enhance_and_skullstrip_bold_wf/first_dilate".
250304-14:23:26,70 nipype.workflow INFO:
	 [Node] Setting-up "fmriprep_24_1_wf.sub_24684_wf.bold_ses_1_task_bao_dir_AP_run_01_echo_1_part_mag_wf.bold_fit_wf.unwarp_wf.rotime" in "/work/fmriprep_24_1_wf/sub_24684_wf/bold_ses_1_task_bao_dir_AP_run_01_echo_1_part_mag_wf/bold_fit_wf/unwarp_wf/rotime".
250304-14:23:26,72 nipype.workflow INFO:
	 [Node] Executing "skullstrip_first_pass" <nipype.interfaces.fsl.preprocess.BET>
250304-14:23:26,74 nipype.workflow INFO:
	 [Node] Executing "fsnative2t1w_xfm" <niworkflows.interfaces.freesurfer.PatchedRobustRegister>
250304-14:23:26,76 nipype.workflow INFO:
	 [Node] Executing "first_dilate" <niworkflows.interfaces.nibabel.BinaryDilation>
250304-14:23:26,77 nipype.workflow INFO:
	 [Node] Executing "res_target" <niworkflows.interfaces.nibabel.RegridToZooms>
250304-14:23:26,87 nipype.workflow INFO:
	 [Node] Executing "rotime" <sdcflows.interfaces.epi.GetReadoutTime>
250304-14:23:26,137 nipype.workflow INFO:
	 [Node] Finished "rotime", elapsed time 0.049215s.
250304-14:23:26,963 nipype.workflow INFO:
	 [Node] Finished "first_dilate", elapsed time 0.885925s.
250304-14:23:27,210 nipype.workflow INFO:
	 [Node] Finished "res_target", elapsed time 1.131564s.
250304-14:23:28,12 nipype.workflow INFO:
	 [Node] Finished "skullstrip_first_pass", elapsed time 1.93858s.
250304-14:23:28,120 nipype.workflow INFO:
	 [Node] Setting-up "fmriprep_24_1_wf.sub_24684_wf.bold_ses_1_task_rat_dir_PA_run_01_echo_1_part_mag_wf.bold_fit_wf.enhance_and_skullstrip_bold_wf.first_mask" in "/work/fmriprep_24_1_wf/sub_24684_wf/bold_ses_1_task_rat_dir_PA_run_01_echo_1_part_mag_wf/bold_fit_wf/enhance_and_skullstrip_bold_wf/first_mask".
250304-14:23:28,129 nipype.workflow INFO:
	 [Node] Executing "first_mask" <niworkflows.interfaces.nibabel.ApplyMask>
250304-14:23:28,228 nipype.workflow INFO:
	 [Node] Finished "first_mask", elapsed time 0.09874s.
250304-14:23:30,53 nipype.workflow INFO:
	 [Node] Setting-up "fmriprep_24_1_wf.sub_24684_wf.bold_ses_1_task_rat_dir_PA_run_01_echo_1_part_mag_wf.bold_fit_wf.enhance_and_skullstrip_bold_wf.unifize" in "/work/fmriprep_24_1_wf/sub_24684_wf/bold_ses_1_task_rat_dir_PA_run_01_echo_1_part_mag_wf/bold_fit_wf/enhance_and_skullstrip_bold_wf/unifize".
250304-14:23:30,63 nipype.workflow INFO:
	 [Node] Setting-up "fmriprep_24_1_wf.sub_24684_wf.bold_ses_1_task_bao_dir_AP_run_01_echo_1_part_mag_wf.bold_fit_wf.enhance_and_skullstrip_bold_wf.first_dilate" in "/work/fmriprep_24_1_wf/sub_24684_wf/bold_ses_1_task_bao_dir_AP_run_01_echo_1_part_mag_wf/bold_fit_wf/enhance_and_skullstrip_bold_wf/first_dilate".
250304-14:23:30,73 nipype.workflow INFO:
	 [Node] Executing "unifize" <nipype.interfaces.afni.utils.Unifize>
250304-14:23:30,75 nipype.workflow INFO:
	 [Node] Executing "first_dilate" <niworkflows.interfaces.nibabel.BinaryDilation>
250304-14:23:30,689 nipype.workflow INFO:
	 [Node] Finished "first_dilate", elapsed time 0.613176s.
250304-14:23:32,88 nipype.workflow INFO:
	 [Node] Setting-up "fmriprep_24_1_wf.sub_24684_wf.bold_ses_1_task_bao_dir_AP_run_01_echo_1_part_mag_wf.bold_fit_wf.enhance_and_skullstrip_bold_wf.first_mask" in "/work/fmriprep_24_1_wf/sub_24684_wf/bold_ses_1_task_bao_dir_AP_run_01_echo_1_part_mag_wf/bold_fit_wf/enhance_and_skullstrip_bold_wf/first_mask".
250304-14:23:32,97 nipype.workflow INFO:
	 [Node] Executing "first_mask" <niworkflows.interfaces.nibabel.ApplyMask>
250304-14:23:32,202 nipype.workflow INFO:
	 [Node] Finished "first_mask", elapsed time 0.104471s.
250304-14:23:34,40 nipype.workflow INFO:
	 [Node] Setting-up "fmriprep_24_1_wf.sub_24684_wf.bold_ses_1_task_bao_dir_AP_run_01_echo_1_part_mag_wf.bold_fit_wf.enhance_and_skullstrip_bold_wf.unifize" in "/work/fmriprep_24_1_wf/sub_24684_wf/bold_ses_1_task_bao_dir_AP_run_01_echo_1_part_mag_wf/bold_fit_wf/enhance_and_skullstrip_bold_wf/unifize".
250304-14:23:34,61 nipype.workflow INFO:
	 [Node] Executing "unifize" <nipype.interfaces.afni.utils.Unifize>
250304-14:23:36,167 nipype.workflow INFO:
	 [Node] Finished "lap_target", elapsed time 9.485634s.
250304-14:23:38,52 nipype.workflow INFO:
	 [Node] Setting-up "fmriprep_24_1_wf.sub_24684_wf.anat_fit_wf.brain_extraction_wf.mrg_target" in "/work/fmriprep_24_1_wf/sub_24684_wf/anat_fit_wf/brain_extraction_wf/mrg_target".
250304-14:23:38,62 nipype.workflow INFO:
	 [Node] Executing "mrg_target" <nipype.interfaces.utility.base.Merge>
250304-14:23:38,64 nipype.workflow INFO:
	 [Node] Finished "mrg_target", elapsed time 0.000416s.
250304-14:24:04,241 nipype.workflow INFO:
	 [Node] Finished "fsnative2t1w_xfm", elapsed time 38.166035s.
250304-14:30:39,634 nipype.workflow INFO:
	 [Node] Finished "unifize", elapsed time 429.56051s.
250304-14:30:39,783 nipype.workflow INFO:
	 [Node] Finished "unifize", elapsed time 425.721679s.
250304-14:30:40,523 nipype.workflow INFO:
	 [Node] Setting-up "fmriprep_24_1_wf.sub_24684_wf.anat_fit_wf.brain_extraction_wf.init_aff" in "/work/fmriprep_24_1_wf/sub_24684_wf/anat_fit_wf/brain_extraction_wf/init_aff".
250304-14:30:40,545 nipype.workflow INFO:
	 [Node] Executing "init_aff" <nipype.interfaces.ants.utils.AI>
250304-14:31:08,695 nipype.workflow INFO:
	 [Node] Finished "init_aff", elapsed time 27.838211s.
250304-14:31:10,513 nipype.workflow INFO:
	 [Node] Setting-up "fmriprep_24_1_wf.sub_24684_wf.anat_fit_wf.brain_extraction_wf.norm" in "/work/fmriprep_24_1_wf/sub_24684_wf/anat_fit_wf/brain_extraction_wf/norm".
250304-14:31:10,533 nipype.workflow INFO:
	 [Node] Executing "norm" <niworkflows.interfaces.fixes.FixHeaderRegistration>
