/cbica/projects/pafin/code/processing
211affn005
Tue Mar  4 09:05:19 EST 2025
Running task 2
Commandline: apptainer run --cleanenv       -B /cbica/projects/pafin/dset:/data       -B /cbica/projects/pafin/derivatives/fmriprep:/out       -B /cbica/comp_space/pafin/pafin-fmriprep:/work       -B /cbica/projects/pafin/code:/code       -B /cbica/projects/pafin/tokens/freesurfer_license.txt:/license.txt       /cbica/projects/pafin/apptainer/fmriprep-24.1.1.sif       /data       /out       participant       --participant-label 24053       -w /work       --omp-nthreads 20       --nprocs 20       --mem_mb 39000       --output-spaces func T1w MNI152NLin6Asym:res-2       --output-layout bids       --me-output-echos       --project-goodvoxels       --cifti-output 91k       --bids-filter-file /code/processing/filter.json       --fs-license-file /license.txt       --skip_bids_validation       --level full
250304-09:05:49,486 nipype.workflow IMPORTANT:
	 Running fMRIPrep version 24.1.1

         License NOTICE ##################################################
         fMRIPrep 24.1.1
         Copyright The NiPreps Developers.
         
         This product includes software developed by
         the NiPreps Community (https://nipreps.org/).
         
         Portions of this software were developed at the Department of
         Psychology at Stanford University, Stanford, CA, US.
         
         This software is also distributed as a Docker container image.
         The bootstrapping file for the image ("Dockerfile") is licensed
         under the MIT License.
         
         This software may be distributed through an add-on package called
         "Docker Wrapper" that is under the BSD 3-clause License.
         #################################################################
250304-09:05:51,477 nipype.workflow IMPORTANT:
	 Building fMRIPrep's workflow:
           * BIDS dataset path: /data.
           * Participant list: ['24053'].
           * Run identifier: 20250304-090523_d5846e88-8aab-4f5e-9587-8006da48dd8f.
           * Output spaces: func T1w MNI152NLin6Asym:res-2.
           * Pre-run FreeSurfer's SUBJECTS_DIR: /out/sourcedata/freesurfer.
250304-09:05:52,404 nipype.workflow INFO:
	 ANAT Stage 1: Adding template workflow
250304-09:05:52,962 nipype.workflow INFO:
	 ANAT Stage 2: Preparing brain extraction workflow
250304-09:05:53,72 nipype.workflow INFO:
	 ANAT Stage 3: Preparing segmentation workflow
250304-09:05:53,78 nipype.workflow INFO:
	 ANAT Stage 4: Preparing normalization workflow for ['MNI152NLin6Asym', 'MNI152NLin2009cAsym']
250304-09:05:53,89 nipype.workflow INFO:
	 ANAT Stage 5: Preparing surface reconstruction workflow
250304-09:05:53,112 nipype.workflow INFO:
	 ANAT Stage 6: Preparing mask refinement workflow
250304-09:05:53,115 nipype.workflow INFO:
	 ANAT Stage 7: Creating T2w template
250304-09:05:53,120 nipype.workflow INFO:
	 ANAT Stage 8: Creating GIFTI surfaces for ['white', 'pial', 'midthickness', 'sphere_reg', 'sphere']
250304-09:05:53,140 nipype.workflow INFO:
	 ANAT Stage 8: Creating GIFTI metrics for ['thickness', 'sulc']
250304-09:05:53,148 nipype.workflow INFO:
	 ANAT Stage 8a: Creating cortical ribbon mask
250304-09:05:53,152 nipype.workflow INFO:
	 ANAT Stage 9: Creating fsLR registration sphere
250304-09:05:53,157 nipype.workflow INFO:
	 ANAT Stage 10: Creating MSM-Sulc registration sphere
250304-09:05:54,168 nipype.workflow INFO:
	 B0 field inhomogeneity map will be estimated with the following 1 estimator(s): [<EstimatorType.PEPOLAR: 2>].
250304-09:05:54,220 nipype.workflow INFO:
	 Setting-up fieldmap "funcpepolar01" (EstimatorType.PEPOLAR) with <sub-24053_ses-1_acq-func_dir-AP_run-01_part-mag_epi.nii.gz, sub-24053_ses-1_acq-func_dir-PA_run-01_part-mag_epi.nii.gz>
250304-09:05:54,378 nipype.workflow INFO:
	 Using single-band reference file(s) sub-24053_ses-1_task-bao_dir-AP_run-01_echo-1_part-mag_sbref.nii.gz,sub-24053_ses-1_task-bao_dir-AP_run-01_echo-2_part-mag_sbref.nii.gz,sub-24053_ses-1_task-bao_dir-AP_run-01_echo-3_part-mag_sbref.nii.gz,sub-24053_ses-1_task-bao_dir-AP_run-01_echo-4_part-mag_sbref.nii.gz,sub-24053_ses-1_task-bao_dir-AP_run-01_echo-5_part-mag_sbref.nii.gz.
250304-09:05:54,479 nipype.workflow INFO:
	 Stage 1: Adding HMC boldref workflow
250304-09:05:54,488 nipype.workflow INFO:
	 Stage 2: Adding motion correction workflow
250304-09:05:54,498 nipype.workflow INFO:
	 Stage 3: Adding coregistration boldref workflow
250304-09:05:56,150 nipype.workflow IMPORTANT:
	 BOLD series will be slice-timing corrected to an offset of 0.798s.
250304-09:05:56,154 nipype.workflow IMPORTANT:
	 Generating T2* map and optimally combined ME-EPI time series.
250304-09:05:57,64 nipype.workflow INFO:
	 Using single-band reference file(s) sub-24053_ses-1_task-rat_dir-PA_run-01_echo-1_part-mag_sbref.nii.gz,sub-24053_ses-1_task-rat_dir-PA_run-01_echo-2_part-mag_sbref.nii.gz,sub-24053_ses-1_task-rat_dir-PA_run-01_echo-3_part-mag_sbref.nii.gz,sub-24053_ses-1_task-rat_dir-PA_run-01_echo-4_part-mag_sbref.nii.gz,sub-24053_ses-1_task-rat_dir-PA_run-01_echo-5_part-mag_sbref.nii.gz.
250304-09:05:57,144 nipype.workflow INFO:
	 Stage 1: Adding HMC boldref workflow
250304-09:05:57,151 nipype.workflow INFO:
	 Stage 2: Adding motion correction workflow
250304-09:05:57,157 nipype.workflow INFO:
	 Stage 3: Adding coregistration boldref workflow
250304-09:05:57,710 nipype.workflow IMPORTANT:
	 BOLD series will be slice-timing corrected to an offset of 0.798s.
250304-09:05:57,713 nipype.workflow IMPORTANT:
	 Generating T2* map and optimally combined ME-EPI time series.
250304-09:06:03,87 nipype.workflow INFO:
	 fMRIPrep workflow graph with 857 nodes built successfully.
250304-09:06:21,757 nipype.workflow IMPORTANT:
	 fMRIPrep started!
250304-09:06:22,959 nipype.workflow WARNING:
	 Some nodes exceed the total amount of memory available (39.00GB).
250304-09:06:24,652 nipype.workflow WARNING:
	 Storing result file without outputs
250304-09:06:24,654 nipype.workflow WARNING:
	 [Node] Error on "fmriprep_24_1_wf.fsdir_run_20250304_090523_d5846e88_8aab_4f5e_9587_8006da48dd8f" (/work/fmriprep_24_1_wf/fsdir_run_20250304_090523_d5846e88_8aab_4f5e_9587_8006da48dd8f)
250304-09:06:24,656 nipype.workflow ERROR:
	 Node fsdir_run_20250304_090523_d5846e88_8aab_4f5e_9587_8006da48dd8f failed to run on host 211affn005.
250304-09:06:24,661 nipype.workflow ERROR:
	 Saving crash info to /out/logs/crash-20250304-090624-pafin-fsdir_run_20250304_090523_d5846e88_8aab_4f5e_9587_8006da48dd8f-46d8044d-817e-4845-bf42-fa5608967b52.txt
Traceback (most recent call last):
  File "/opt/conda/envs/fmriprep/lib/python3.11/site-packages/nipype/pipeline/plugins/multiproc.py", line 344, in _send_procs_to_workers
    self.procs[jobid].run(updatehash=updatehash)
  File "/opt/conda/envs/fmriprep/lib/python3.11/site-packages/nipype/pipeline/engine/nodes.py", line 527, in run
    result = self._run_interface(execute=True)
             ^^^^^^^^^^^^^^^^^^^^^^^^^^^^^^^^^
  File "/opt/conda/envs/fmriprep/lib/python3.11/site-packages/nipype/pipeline/engine/nodes.py", line 645, in _run_interface
    return self._run_command(execute)
           ^^^^^^^^^^^^^^^^^^^^^^^^^^
  File "/opt/conda/envs/fmriprep/lib/python3.11/site-packages/nipype/pipeline/engine/nodes.py", line 771, in _run_command
    raise NodeExecutionError(msg)
nipype.pipeline.engine.nodes.NodeExecutionError: Exception raised while executing Node fsdir_run_20250304_090523_d5846e88_8aab_4f5e_9587_8006da48dd8f.

Traceback:
	Traceback (most recent call last):
	  File "/opt/conda/envs/fmriprep/lib/python3.11/site-packages/nipype/interfaces/base/core.py", line 397, in run
	    runtime = self._run_interface(runtime)
	              ^^^^^^^^^^^^^^^^^^^^^^^^^^^^
	  File "/opt/conda/envs/fmriprep/lib/python3.11/site-packages/niworkflows/interfaces/bids.py", line 1463, in _run_interface
	    shutil.rmtree(dest)
	  File "/opt/conda/envs/fmriprep/lib/python3.11/shutil.py", line 752, in rmtree
	    _rmtree_safe_fd(fd, path, onerror)
	  File "/opt/conda/envs/fmriprep/lib/python3.11/shutil.py", line 683, in _rmtree_safe_fd
	    onerror(os.rmdir, fullname, sys.exc_info())
	  File "/opt/conda/envs/fmriprep/lib/python3.11/shutil.py", line 681, in _rmtree_safe_fd
	    os.rmdir(entry.name, dir_fd=topfd)
	OSError: [Errno 39] Directory not empty: 'label'


250304-09:06:29,423 nipype.workflow INFO:
	 [Node] Setting-up "fmriprep_24_1_wf.sub_24053_wf.anat_fit_wf.brain_extraction_wf.full_wm" in "/work/fmriprep_24_1_wf/sub_24053_wf/anat_fit_wf/brain_extraction_wf/full_wm".
250304-09:06:29,431 nipype.workflow INFO:
	 [Node] Executing "full_wm" <nipype.interfaces.utility.wrappers.Function>
250304-09:06:29,538 nipype.workflow INFO:
	 [Node] Setting-up "fmriprep_24_1_wf.sub_24053_wf.anat_fit_wf.brain_extraction_wf.lap_tmpl" in "/work/fmriprep_24_1_wf/sub_24053_wf/anat_fit_wf/brain_extraction_wf/lap_tmpl".
250304-09:06:29,544 nipype.workflow INFO:
	 [Node] Executing "lap_tmpl" <nipype.interfaces.ants.utils.ImageMath>
250304-09:06:29,558 nipype.workflow INFO:
	 [Node] Setting-up "fmriprep_24_1_wf.sub_24053_wf.anat_fit_wf.brain_extraction_wf.res_tmpl" in "/work/fmriprep_24_1_wf/sub_24053_wf/anat_fit_wf/brain_extraction_wf/res_tmpl".
250304-09:06:29,565 nipype.workflow INFO:
	 [Node] Executing "res_tmpl" <niworkflows.interfaces.nibabel.RegridToZooms>
250304-09:06:29,609 nipype.workflow INFO:
	 [Node] Setting-up "fmriprep_24_1_wf.sub_24053_wf.bold_ses_1_task_bao_dir_AP_run_01_echo_1_part_mag_wf.bold_fit_wf.hmc_boldref_wf.val_bold" in "/work/fmriprep_24_1_wf/sub_24053_wf/bold_ses_1_task_bao_dir_AP_run_01_echo_1_part_mag_wf/bold_fit_wf/hmc_boldref_wf/val_bold".
250304-09:06:29,616 nipype.workflow INFO:
	 [Node] Setting-up "fmriprep_24_1_wf.sub_24053_wf.bold_ses_1_task_bao_dir_AP_run_01_echo_1_part_mag_wf.bold_fit_wf.hmc_boldref_wf.get_dummy" in "/work/fmriprep_24_1_wf/sub_24053_wf/bold_ses_1_task_bao_dir_AP_run_01_echo_1_part_mag_wf/bold_fit_wf/hmc_boldref_wf/get_dummy".
250304-09:06:29,620 nipype.workflow INFO:
	 [Node] Executing "val_bold" <niworkflows.interfaces.header.ValidateImage>
250304-09:06:29,623 nipype.workflow INFO:
	 [Node] Executing "get_dummy" <niworkflows.interfaces.bold.NonsteadyStatesDetector>
250304-09:06:29,681 nipype.workflow INFO:
	 [Node] Setting-up "fmriprep_24_1_wf.sub_24053_wf.fmap_preproc_wf.out_merge_fmap_id" in "/work/fmriprep_24_1_wf/sub_24053_wf/fmap_preproc_wf/out_merge_fmap_id".
250304-09:06:29,694 nipype.workflow INFO:
	 [Node] Finished "val_bold", elapsed time 0.064528s.
250304-09:06:29,698 nipype.workflow INFO:
	 [Node] Executing "out_merge_fmap_id" <nipype.interfaces.utility.base.Merge>
250304-09:06:29,698 nipype.workflow INFO:
	 [Node] Setting-up "fmriprep_24_1_wf.sub_24053_wf.fmap_preproc_wf.out_merge_method" in "/work/fmriprep_24_1_wf/sub_24053_wf/fmap_preproc_wf/out_merge_method".
250304-09:06:29,701 nipype.workflow INFO:
	 [Node] Setting-up "fmriprep_24_1_wf.sub_24053_wf.bold_ses_1_task_rat_dir_PA_run_01_echo_1_part_mag_wf.bold_fit_wf.hmc_boldref_wf.get_dummy" in "/work/fmriprep_24_1_wf/sub_24053_wf/bold_ses_1_task_rat_dir_PA_run_01_echo_1_part_mag_wf/bold_fit_wf/hmc_boldref_wf/get_dummy".
250304-09:06:29,705 nipype.workflow INFO:
	 [Node] Finished "out_merge_fmap_id", elapsed time 0.000239s.
250304-09:06:29,705 nipype.workflow INFO:
	 [Node] Executing "out_merge_method" <nipype.interfaces.utility.base.Merge>
250304-09:06:29,709 nipype.workflow INFO:
	 [Node] Executing "get_dummy" <niworkflows.interfaces.bold.NonsteadyStatesDetector>
250304-09:06:29,722 nipype.workflow INFO:
	 [Node] Finished "out_merge_method", elapsed time 0.000263s.
250304-09:06:29,830 nipype.workflow INFO:
	 [Node] Setting-up "fmriprep_24_1_wf.sub_24053_wf.bold_ses_1_task_rat_dir_PA_run_01_echo_1_part_mag_wf.bold_fit_wf.hmc_boldref_wf.val_bold" in "/work/fmriprep_24_1_wf/sub_24053_wf/bold_ses_1_task_rat_dir_PA_run_01_echo_1_part_mag_wf/bold_fit_wf/hmc_boldref_wf/val_bold".
250304-09:06:29,835 nipype.workflow INFO:
	 [Node] Executing "val_bold" <niworkflows.interfaces.header.ValidateImage>
250304-09:06:29,900 nipype.workflow INFO:
	 [Node] Finished "val_bold", elapsed time 0.06208s.
250304-09:06:29,985 nipype.workflow INFO:
	 [Node] Finished "full_wm", elapsed time 0.54741s.
250304-09:06:30,572 nipype.workflow INFO:
	 [Node] Setting-up "fmriprep_24_1_wf.sub_24053_wf.bidssrc" in "/work/fmriprep_24_1_wf/sub_24053_wf/bidssrc".
250304-09:06:30,646 nipype.workflow INFO:
	 [Node] Executing "bidssrc" <niworkflows.interfaces.bids.BIDSDataGrabber>
250304-09:06:30,648 nipype.interface INFO:
	 No "flair" images found for sub-24053
250304-09:06:30,648 nipype.interface INFO:
	 No "roi" images found for sub-24053
250304-09:06:30,648 nipype.interface INFO:
	 No "pet" images found for sub-24053
250304-09:06:30,649 nipype.interface INFO:
	 No "asl" images found for sub-24053
250304-09:06:30,649 nipype.workflow INFO:
	 [Node] Finished "bidssrc", elapsed time 0.000716s.
250304-09:06:30,899 nipype.workflow INFO:
	 [Node] Finished "res_tmpl", elapsed time 1.317384s.
250304-09:06:31,36 nipype.workflow INFO:
	 [Node] Setting-up "fmriprep_24_1_wf.sub_24053_wf.bold_ses_1_task_bao_dir_AP_run_01_echo_1_part_mag_wf.bold_fit_wf.ds_hmc_boldref_wf.sources" in "/work/fmriprep_24_1_wf/sub_24053_wf/bold_ses_1_task_bao_dir_AP_run_01_echo_1_part_mag_wf/bold_fit_wf/ds_hmc_boldref_wf/sources".
250304-09:06:31,41 nipype.workflow INFO:
	 [Node] Setting-up "fmriprep_24_1_wf.sub_24053_wf.bold_ses_1_task_bao_dir_AP_run_01_echo_1_part_mag_wf.bold_fit_wf.ds_hmc_wf.sources" in "/work/fmriprep_24_1_wf/sub_24053_wf/bold_ses_1_task_bao_dir_AP_run_01_echo_1_part_mag_wf/bold_fit_wf/ds_hmc_wf/sources".
250304-09:06:31,42 nipype.workflow INFO:
	 [Node] Executing "sources" <fmriprep.interfaces.bids.BIDSURI>
250304-09:06:31,45 nipype.workflow INFO:
	 [Node] Finished "sources", elapsed time 0.00031s.
250304-09:06:31,45 nipype.workflow INFO:
	 [Node] Executing "sources" <fmriprep.interfaces.bids.BIDSURI>
250304-09:06:31,48 nipype.workflow INFO:
	 [Node] Finished "sources", elapsed time 0.000306s.
250304-09:06:31,61 nipype.workflow INFO:
	 [Node] Setting-up "fmriprep_24_1_wf.sub_24053_wf.select_MNI6_tpl" in "/work/fmriprep_24_1_wf/sub_24053_wf/select_MNI6_tpl".
250304-09:06:31,66 nipype.workflow INFO:
	 [Node] Executing "select_MNI6_tpl" <smriprep.interfaces.templateflow.TemplateFlowSelect>
250304-09:06:31,71 nipype.workflow INFO:
	 [Node] Setting-up "fmriprep_24_1_wf.sub_24053_wf.bold_ses_1_task_bao_dir_AP_run_01_echo_1_part_mag_wf.bold_fit_wf.ds_boldmask_wf.sources" in "/work/fmriprep_24_1_wf/sub_24053_wf/bold_ses_1_task_bao_dir_AP_run_01_echo_1_part_mag_wf/bold_fit_wf/ds_boldmask_wf/sources".
250304-09:06:31,91 nipype.workflow INFO:
	 [Node] Executing "sources" <fmriprep.interfaces.bids.BIDSURI>
250304-09:06:31,93 nipype.workflow INFO:
	 [Node] Finished "sources", elapsed time 0.000221s.
250304-09:06:31,97 nipype.workflow INFO:
	 [Node] Setting-up "fmriprep_24_1_wf.sub_24053_wf.bold_ses_1_task_bao_dir_AP_run_01_echo_1_part_mag_wf.bold_fit_wf.ds_fmapreg_wf.sources" in "/work/fmriprep_24_1_wf/sub_24053_wf/bold_ses_1_task_bao_dir_AP_run_01_echo_1_part_mag_wf/bold_fit_wf/ds_fmapreg_wf/sources".
250304-09:06:31,117 nipype.workflow INFO:
	 [Node] Executing "sources" <fmriprep.interfaces.bids.BIDSURI>
250304-09:06:31,120 nipype.workflow INFO:
	 [Node] Finished "sources", elapsed time 0.000316s.
250304-09:06:31,163 nipype.workflow INFO:
	 [Node] Setting-up "fmriprep_24_1_wf.sub_24053_wf.bold_ses_1_task_bao_dir_AP_run_01_echo_1_part_mag_wf.ds_bold_native_wf.sources" in "/work/fmriprep_24_1_wf/sub_24053_wf/bold_ses_1_task_bao_dir_AP_run_01_echo_1_part_mag_wf/ds_bold_native_wf/sources".
250304-09:06:31,170 nipype.workflow INFO:
	 [Node] Executing "sources" <fmriprep.interfaces.bids.BIDSURI>
250304-09:06:31,173 nipype.workflow INFO:
	 [Node] Finished "sources", elapsed time 0.00042s.
250304-09:06:31,227 nipype.workflow INFO:
	 [Node] Setting-up "fmriprep_24_1_wf.sub_24053_wf.bold_ses_1_task_rat_dir_PA_run_01_echo_1_part_mag_wf.bold_fit_wf.ds_boldmask_wf.sources" in "/work/fmriprep_24_1_wf/sub_24053_wf/bold_ses_1_task_rat_dir_PA_run_01_echo_1_part_mag_wf/bold_fit_wf/ds_boldmask_wf/sources".
250304-09:06:31,230 nipype.workflow INFO:
	 [Node] Setting-up "fmriprep_24_1_wf.sub_24053_wf.bold_ses_1_task_rat_dir_PA_run_01_echo_1_part_mag_wf.bold_fit_wf.ds_hmc_wf.sources" in "/work/fmriprep_24_1_wf/sub_24053_wf/bold_ses_1_task_rat_dir_PA_run_01_echo_1_part_mag_wf/bold_fit_wf/ds_hmc_wf/sources".
250304-09:06:31,252 nipype.workflow INFO:
	 [Node] Executing "sources" <fmriprep.interfaces.bids.BIDSURI>
250304-09:06:31,254 nipype.workflow INFO:
	 [Node] Executing "sources" <fmriprep.interfaces.bids.BIDSURI>
250304-09:06:31,254 nipype.workflow INFO:
	 [Node] Setting-up "fmriprep_24_1_wf.sub_24053_wf.bold_ses_1_task_rat_dir_PA_run_01_echo_1_part_mag_wf.bold_fit_wf.ds_fmapreg_wf.sources" in "/work/fmriprep_24_1_wf/sub_24053_wf/bold_ses_1_task_rat_dir_PA_run_01_echo_1_part_mag_wf/bold_fit_wf/ds_fmapreg_wf/sources".
250304-09:06:31,254 nipype.workflow INFO:
	 [Node] Finished "sources", elapsed time 0.000227s.
250304-09:06:31,255 nipype.workflow INFO:
	 [Node] Finished "sources", elapsed time 0.000238s.
250304-09:06:31,258 nipype.workflow INFO:
	 [Node] Executing "sources" <fmriprep.interfaces.bids.BIDSURI>
250304-09:06:31,259 nipype.workflow INFO:
	 [Node] Finished "sources", elapsed time 0.00022s.
250304-09:06:31,265 nipype.workflow INFO:
	 [Node] Setting-up "fmriprep_24_1_wf.sub_24053_wf.bold_ses_1_task_rat_dir_PA_run_01_echo_1_part_mag_wf.bold_fit_wf.ds_hmc_boldref_wf.sources" in "/work/fmriprep_24_1_wf/sub_24053_wf/bold_ses_1_task_rat_dir_PA_run_01_echo_1_part_mag_wf/bold_fit_wf/ds_hmc_boldref_wf/sources".
250304-09:06:31,270 nipype.workflow INFO:
	 [Node] Executing "sources" <fmriprep.interfaces.bids.BIDSURI>
250304-09:06:31,273 nipype.workflow INFO:
	 [Node] Finished "sources", elapsed time 0.000318s.
250304-09:06:31,493 nipype.workflow INFO:
	 [Node] Finished "select_MNI6_tpl", elapsed time 0.424601s.
250304-09:06:32,182 nipype.workflow INFO:
	 [Node] Setting-up "fmriprep_24_1_wf.sub_24053_wf.bold_ses_1_task_rat_dir_PA_run_01_echo_1_part_mag_wf.bold_native_wf.bold_source" in "/work/fmriprep_24_1_wf/sub_24053_wf/bold_ses_1_task_rat_dir_PA_run_01_echo_1_part_mag_wf/bold_native_wf/_echoidx_0/bold_source".
250304-09:06:32,182 nipype.workflow INFO:
	 [Node] Setting-up "fmriprep_24_1_wf.sub_24053_wf.bold_ses_1_task_rat_dir_PA_run_01_echo_1_part_mag_wf.bold_native_wf.bold_source" in "/work/fmriprep_24_1_wf/sub_24053_wf/bold_ses_1_task_rat_dir_PA_run_01_echo_1_part_mag_wf/bold_native_wf/_echoidx_1/bold_source".
250304-09:06:32,182 nipype.workflow INFO:
	 [Node] Setting-up "fmriprep_24_1_wf.sub_24053_wf.bold_ses_1_task_rat_dir_PA_run_01_echo_1_part_mag_wf.bold_native_wf.bold_source" in "/work/fmriprep_24_1_wf/sub_24053_wf/bold_ses_1_task_rat_dir_PA_run_01_echo_1_part_mag_wf/bold_native_wf/_echoidx_2/bold_source".
250304-09:06:32,183 nipype.workflow INFO:
	 [Node] Setting-up "fmriprep_24_1_wf.sub_24053_wf.bold_ses_1_task_rat_dir_PA_run_01_echo_1_part_mag_wf.bold_native_wf.bold_source" in "/work/fmriprep_24_1_wf/sub_24053_wf/bold_ses_1_task_rat_dir_PA_run_01_echo_1_part_mag_wf/bold_native_wf/_echoidx_3/bold_source".
250304-09:06:32,183 nipype.workflow INFO:
	 [Node] Setting-up "fmriprep_24_1_wf.sub_24053_wf.bold_ses_1_task_rat_dir_PA_run_01_echo_1_part_mag_wf.bold_native_wf.bold_source" in "/work/fmriprep_24_1_wf/sub_24053_wf/bold_ses_1_task_rat_dir_PA_run_01_echo_1_part_mag_wf/bold_native_wf/_echoidx_4/bold_source".
250304-09:06:32,183 nipype.workflow INFO:
	 [Node] Setting-up "fmriprep_24_1_wf.sub_24053_wf.bold_ses_1_task_bao_dir_AP_run_01_echo_1_part_mag_wf.bold_native_wf.bold_source" in "/work/fmriprep_24_1_wf/sub_24053_wf/bold_ses_1_task_bao_dir_AP_run_01_echo_1_part_mag_wf/bold_native_wf/_echoidx_0/bold_source".
250304-09:06:32,184 nipype.workflow INFO:
	 [Node] Setting-up "fmriprep_24_1_wf.sub_24053_wf.bold_ses_1_task_bao_dir_AP_run_01_echo_1_part_mag_wf.bold_native_wf.bold_source" in "/work/fmriprep_24_1_wf/sub_24053_wf/bold_ses_1_task_bao_dir_AP_run_01_echo_1_part_mag_wf/bold_native_wf/_echoidx_1/bold_source".
250304-09:06:32,185 nipype.workflow INFO:
	 [Node] Setting-up "fmriprep_24_1_wf.sub_24053_wf.bold_ses_1_task_bao_dir_AP_run_01_echo_1_part_mag_wf.bold_native_wf.bold_source" in "/work/fmriprep_24_1_wf/sub_24053_wf/bold_ses_1_task_bao_dir_AP_run_01_echo_1_part_mag_wf/bold_native_wf/_echoidx_2/bold_source".
250304-09:06:32,185 nipype.workflow INFO:
	 [Node] Setting-up "fmriprep_24_1_wf.sub_24053_wf.bold_ses_1_task_bao_dir_AP_run_01_echo_1_part_mag_wf.bold_native_wf.bold_source" in "/work/fmriprep_24_1_wf/sub_24053_wf/bold_ses_1_task_bao_dir_AP_run_01_echo_1_part_mag_wf/bold_native_wf/_echoidx_3/bold_source".
250304-09:06:32,185 nipype.workflow INFO:
	 [Node] Setting-up "fmriprep_24_1_wf.sub_24053_wf.bold_ses_1_task_bao_dir_AP_run_01_echo_1_part_mag_wf.bold_native_wf.bold_source" in "/work/fmriprep_24_1_wf/sub_24053_wf/bold_ses_1_task_bao_dir_AP_run_01_echo_1_part_mag_wf/bold_native_wf/_echoidx_4/bold_source".
250304-09:06:32,188 nipype.workflow INFO:
	 [Node] Executing "bold_source" <nipype.interfaces.utility.base.Select>
250304-09:06:32,189 nipype.workflow INFO:
	 [Node] Executing "bold_source" <nipype.interfaces.utility.base.Select>
250304-09:06:32,189 nipype.workflow INFO:
	 [Node] Executing "bold_source" <nipype.interfaces.utility.base.Select>
250304-09:06:32,189 nipype.workflow INFO:
	 [Node] Executing "bold_source" <nipype.interfaces.utility.base.Select>
250304-09:06:32,189 nipype.workflow INFO:
	 [Node] Finished "bold_source", elapsed time 0.000283s.
250304-09:06:32,189 nipype.workflow INFO:
	 [Node] Executing "bold_source" <nipype.interfaces.utility.base.Select>
250304-09:06:32,189 nipype.workflow INFO:
	 [Node] Executing "bold_source" <nipype.interfaces.utility.base.Select>
250304-09:06:32,190 nipype.workflow INFO:
	 [Node] Finished "bold_source", elapsed time 0.000307s.
250304-09:06:32,190 nipype.workflow INFO:
	 [Node] Finished "bold_source", elapsed time 0.000271s.
250304-09:06:32,190 nipype.workflow INFO:
	 [Node] Finished "bold_source", elapsed time 0.000234s.
250304-09:06:32,190 nipype.workflow INFO:
	 [Node] Finished "bold_source", elapsed time 0.000323s.
250304-09:06:32,191 nipype.workflow INFO:
	 [Node] Executing "bold_source" <nipype.interfaces.utility.base.Select>
250304-09:06:32,191 nipype.workflow INFO:
	 [Node] Executing "bold_source" <nipype.interfaces.utility.base.Select>
250304-09:06:32,192 nipype.workflow INFO:
	 [Node] Finished "bold_source", elapsed time 0.000328s.
250304-09:06:32,192 nipype.workflow INFO:
	 [Node] Finished "bold_source", elapsed time 0.00035s.
250304-09:06:32,192 nipype.workflow INFO:
	 [Node] Executing "bold_source" <nipype.interfaces.utility.base.Select>
250304-09:06:32,193 nipype.workflow INFO:
	 [Node] Executing "bold_source" <nipype.interfaces.utility.base.Select>
250304-09:06:32,193 nipype.workflow INFO:
	 [Node] Finished "bold_source", elapsed time 0.000309s.
250304-09:06:32,193 nipype.workflow INFO:
	 [Node] Finished "bold_source", elapsed time 0.000324s.
250304-09:06:32,197 nipype.workflow INFO:
	 [Node] Finished "bold_source", elapsed time 0.000445s.
250304-09:06:32,594 nipype.workflow INFO:
	 [Node] Setting-up "fmriprep_24_1_wf.sub_24053_wf.bids_info" in "/work/fmriprep_24_1_wf/sub_24053_wf/bids_info".
250304-09:06:32,598 nipype.workflow INFO:
	 [Node] Setting-up "fmriprep_24_1_wf.sub_24053_wf.anat_fit_wf.anat_template_wf.anat_ref_dimensions" in "/work/fmriprep_24_1_wf/sub_24053_wf/anat_fit_wf/anat_template_wf/anat_ref_dimensions".
250304-09:06:32,598 nipype.workflow INFO:
	 [Node] Setting-up "fmriprep_24_1_wf.sub_24053_wf.anat_fit_wf.t2w_template_wf.anat_ref_dimensions" in "/work/fmriprep_24_1_wf/sub_24053_wf/anat_fit_wf/t2w_template_wf/anat_ref_dimensions".
250304-09:06:32,599 nipype.workflow INFO:
	 [Node] Executing "bids_info" <niworkflows.interfaces.bids.BIDSInfo>
250304-09:06:32,603 nipype.workflow INFO:
	 [Node] Executing "anat_ref_dimensions" <niworkflows.interfaces.images.TemplateDimensions>
250304-09:06:32,604 nipype.workflow INFO:
	 [Node] Executing "anat_ref_dimensions" <niworkflows.interfaces.images.TemplateDimensions>
250304-09:06:32,607 nipype.workflow INFO:
	 [Node] Finished "bids_info", elapsed time 0.006801s.
250304-09:06:32,729 nipype.workflow INFO:
	 [Node] Finished "anat_ref_dimensions", elapsed time 0.124593s.
250304-09:06:32,729 nipype.workflow INFO:
	 [Node] Finished "anat_ref_dimensions", elapsed time 0.125667s.
250304-09:06:33,233 nipype.workflow INFO:
	 [Node] Setting-up "fmriprep_24_1_wf.sub_24053_wf.bold_ses_1_task_rat_dir_PA_run_01_echo_1_part_mag_wf.ds_bold_native_wf.sources" in "/work/fmriprep_24_1_wf/sub_24053_wf/bold_ses_1_task_rat_dir_PA_run_01_echo_1_part_mag_wf/ds_bold_native_wf/sources".
250304-09:06:33,239 nipype.workflow INFO:
	 [Node] Executing "sources" <fmriprep.interfaces.bids.BIDSURI>
250304-09:06:33,242 nipype.workflow INFO:
	 [Node] Finished "sources", elapsed time 0.000432s.
250304-09:06:33,452 nipype.workflow INFO:
	 [Node] Finished "get_dummy", elapsed time 3.823394s.
250304-09:06:34,551 nipype.workflow INFO:
	 [Node] Setting-up "fmriprep_24_1_wf.sub_24053_wf.bold_ses_1_task_rat_dir_PA_run_01_echo_1_part_mag_wf.bold_native_wf.validate_bold" in "/work/fmriprep_24_1_wf/sub_24053_wf/bold_ses_1_task_rat_dir_PA_run_01_echo_1_part_mag_wf/bold_native_wf/_echoidx_4/validate_bold".
250304-09:06:34,555 nipype.workflow INFO:
	 [Node] Setting-up "fmriprep_24_1_wf.sub_24053_wf.bold_ses_1_task_rat_dir_PA_run_01_echo_1_part_mag_wf.bold_native_wf.validate_bold" in "/work/fmriprep_24_1_wf/sub_24053_wf/bold_ses_1_task_rat_dir_PA_run_01_echo_1_part_mag_wf/bold_native_wf/_echoidx_0/validate_bold".
250304-09:06:34,555 nipype.workflow INFO:
	 [Node] Setting-up "fmriprep_24_1_wf.sub_24053_wf.bold_ses_1_task_rat_dir_PA_run_01_echo_1_part_mag_wf.bold_native_wf.validate_bold" in "/work/fmriprep_24_1_wf/sub_24053_wf/bold_ses_1_task_rat_dir_PA_run_01_echo_1_part_mag_wf/bold_native_wf/_echoidx_2/validate_bold".
250304-09:06:34,555 nipype.workflow INFO:
	 [Node] Setting-up "fmriprep_24_1_wf.sub_24053_wf.bold_ses_1_task_rat_dir_PA_run_01_echo_1_part_mag_wf.bold_native_wf.validate_bold" in "/work/fmriprep_24_1_wf/sub_24053_wf/bold_ses_1_task_rat_dir_PA_run_01_echo_1_part_mag_wf/bold_native_wf/_echoidx_3/validate_bold".
250304-09:06:34,556 nipype.workflow INFO:
	 [Node] Setting-up "fmriprep_24_1_wf.sub_24053_wf.bold_ses_1_task_rat_dir_PA_run_01_echo_1_part_mag_wf.bold_native_wf.validate_bold" in "/work/fmriprep_24_1_wf/sub_24053_wf/bold_ses_1_task_rat_dir_PA_run_01_echo_1_part_mag_wf/bold_native_wf/_echoidx_1/validate_bold".
250304-09:06:34,556 nipype.workflow INFO:
	 [Node] Executing "validate_bold" <niworkflows.interfaces.header.ValidateImage>
250304-09:06:34,557 nipype.workflow INFO:
	 [Node] Setting-up "fmriprep_24_1_wf.sub_24053_wf.bold_ses_1_task_bao_dir_AP_run_01_echo_1_part_mag_wf.bold_native_wf.validate_bold" in "/work/fmriprep_24_1_wf/sub_24053_wf/bold_ses_1_task_bao_dir_AP_run_01_echo_1_part_mag_wf/bold_native_wf/_echoidx_1/validate_bold".
250304-09:06:34,557 nipype.workflow INFO:
	 [Node] Setting-up "fmriprep_24_1_wf.sub_24053_wf.bold_ses_1_task_bao_dir_AP_run_01_echo_1_part_mag_wf.bold_native_wf.validate_bold" in "/work/fmriprep_24_1_wf/sub_24053_wf/bold_ses_1_task_bao_dir_AP_run_01_echo_1_part_mag_wf/bold_native_wf/_echoidx_2/validate_bold".
250304-09:06:34,557 nipype.workflow INFO:
	 [Node] Setting-up "fmriprep_24_1_wf.sub_24053_wf.bold_ses_1_task_bao_dir_AP_run_01_echo_1_part_mag_wf.bold_native_wf.validate_bold" in "/work/fmriprep_24_1_wf/sub_24053_wf/bold_ses_1_task_bao_dir_AP_run_01_echo_1_part_mag_wf/bold_native_wf/_echoidx_3/validate_bold".
250304-09:06:34,558 nipype.workflow INFO:
	 [Node] Setting-up "fmriprep_24_1_wf.sub_24053_wf.bold_ses_1_task_bao_dir_AP_run_01_echo_1_part_mag_wf.bold_native_wf.validate_bold" in "/work/fmriprep_24_1_wf/sub_24053_wf/bold_ses_1_task_bao_dir_AP_run_01_echo_1_part_mag_wf/bold_native_wf/_echoidx_4/validate_bold".
250304-09:06:34,559 nipype.workflow INFO:
	 [Node] Executing "validate_bold" <niworkflows.interfaces.header.ValidateImage>
250304-09:06:34,560 nipype.workflow INFO:
	 [Node] Executing "validate_bold" <niworkflows.interfaces.header.ValidateImage>
250304-09:06:34,560 nipype.workflow INFO:
	 [Node] Executing "validate_bold" <niworkflows.interfaces.header.ValidateImage>
250304-09:06:34,560 nipype.workflow INFO:
	 [Node] Executing "validate_bold" <niworkflows.interfaces.header.ValidateImage>
250304-09:06:34,561 nipype.workflow INFO:
	 [Node] Executing "validate_bold" <niworkflows.interfaces.header.ValidateImage>
250304-09:06:34,561 nipype.workflow INFO:
	 [Node] Executing "validate_bold" <niworkflows.interfaces.header.ValidateImage>
250304-09:06:34,561 nipype.workflow INFO:
	 [Node] Executing "validate_bold" <niworkflows.interfaces.header.ValidateImage>
250304-09:06:34,563 nipype.workflow INFO:
	 [Node] Executing "validate_bold" <niworkflows.interfaces.header.ValidateImage>
250304-09:06:34,616 nipype.workflow INFO:
	 [Node] Finished "validate_bold", elapsed time 0.059469s.
250304-09:06:34,621 nipype.workflow INFO:
	 [Node] Finished "validate_bold", elapsed time 0.060393s.
250304-09:06:34,621 nipype.workflow INFO:
	 [Node] Finished "validate_bold", elapsed time 0.060912s.
250304-09:06:34,621 nipype.workflow INFO:
	 [Node] Finished "validate_bold", elapsed time 0.06107s.
250304-09:06:34,624 nipype.workflow INFO:
	 [Node] Finished "validate_bold", elapsed time 0.061425s.
250304-09:06:34,624 nipype.workflow INFO:
	 [Node] Finished "validate_bold", elapsed time 0.061129s.
250304-09:06:34,625 nipype.workflow INFO:
	 [Node] Finished "validate_bold", elapsed time 0.063798s.
250304-09:06:34,625 nipype.workflow INFO:
	 [Node] Finished "validate_bold", elapsed time 0.06288s.
250304-09:06:34,626 nipype.workflow INFO:
	 [Node] Finished "validate_bold", elapsed time 0.063942s.
250304-09:06:34,630 nipype.workflow INFO:
	 [Node] Setting-up "fmriprep_24_1_wf.sub_24053_wf.bold_ses_1_task_bao_dir_AP_run_01_echo_1_part_mag_wf.bold_native_wf.validate_bold" in "/work/fmriprep_24_1_wf/sub_24053_wf/bold_ses_1_task_bao_dir_AP_run_01_echo_1_part_mag_wf/bold_native_wf/_echoidx_0/validate_bold".
250304-09:06:34,634 nipype.workflow INFO:
	 [Node] Executing "validate_bold" <niworkflows.interfaces.header.ValidateImage>
250304-09:06:34,696 nipype.workflow INFO:
	 [Node] Finished "validate_bold", elapsed time 0.061601s.
250304-09:06:34,838 nipype.workflow INFO:
	 [Node] Finished "get_dummy", elapsed time 5.127982s.
250304-09:06:35,486 nipype.workflow INFO:
	 [Node] Setting-up "fmriprep_24_1_wf.sub_24053_wf.anat_fit_wf.ds_t1w_mask_wf.raw_sources" in "/work/fmriprep_24_1_wf/sub_24053_wf/anat_fit_wf/ds_t1w_mask_wf/raw_sources".
250304-09:06:35,486 nipype.workflow INFO:
	 [Node] Setting-up "fmriprep_24_1_wf.sub_24053_wf.anat_fit_wf.ds_ribbon_mask_wf.raw_sources" in "/work/fmriprep_24_1_wf/sub_24053_wf/anat_fit_wf/ds_ribbon_mask_wf/raw_sources".
250304-09:06:35,496 nipype.workflow INFO:
	 [Node] Executing "raw_sources" <nipype.interfaces.utility.wrappers.Function>
250304-09:06:35,497 nipype.workflow INFO:
	 [Node] Finished "raw_sources", elapsed time 0.000419s.
250304-09:06:35,599 nipype.workflow INFO:
	 [Node] Executing "raw_sources" <nipype.interfaces.utility.wrappers.Function>
250304-09:06:35,600 nipype.workflow INFO:
	 [Node] Finished "raw_sources", elapsed time 0.000393s.
250304-09:06:36,19 nipype.workflow INFO:
	 [Node] Setting-up "fmriprep_24_1_wf.sub_24053_wf.bold_ses_1_task_bao_dir_AP_run_01_echo_1_part_mag_wf.bold_fit_wf.hmc_boldref_wf.gen_avg" in "/work/fmriprep_24_1_wf/sub_24053_wf/bold_ses_1_task_bao_dir_AP_run_01_echo_1_part_mag_wf/bold_fit_wf/hmc_boldref_wf/gen_avg".
250304-09:06:36,34 nipype.workflow INFO:
	 [Node] Executing "gen_avg" <niworkflows.interfaces.images.RobustAverage>
250304-09:06:36,74 nipype.workflow INFO:
	 [Node] Setting-up "fmriprep_24_1_wf.sub_24053_wf.bold_ses_1_task_rat_dir_PA_run_01_echo_1_part_mag_wf.bold_fit_wf.hmc_boldref_wf.gen_avg" in "/work/fmriprep_24_1_wf/sub_24053_wf/bold_ses_1_task_rat_dir_PA_run_01_echo_1_part_mag_wf/bold_fit_wf/hmc_boldref_wf/gen_avg".
250304-09:06:36,88 nipype.workflow INFO:
	 [Node] Executing "gen_avg" <niworkflows.interfaces.images.RobustAverage>
250304-09:06:39,677 nipype.workflow INFO:
	 [Node] Setting-up "fmriprep_24_1_wf.sub_24053_wf.bold_ses_1_task_bao_dir_AP_run_01_echo_1_part_mag_wf.bold_native_wf.bold_stc_wf.slice_timing_correction" in "/work/fmriprep_24_1_wf/sub_24053_wf/bold_ses_1_task_bao_dir_AP_run_01_echo_1_part_mag_wf/bold_native_wf/bold_stc_wf/_echoidx_3/slice_timing_correction".
250304-09:06:39,683 nipype.workflow INFO:
	 [Node] Setting-up "fmriprep_24_1_wf.sub_24053_wf.bold_ses_1_task_rat_dir_PA_run_01_echo_1_part_mag_wf.bold_native_wf.bold_stc_wf.slice_timing_correction" in "/work/fmriprep_24_1_wf/sub_24053_wf/bold_ses_1_task_rat_dir_PA_run_01_echo_1_part_mag_wf/bold_native_wf/bold_stc_wf/_echoidx_1/slice_timing_correction".
250304-09:06:39,687 nipype.workflow INFO:
	 [Node] Executing "slice_timing_correction" <fmriprep.workflows.bold.stc.TShift>
250304-09:06:39,695 nipype.workflow INFO:
	 [Node] Executing "slice_timing_correction" <fmriprep.workflows.bold.stc.TShift>
250304-09:06:39,699 nipype.workflow INFO:
	 [Node] Setting-up "fmriprep_24_1_wf.sub_24053_wf.bold_ses_1_task_rat_dir_PA_run_01_echo_1_part_mag_wf.bold_native_wf.bold_stc_wf.slice_timing_correction" in "/work/fmriprep_24_1_wf/sub_24053_wf/bold_ses_1_task_rat_dir_PA_run_01_echo_1_part_mag_wf/bold_native_wf/bold_stc_wf/_echoidx_2/slice_timing_correction".
250304-09:06:39,714 nipype.workflow INFO:
	 [Node] Executing "slice_timing_correction" <fmriprep.workflows.bold.stc.TShift>
250304-09:06:39,752 nipype.workflow INFO:
	 [Node] Setting-up "fmriprep_24_1_wf.sub_24053_wf.bold_ses_1_task_bao_dir_AP_run_01_echo_1_part_mag_wf.bold_native_wf.bold_stc_wf.slice_timing_correction" in "/work/fmriprep_24_1_wf/sub_24053_wf/bold_ses_1_task_bao_dir_AP_run_01_echo_1_part_mag_wf/bold_native_wf/bold_stc_wf/_echoidx_1/slice_timing_correction".
250304-09:06:39,759 nipype.workflow INFO:
	 [Node] Executing "slice_timing_correction" <fmriprep.workflows.bold.stc.TShift>
250304-09:06:39,772 nipype.workflow INFO:
	 [Node] Setting-up "fmriprep_24_1_wf.sub_24053_wf.bold_ses_1_task_bao_dir_AP_run_01_echo_1_part_mag_wf.bold_native_wf.bold_stc_wf.slice_timing_correction" in "/work/fmriprep_24_1_wf/sub_24053_wf/bold_ses_1_task_bao_dir_AP_run_01_echo_1_part_mag_wf/bold_native_wf/bold_stc_wf/_echoidx_2/slice_timing_correction".
250304-09:06:39,781 nipype.workflow INFO:
	 [Node] Executing "slice_timing_correction" <fmriprep.workflows.bold.stc.TShift>
250304-09:06:39,820 nipype.workflow INFO:
	 [Node] Setting-up "fmriprep_24_1_wf.sub_24053_wf.bold_ses_1_task_rat_dir_PA_run_01_echo_1_part_mag_wf.bold_native_wf.bold_stc_wf.slice_timing_correction" in "/work/fmriprep_24_1_wf/sub_24053_wf/bold_ses_1_task_rat_dir_PA_run_01_echo_1_part_mag_wf/bold_native_wf/bold_stc_wf/_echoidx_0/slice_timing_correction".
250304-09:06:39,832 nipype.workflow INFO:
	 [Node] Executing "slice_timing_correction" <fmriprep.workflows.bold.stc.TShift>
250304-09:06:40,316 nipype.workflow INFO:
	 [Node] Finished "lap_tmpl", elapsed time 10.385712999999999s.
250304-09:06:40,637 nipype.interface INFO:
	 stderr 2025-03-04T09:06:40.637588:++ 3dvolreg: AFNI version=AFNI_24.3.01 (Oct  9 2024) [64-bit]
250304-09:06:40,637 nipype.interface INFO:
	 stderr 2025-03-04T09:06:40.637588:++ Authored by: RW Cox
250304-09:06:40,643 nipype.interface INFO:
	 stderr 2025-03-04T09:06:40.643589:** AFNI converts NIFTI_datatype=512 (UINT16) in file /work/fmriprep_24_1_wf/sub_24053_wf/bold_ses_1_task_bao_dir_AP_run_01_echo_1_part_mag_wf/bold_fit_wf/hmc_boldref_wf/gen_avg/sub-24053_ses-1_task-bao_dir-AP_run-01_echo-1_part-mag_bold_sliced.nii.gz to FLOAT32
250304-09:06:40,643 nipype.interface INFO:
	 stderr 2025-03-04T09:06:40.643669:     Warnings of this type will be muted for this session.
250304-09:06:40,643 nipype.interface INFO:
	 stderr 2025-03-04T09:06:40.643669:     Set AFNI_NIFTI_TYPE_WARN to YES to see them all, NO to see none.
250304-09:06:40,650 nipype.interface INFO:
	 stderr 2025-03-04T09:06:40.650689:++ Coarse del was 10, replaced with 7
250304-09:06:41,32 nipype.workflow INFO:
	 [Node] Setting-up "fmriprep_24_1_wf.sub_24053_wf.bold_ses_1_task_bao_dir_AP_run_01_echo_1_part_mag_wf.bold_native_wf.bold_stc_wf.slice_timing_correction" in "/work/fmriprep_24_1_wf/sub_24053_wf/bold_ses_1_task_bao_dir_AP_run_01_echo_1_part_mag_wf/bold_native_wf/bold_stc_wf/_echoidx_0/slice_timing_correction".
250304-09:06:41,41 nipype.workflow INFO:
	 [Node] Executing "slice_timing_correction" <fmriprep.workflows.bold.stc.TShift>
250304-09:06:41,65 nipype.workflow INFO:
	 [Node] Setting-up "fmriprep_24_1_wf.sub_24053_wf.bold_ses_1_task_rat_dir_PA_run_01_echo_1_part_mag_wf.bold_native_wf.bold_stc_wf.slice_timing_correction" in "/work/fmriprep_24_1_wf/sub_24053_wf/bold_ses_1_task_rat_dir_PA_run_01_echo_1_part_mag_wf/bold_native_wf/bold_stc_wf/_echoidx_4/slice_timing_correction".
250304-09:06:41,100 nipype.workflow INFO:
	 [Node] Executing "slice_timing_correction" <fmriprep.workflows.bold.stc.TShift>
250304-09:06:41,286 nipype.workflow INFO:
	 [Node] Setting-up "fmriprep_24_1_wf.sub_24053_wf.bold_ses_1_task_rat_dir_PA_run_01_echo_1_part_mag_wf.bold_native_wf.bold_stc_wf.slice_timing_correction" in "/work/fmriprep_24_1_wf/sub_24053_wf/bold_ses_1_task_rat_dir_PA_run_01_echo_1_part_mag_wf/bold_native_wf/bold_stc_wf/_echoidx_3/slice_timing_correction".
250304-09:06:41,320 nipype.workflow INFO:
	 [Node] Executing "slice_timing_correction" <fmriprep.workflows.bold.stc.TShift>
250304-09:06:41,863 nipype.workflow INFO:
	 [Node] Setting-up "fmriprep_24_1_wf.sub_24053_wf.anat_fit_wf.brain_extraction_wf.mrg_tmpl" in "/work/fmriprep_24_1_wf/sub_24053_wf/anat_fit_wf/brain_extraction_wf/mrg_tmpl".
250304-09:06:41,908 nipype.workflow INFO:
	 [Node] Executing "mrg_tmpl" <nipype.interfaces.utility.base.Merge>
250304-09:06:41,909 nipype.workflow INFO:
	 [Node] Finished "mrg_tmpl", elapsed time 0.000199s.
250304-09:06:41,959 nipype.interface INFO:
	 stderr 2025-03-04T09:06:41.959184:++ 3dvolreg: AFNI version=AFNI_24.3.01 (Oct  9 2024) [64-bit]
250304-09:06:41,959 nipype.interface INFO:
	 stderr 2025-03-04T09:06:41.959184:++ Authored by: RW Cox
250304-09:06:41,995 nipype.interface INFO:
	 stderr 2025-03-04T09:06:41.995565:** AFNI converts NIFTI_datatype=512 (UINT16) in file /work/fmriprep_24_1_wf/sub_24053_wf/bold_ses_1_task_rat_dir_PA_run_01_echo_1_part_mag_wf/bold_fit_wf/hmc_boldref_wf/gen_avg/sub-24053_ses-1_task-rat_dir-PA_run-01_echo-1_part-mag_bold_sliced.nii.gz to FLOAT32
250304-09:06:41,995 nipype.interface INFO:
	 stderr 2025-03-04T09:06:41.995565:     Warnings of this type will be muted for this session.
250304-09:06:41,995 nipype.interface INFO:
	 stderr 2025-03-04T09:06:41.995565:     Set AFNI_NIFTI_TYPE_WARN to YES to see them all, NO to see none.
250304-09:06:41,995 nipype.interface INFO:
	 stderr 2025-03-04T09:06:41.995910:++ Coarse del was 10, replaced with 7
250304-09:07:45,312 nipype.interface INFO:
	 stderr 2025-03-04T09:07:45.312787:++ Max displacement in automask = 0.26 (mm) at sub-brick 18
250304-09:07:45,312 nipype.interface INFO:
	 stderr 2025-03-04T09:07:45.312787:++ Max delta displ  in automask = 0.13 (mm) at sub-brick 13
250304-09:07:47,239 nipype.interface INFO:
	 stderr 2025-03-04T09:07:47.239013:++ Max displacement in automask = 0.30 (mm) at sub-brick 18
250304-09:07:47,239 nipype.interface INFO:
	 stderr 2025-03-04T09:07:47.239013:++ Max delta displ  in automask = 0.08 (mm) at sub-brick 12
250304-09:07:49,941 nipype.workflow INFO:
	 [Node] Finished "slice_timing_correction", elapsed time 70.18119s.
250304-09:07:50,292 nipype.workflow INFO:
	 [Node] Finished "gen_avg", elapsed time 74.257786s.
250304-09:07:50,501 nipype.workflow INFO:
	 [Node] Finished "slice_timing_correction", elapsed time 69.459107s.
250304-09:07:50,893 nipype.workflow INFO:
	 [Node] Finished "slice_timing_correction", elapsed time 71.111159s.
250304-09:07:51,68 nipype.workflow INFO:
	 [Node] Finished "slice_timing_correction", elapsed time 71.379975s.
250304-09:07:51,867 nipype.workflow INFO:
	 [Node] Setting-up "fmriprep_24_1_wf.sub_24053_wf.bold_ses_1_task_bao_dir_AP_run_01_echo_1_part_mag_wf.bold_fit_wf.fmapref_buffer" in "/work/fmriprep_24_1_wf/sub_24053_wf/bold_ses_1_task_bao_dir_AP_run_01_echo_1_part_mag_wf/bold_fit_wf/fmapref_buffer".
250304-09:07:51,877 nipype.workflow INFO:
	 [Node] Executing "fmapref_buffer" <nipype.interfaces.utility.wrappers.Function>
250304-09:07:51,878 nipype.workflow INFO:
	 [Node] Finished "fmapref_buffer", elapsed time 0.000664s.
250304-09:07:51,926 nipype.interface WARNING:
	 Changing /out/sub-24053/ses-1/func/sub-24053_ses-1_task-bao_dir-AP_run-01_part-mag_desc-hmc_boldref.nii.gz dtype from uint16 to float32
250304-09:07:52,249 nipype.workflow INFO:
	 [Node] Finished "gen_avg", elapsed time 76.160566s.
250304-09:07:52,359 nipype.workflow INFO:
	 [Node] Setting-up "fmriprep_24_1_wf.sub_24053_wf.bold_ses_1_task_bao_dir_AP_run_01_echo_1_part_mag_wf.bold_native_wf.bold_stc_wf.copy_xform" in "/work/fmriprep_24_1_wf/sub_24053_wf/bold_ses_1_task_bao_dir_AP_run_01_echo_1_part_mag_wf/bold_native_wf/bold_stc_wf/_echoidx_0/copy_xform".
250304-09:07:52,359 nipype.workflow INFO:
	 [Node] Setting-up "fmriprep_24_1_wf.sub_24053_wf.bold_ses_1_task_bao_dir_AP_run_01_echo_1_part_mag_wf.bold_native_wf.bold_stc_wf.copy_xform" in "/work/fmriprep_24_1_wf/sub_24053_wf/bold_ses_1_task_bao_dir_AP_run_01_echo_1_part_mag_wf/bold_native_wf/bold_stc_wf/_echoidx_1/copy_xform".
250304-09:07:52,364 nipype.workflow INFO:
	 [Node] Setting-up "fmriprep_24_1_wf.sub_24053_wf.bold_ses_1_task_bao_dir_AP_run_01_echo_1_part_mag_wf.bold_native_wf.bold_stc_wf.copy_xform" in "/work/fmriprep_24_1_wf/sub_24053_wf/bold_ses_1_task_bao_dir_AP_run_01_echo_1_part_mag_wf/bold_native_wf/bold_stc_wf/_echoidx_2/copy_xform".
250304-09:07:52,365 nipype.workflow INFO:
	 [Node] Setting-up "fmriprep_24_1_wf.sub_24053_wf.bold_ses_1_task_bao_dir_AP_run_01_echo_1_part_mag_wf.bold_native_wf.bold_stc_wf.copy_xform" in "/work/fmriprep_24_1_wf/sub_24053_wf/bold_ses_1_task_bao_dir_AP_run_01_echo_1_part_mag_wf/bold_native_wf/bold_stc_wf/_echoidx_3/copy_xform".
250304-09:07:52,419 nipype.workflow INFO:
	 [Node] Setting-up "fmriprep_24_1_wf.sub_24053_wf.bold_ses_1_task_bao_dir_AP_run_01_echo_1_part_mag_wf.bold_fit_wf.bold_hmc_wf.mcflirt" in "/work/fmriprep_24_1_wf/sub_24053_wf/bold_ses_1_task_bao_dir_AP_run_01_echo_1_part_mag_wf/bold_fit_wf/bold_hmc_wf/mcflirt".
250304-09:07:52,428 nipype.workflow INFO:
	 [Node] Executing "mcflirt" <nipype.interfaces.fsl.preprocess.MCFLIRT>
250304-09:07:53,860 nipype.workflow INFO:
	 [Node] Setting-up "fmriprep_24_1_wf.sub_24053_wf.bold_ses_1_task_rat_dir_PA_run_01_echo_1_part_mag_wf.bold_fit_wf.fmapref_buffer" in "/work/fmriprep_24_1_wf/sub_24053_wf/bold_ses_1_task_rat_dir_PA_run_01_echo_1_part_mag_wf/bold_fit_wf/fmapref_buffer".
250304-09:07:53,918 nipype.interface WARNING:
	 Changing /out/sub-24053/ses-1/func/sub-24053_ses-1_task-rat_dir-PA_run-01_part-mag_desc-hmc_boldref.nii.gz dtype from uint16 to float32
250304-09:07:53,942 nipype.workflow INFO:
	 [Node] Executing "fmapref_buffer" <nipype.interfaces.utility.wrappers.Function>
250304-09:07:53,943 nipype.workflow INFO:
	 [Node] Finished "fmapref_buffer", elapsed time 0.000809s.
250304-09:07:54,135 nipype.workflow INFO:
	 [Node] Setting-up "fmriprep_24_1_wf.sub_24053_wf.bold_ses_1_task_bao_dir_AP_run_01_echo_1_part_mag_wf.bold_native_wf.bold_stc_wf.slice_timing_correction" in "/work/fmriprep_24_1_wf/sub_24053_wf/bold_ses_1_task_bao_dir_AP_run_01_echo_1_part_mag_wf/bold_native_wf/bold_stc_wf/_echoidx_4/slice_timing_correction".
250304-09:07:54,142 nipype.workflow INFO:
	 [Node] Executing "slice_timing_correction" <fmriprep.workflows.bold.stc.TShift>
250304-09:07:54,342 nipype.workflow INFO:
	 [Node] Executing "copy_xform" <niworkflows.interfaces.header.CopyXForm>
250304-09:07:54,355 nipype.workflow INFO:
	 [Node] Setting-up "fmriprep_24_1_wf.sub_24053_wf.bold_ses_1_task_bao_dir_AP_run_01_echo_1_part_mag_wf.bold_fit_wf.ds_coreg_boldref_wf.sources" in "/work/fmriprep_24_1_wf/sub_24053_wf/bold_ses_1_task_bao_dir_AP_run_01_echo_1_part_mag_wf/bold_fit_wf/ds_coreg_boldref_wf/sources".
250304-09:07:54,361 nipype.workflow INFO:
	 [Node] Executing "sources" <fmriprep.interfaces.bids.BIDSURI>
250304-09:07:54,362 nipype.workflow INFO:
	 [Node] Finished "sources", elapsed time 0.00034s.
250304-09:07:55,488 nipype.workflow INFO:
	 [Node] Executing "copy_xform" <niworkflows.interfaces.header.CopyXForm>
250304-09:07:55,542 nipype.workflow INFO:
	 [Node] Executing "copy_xform" <niworkflows.interfaces.header.CopyXForm>
250304-09:07:55,681 nipype.workflow INFO:
	 [Node] Executing "copy_xform" <niworkflows.interfaces.header.CopyXForm>
250304-09:07:55,871 nipype.workflow INFO:
	 [Node] Setting-up "fmriprep_24_1_wf.sub_24053_wf.bold_ses_1_task_rat_dir_PA_run_01_echo_1_part_mag_wf.bold_fit_wf.bold_hmc_wf.mcflirt" in "/work/fmriprep_24_1_wf/sub_24053_wf/bold_ses_1_task_rat_dir_PA_run_01_echo_1_part_mag_wf/bold_fit_wf/bold_hmc_wf/mcflirt".
250304-09:07:55,891 nipype.workflow INFO:
	 [Node] Executing "mcflirt" <nipype.interfaces.fsl.preprocess.MCFLIRT>
250304-09:08:19,314 nipype.workflow INFO:
	 [Node] Finished "slice_timing_correction", elapsed time 99.618271s.
250304-09:08:19,398 nipype.workflow INFO:
	 [Node] Finished "slice_timing_correction", elapsed time 99.56482s.
250304-09:08:19,474 nipype.workflow INFO:
	 [Node] Finished "slice_timing_correction", elapsed time 99.759454s.
250304-09:08:19,865 nipype.workflow INFO:
	 [Node] Setting-up "fmriprep_24_1_wf.sub_24053_wf.bold_ses_1_task_rat_dir_PA_run_01_echo_1_part_mag_wf.bold_native_wf.bold_stc_wf.copy_xform" in "/work/fmriprep_24_1_wf/sub_24053_wf/bold_ses_1_task_rat_dir_PA_run_01_echo_1_part_mag_wf/bold_native_wf/bold_stc_wf/_echoidx_0/copy_xform".
250304-09:08:19,866 nipype.workflow INFO:
	 [Node] Setting-up "fmriprep_24_1_wf.sub_24053_wf.bold_ses_1_task_rat_dir_PA_run_01_echo_1_part_mag_wf.bold_native_wf.bold_stc_wf.copy_xform" in "/work/fmriprep_24_1_wf/sub_24053_wf/bold_ses_1_task_rat_dir_PA_run_01_echo_1_part_mag_wf/bold_native_wf/bold_stc_wf/_echoidx_1/copy_xform".
250304-09:08:19,866 nipype.workflow INFO:
	 [Node] Setting-up "fmriprep_24_1_wf.sub_24053_wf.bold_ses_1_task_rat_dir_PA_run_01_echo_1_part_mag_wf.bold_native_wf.bold_stc_wf.copy_xform" in "/work/fmriprep_24_1_wf/sub_24053_wf/bold_ses_1_task_rat_dir_PA_run_01_echo_1_part_mag_wf/bold_native_wf/bold_stc_wf/_echoidx_2/copy_xform".
250304-09:08:19,871 nipype.workflow INFO:
	 [Node] Executing "copy_xform" <niworkflows.interfaces.header.CopyXForm>
250304-09:08:19,871 nipype.workflow INFO:
	 [Node] Executing "copy_xform" <niworkflows.interfaces.header.CopyXForm>
250304-09:08:19,872 nipype.workflow INFO:
	 [Node] Executing "copy_xform" <niworkflows.interfaces.header.CopyXForm>
250304-09:08:21,167 nipype.workflow INFO:
	 [Node] Setting-up "fmriprep_24_1_wf.sub_24053_wf.bold_ses_1_task_rat_dir_PA_run_01_echo_1_part_mag_wf.bold_fit_wf.ds_coreg_boldref_wf.sources" in "/work/fmriprep_24_1_wf/sub_24053_wf/bold_ses_1_task_rat_dir_PA_run_01_echo_1_part_mag_wf/bold_fit_wf/ds_coreg_boldref_wf/sources".
250304-09:08:21,176 nipype.workflow INFO:
	 [Node] Executing "sources" <fmriprep.interfaces.bids.BIDSURI>
250304-09:08:21,177 nipype.workflow INFO:
	 [Node] Finished "sources", elapsed time 0.000192s.
250304-09:08:22,57 nipype.workflow INFO:
	 [Node] Finished "slice_timing_correction", elapsed time 100.955437s.
250304-09:08:22,238 nipype.workflow INFO:
	 [Node] Finished "slice_timing_correction", elapsed time 100.917435s.
250304-09:08:23,870 nipype.workflow INFO:
	 [Node] Setting-up "fmriprep_24_1_wf.sub_24053_wf.bold_ses_1_task_rat_dir_PA_run_01_echo_1_part_mag_wf.bold_native_wf.bold_stc_wf.copy_xform" in "/work/fmriprep_24_1_wf/sub_24053_wf/bold_ses_1_task_rat_dir_PA_run_01_echo_1_part_mag_wf/bold_native_wf/bold_stc_wf/_echoidx_3/copy_xform".
250304-09:08:23,871 nipype.workflow INFO:
	 [Node] Setting-up "fmriprep_24_1_wf.sub_24053_wf.bold_ses_1_task_rat_dir_PA_run_01_echo_1_part_mag_wf.bold_native_wf.bold_stc_wf.copy_xform" in "/work/fmriprep_24_1_wf/sub_24053_wf/bold_ses_1_task_rat_dir_PA_run_01_echo_1_part_mag_wf/bold_native_wf/bold_stc_wf/_echoidx_4/copy_xform".
250304-09:08:25,575 nipype.workflow INFO:
	 [Node] Executing "copy_xform" <niworkflows.interfaces.header.CopyXForm>
250304-09:08:25,661 nipype.workflow INFO:
	 [Node] Executing "copy_xform" <niworkflows.interfaces.header.CopyXForm>
250304-09:08:41,247 nipype.workflow INFO:
	 [Node] Finished "copy_xform", elapsed time 46.903769s.
250304-09:08:43,336 nipype.workflow INFO:
	 [Node] Finished "copy_xform", elapsed time 47.653739s.
250304-09:08:43,438 nipype.workflow INFO:
	 [Node] Finished "copy_xform", elapsed time 47.948507s.
250304-09:08:43,639 nipype.workflow INFO:
	 [Node] Finished "copy_xform", elapsed time 48.071392s.
250304-09:09:05,874 nipype.workflow INFO:
	 [Node] Finished "slice_timing_correction", elapsed time 71.731608s.
250304-09:09:07,877 nipype.workflow INFO:
	 [Node] Setting-up "fmriprep_24_1_wf.sub_24053_wf.bold_ses_1_task_bao_dir_AP_run_01_echo_1_part_mag_wf.bold_native_wf.bold_stc_wf.copy_xform" in "/work/fmriprep_24_1_wf/sub_24053_wf/bold_ses_1_task_bao_dir_AP_run_01_echo_1_part_mag_wf/bold_native_wf/bold_stc_wf/_echoidx_4/copy_xform".
250304-09:09:10,862 nipype.workflow INFO:
	 [Node] Executing "copy_xform" <niworkflows.interfaces.header.CopyXForm>
250304-09:09:28,832 nipype.workflow INFO:
	 [Node] Finished "copy_xform", elapsed time 68.960173s.
250304-09:09:29,111 nipype.workflow INFO:
	 [Node] Finished "copy_xform", elapsed time 69.237995s.
250304-09:09:29,272 nipype.workflow INFO:
	 [Node] Finished "copy_xform", elapsed time 69.399952s.
250304-09:09:34,790 nipype.workflow INFO:
	 [Node] Finished "copy_xform", elapsed time 69.214002s.
250304-09:09:34,971 nipype.workflow INFO:
	 [Node] Finished "copy_xform", elapsed time 69.30901s.
250304-09:09:57,283 nipype.workflow INFO:
	 [Node] Finished "copy_xform", elapsed time 46.419868s.
250304-09:11:31,450 nipype.workflow INFO:
	 [Node] Finished "mcflirt", elapsed time 219.020787s.
250304-09:11:32,179 nipype.workflow INFO:
	 [Node] Setting-up "fmriprep_24_1_wf.sub_24053_wf.bold_ses_1_task_bao_dir_AP_run_01_echo_1_part_mag_wf.bold_fit_wf.bold_hmc_wf.normalize_motion" in "/work/fmriprep_24_1_wf/sub_24053_wf/bold_ses_1_task_bao_dir_AP_run_01_echo_1_part_mag_wf/bold_fit_wf/bold_hmc_wf/normalize_motion".
250304-09:11:32,388 nipype.workflow INFO:
	 [Node] Executing "normalize_motion" <niworkflows.interfaces.confounds.NormalizeMotionParams>
250304-09:11:32,392 nipype.workflow INFO:
	 [Node] Finished "normalize_motion", elapsed time 0.003452s.
250304-09:11:33,898 nipype.workflow INFO:
	 [Node] Setting-up "fmriprep_24_1_wf.sub_24053_wf.bold_ses_1_task_bao_dir_AP_run_01_echo_1_part_mag_wf.bold_confounds_wf.fdisp" in "/work/fmriprep_24_1_wf/sub_24053_wf/bold_ses_1_task_bao_dir_AP_run_01_echo_1_part_mag_wf/bold_confounds_wf/fdisp".
250304-09:11:33,905 nipype.workflow INFO:
	 [Node] Executing "fdisp" <nipype.algorithms.confounds.FramewiseDisplacement>
250304-09:11:33,909 nipype.workflow INFO:
	 [Node] Finished "fdisp", elapsed time 0.002932s.
250304-09:13:16,844 nipype.workflow INFO:
	 [Node] Finished "mcflirt", elapsed time 320.952089s.
250304-09:13:17,930 nipype.workflow INFO:
	 [Node] Setting-up "_denoise0" in "/work/fmriprep_24_1_wf/sub_24053_wf/anat_fit_wf/anat_template_wf/denoise/mapflow/_denoise0".
250304-09:13:17,934 nipype.workflow INFO:
	 [Node] Executing "_denoise0" <nipype.interfaces.ants.segmentation.DenoiseImage>
250304-09:13:53,66 nipype.workflow INFO:
	 [Node] Finished "_denoise0", elapsed time 34.863257s.
250304-09:13:53,932 nipype.workflow INFO:
	 [Node] Setting-up "_denoise0" in "/work/fmriprep_24_1_wf/sub_24053_wf/anat_fit_wf/t2w_template_wf/denoise/mapflow/_denoise0".
250304-09:13:53,935 nipype.workflow INFO:
	 [Node] Executing "_denoise0" <nipype.interfaces.ants.segmentation.DenoiseImage>
250304-09:14:27,753 nipype.workflow INFO:
	 [Node] Finished "_denoise0", elapsed time 33.550731s.
250304-09:14:27,936 nipype.workflow INFO:
	 [Node] Setting-up "fmriprep_24_1_wf.sub_24053_wf.bold_ses_1_task_rat_dir_PA_run_01_echo_1_part_mag_wf.bold_fit_wf.bold_hmc_wf.normalize_motion" in "/work/fmriprep_24_1_wf/sub_24053_wf/bold_ses_1_task_rat_dir_PA_run_01_echo_1_part_mag_wf/bold_fit_wf/bold_hmc_wf/normalize_motion".
250304-09:14:27,937 nipype.workflow INFO:
	 [Node] Setting-up "_anat_conform0" in "/work/fmriprep_24_1_wf/sub_24053_wf/anat_fit_wf/anat_template_wf/anat_conform/mapflow/_anat_conform0".
250304-09:14:27,940 nipype.workflow INFO:
	 [Node] Executing "_anat_conform0" <niworkflows.interfaces.images.Conform>
250304-09:14:27,942 nipype.workflow INFO:
	 [Node] Setting-up "_anat_conform0" in "/work/fmriprep_24_1_wf/sub_24053_wf/anat_fit_wf/t2w_template_wf/anat_conform/mapflow/_anat_conform0".
250304-09:14:27,945 nipype.workflow INFO:
	 [Node] Executing "_anat_conform0" <niworkflows.interfaces.images.Conform>
250304-09:14:28,35 nipype.workflow INFO:
	 [Node] Finished "_anat_conform0", elapsed time 0.094136s.
250304-09:14:28,35 nipype.workflow INFO:
	 [Node] Finished "_anat_conform0", elapsed time 0.088911s.
250304-09:14:28,37 nipype.workflow INFO:
	 [Node] Executing "normalize_motion" <niworkflows.interfaces.confounds.NormalizeMotionParams>
250304-09:14:28,42 nipype.workflow INFO:
	 [Node] Finished "normalize_motion", elapsed time 0.004543s.
250304-09:14:29,933 nipype.workflow INFO:
	 [Node] Setting-up "fmriprep_24_1_wf.sub_24053_wf.bold_ses_1_task_bao_dir_AP_run_01_echo_1_part_mag_wf.bold_fit_wf.enhance_and_skullstrip_bold_wf.init_aff" in "/work/fmriprep_24_1_wf/sub_24053_wf/bold_ses_1_task_bao_dir_AP_run_01_echo_1_part_mag_wf/bold_fit_wf/enhance_and_skullstrip_bold_wf/init_aff".
250304-09:14:29,940 nipype.workflow INFO:
	 [Node] Executing "init_aff" <nipype.interfaces.ants.utils.AI>
250304-09:14:49,450 nipype.workflow INFO:
	 [Node] Finished "init_aff", elapsed time 19.229028s.
250304-09:14:49,972 nipype.workflow INFO:
	 [Node] Setting-up "fmriprep_24_1_wf.sub_24053_wf.bold_ses_1_task_bao_dir_AP_run_01_echo_1_part_mag_wf.bold_fit_wf.bold_hmc_wf.fsl2itk" in "/work/fmriprep_24_1_wf/sub_24053_wf/bold_ses_1_task_bao_dir_AP_run_01_echo_1_part_mag_wf/bold_fit_wf/bold_hmc_wf/fsl2itk".
250304-09:14:50,19 nipype.workflow INFO:
	 [Node] Executing "fsl2itk" <niworkflows.interfaces.itk.MCFLIRT2ITK>
250304-09:14:50,20 nipype.interface WARNING:
	 Multithreading is deprecated. Remove the num_threads input.
250304-09:14:50,282 nipype.workflow INFO:
	 [Node] Finished "fsl2itk", elapsed time 0.261834s.
250304-09:14:51,935 nipype.workflow INFO:
	 [Node] Setting-up "fmriprep_24_1_wf.sub_24053_wf.bold_ses_1_task_rat_dir_PA_run_01_echo_1_part_mag_wf.bold_fit_wf.enhance_and_skullstrip_bold_wf.init_aff" in "/work/fmriprep_24_1_wf/sub_24053_wf/bold_ses_1_task_rat_dir_PA_run_01_echo_1_part_mag_wf/bold_fit_wf/enhance_and_skullstrip_bold_wf/init_aff".
250304-09:14:51,941 nipype.workflow INFO:
	 [Node] Executing "init_aff" <nipype.interfaces.ants.utils.AI>
250304-09:15:11,362 nipype.workflow INFO:
	 [Node] Finished "init_aff", elapsed time 19.075412s.
250304-09:15:11,974 nipype.workflow INFO:
	 [Node] Setting-up "fmriprep_24_1_wf.sub_24053_wf.bold_ses_1_task_rat_dir_PA_run_01_echo_1_part_mag_wf.bold_fit_wf.bold_hmc_wf.fsl2itk" in "/work/fmriprep_24_1_wf/sub_24053_wf/bold_ses_1_task_rat_dir_PA_run_01_echo_1_part_mag_wf/bold_fit_wf/bold_hmc_wf/fsl2itk".
250304-09:15:12,32 nipype.workflow INFO:
	 [Node] Executing "fsl2itk" <niworkflows.interfaces.itk.MCFLIRT2ITK>
250304-09:15:12,33 nipype.interface WARNING:
	 Multithreading is deprecated. Remove the num_threads input.
250304-09:15:12,403 nipype.workflow INFO:
	 [Node] Finished "fsl2itk", elapsed time 0.370258s.
250304-09:15:13,939 nipype.workflow INFO:
	 [Node] Setting-up "fmriprep_24_1_wf.sub_24053_wf.anat_fit_wf.anat_template_wf.get1st" in "/work/fmriprep_24_1_wf/sub_24053_wf/anat_fit_wf/anat_template_wf/get1st".
250304-09:15:13,939 nipype.workflow INFO:
	 [Node] Setting-up "fmriprep_24_1_wf.sub_24053_wf.anat_fit_wf.t2w_template_wf.get1st" in "/work/fmriprep_24_1_wf/sub_24053_wf/anat_fit_wf/t2w_template_wf/get1st".
250304-09:15:13,947 nipype.workflow INFO:
	 [Node] Executing "get1st" <nipype.interfaces.utility.base.Select>
250304-09:15:13,947 nipype.workflow INFO:
	 [Node] Executing "get1st" <nipype.interfaces.utility.base.Select>
250304-09:15:13,948 nipype.workflow INFO:
	 [Node] Finished "get1st", elapsed time 0.000382s.
250304-09:15:13,948 nipype.workflow INFO:
	 [Node] Finished "get1st", elapsed time 0.000915s.
250304-09:15:14,370 nipype.workflow INFO:
	 [Node] Setting-up "fmriprep_24_1_wf.sub_24053_wf.bold_ses_1_task_rat_dir_PA_run_01_echo_1_part_mag_wf.bold_confounds_wf.fdisp" in "/work/fmriprep_24_1_wf/sub_24053_wf/bold_ses_1_task_rat_dir_PA_run_01_echo_1_part_mag_wf/bold_confounds_wf/fdisp".
250304-09:15:14,378 nipype.workflow INFO:
	 [Node] Executing "fdisp" <nipype.algorithms.confounds.FramewiseDisplacement>
250304-09:15:14,383 nipype.workflow INFO:
	 [Node] Finished "fdisp", elapsed time 0.004235s.
250304-09:15:15,940 nipype.workflow INFO:
	 [Node] Setting-up "fmriprep_24_1_wf.sub_24053_wf.bold_ses_1_task_bao_dir_AP_run_01_echo_1_part_mag_wf.bold_fit_wf.enhance_and_skullstrip_bold_wf.norm" in "/work/fmriprep_24_1_wf/sub_24053_wf/bold_ses_1_task_bao_dir_AP_run_01_echo_1_part_mag_wf/bold_fit_wf/enhance_and_skullstrip_bold_wf/norm".
250304-09:15:15,947 nipype.workflow INFO:
	 [Node] Executing "norm" <niworkflows.interfaces.fixes.FixHeaderRegistration>
250304-09:15:16,936 nipype.workflow INFO:
	 [Node] Finished "norm", elapsed time 0.640187s.
250304-09:15:17,941 nipype.workflow INFO:
	 [Node] Setting-up "fmriprep_24_1_wf.sub_24053_wf.bold_ses_1_task_rat_dir_PA_run_01_echo_1_part_mag_wf.bold_fit_wf.enhance_and_skullstrip_bold_wf.norm" in "/work/fmriprep_24_1_wf/sub_24053_wf/bold_ses_1_task_rat_dir_PA_run_01_echo_1_part_mag_wf/bold_fit_wf/enhance_and_skullstrip_bold_wf/norm".
250304-09:15:17,951 nipype.workflow INFO:
	 [Node] Executing "norm" <niworkflows.interfaces.fixes.FixHeaderRegistration>
250304-09:15:18,970 nipype.workflow INFO:
	 [Node] Finished "norm", elapsed time 0.693621s.
250304-09:15:20,161 nipype.workflow INFO:
	 [Node] Setting-up "fmriprep_24_1_wf.sub_24053_wf.bold_ses_1_task_bao_dir_AP_run_01_echo_1_part_mag_wf.bold_fit_wf.enhance_and_skullstrip_bold_wf.map_brainmask" in "/work/fmriprep_24_1_wf/sub_24053_wf/bold_ses_1_task_bao_dir_AP_run_01_echo_1_part_mag_wf/bold_fit_wf/enhance_and_skullstrip_bold_wf/map_brainmask".
250304-09:15:20,161 nipype.workflow INFO:
	 [Node] Setting-up "fmriprep_24_1_wf.sub_24053_wf.bold_ses_1_task_rat_dir_PA_run_01_echo_1_part_mag_wf.bold_fit_wf.enhance_and_skullstrip_bold_wf.map_brainmask" in "/work/fmriprep_24_1_wf/sub_24053_wf/bold_ses_1_task_rat_dir_PA_run_01_echo_1_part_mag_wf/bold_fit_wf/enhance_and_skullstrip_bold_wf/map_brainmask".
250304-09:15:20,167 nipype.workflow INFO:
	 [Node] Executing "map_brainmask" <niworkflows.interfaces.fixes.FixHeaderApplyTransforms>
250304-09:15:20,167 nipype.workflow INFO:
	 [Node] Executing "map_brainmask" <niworkflows.interfaces.fixes.FixHeaderApplyTransforms>
250304-09:15:20,889 nipype.workflow INFO:
	 [Node] Finished "map_brainmask", elapsed time 0.720739s.
250304-09:15:21,64 nipype.workflow INFO:
	 [Node] Finished "map_brainmask", elapsed time 0.628911s.
250304-09:15:21,944 nipype.workflow INFO:
	 [Node] Setting-up "fmriprep_24_1_wf.sub_24053_wf.anat_fit_wf.surface_recon_wf.fov_check" in "/work/fmriprep_24_1_wf/sub_24053_wf/anat_fit_wf/surface_recon_wf/fov_check".
250304-09:15:21,948 nipype.workflow INFO:
	 [Node] Executing "fov_check" <nipype.interfaces.utility.wrappers.Function>
250304-09:15:21,970 nipype.workflow INFO:
	 [Node] Setting-up "_truncate_images0" in "/work/fmriprep_24_1_wf/sub_24053_wf/anat_fit_wf/brain_extraction_wf/truncate_images/mapflow/_truncate_images0".
250304-09:15:21,973 nipype.workflow INFO:
	 [Node] Executing "_truncate_images0" <nipype.interfaces.ants.utils.ImageMath>
250304-09:15:22,241 nipype.workflow INFO:
	 [Node] Setting-up "fmriprep_24_1_wf.sub_24053_wf.anat_fit_wf.surface_recon_wf.recon_config" in "/work/fmriprep_24_1_wf/sub_24053_wf/anat_fit_wf/surface_recon_wf/recon_config".
250304-09:15:22,246 nipype.workflow INFO:
	 [Node] Executing "recon_config" <niworkflows.interfaces.freesurfer.FSDetectInputs>
250304-09:15:22,339 nipype.workflow INFO:
	 [Node] Finished "fov_check", elapsed time 0.389299s.
250304-09:15:22,347 nipype.workflow INFO:
	 [Node] Finished "recon_config", elapsed time 0.100544s.
250304-09:15:23,945 nipype.workflow INFO:
	 [Node] Setting-up "fmriprep_24_1_wf.sub_24053_wf.bold_ses_1_task_bao_dir_AP_run_01_echo_1_part_mag_wf.bold_fit_wf.enhance_and_skullstrip_bold_wf.n4_correct" in "/work/fmriprep_24_1_wf/sub_24053_wf/bold_ses_1_task_bao_dir_AP_run_01_echo_1_part_mag_wf/bold_fit_wf/enhance_and_skullstrip_bold_wf/n4_correct".
250304-09:15:23,945 nipype.workflow INFO:
	 [Node] Setting-up "fmriprep_24_1_wf.sub_24053_wf.bold_ses_1_task_rat_dir_PA_run_01_echo_1_part_mag_wf.bold_fit_wf.enhance_and_skullstrip_bold_wf.n4_correct" in "/work/fmriprep_24_1_wf/sub_24053_wf/bold_ses_1_task_rat_dir_PA_run_01_echo_1_part_mag_wf/bold_fit_wf/enhance_and_skullstrip_bold_wf/n4_correct".
250304-09:15:23,950 nipype.workflow INFO:
	 [Node] Executing "n4_correct" <niworkflows.interfaces.fixes.FixN4BiasFieldCorrection>
250304-09:15:23,950 nipype.workflow INFO:
	 [Node] Executing "n4_correct" <niworkflows.interfaces.fixes.FixN4BiasFieldCorrection>
250304-09:15:27,830 nipype.workflow INFO:
	 [Node] Finished "_truncate_images0", elapsed time 5.624386s.
250304-09:15:30,278 nipype.workflow INFO:
	 [Node] Finished "n4_correct", elapsed time 6.327127s.
250304-09:15:30,571 nipype.workflow INFO:
	 [Node] Finished "n4_correct", elapsed time 6.332001s.
250304-09:15:31,950 nipype.workflow INFO:
	 [Node] Setting-up "_inu_n40" in "/work/fmriprep_24_1_wf/sub_24053_wf/anat_fit_wf/brain_extraction_wf/inu_n4/mapflow/_inu_n40".
250304-09:15:31,953 nipype.workflow INFO:
	 [Node] Executing "_inu_n40" <nipype.interfaces.ants.segmentation.N4BiasFieldCorrection>
250304-09:15:49,846 nipype.workflow INFO:
	 [Node] Finished "_inu_n40", elapsed time 17.892278s.
250304-09:15:51,954 nipype.workflow INFO:
	 [Node] Setting-up "fmriprep_24_1_wf.sub_24053_wf.anat_fit_wf.brain_extraction_wf.lap_target" in "/work/fmriprep_24_1_wf/sub_24053_wf/anat_fit_wf/brain_extraction_wf/lap_target".
250304-09:15:51,955 nipype.workflow INFO:
	 [Node] Setting-up "fmriprep_24_1_wf.sub_24053_wf.bold_ses_1_task_bao_dir_AP_run_01_echo_1_part_mag_wf.bold_fit_wf.enhance_and_skullstrip_bold_wf.skullstrip_first_pass" in "/work/fmriprep_24_1_wf/sub_24053_wf/bold_ses_1_task_bao_dir_AP_run_01_echo_1_part_mag_wf/bold_fit_wf/enhance_and_skullstrip_bold_wf/skullstrip_first_pass".
250304-09:15:51,956 nipype.workflow INFO:
	 [Node] Setting-up "fmriprep_24_1_wf.sub_24053_wf.bold_ses_1_task_rat_dir_PA_run_01_echo_1_part_mag_wf.bold_fit_wf.enhance_and_skullstrip_bold_wf.skullstrip_first_pass" in "/work/fmriprep_24_1_wf/sub_24053_wf/bold_ses_1_task_rat_dir_PA_run_01_echo_1_part_mag_wf/bold_fit_wf/enhance_and_skullstrip_bold_wf/skullstrip_first_pass".
250304-09:15:51,959 nipype.workflow INFO:
	 [Node] Executing "lap_target" <nipype.interfaces.ants.utils.ImageMath>
250304-09:15:51,959 nipype.workflow INFO:
	 [Node] Setting-up "fmriprep_24_1_wf.sub_24053_wf.anat_fit_wf.brain_extraction_wf.res_target" in "/work/fmriprep_24_1_wf/sub_24053_wf/anat_fit_wf/brain_extraction_wf/res_target".
250304-09:15:51,960 nipype.workflow INFO:
	 [Node] Executing "skullstrip_first_pass" <nipype.interfaces.fsl.preprocess.BET>
250304-09:15:51,960 nipype.workflow INFO:
	 [Node] Setting-up "fmriprep_24_1_wf.sub_24053_wf.bold_ses_1_task_rat_dir_PA_run_01_echo_1_part_mag_wf.bold_fit_wf.unwarp_wf.rotime" in "/work/fmriprep_24_1_wf/sub_24053_wf/bold_ses_1_task_rat_dir_PA_run_01_echo_1_part_mag_wf/bold_fit_wf/unwarp_wf/rotime".
250304-09:15:51,961 nipype.workflow INFO:
	 [Node] Executing "skullstrip_first_pass" <nipype.interfaces.fsl.preprocess.BET>
250304-09:15:51,965 nipype.workflow INFO:
	 [Node] Setting-up "fmriprep_24_1_wf.sub_24053_wf.bold_ses_1_task_bao_dir_AP_run_01_echo_1_part_mag_wf.bold_fit_wf.unwarp_wf.rotime" in "/work/fmriprep_24_1_wf/sub_24053_wf/bold_ses_1_task_bao_dir_AP_run_01_echo_1_part_mag_wf/bold_fit_wf/unwarp_wf/rotime".
250304-09:15:51,968 nipype.workflow INFO:
	 [Node] Executing "rotime" <sdcflows.interfaces.epi.GetReadoutTime>
250304-09:15:51,970 nipype.workflow INFO:
	 [Node] Finished "rotime", elapsed time 0.001054s.
250304-09:15:52,924 nipype.workflow INFO:
	 [Node] Executing "res_target" <niworkflows.interfaces.nibabel.RegridToZooms>
250304-09:15:52,926 nipype.workflow INFO:
	 [Node] Executing "rotime" <sdcflows.interfaces.epi.GetReadoutTime>
250304-09:15:52,929 nipype.workflow INFO:
	 [Node] Finished "rotime", elapsed time 0.001244s.
250304-09:15:53,576 nipype.workflow INFO:
	 [Node] Finished "skullstrip_first_pass", elapsed time 1.615157s.
250304-09:15:53,624 nipype.workflow INFO:
	 [Node] Finished "skullstrip_first_pass", elapsed time 1.661515s.
250304-09:15:53,986 nipype.workflow INFO:
	 [Node] Setting-up "fmriprep_24_1_wf.sub_24053_wf.bold_ses_1_task_bao_dir_AP_run_01_echo_1_part_mag_wf.bold_fit_wf.enhance_and_skullstrip_bold_wf.first_dilate" in "/work/fmriprep_24_1_wf/sub_24053_wf/bold_ses_1_task_bao_dir_AP_run_01_echo_1_part_mag_wf/bold_fit_wf/enhance_and_skullstrip_bold_wf/first_dilate".
250304-09:15:53,987 nipype.workflow INFO:
	 [Node] Setting-up "fmriprep_24_1_wf.sub_24053_wf.bold_ses_1_task_rat_dir_PA_run_01_echo_1_part_mag_wf.bold_fit_wf.enhance_and_skullstrip_bold_wf.first_dilate" in "/work/fmriprep_24_1_wf/sub_24053_wf/bold_ses_1_task_rat_dir_PA_run_01_echo_1_part_mag_wf/bold_fit_wf/enhance_and_skullstrip_bold_wf/first_dilate".
250304-09:15:53,990 nipype.workflow INFO:
	 [Node] Executing "first_dilate" <niworkflows.interfaces.nibabel.BinaryDilation>
250304-09:15:53,991 nipype.workflow INFO:
	 [Node] Executing "first_dilate" <niworkflows.interfaces.nibabel.BinaryDilation>
250304-09:15:54,355 nipype.workflow INFO:
	 [Node] Finished "res_target", elapsed time 1.429383s.
250304-09:15:54,603 nipype.workflow INFO:
	 [Node] Finished "first_dilate", elapsed time 0.611693s.
250304-09:15:54,603 nipype.workflow INFO:
	 [Node] Finished "first_dilate", elapsed time 0.611522s.
250304-09:15:55,952 nipype.workflow INFO:
	 [Node] Setting-up "fmriprep_24_1_wf.sub_24053_wf.bold_ses_1_task_bao_dir_AP_run_01_echo_1_part_mag_wf.bold_fit_wf.enhance_and_skullstrip_bold_wf.first_mask" in "/work/fmriprep_24_1_wf/sub_24053_wf/bold_ses_1_task_bao_dir_AP_run_01_echo_1_part_mag_wf/bold_fit_wf/enhance_and_skullstrip_bold_wf/first_mask".
250304-09:15:55,957 nipype.workflow INFO:
	 [Node] Executing "first_mask" <niworkflows.interfaces.nibabel.ApplyMask>
250304-09:15:55,959 nipype.workflow INFO:
	 [Node] Setting-up "fmriprep_24_1_wf.sub_24053_wf.bold_ses_1_task_rat_dir_PA_run_01_echo_1_part_mag_wf.bold_fit_wf.enhance_and_skullstrip_bold_wf.first_mask" in "/work/fmriprep_24_1_wf/sub_24053_wf/bold_ses_1_task_rat_dir_PA_run_01_echo_1_part_mag_wf/bold_fit_wf/enhance_and_skullstrip_bold_wf/first_mask".
250304-09:15:55,964 nipype.workflow INFO:
	 [Node] Executing "first_mask" <niworkflows.interfaces.nibabel.ApplyMask>
250304-09:15:56,68 nipype.workflow INFO:
	 [Node] Finished "first_mask", elapsed time 0.11012s.
250304-09:15:56,69 nipype.workflow INFO:
	 [Node] Finished "first_mask", elapsed time 0.104521s.
250304-09:15:57,946 nipype.workflow INFO:
	 [Node] Setting-up "fmriprep_24_1_wf.sub_24053_wf.bold_ses_1_task_rat_dir_PA_run_01_echo_1_part_mag_wf.bold_fit_wf.enhance_and_skullstrip_bold_wf.unifize" in "/work/fmriprep_24_1_wf/sub_24053_wf/bold_ses_1_task_rat_dir_PA_run_01_echo_1_part_mag_wf/bold_fit_wf/enhance_and_skullstrip_bold_wf/unifize".
250304-09:15:57,946 nipype.workflow INFO:
	 [Node] Setting-up "fmriprep_24_1_wf.sub_24053_wf.bold_ses_1_task_bao_dir_AP_run_01_echo_1_part_mag_wf.bold_fit_wf.enhance_and_skullstrip_bold_wf.unifize" in "/work/fmriprep_24_1_wf/sub_24053_wf/bold_ses_1_task_bao_dir_AP_run_01_echo_1_part_mag_wf/bold_fit_wf/enhance_and_skullstrip_bold_wf/unifize".
250304-09:15:57,956 nipype.workflow INFO:
	 [Node] Executing "unifize" <nipype.interfaces.afni.utils.Unifize>
250304-09:15:57,956 nipype.workflow INFO:
	 [Node] Executing "unifize" <nipype.interfaces.afni.utils.Unifize>
250304-09:16:03,913 nipype.workflow INFO:
	 [Node] Finished "lap_target", elapsed time 11.658912s.
250304-09:16:05,945 nipype.workflow INFO:
	 [Node] Setting-up "fmriprep_24_1_wf.sub_24053_wf.anat_fit_wf.brain_extraction_wf.mrg_target" in "/work/fmriprep_24_1_wf/sub_24053_wf/anat_fit_wf/brain_extraction_wf/mrg_target".
250304-09:16:05,954 nipype.workflow INFO:
	 [Node] Executing "mrg_target" <nipype.interfaces.utility.base.Merge>
250304-09:16:05,956 nipype.workflow INFO:
	 [Node] Finished "mrg_target", elapsed time 0.000187s.
