2025-03-04 09:05:23,443 [ WARNING] WARNING: SOCKS support in urllib3 requires the installation of optional dependencies: specifically, PySocks.  For more information, see https://urllib3.readthedocs.io/en/latest/advanced-usage.html#socks-proxies
2025-03-04 09:05:35,525 [ WARNING] WARNING: `sentry_sdk.Hub` is deprecated and will be removed in a future major release. Please consult our 1.x to 2.x migration guide for details on how to migrate `Hub` usage to the new API: https://docs.sentry.io/platforms/python/migration/1.x-to-2.x
2025-03-04 09:05:35,911 [ WARNING] WARNING: sentry_sdk.configure_scope is deprecated and will be removed in the next major version. Please consult our migration guide to learn how to migrate to the new API: https://docs.sentry.io/platforms/python/migration/1.x-to-2.x#scope-configuring
2025-03-04 09:05:47,424 [ WARNING] WARNING: SOCKS support in urllib3 requires the installation of optional dependencies: specifically, PySocks.  For more information, see https://urllib3.readthedocs.io/en/latest/advanced-usage.html#socks-proxies
2025-03-04 09:05:47,674 [ WARNING] WARNING: Niworkflows will be deprecating reporting in favor of a standalone library "nireports".
2025-03-04 09:05:47,896 [ WARNING] WARNING: Niworkflows will be deprecating visualizations in favor of a standalone library "nireports".
2025-03-04 09:05:49,486 [IMPORTANT] Running fMRIPrep version 24.1.1

         License NOTICE ##################################################
         fMRIPrep 24.1.1
         Copyright The NiPreps Developers.
         
         This product includes software developed by
         the NiPreps Community (https://nipreps.org/).
         
         Portions of this software were developed at the Department of
         Psychology at Stanford University, Stanford, CA, US.
         
         This software is also distributed as a Docker container image.
         The bootstrapping file for the image ("Dockerfile") is licensed
         under the MIT License.
         
         This software may be distributed through an add-on package called
         "Docker Wrapper" that is under the BSD 3-clause License.
         #################################################################
2025-03-04 09:05:51,477 [IMPORTANT] Building fMRIPrep's workflow:
           * BIDS dataset path: /data.
           * Participant list: ['24053'].
           * Run identifier: 20250304-090523_d5846e88-8aab-4f5e-9587-8006da48dd8f.
           * Output spaces: func T1w MNI152NLin6Asym:res-2.
           * Pre-run FreeSurfer's SUBJECTS_DIR: /out/sourcedata/freesurfer.
2025-03-04 09:05:52,404 [    INFO] ANAT Stage 1: Adding template workflow
2025-03-04 09:05:52,693 [ WARNING] WARNING: 'locale.getdefaultlocale' is deprecated and slated for removal in Python 3.15. Use setlocale(), getencoding() and getlocale() instead.
2025-03-04 09:05:52,693 [ WARNING] WARNING: 'locale.getdefaultlocale' is deprecated and slated for removal in Python 3.15. Use setlocale(), getencoding() and getlocale() instead.
2025-03-04 09:05:52,962 [    INFO] ANAT Stage 2: Preparing brain extraction workflow
2025-03-04 09:05:53,072 [    INFO] ANAT Stage 3: Preparing segmentation workflow
2025-03-04 09:05:53,078 [    INFO] ANAT Stage 4: Preparing normalization workflow for ['MNI152NLin6Asym', 'MNI152NLin2009cAsym']
2025-03-04 09:05:53,089 [    INFO] ANAT Stage 5: Preparing surface reconstruction workflow
2025-03-04 09:05:53,112 [    INFO] ANAT Stage 6: Preparing mask refinement workflow
2025-03-04 09:05:53,115 [    INFO] ANAT Stage 7: Creating T2w template
2025-03-04 09:05:53,120 [    INFO] ANAT Stage 8: Creating GIFTI surfaces for ['white', 'pial', 'midthickness', 'sphere_reg', 'sphere']
2025-03-04 09:05:53,140 [    INFO] ANAT Stage 8: Creating GIFTI metrics for ['thickness', 'sulc']
2025-03-04 09:05:53,148 [    INFO] ANAT Stage 8a: Creating cortical ribbon mask
2025-03-04 09:05:53,152 [    INFO] ANAT Stage 9: Creating fsLR registration sphere
2025-03-04 09:05:53,157 [    INFO] ANAT Stage 10: Creating MSM-Sulc registration sphere
2025-03-04 09:05:54,168 [    INFO] B0 field inhomogeneity map will be estimated with the following 1 estimator(s): [<EstimatorType.PEPOLAR: 2>].
2025-03-04 09:05:54,220 [    INFO] Setting-up fieldmap "funcpepolar01" (EstimatorType.PEPOLAR) with <sub-24053_ses-1_acq-func_dir-AP_run-01_part-mag_epi.nii.gz, sub-24053_ses-1_acq-func_dir-PA_run-01_part-mag_epi.nii.gz>
2025-03-04 09:05:54,378 [    INFO] Using single-band reference file(s) sub-24053_ses-1_task-bao_dir-AP_run-01_echo-1_part-mag_sbref.nii.gz,sub-24053_ses-1_task-bao_dir-AP_run-01_echo-2_part-mag_sbref.nii.gz,sub-24053_ses-1_task-bao_dir-AP_run-01_echo-3_part-mag_sbref.nii.gz,sub-24053_ses-1_task-bao_dir-AP_run-01_echo-4_part-mag_sbref.nii.gz,sub-24053_ses-1_task-bao_dir-AP_run-01_echo-5_part-mag_sbref.nii.gz.
2025-03-04 09:05:54,479 [    INFO] Stage 1: Adding HMC boldref workflow
2025-03-04 09:05:54,488 [    INFO] Stage 2: Adding motion correction workflow
2025-03-04 09:05:54,498 [    INFO] Stage 3: Adding coregistration boldref workflow
2025-03-04 09:05:54,556 [ WARNING] WARNING: niworkflows.interfaces.nibabel.BinaryDilation is deprecated in favor of
niworkflows.interfaces.morphology.BinaryDilation. Please validate that
interface for your use case and switch.

Downloading https://templateflow.s3.amazonaws.com/tpl-MNI152NLin2009cAsym/tpl-MNI152NLin2009cAsym_res-02_desc-fMRIPrep_boldref.nii.gz
  0%|          | 0.00/1.75M [00:00<?, ?B/s]100%|██████████| 1.75M/1.75M [00:00<00:00, 26.1MB/s]
Downloading https://templateflow.s3.amazonaws.com/tpl-MNI152NLin2009cAsym/tpl-MNI152NLin2009cAsym_res-01_label-brain_probseg.nii.gz
  0%|          | 0.00/3.93M [00:00<?, ?B/s] 26%|██▌       | 1.01M/3.93M [00:00<00:00, 9.43MB/s] 59%|█████▊    | 2.30M/3.93M [00:00<00:00, 11.3MB/s] 95%|█████████▍| 3.73M/3.93M [00:00<00:00, 12.6MB/s]100%|██████████| 3.93M/3.93M [00:00<00:00, 12.2MB/s]
2025-03-04 09:05:56,150 [IMPORTANT] BOLD series will be slice-timing corrected to an offset of 0.798s.
2025-03-04 09:05:56,154 [IMPORTANT] Generating T2* map and optimally combined ME-EPI time series.
2025-03-04 09:05:57,064 [    INFO] Using single-band reference file(s) sub-24053_ses-1_task-rat_dir-PA_run-01_echo-1_part-mag_sbref.nii.gz,sub-24053_ses-1_task-rat_dir-PA_run-01_echo-2_part-mag_sbref.nii.gz,sub-24053_ses-1_task-rat_dir-PA_run-01_echo-3_part-mag_sbref.nii.gz,sub-24053_ses-1_task-rat_dir-PA_run-01_echo-4_part-mag_sbref.nii.gz,sub-24053_ses-1_task-rat_dir-PA_run-01_echo-5_part-mag_sbref.nii.gz.
2025-03-04 09:05:57,144 [    INFO] Stage 1: Adding HMC boldref workflow
2025-03-04 09:05:57,151 [    INFO] Stage 2: Adding motion correction workflow
2025-03-04 09:05:57,157 [    INFO] Stage 3: Adding coregistration boldref workflow
2025-03-04 09:05:57,201 [ WARNING] WARNING: niworkflows.interfaces.nibabel.BinaryDilation is deprecated in favor of
niworkflows.interfaces.morphology.BinaryDilation. Please validate that
interface for your use case and switch.

2025-03-04 09:05:57,710 [IMPORTANT] BOLD series will be slice-timing corrected to an offset of 0.798s.
2025-03-04 09:05:57,713 [IMPORTANT] Generating T2* map and optimally combined ME-EPI time series.
2025-03-04 09:06:01,045 [ WARNING] WARNING: SOCKS support in urllib3 requires the installation of optional dependencies: specifically, PySocks.  For more information, see https://urllib3.readthedocs.io/en/latest/advanced-usage.html#socks-proxies
2025-03-04 09:06:01,304 [ WARNING] WARNING: Niworkflows will be deprecating reporting in favor of a standalone library "nireports".
2025-03-04 09:06:01,386 [ WARNING] WARNING: Niworkflows will be deprecating visualizations in favor of a standalone library "nireports".
2025-03-04 09:06:03,087 [    INFO] fMRIPrep workflow graph with 857 nodes built successfully.
2025-03-04 09:06:06,641 [ WARNING] WARNING: Niworkflows will be deprecating reporting in favor of a standalone library "nireports".
2025-03-04 09:06:06,722 [ WARNING] WARNING: Niworkflows will be deprecating visualizations in favor of a standalone library "nireports".
2025-03-04 09:06:17,202 [ WARNING] WARNING: SOCKS support in urllib3 requires the installation of optional dependencies: specifically, PySocks.  For more information, see https://urllib3.readthedocs.io/en/latest/advanced-usage.html#socks-proxies
2025-03-04 09:06:17,452 [ WARNING] WARNING: Niworkflows will be deprecating reporting in favor of a standalone library "nireports".
2025-03-04 09:06:17,534 [ WARNING] WARNING: Niworkflows will be deprecating visualizations in favor of a standalone library "nireports".
2025-03-04 09:06:20,864 [ WARNING] WARNING: sentry_sdk.configure_scope is deprecated and will be removed in the next major version. Please consult our migration guide to learn how to migrate to the new API: https://docs.sentry.io/platforms/python/migration/1.x-to-2.x#scope-configuring
2025-03-04 09:06:21,757 [IMPORTANT] fMRIPrep started!
2025-03-04 09:06:22,959 [ WARNING] Some nodes exceed the total amount of memory available (39.00GB).
2025-03-04 09:06:24,652 [ WARNING] Storing result file without outputs
2025-03-04 09:06:24,654 [ WARNING] [Node] Error on "fmriprep_24_1_wf.fsdir_run_20250304_090523_d5846e88_8aab_4f5e_9587_8006da48dd8f" (/work/fmriprep_24_1_wf/fsdir_run_20250304_090523_d5846e88_8aab_4f5e_9587_8006da48dd8f)
2025-03-04 09:06:24,656 [   ERROR] Node fsdir_run_20250304_090523_d5846e88_8aab_4f5e_9587_8006da48dd8f failed to run on host 211affn005.
2025-03-04 09:06:24,661 [   ERROR] Saving crash info to /out/logs/crash-20250304-090624-pafin-fsdir_run_20250304_090523_d5846e88_8aab_4f5e_9587_8006da48dd8f-46d8044d-817e-4845-bf42-fa5608967b52.txt
Traceback (most recent call last):
  File "/opt/conda/envs/fmriprep/lib/python3.11/site-packages/nipype/pipeline/plugins/multiproc.py", line 344, in _send_procs_to_workers
    self.procs[jobid].run(updatehash=updatehash)
  File "/opt/conda/envs/fmriprep/lib/python3.11/site-packages/nipype/pipeline/engine/nodes.py", line 527, in run
    result = self._run_interface(execute=True)
             ^^^^^^^^^^^^^^^^^^^^^^^^^^^^^^^^^
  File "/opt/conda/envs/fmriprep/lib/python3.11/site-packages/nipype/pipeline/engine/nodes.py", line 645, in _run_interface
    return self._run_command(execute)
           ^^^^^^^^^^^^^^^^^^^^^^^^^^
  File "/opt/conda/envs/fmriprep/lib/python3.11/site-packages/nipype/pipeline/engine/nodes.py", line 771, in _run_command
    raise NodeExecutionError(msg)
nipype.pipeline.engine.nodes.NodeExecutionError: Exception raised while executing Node fsdir_run_20250304_090523_d5846e88_8aab_4f5e_9587_8006da48dd8f.

Traceback:
	Traceback (most recent call last):
	  File "/opt/conda/envs/fmriprep/lib/python3.11/site-packages/nipype/interfaces/base/core.py", line 397, in run
	    runtime = self._run_interface(runtime)
	              ^^^^^^^^^^^^^^^^^^^^^^^^^^^^
	  File "/opt/conda/envs/fmriprep/lib/python3.11/site-packages/niworkflows/interfaces/bids.py", line 1463, in _run_interface
	    shutil.rmtree(dest)
	  File "/opt/conda/envs/fmriprep/lib/python3.11/shutil.py", line 752, in rmtree
	    _rmtree_safe_fd(fd, path, onerror)
	  File "/opt/conda/envs/fmriprep/lib/python3.11/shutil.py", line 683, in _rmtree_safe_fd
	    onerror(os.rmdir, fullname, sys.exc_info())
	  File "/opt/conda/envs/fmriprep/lib/python3.11/shutil.py", line 681, in _rmtree_safe_fd
	    os.rmdir(entry.name, dir_fd=topfd)
	OSError: [Errno 39] Directory not empty: 'label'


2025-03-04 09:06:29,423 [    INFO] [Node] Setting-up "fmriprep_24_1_wf.sub_24053_wf.anat_fit_wf.brain_extraction_wf.full_wm" in "/work/fmriprep_24_1_wf/sub_24053_wf/anat_fit_wf/brain_extraction_wf/full_wm".
2025-03-04 09:06:29,431 [    INFO] [Node] Executing "full_wm" <nipype.interfaces.utility.wrappers.Function>
2025-03-04 09:06:29,538 [    INFO] [Node] Setting-up "fmriprep_24_1_wf.sub_24053_wf.anat_fit_wf.brain_extraction_wf.lap_tmpl" in "/work/fmriprep_24_1_wf/sub_24053_wf/anat_fit_wf/brain_extraction_wf/lap_tmpl".
2025-03-04 09:06:29,544 [    INFO] [Node] Executing "lap_tmpl" <nipype.interfaces.ants.utils.ImageMath>
2025-03-04 09:06:29,558 [    INFO] [Node] Setting-up "fmriprep_24_1_wf.sub_24053_wf.anat_fit_wf.brain_extraction_wf.res_tmpl" in "/work/fmriprep_24_1_wf/sub_24053_wf/anat_fit_wf/brain_extraction_wf/res_tmpl".
2025-03-04 09:06:29,565 [    INFO] [Node] Executing "res_tmpl" <niworkflows.interfaces.nibabel.RegridToZooms>
2025-03-04 09:06:29,609 [    INFO] [Node] Setting-up "fmriprep_24_1_wf.sub_24053_wf.bold_ses_1_task_bao_dir_AP_run_01_echo_1_part_mag_wf.bold_fit_wf.hmc_boldref_wf.val_bold" in "/work/fmriprep_24_1_wf/sub_24053_wf/bold_ses_1_task_bao_dir_AP_run_01_echo_1_part_mag_wf/bold_fit_wf/hmc_boldref_wf/val_bold".
2025-03-04 09:06:29,616 [    INFO] [Node] Setting-up "fmriprep_24_1_wf.sub_24053_wf.bold_ses_1_task_bao_dir_AP_run_01_echo_1_part_mag_wf.bold_fit_wf.hmc_boldref_wf.get_dummy" in "/work/fmriprep_24_1_wf/sub_24053_wf/bold_ses_1_task_bao_dir_AP_run_01_echo_1_part_mag_wf/bold_fit_wf/hmc_boldref_wf/get_dummy".
2025-03-04 09:06:29,620 [    INFO] [Node] Executing "val_bold" <niworkflows.interfaces.header.ValidateImage>
2025-03-04 09:06:29,623 [    INFO] [Node] Executing "get_dummy" <niworkflows.interfaces.bold.NonsteadyStatesDetector>
2025-03-04 09:06:29,681 [    INFO] [Node] Setting-up "fmriprep_24_1_wf.sub_24053_wf.fmap_preproc_wf.out_merge_fmap_id" in "/work/fmriprep_24_1_wf/sub_24053_wf/fmap_preproc_wf/out_merge_fmap_id".
2025-03-04 09:06:29,694 [    INFO] [Node] Finished "val_bold", elapsed time 0.064528s.
2025-03-04 09:06:29,698 [    INFO] [Node] Executing "out_merge_fmap_id" <nipype.interfaces.utility.base.Merge>
2025-03-04 09:06:29,698 [    INFO] [Node] Setting-up "fmriprep_24_1_wf.sub_24053_wf.fmap_preproc_wf.out_merge_method" in "/work/fmriprep_24_1_wf/sub_24053_wf/fmap_preproc_wf/out_merge_method".
2025-03-04 09:06:29,701 [    INFO] [Node] Setting-up "fmriprep_24_1_wf.sub_24053_wf.bold_ses_1_task_rat_dir_PA_run_01_echo_1_part_mag_wf.bold_fit_wf.hmc_boldref_wf.get_dummy" in "/work/fmriprep_24_1_wf/sub_24053_wf/bold_ses_1_task_rat_dir_PA_run_01_echo_1_part_mag_wf/bold_fit_wf/hmc_boldref_wf/get_dummy".
2025-03-04 09:06:29,705 [    INFO] [Node] Finished "out_merge_fmap_id", elapsed time 0.000239s.
2025-03-04 09:06:29,705 [    INFO] [Node] Executing "out_merge_method" <nipype.interfaces.utility.base.Merge>
2025-03-04 09:06:29,709 [    INFO] [Node] Executing "get_dummy" <niworkflows.interfaces.bold.NonsteadyStatesDetector>
2025-03-04 09:06:29,722 [    INFO] [Node] Finished "out_merge_method", elapsed time 0.000263s.
2025-03-04 09:06:29,830 [    INFO] [Node] Setting-up "fmriprep_24_1_wf.sub_24053_wf.bold_ses_1_task_rat_dir_PA_run_01_echo_1_part_mag_wf.bold_fit_wf.hmc_boldref_wf.val_bold" in "/work/fmriprep_24_1_wf/sub_24053_wf/bold_ses_1_task_rat_dir_PA_run_01_echo_1_part_mag_wf/bold_fit_wf/hmc_boldref_wf/val_bold".
2025-03-04 09:06:29,835 [    INFO] [Node] Executing "val_bold" <niworkflows.interfaces.header.ValidateImage>
2025-03-04 09:06:29,843 [ WARNING] WARNING: 'locale.getdefaultlocale' is deprecated and slated for removal in Python 3.15. Use setlocale(), getencoding() and getlocale() instead.
2025-03-04 09:06:29,843 [ WARNING] WARNING: 'locale.getdefaultlocale' is deprecated and slated for removal in Python 3.15. Use setlocale(), getencoding() and getlocale() instead.
2025-03-04 09:06:29,900 [    INFO] [Node] Finished "val_bold", elapsed time 0.06208s.
2025-03-04 09:06:29,985 [    INFO] [Node] Finished "full_wm", elapsed time 0.54741s.
2025-03-04 09:06:30,572 [    INFO] [Node] Setting-up "fmriprep_24_1_wf.sub_24053_wf.bidssrc" in "/work/fmriprep_24_1_wf/sub_24053_wf/bidssrc".
2025-03-04 09:06:30,646 [    INFO] [Node] Executing "bidssrc" <niworkflows.interfaces.bids.BIDSDataGrabber>
2025-03-04 09:06:30,648 [    INFO] No "flair" images found for sub-24053
2025-03-04 09:06:30,648 [    INFO] No "roi" images found for sub-24053
2025-03-04 09:06:30,648 [    INFO] No "pet" images found for sub-24053
2025-03-04 09:06:30,649 [    INFO] No "asl" images found for sub-24053
2025-03-04 09:06:30,649 [    INFO] [Node] Finished "bidssrc", elapsed time 0.000716s.
2025-03-04 09:06:30,899 [    INFO] [Node] Finished "res_tmpl", elapsed time 1.317384s.
2025-03-04 09:06:31,036 [    INFO] [Node] Setting-up "fmriprep_24_1_wf.sub_24053_wf.bold_ses_1_task_bao_dir_AP_run_01_echo_1_part_mag_wf.bold_fit_wf.ds_hmc_boldref_wf.sources" in "/work/fmriprep_24_1_wf/sub_24053_wf/bold_ses_1_task_bao_dir_AP_run_01_echo_1_part_mag_wf/bold_fit_wf/ds_hmc_boldref_wf/sources".
2025-03-04 09:06:31,041 [    INFO] [Node] Setting-up "fmriprep_24_1_wf.sub_24053_wf.bold_ses_1_task_bao_dir_AP_run_01_echo_1_part_mag_wf.bold_fit_wf.ds_hmc_wf.sources" in "/work/fmriprep_24_1_wf/sub_24053_wf/bold_ses_1_task_bao_dir_AP_run_01_echo_1_part_mag_wf/bold_fit_wf/ds_hmc_wf/sources".
2025-03-04 09:06:31,042 [    INFO] [Node] Executing "sources" <fmriprep.interfaces.bids.BIDSURI>
2025-03-04 09:06:31,045 [    INFO] [Node] Finished "sources", elapsed time 0.00031s.
2025-03-04 09:06:31,045 [    INFO] [Node] Executing "sources" <fmriprep.interfaces.bids.BIDSURI>
2025-03-04 09:06:31,048 [    INFO] [Node] Finished "sources", elapsed time 0.000306s.
2025-03-04 09:06:31,061 [    INFO] [Node] Setting-up "fmriprep_24_1_wf.sub_24053_wf.select_MNI6_tpl" in "/work/fmriprep_24_1_wf/sub_24053_wf/select_MNI6_tpl".
2025-03-04 09:06:31,066 [    INFO] [Node] Executing "select_MNI6_tpl" <smriprep.interfaces.templateflow.TemplateFlowSelect>
2025-03-04 09:06:31,071 [    INFO] [Node] Setting-up "fmriprep_24_1_wf.sub_24053_wf.bold_ses_1_task_bao_dir_AP_run_01_echo_1_part_mag_wf.bold_fit_wf.ds_boldmask_wf.sources" in "/work/fmriprep_24_1_wf/sub_24053_wf/bold_ses_1_task_bao_dir_AP_run_01_echo_1_part_mag_wf/bold_fit_wf/ds_boldmask_wf/sources".
2025-03-04 09:06:31,091 [    INFO] [Node] Executing "sources" <fmriprep.interfaces.bids.BIDSURI>
2025-03-04 09:06:31,093 [    INFO] [Node] Finished "sources", elapsed time 0.000221s.
2025-03-04 09:06:31,097 [    INFO] [Node] Setting-up "fmriprep_24_1_wf.sub_24053_wf.bold_ses_1_task_bao_dir_AP_run_01_echo_1_part_mag_wf.bold_fit_wf.ds_fmapreg_wf.sources" in "/work/fmriprep_24_1_wf/sub_24053_wf/bold_ses_1_task_bao_dir_AP_run_01_echo_1_part_mag_wf/bold_fit_wf/ds_fmapreg_wf/sources".
2025-03-04 09:06:31,117 [    INFO] [Node] Executing "sources" <fmriprep.interfaces.bids.BIDSURI>
2025-03-04 09:06:31,120 [    INFO] [Node] Finished "sources", elapsed time 0.000316s.
2025-03-04 09:06:31,149 [ WARNING] WARNING: SOCKS support in urllib3 requires the installation of optional dependencies: specifically, PySocks.  For more information, see https://urllib3.readthedocs.io/en/latest/advanced-usage.html#socks-proxies
2025-03-04 09:06:31,163 [    INFO] [Node] Setting-up "fmriprep_24_1_wf.sub_24053_wf.bold_ses_1_task_bao_dir_AP_run_01_echo_1_part_mag_wf.ds_bold_native_wf.sources" in "/work/fmriprep_24_1_wf/sub_24053_wf/bold_ses_1_task_bao_dir_AP_run_01_echo_1_part_mag_wf/ds_bold_native_wf/sources".
Downloading https://templateflow.s3.amazonaws.com/tpl-MNI152NLin6Asym/tpl-MNI152NLin6Asym_res-02_T1w.nii.gz
2025-03-04 09:06:31,170 [    INFO] [Node] Executing "sources" <fmriprep.interfaces.bids.BIDSURI>
2025-03-04 09:06:31,173 [    INFO] [Node] Finished "sources", elapsed time 0.00042s.
2025-03-04 09:06:31,227 [    INFO] [Node] Setting-up "fmriprep_24_1_wf.sub_24053_wf.bold_ses_1_task_rat_dir_PA_run_01_echo_1_part_mag_wf.bold_fit_wf.ds_boldmask_wf.sources" in "/work/fmriprep_24_1_wf/sub_24053_wf/bold_ses_1_task_rat_dir_PA_run_01_echo_1_part_mag_wf/bold_fit_wf/ds_boldmask_wf/sources".
2025-03-04 09:06:31,230 [    INFO] [Node] Setting-up "fmriprep_24_1_wf.sub_24053_wf.bold_ses_1_task_rat_dir_PA_run_01_echo_1_part_mag_wf.bold_fit_wf.ds_hmc_wf.sources" in "/work/fmriprep_24_1_wf/sub_24053_wf/bold_ses_1_task_rat_dir_PA_run_01_echo_1_part_mag_wf/bold_fit_wf/ds_hmc_wf/sources".
2025-03-04 09:06:31,252 [    INFO] [Node] Executing "sources" <fmriprep.interfaces.bids.BIDSURI>
2025-03-04 09:06:31,254 [    INFO] [Node] Executing "sources" <fmriprep.interfaces.bids.BIDSURI>
2025-03-04 09:06:31,254 [    INFO] [Node] Setting-up "fmriprep_24_1_wf.sub_24053_wf.bold_ses_1_task_rat_dir_PA_run_01_echo_1_part_mag_wf.bold_fit_wf.ds_fmapreg_wf.sources" in "/work/fmriprep_24_1_wf/sub_24053_wf/bold_ses_1_task_rat_dir_PA_run_01_echo_1_part_mag_wf/bold_fit_wf/ds_fmapreg_wf/sources".
2025-03-04 09:06:31,254 [    INFO] [Node] Finished "sources", elapsed time 0.000227s.
2025-03-04 09:06:31,255 [    INFO] [Node] Finished "sources", elapsed time 0.000238s.
2025-03-04 09:06:31,258 [    INFO] [Node] Executing "sources" <fmriprep.interfaces.bids.BIDSURI>
2025-03-04 09:06:31,259 [    INFO] [Node] Finished "sources", elapsed time 0.00022s.
2025-03-04 09:06:31,265 [    INFO] [Node] Setting-up "fmriprep_24_1_wf.sub_24053_wf.bold_ses_1_task_rat_dir_PA_run_01_echo_1_part_mag_wf.bold_fit_wf.ds_hmc_boldref_wf.sources" in "/work/fmriprep_24_1_wf/sub_24053_wf/bold_ses_1_task_rat_dir_PA_run_01_echo_1_part_mag_wf/bold_fit_wf/ds_hmc_boldref_wf/sources".
2025-03-04 09:06:31,270 [    INFO] [Node] Executing "sources" <fmriprep.interfaces.bids.BIDSURI>
2025-03-04 09:06:31,273 [    INFO] [Node] Finished "sources", elapsed time 0.000318s.
  0%|          | 0.00/1.41M [00:00<?, ?B/s]100%|██████████| 1.41M/1.41M [00:00<00:00, 16.7MB/s]
Downloading https://templateflow.s3.amazonaws.com/tpl-MNI152NLin6Asym/tpl-MNI152NLin6Asym_res-02_desc-brain_mask.nii.gz
  0%|          | 0.00/28.6k [00:00<?, ?B/s]100%|██████████| 28.6k/28.6k [00:00<00:00, 4.02MB/s]
2025-03-04 09:06:31,493 [    INFO] [Node] Finished "select_MNI6_tpl", elapsed time 0.424601s.
2025-03-04 09:06:32,182 [    INFO] [Node] Setting-up "fmriprep_24_1_wf.sub_24053_wf.bold_ses_1_task_rat_dir_PA_run_01_echo_1_part_mag_wf.bold_native_wf.bold_source" in "/work/fmriprep_24_1_wf/sub_24053_wf/bold_ses_1_task_rat_dir_PA_run_01_echo_1_part_mag_wf/bold_native_wf/_echoidx_2/bold_source".
2025-03-04 09:06:32,183 [    INFO] [Node] Setting-up "fmriprep_24_1_wf.sub_24053_wf.bold_ses_1_task_rat_dir_PA_run_01_echo_1_part_mag_wf.bold_native_wf.bold_source" in "/work/fmriprep_24_1_wf/sub_24053_wf/bold_ses_1_task_rat_dir_PA_run_01_echo_1_part_mag_wf/bold_native_wf/_echoidx_3/bold_source".
2025-03-04 09:06:32,182 [    INFO] [Node] Setting-up "fmriprep_24_1_wf.sub_24053_wf.bold_ses_1_task_rat_dir_PA_run_01_echo_1_part_mag_wf.bold_native_wf.bold_source" in "/work/fmriprep_24_1_wf/sub_24053_wf/bold_ses_1_task_rat_dir_PA_run_01_echo_1_part_mag_wf/bold_native_wf/_echoidx_0/bold_source".
2025-03-04 09:06:32,183 [    INFO] [Node] Setting-up "fmriprep_24_1_wf.sub_24053_wf.bold_ses_1_task_rat_dir_PA_run_01_echo_1_part_mag_wf.bold_native_wf.bold_source" in "/work/fmriprep_24_1_wf/sub_24053_wf/bold_ses_1_task_rat_dir_PA_run_01_echo_1_part_mag_wf/bold_native_wf/_echoidx_4/bold_source".
2025-03-04 09:06:32,182 [    INFO] [Node] Setting-up "fmriprep_24_1_wf.sub_24053_wf.bold_ses_1_task_rat_dir_PA_run_01_echo_1_part_mag_wf.bold_native_wf.bold_source" in "/work/fmriprep_24_1_wf/sub_24053_wf/bold_ses_1_task_rat_dir_PA_run_01_echo_1_part_mag_wf/bold_native_wf/_echoidx_1/bold_source".
2025-03-04 09:06:32,183 [    INFO] [Node] Setting-up "fmriprep_24_1_wf.sub_24053_wf.bold_ses_1_task_bao_dir_AP_run_01_echo_1_part_mag_wf.bold_native_wf.bold_source" in "/work/fmriprep_24_1_wf/sub_24053_wf/bold_ses_1_task_bao_dir_AP_run_01_echo_1_part_mag_wf/bold_native_wf/_echoidx_0/bold_source".
2025-03-04 09:06:32,184 [    INFO] [Node] Setting-up "fmriprep_24_1_wf.sub_24053_wf.bold_ses_1_task_bao_dir_AP_run_01_echo_1_part_mag_wf.bold_native_wf.bold_source" in "/work/fmriprep_24_1_wf/sub_24053_wf/bold_ses_1_task_bao_dir_AP_run_01_echo_1_part_mag_wf/bold_native_wf/_echoidx_1/bold_source".
2025-03-04 09:06:32,185 [    INFO] [Node] Setting-up "fmriprep_24_1_wf.sub_24053_wf.bold_ses_1_task_bao_dir_AP_run_01_echo_1_part_mag_wf.bold_native_wf.bold_source" in "/work/fmriprep_24_1_wf/sub_24053_wf/bold_ses_1_task_bao_dir_AP_run_01_echo_1_part_mag_wf/bold_native_wf/_echoidx_2/bold_source".
2025-03-04 09:06:32,185 [    INFO] [Node] Setting-up "fmriprep_24_1_wf.sub_24053_wf.bold_ses_1_task_bao_dir_AP_run_01_echo_1_part_mag_wf.bold_native_wf.bold_source" in "/work/fmriprep_24_1_wf/sub_24053_wf/bold_ses_1_task_bao_dir_AP_run_01_echo_1_part_mag_wf/bold_native_wf/_echoidx_3/bold_source".
2025-03-04 09:06:32,185 [    INFO] [Node] Setting-up "fmriprep_24_1_wf.sub_24053_wf.bold_ses_1_task_bao_dir_AP_run_01_echo_1_part_mag_wf.bold_native_wf.bold_source" in "/work/fmriprep_24_1_wf/sub_24053_wf/bold_ses_1_task_bao_dir_AP_run_01_echo_1_part_mag_wf/bold_native_wf/_echoidx_4/bold_source".
2025-03-04 09:06:32,188 [    INFO] [Node] Executing "bold_source" <nipype.interfaces.utility.base.Select>
2025-03-04 09:06:32,189 [    INFO] [Node] Executing "bold_source" <nipype.interfaces.utility.base.Select>
2025-03-04 09:06:32,189 [    INFO] [Node] Executing "bold_source" <nipype.interfaces.utility.base.Select>
2025-03-04 09:06:32,189 [    INFO] [Node] Executing "bold_source" <nipype.interfaces.utility.base.Select>
2025-03-04 09:06:32,189 [    INFO] [Node] Finished "bold_source", elapsed time 0.000283s.
2025-03-04 09:06:32,189 [    INFO] [Node] Executing "bold_source" <nipype.interfaces.utility.base.Select>
2025-03-04 09:06:32,189 [    INFO] [Node] Executing "bold_source" <nipype.interfaces.utility.base.Select>
2025-03-04 09:06:32,190 [    INFO] [Node] Finished "bold_source", elapsed time 0.000307s.
2025-03-04 09:06:32,190 [    INFO] [Node] Finished "bold_source", elapsed time 0.000271s.
2025-03-04 09:06:32,190 [    INFO] [Node] Finished "bold_source", elapsed time 0.000234s.
2025-03-04 09:06:32,190 [    INFO] [Node] Finished "bold_source", elapsed time 0.000323s.
2025-03-04 09:06:32,191 [    INFO] [Node] Executing "bold_source" <nipype.interfaces.utility.base.Select>
2025-03-04 09:06:32,191 [    INFO] [Node] Executing "bold_source" <nipype.interfaces.utility.base.Select>
2025-03-04 09:06:32,192 [    INFO] [Node] Finished "bold_source", elapsed time 0.000328s.
2025-03-04 09:06:32,192 [    INFO] [Node] Finished "bold_source", elapsed time 0.00035s.
2025-03-04 09:06:32,192 [    INFO] [Node] Executing "bold_source" <nipype.interfaces.utility.base.Select>
2025-03-04 09:06:32,193 [    INFO] [Node] Executing "bold_source" <nipype.interfaces.utility.base.Select>
2025-03-04 09:06:32,193 [    INFO] [Node] Finished "bold_source", elapsed time 0.000309s.
2025-03-04 09:06:32,193 [    INFO] [Node] Finished "bold_source", elapsed time 0.000324s.
2025-03-04 09:06:32,197 [    INFO] [Node] Finished "bold_source", elapsed time 0.000445s.
2025-03-04 09:06:32,594 [    INFO] [Node] Setting-up "fmriprep_24_1_wf.sub_24053_wf.bids_info" in "/work/fmriprep_24_1_wf/sub_24053_wf/bids_info".
2025-03-04 09:06:32,598 [    INFO] [Node] Setting-up "fmriprep_24_1_wf.sub_24053_wf.anat_fit_wf.anat_template_wf.anat_ref_dimensions" in "/work/fmriprep_24_1_wf/sub_24053_wf/anat_fit_wf/anat_template_wf/anat_ref_dimensions".
2025-03-04 09:06:32,598 [    INFO] [Node] Setting-up "fmriprep_24_1_wf.sub_24053_wf.anat_fit_wf.t2w_template_wf.anat_ref_dimensions" in "/work/fmriprep_24_1_wf/sub_24053_wf/anat_fit_wf/t2w_template_wf/anat_ref_dimensions".
2025-03-04 09:06:32,599 [    INFO] [Node] Executing "bids_info" <niworkflows.interfaces.bids.BIDSInfo>
2025-03-04 09:06:32,603 [    INFO] [Node] Executing "anat_ref_dimensions" <niworkflows.interfaces.images.TemplateDimensions>
2025-03-04 09:06:32,604 [    INFO] [Node] Executing "anat_ref_dimensions" <niworkflows.interfaces.images.TemplateDimensions>
2025-03-04 09:06:32,607 [    INFO] [Node] Finished "bids_info", elapsed time 0.006801s.
2025-03-04 09:06:32,729 [    INFO] [Node] Finished "anat_ref_dimensions", elapsed time 0.124593s.
2025-03-04 09:06:32,729 [    INFO] [Node] Finished "anat_ref_dimensions", elapsed time 0.125667s.
2025-03-04 09:06:33,233 [    INFO] [Node] Setting-up "fmriprep_24_1_wf.sub_24053_wf.bold_ses_1_task_rat_dir_PA_run_01_echo_1_part_mag_wf.ds_bold_native_wf.sources" in "/work/fmriprep_24_1_wf/sub_24053_wf/bold_ses_1_task_rat_dir_PA_run_01_echo_1_part_mag_wf/ds_bold_native_wf/sources".
2025-03-04 09:06:33,239 [    INFO] [Node] Executing "sources" <fmriprep.interfaces.bids.BIDSURI>
2025-03-04 09:06:33,242 [    INFO] [Node] Finished "sources", elapsed time 0.000432s.
2025-03-04 09:06:33,452 [    INFO] [Node] Finished "get_dummy", elapsed time 3.823394s.
2025-03-04 09:06:34,551 [    INFO] [Node] Setting-up "fmriprep_24_1_wf.sub_24053_wf.bold_ses_1_task_rat_dir_PA_run_01_echo_1_part_mag_wf.bold_native_wf.validate_bold" in "/work/fmriprep_24_1_wf/sub_24053_wf/bold_ses_1_task_rat_dir_PA_run_01_echo_1_part_mag_wf/bold_native_wf/_echoidx_4/validate_bold".
2025-03-04 09:06:34,555 [    INFO] [Node] Setting-up "fmriprep_24_1_wf.sub_24053_wf.bold_ses_1_task_rat_dir_PA_run_01_echo_1_part_mag_wf.bold_native_wf.validate_bold" in "/work/fmriprep_24_1_wf/sub_24053_wf/bold_ses_1_task_rat_dir_PA_run_01_echo_1_part_mag_wf/bold_native_wf/_echoidx_0/validate_bold".
2025-03-04 09:06:34,555 [    INFO] [Node] Setting-up "fmriprep_24_1_wf.sub_24053_wf.bold_ses_1_task_rat_dir_PA_run_01_echo_1_part_mag_wf.bold_native_wf.validate_bold" in "/work/fmriprep_24_1_wf/sub_24053_wf/bold_ses_1_task_rat_dir_PA_run_01_echo_1_part_mag_wf/bold_native_wf/_echoidx_2/validate_bold".
2025-03-04 09:06:34,555 [    INFO] [Node] Setting-up "fmriprep_24_1_wf.sub_24053_wf.bold_ses_1_task_rat_dir_PA_run_01_echo_1_part_mag_wf.bold_native_wf.validate_bold" in "/work/fmriprep_24_1_wf/sub_24053_wf/bold_ses_1_task_rat_dir_PA_run_01_echo_1_part_mag_wf/bold_native_wf/_echoidx_3/validate_bold".
2025-03-04 09:06:34,556 [    INFO] [Node] Setting-up "fmriprep_24_1_wf.sub_24053_wf.bold_ses_1_task_rat_dir_PA_run_01_echo_1_part_mag_wf.bold_native_wf.validate_bold" in "/work/fmriprep_24_1_wf/sub_24053_wf/bold_ses_1_task_rat_dir_PA_run_01_echo_1_part_mag_wf/bold_native_wf/_echoidx_1/validate_bold".
2025-03-04 09:06:34,556 [    INFO] [Node] Executing "validate_bold" <niworkflows.interfaces.header.ValidateImage>
2025-03-04 09:06:34,557 [    INFO] [Node] Setting-up "fmriprep_24_1_wf.sub_24053_wf.bold_ses_1_task_bao_dir_AP_run_01_echo_1_part_mag_wf.bold_native_wf.validate_bold" in "/work/fmriprep_24_1_wf/sub_24053_wf/bold_ses_1_task_bao_dir_AP_run_01_echo_1_part_mag_wf/bold_native_wf/_echoidx_1/validate_bold".
2025-03-04 09:06:34,557 [    INFO] [Node] Setting-up "fmriprep_24_1_wf.sub_24053_wf.bold_ses_1_task_bao_dir_AP_run_01_echo_1_part_mag_wf.bold_native_wf.validate_bold" in "/work/fmriprep_24_1_wf/sub_24053_wf/bold_ses_1_task_bao_dir_AP_run_01_echo_1_part_mag_wf/bold_native_wf/_echoidx_2/validate_bold".
2025-03-04 09:06:34,557 [    INFO] [Node] Setting-up "fmriprep_24_1_wf.sub_24053_wf.bold_ses_1_task_bao_dir_AP_run_01_echo_1_part_mag_wf.bold_native_wf.validate_bold" in "/work/fmriprep_24_1_wf/sub_24053_wf/bold_ses_1_task_bao_dir_AP_run_01_echo_1_part_mag_wf/bold_native_wf/_echoidx_3/validate_bold".
2025-03-04 09:06:34,558 [    INFO] [Node] Setting-up "fmriprep_24_1_wf.sub_24053_wf.bold_ses_1_task_bao_dir_AP_run_01_echo_1_part_mag_wf.bold_native_wf.validate_bold" in "/work/fmriprep_24_1_wf/sub_24053_wf/bold_ses_1_task_bao_dir_AP_run_01_echo_1_part_mag_wf/bold_native_wf/_echoidx_4/validate_bold".
2025-03-04 09:06:34,559 [    INFO] [Node] Executing "validate_bold" <niworkflows.interfaces.header.ValidateImage>
2025-03-04 09:06:34,560 [    INFO] [Node] Executing "validate_bold" <niworkflows.interfaces.header.ValidateImage>
2025-03-04 09:06:34,560 [    INFO] [Node] Executing "validate_bold" <niworkflows.interfaces.header.ValidateImage>
2025-03-04 09:06:34,560 [    INFO] [Node] Executing "validate_bold" <niworkflows.interfaces.header.ValidateImage>
2025-03-04 09:06:34,561 [    INFO] [Node] Executing "validate_bold" <niworkflows.interfaces.header.ValidateImage>
2025-03-04 09:06:34,561 [    INFO] [Node] Executing "validate_bold" <niworkflows.interfaces.header.ValidateImage>
2025-03-04 09:06:34,561 [    INFO] [Node] Executing "validate_bold" <niworkflows.interfaces.header.ValidateImage>
2025-03-04 09:06:34,563 [    INFO] [Node] Executing "validate_bold" <niworkflows.interfaces.header.ValidateImage>
2025-03-04 09:06:34,616 [    INFO] [Node] Finished "validate_bold", elapsed time 0.059469s.
2025-03-04 09:06:34,621 [    INFO] [Node] Finished "validate_bold", elapsed time 0.060393s.
2025-03-04 09:06:34,621 [    INFO] [Node] Finished "validate_bold", elapsed time 0.060912s.
2025-03-04 09:06:34,621 [    INFO] [Node] Finished "validate_bold", elapsed time 0.06107s.
2025-03-04 09:06:34,624 [    INFO] [Node] Finished "validate_bold", elapsed time 0.061425s.
2025-03-04 09:06:34,624 [    INFO] [Node] Finished "validate_bold", elapsed time 0.061129s.
2025-03-04 09:06:34,625 [    INFO] [Node] Finished "validate_bold", elapsed time 0.063798s.
2025-03-04 09:06:34,625 [    INFO] [Node] Finished "validate_bold", elapsed time 0.06288s.
2025-03-04 09:06:34,626 [    INFO] [Node] Finished "validate_bold", elapsed time 0.063942s.
2025-03-04 09:06:34,630 [    INFO] [Node] Setting-up "fmriprep_24_1_wf.sub_24053_wf.bold_ses_1_task_bao_dir_AP_run_01_echo_1_part_mag_wf.bold_native_wf.validate_bold" in "/work/fmriprep_24_1_wf/sub_24053_wf/bold_ses_1_task_bao_dir_AP_run_01_echo_1_part_mag_wf/bold_native_wf/_echoidx_0/validate_bold".
2025-03-04 09:06:34,634 [    INFO] [Node] Executing "validate_bold" <niworkflows.interfaces.header.ValidateImage>
2025-03-04 09:06:34,696 [    INFO] [Node] Finished "validate_bold", elapsed time 0.061601s.
2025-03-04 09:06:34,838 [    INFO] [Node] Finished "get_dummy", elapsed time 5.127982s.
2025-03-04 09:06:35,486 [    INFO] [Node] Setting-up "fmriprep_24_1_wf.sub_24053_wf.anat_fit_wf.ds_t1w_mask_wf.raw_sources" in "/work/fmriprep_24_1_wf/sub_24053_wf/anat_fit_wf/ds_t1w_mask_wf/raw_sources".
2025-03-04 09:06:35,486 [    INFO] [Node] Setting-up "fmriprep_24_1_wf.sub_24053_wf.anat_fit_wf.ds_ribbon_mask_wf.raw_sources" in "/work/fmriprep_24_1_wf/sub_24053_wf/anat_fit_wf/ds_ribbon_mask_wf/raw_sources".
2025-03-04 09:06:35,496 [    INFO] [Node] Executing "raw_sources" <nipype.interfaces.utility.wrappers.Function>
2025-03-04 09:06:35,497 [    INFO] [Node] Finished "raw_sources", elapsed time 0.000419s.
2025-03-04 09:06:35,599 [    INFO] [Node] Executing "raw_sources" <nipype.interfaces.utility.wrappers.Function>
2025-03-04 09:06:35,600 [    INFO] [Node] Finished "raw_sources", elapsed time 0.000393s.
2025-03-04 09:06:36,019 [    INFO] [Node] Setting-up "fmriprep_24_1_wf.sub_24053_wf.bold_ses_1_task_bao_dir_AP_run_01_echo_1_part_mag_wf.bold_fit_wf.hmc_boldref_wf.gen_avg" in "/work/fmriprep_24_1_wf/sub_24053_wf/bold_ses_1_task_bao_dir_AP_run_01_echo_1_part_mag_wf/bold_fit_wf/hmc_boldref_wf/gen_avg".
2025-03-04 09:06:36,034 [    INFO] [Node] Executing "gen_avg" <niworkflows.interfaces.images.RobustAverage>
2025-03-04 09:06:36,074 [    INFO] [Node] Setting-up "fmriprep_24_1_wf.sub_24053_wf.bold_ses_1_task_rat_dir_PA_run_01_echo_1_part_mag_wf.bold_fit_wf.hmc_boldref_wf.gen_avg" in "/work/fmriprep_24_1_wf/sub_24053_wf/bold_ses_1_task_rat_dir_PA_run_01_echo_1_part_mag_wf/bold_fit_wf/hmc_boldref_wf/gen_avg".
2025-03-04 09:06:36,088 [    INFO] [Node] Executing "gen_avg" <niworkflows.interfaces.images.RobustAverage>
2025-03-04 09:06:38,477 [ WARNING] WARNING: 'locale.getdefaultlocale' is deprecated and slated for removal in Python 3.15. Use setlocale(), getencoding() and getlocale() instead.
2025-03-04 09:06:38,477 [ WARNING] WARNING: 'locale.getdefaultlocale' is deprecated and slated for removal in Python 3.15. Use setlocale(), getencoding() and getlocale() instead.
2025-03-04 09:06:39,120 [ WARNING] WARNING: Niworkflows will be deprecating reporting in favor of a standalone library "nireports".
2025-03-04 09:06:39,122 [ WARNING] WARNING: Niworkflows will be deprecating reporting in favor of a standalone library "nireports".
2025-03-04 09:06:39,123 [ WARNING] WARNING: Niworkflows will be deprecating visualizations in favor of a standalone library "nireports".
2025-03-04 09:06:39,128 [ WARNING] WARNING: Niworkflows will be deprecating reporting in favor of a standalone library "nireports".
2025-03-04 09:06:39,164 [ WARNING] WARNING: Niworkflows will be deprecating reporting in favor of a standalone library "nireports".
2025-03-04 09:06:39,214 [ WARNING] WARNING: Niworkflows will be deprecating reporting in favor of a standalone library "nireports".
2025-03-04 09:06:39,316 [ WARNING] WARNING: Niworkflows will be deprecating visualizations in favor of a standalone library "nireports".
2025-03-04 09:06:39,327 [ WARNING] WARNING: Niworkflows will be deprecating visualizations in favor of a standalone library "nireports".
2025-03-04 09:06:39,392 [ WARNING] WARNING: Niworkflows will be deprecating visualizations in favor of a standalone library "nireports".
2025-03-04 09:06:39,438 [ WARNING] WARNING: Niworkflows will be deprecating reporting in favor of a standalone library "nireports".
2025-03-04 09:06:39,440 [ WARNING] WARNING: Niworkflows will be deprecating visualizations in favor of a standalone library "nireports".
2025-03-04 09:06:39,455 [ WARNING] WARNING: Niworkflows will be deprecating visualizations in favor of a standalone library "nireports".
2025-03-04 09:06:39,570 [ WARNING] WARNING: SOCKS support in urllib3 requires the installation of optional dependencies: specifically, PySocks.  For more information, see https://urllib3.readthedocs.io/en/latest/advanced-usage.html#socks-proxies
2025-03-04 09:06:39,576 [ WARNING] WARNING: SOCKS support in urllib3 requires the installation of optional dependencies: specifically, PySocks.  For more information, see https://urllib3.readthedocs.io/en/latest/advanced-usage.html#socks-proxies
2025-03-04 09:06:39,582 [ WARNING] WARNING: SOCKS support in urllib3 requires the installation of optional dependencies: specifically, PySocks.  For more information, see https://urllib3.readthedocs.io/en/latest/advanced-usage.html#socks-proxies
2025-03-04 09:06:39,645 [ WARNING] WARNING: SOCKS support in urllib3 requires the installation of optional dependencies: specifically, PySocks.  For more information, see https://urllib3.readthedocs.io/en/latest/advanced-usage.html#socks-proxies
2025-03-04 09:06:39,677 [    INFO] [Node] Setting-up "fmriprep_24_1_wf.sub_24053_wf.bold_ses_1_task_bao_dir_AP_run_01_echo_1_part_mag_wf.bold_native_wf.bold_stc_wf.slice_timing_correction" in "/work/fmriprep_24_1_wf/sub_24053_wf/bold_ses_1_task_bao_dir_AP_run_01_echo_1_part_mag_wf/bold_native_wf/bold_stc_wf/_echoidx_3/slice_timing_correction".
2025-03-04 09:06:39,683 [    INFO] [Node] Setting-up "fmriprep_24_1_wf.sub_24053_wf.bold_ses_1_task_rat_dir_PA_run_01_echo_1_part_mag_wf.bold_native_wf.bold_stc_wf.slice_timing_correction" in "/work/fmriprep_24_1_wf/sub_24053_wf/bold_ses_1_task_rat_dir_PA_run_01_echo_1_part_mag_wf/bold_native_wf/bold_stc_wf/_echoidx_1/slice_timing_correction".
2025-03-04 09:06:39,687 [    INFO] [Node] Executing "slice_timing_correction" <fmriprep.workflows.bold.stc.TShift>
2025-03-04 09:06:39,695 [    INFO] [Node] Executing "slice_timing_correction" <fmriprep.workflows.bold.stc.TShift>
2025-03-04 09:06:39,699 [    INFO] [Node] Setting-up "fmriprep_24_1_wf.sub_24053_wf.bold_ses_1_task_rat_dir_PA_run_01_echo_1_part_mag_wf.bold_native_wf.bold_stc_wf.slice_timing_correction" in "/work/fmriprep_24_1_wf/sub_24053_wf/bold_ses_1_task_rat_dir_PA_run_01_echo_1_part_mag_wf/bold_native_wf/bold_stc_wf/_echoidx_2/slice_timing_correction".
2025-03-04 09:06:39,706 [ WARNING] WARNING: SOCKS support in urllib3 requires the installation of optional dependencies: specifically, PySocks.  For more information, see https://urllib3.readthedocs.io/en/latest/advanced-usage.html#socks-proxies
2025-03-04 09:06:39,714 [    INFO] [Node] Executing "slice_timing_correction" <fmriprep.workflows.bold.stc.TShift>
2025-03-04 09:06:39,752 [    INFO] [Node] Setting-up "fmriprep_24_1_wf.sub_24053_wf.bold_ses_1_task_bao_dir_AP_run_01_echo_1_part_mag_wf.bold_native_wf.bold_stc_wf.slice_timing_correction" in "/work/fmriprep_24_1_wf/sub_24053_wf/bold_ses_1_task_bao_dir_AP_run_01_echo_1_part_mag_wf/bold_native_wf/bold_stc_wf/_echoidx_1/slice_timing_correction".
2025-03-04 09:06:39,759 [    INFO] [Node] Executing "slice_timing_correction" <fmriprep.workflows.bold.stc.TShift>
2025-03-04 09:06:39,772 [    INFO] [Node] Setting-up "fmriprep_24_1_wf.sub_24053_wf.bold_ses_1_task_bao_dir_AP_run_01_echo_1_part_mag_wf.bold_native_wf.bold_stc_wf.slice_timing_correction" in "/work/fmriprep_24_1_wf/sub_24053_wf/bold_ses_1_task_bao_dir_AP_run_01_echo_1_part_mag_wf/bold_native_wf/bold_stc_wf/_echoidx_2/slice_timing_correction".
2025-03-04 09:06:39,781 [    INFO] [Node] Executing "slice_timing_correction" <fmriprep.workflows.bold.stc.TShift>
2025-03-04 09:06:39,820 [    INFO] [Node] Setting-up "fmriprep_24_1_wf.sub_24053_wf.bold_ses_1_task_rat_dir_PA_run_01_echo_1_part_mag_wf.bold_native_wf.bold_stc_wf.slice_timing_correction" in "/work/fmriprep_24_1_wf/sub_24053_wf/bold_ses_1_task_rat_dir_PA_run_01_echo_1_part_mag_wf/bold_native_wf/bold_stc_wf/_echoidx_0/slice_timing_correction".
2025-03-04 09:06:39,832 [    INFO] [Node] Executing "slice_timing_correction" <fmriprep.workflows.bold.stc.TShift>
2025-03-04 09:06:40,316 [    INFO] [Node] Finished "lap_tmpl", elapsed time 10.385712999999999s.
2025-03-04 09:06:40,523 [ WARNING] WARNING: Niworkflows will be deprecating reporting in favor of a standalone library "nireports".
2025-03-04 09:06:40,618 [ WARNING] WARNING: 'locale.getdefaultlocale' is deprecated and slated for removal in Python 3.15. Use setlocale(), getencoding() and getlocale() instead.
2025-03-04 09:06:40,618 [ WARNING] WARNING: 'locale.getdefaultlocale' is deprecated and slated for removal in Python 3.15. Use setlocale(), getencoding() and getlocale() instead.
2025-03-04 09:06:40,637 [    INFO] stderr 2025-03-04T09:06:40.637588:++ 3dvolreg: AFNI version=AFNI_24.3.01 (Oct  9 2024) [64-bit]
2025-03-04 09:06:40,637 [    INFO] stderr 2025-03-04T09:06:40.637588:++ Authored by: RW Cox
2025-03-04 09:06:40,643 [    INFO] stderr 2025-03-04T09:06:40.643589:** AFNI converts NIFTI_datatype=512 (UINT16) in file /work/fmriprep_24_1_wf/sub_24053_wf/bold_ses_1_task_bao_dir_AP_run_01_echo_1_part_mag_wf/bold_fit_wf/hmc_boldref_wf/gen_avg/sub-24053_ses-1_task-bao_dir-AP_run-01_echo-1_part-mag_bold_sliced.nii.gz to FLOAT32
2025-03-04 09:06:40,643 [    INFO] stderr 2025-03-04T09:06:40.643669:     Warnings of this type will be muted for this session.
2025-03-04 09:06:40,643 [    INFO] stderr 2025-03-04T09:06:40.643669:     Set AFNI_NIFTI_TYPE_WARN to YES to see them all, NO to see none.
2025-03-04 09:06:40,650 [    INFO] stderr 2025-03-04T09:06:40.650689:++ Coarse del was 10, replaced with 7
2025-03-04 09:06:40,670 [ WARNING] WARNING: Niworkflows will be deprecating reporting in favor of a standalone library "nireports".
2025-03-04 09:06:40,673 [ WARNING] WARNING: Niworkflows will be deprecating visualizations in favor of a standalone library "nireports".
2025-03-04 09:06:40,713 [ WARNING] WARNING: Niworkflows will be deprecating visualizations in favor of a standalone library "nireports".
2025-03-04 09:06:40,714 [ WARNING] WARNING: Niworkflows will be deprecating reporting in favor of a standalone library "nireports".
2025-03-04 09:06:40,717 [ WARNING] WARNING: Niworkflows will be deprecating visualizations in favor of a standalone library "nireports".
2025-03-04 09:06:40,923 [ WARNING] WARNING: SOCKS support in urllib3 requires the installation of optional dependencies: specifically, PySocks.  For more information, see https://urllib3.readthedocs.io/en/latest/advanced-usage.html#socks-proxies
2025-03-04 09:06:40,960 [ WARNING] WARNING: SOCKS support in urllib3 requires the installation of optional dependencies: specifically, PySocks.  For more information, see https://urllib3.readthedocs.io/en/latest/advanced-usage.html#socks-proxies
2025-03-04 09:06:41,032 [    INFO] [Node] Setting-up "fmriprep_24_1_wf.sub_24053_wf.bold_ses_1_task_bao_dir_AP_run_01_echo_1_part_mag_wf.bold_native_wf.bold_stc_wf.slice_timing_correction" in "/work/fmriprep_24_1_wf/sub_24053_wf/bold_ses_1_task_bao_dir_AP_run_01_echo_1_part_mag_wf/bold_native_wf/bold_stc_wf/_echoidx_0/slice_timing_correction".
2025-03-04 09:06:41,041 [    INFO] [Node] Executing "slice_timing_correction" <fmriprep.workflows.bold.stc.TShift>
2025-03-04 09:06:41,065 [    INFO] [Node] Setting-up "fmriprep_24_1_wf.sub_24053_wf.bold_ses_1_task_rat_dir_PA_run_01_echo_1_part_mag_wf.bold_native_wf.bold_stc_wf.slice_timing_correction" in "/work/fmriprep_24_1_wf/sub_24053_wf/bold_ses_1_task_rat_dir_PA_run_01_echo_1_part_mag_wf/bold_native_wf/bold_stc_wf/_echoidx_4/slice_timing_correction".
2025-03-04 09:06:41,100 [    INFO] [Node] Executing "slice_timing_correction" <fmriprep.workflows.bold.stc.TShift>
2025-03-04 09:06:41,182 [ WARNING] WARNING: SOCKS support in urllib3 requires the installation of optional dependencies: specifically, PySocks.  For more information, see https://urllib3.readthedocs.io/en/latest/advanced-usage.html#socks-proxies
2025-03-04 09:06:41,286 [    INFO] [Node] Setting-up "fmriprep_24_1_wf.sub_24053_wf.bold_ses_1_task_rat_dir_PA_run_01_echo_1_part_mag_wf.bold_native_wf.bold_stc_wf.slice_timing_correction" in "/work/fmriprep_24_1_wf/sub_24053_wf/bold_ses_1_task_rat_dir_PA_run_01_echo_1_part_mag_wf/bold_native_wf/bold_stc_wf/_echoidx_3/slice_timing_correction".
2025-03-04 09:06:41,320 [    INFO] [Node] Executing "slice_timing_correction" <fmriprep.workflows.bold.stc.TShift>
2025-03-04 09:06:41,863 [    INFO] [Node] Setting-up "fmriprep_24_1_wf.sub_24053_wf.anat_fit_wf.brain_extraction_wf.mrg_tmpl" in "/work/fmriprep_24_1_wf/sub_24053_wf/anat_fit_wf/brain_extraction_wf/mrg_tmpl".
2025-03-04 09:06:41,908 [    INFO] [Node] Executing "mrg_tmpl" <nipype.interfaces.utility.base.Merge>
2025-03-04 09:06:41,909 [    INFO] [Node] Finished "mrg_tmpl", elapsed time 0.000199s.
2025-03-04 09:06:41,934 [ WARNING] WARNING: 'locale.getdefaultlocale' is deprecated and slated for removal in Python 3.15. Use setlocale(), getencoding() and getlocale() instead.
2025-03-04 09:06:41,934 [ WARNING] WARNING: 'locale.getdefaultlocale' is deprecated and slated for removal in Python 3.15. Use setlocale(), getencoding() and getlocale() instead.
2025-03-04 09:06:41,959 [    INFO] stderr 2025-03-04T09:06:41.959184:++ 3dvolreg: AFNI version=AFNI_24.3.01 (Oct  9 2024) [64-bit]
2025-03-04 09:06:41,959 [    INFO] stderr 2025-03-04T09:06:41.959184:++ Authored by: RW Cox
2025-03-04 09:06:41,995 [    INFO] stderr 2025-03-04T09:06:41.995565:** AFNI converts NIFTI_datatype=512 (UINT16) in file /work/fmriprep_24_1_wf/sub_24053_wf/bold_ses_1_task_rat_dir_PA_run_01_echo_1_part_mag_wf/bold_fit_wf/hmc_boldref_wf/gen_avg/sub-24053_ses-1_task-rat_dir-PA_run-01_echo-1_part-mag_bold_sliced.nii.gz to FLOAT32
2025-03-04 09:06:41,995 [    INFO] stderr 2025-03-04T09:06:41.995565:     Warnings of this type will be muted for this session.
2025-03-04 09:06:41,995 [    INFO] stderr 2025-03-04T09:06:41.995565:     Set AFNI_NIFTI_TYPE_WARN to YES to see them all, NO to see none.
2025-03-04 09:06:41,995 [    INFO] stderr 2025-03-04T09:06:41.995910:++ Coarse del was 10, replaced with 7
2025-03-04 09:07:45,312 [    INFO] stderr 2025-03-04T09:07:45.312787:++ Max displacement in automask = 0.26 (mm) at sub-brick 18
2025-03-04 09:07:45,312 [    INFO] stderr 2025-03-04T09:07:45.312787:++ Max delta displ  in automask = 0.13 (mm) at sub-brick 13
2025-03-04 09:07:47,239 [    INFO] stderr 2025-03-04T09:07:47.239013:++ Max displacement in automask = 0.30 (mm) at sub-brick 18
2025-03-04 09:07:47,239 [    INFO] stderr 2025-03-04T09:07:47.239013:++ Max delta displ  in automask = 0.08 (mm) at sub-brick 12
2025-03-04 09:07:49,809 [ WARNING] WARNING: 'locale.getdefaultlocale' is deprecated and slated for removal in Python 3.15. Use setlocale(), getencoding() and getlocale() instead.
2025-03-04 09:07:49,809 [ WARNING] WARNING: 'locale.getdefaultlocale' is deprecated and slated for removal in Python 3.15. Use setlocale(), getencoding() and getlocale() instead.
2025-03-04 09:07:49,941 [    INFO] [Node] Finished "slice_timing_correction", elapsed time 70.18119s.
2025-03-04 09:07:50,292 [    INFO] [Node] Finished "gen_avg", elapsed time 74.257786s.
2025-03-04 09:07:50,366 [ WARNING] WARNING: 'locale.getdefaultlocale' is deprecated and slated for removal in Python 3.15. Use setlocale(), getencoding() and getlocale() instead.
2025-03-04 09:07:50,366 [ WARNING] WARNING: 'locale.getdefaultlocale' is deprecated and slated for removal in Python 3.15. Use setlocale(), getencoding() and getlocale() instead.
2025-03-04 09:07:50,501 [    INFO] [Node] Finished "slice_timing_correction", elapsed time 69.459107s.
2025-03-04 09:07:50,715 [ WARNING] WARNING: 'locale.getdefaultlocale' is deprecated and slated for removal in Python 3.15. Use setlocale(), getencoding() and getlocale() instead.
2025-03-04 09:07:50,715 [ WARNING] WARNING: 'locale.getdefaultlocale' is deprecated and slated for removal in Python 3.15. Use setlocale(), getencoding() and getlocale() instead.
2025-03-04 09:07:50,893 [    INFO] [Node] Finished "slice_timing_correction", elapsed time 71.111159s.
2025-03-04 09:07:50,941 [ WARNING] WARNING: 'locale.getdefaultlocale' is deprecated and slated for removal in Python 3.15. Use setlocale(), getencoding() and getlocale() instead.
2025-03-04 09:07:50,942 [ WARNING] WARNING: 'locale.getdefaultlocale' is deprecated and slated for removal in Python 3.15. Use setlocale(), getencoding() and getlocale() instead.
2025-03-04 09:07:51,068 [    INFO] [Node] Finished "slice_timing_correction", elapsed time 71.379975s.
2025-03-04 09:07:51,867 [    INFO] [Node] Setting-up "fmriprep_24_1_wf.sub_24053_wf.bold_ses_1_task_bao_dir_AP_run_01_echo_1_part_mag_wf.bold_fit_wf.fmapref_buffer" in "/work/fmriprep_24_1_wf/sub_24053_wf/bold_ses_1_task_bao_dir_AP_run_01_echo_1_part_mag_wf/bold_fit_wf/fmapref_buffer".
2025-03-04 09:07:51,877 [    INFO] [Node] Executing "fmapref_buffer" <nipype.interfaces.utility.wrappers.Function>
2025-03-04 09:07:51,878 [    INFO] [Node] Finished "fmapref_buffer", elapsed time 0.000664s.
2025-03-04 09:07:51,926 [ WARNING] Changing /out/sub-24053/ses-1/func/sub-24053_ses-1_task-bao_dir-AP_run-01_part-mag_desc-hmc_boldref.nii.gz dtype from uint16 to float32
2025-03-04 09:07:52,249 [    INFO] [Node] Finished "gen_avg", elapsed time 76.160566s.
2025-03-04 09:07:52,359 [    INFO] [Node] Setting-up "fmriprep_24_1_wf.sub_24053_wf.bold_ses_1_task_bao_dir_AP_run_01_echo_1_part_mag_wf.bold_native_wf.bold_stc_wf.copy_xform" in "/work/fmriprep_24_1_wf/sub_24053_wf/bold_ses_1_task_bao_dir_AP_run_01_echo_1_part_mag_wf/bold_native_wf/bold_stc_wf/_echoidx_0/copy_xform".
2025-03-04 09:07:52,359 [    INFO] [Node] Setting-up "fmriprep_24_1_wf.sub_24053_wf.bold_ses_1_task_bao_dir_AP_run_01_echo_1_part_mag_wf.bold_native_wf.bold_stc_wf.copy_xform" in "/work/fmriprep_24_1_wf/sub_24053_wf/bold_ses_1_task_bao_dir_AP_run_01_echo_1_part_mag_wf/bold_native_wf/bold_stc_wf/_echoidx_1/copy_xform".
2025-03-04 09:07:52,364 [    INFO] [Node] Setting-up "fmriprep_24_1_wf.sub_24053_wf.bold_ses_1_task_bao_dir_AP_run_01_echo_1_part_mag_wf.bold_native_wf.bold_stc_wf.copy_xform" in "/work/fmriprep_24_1_wf/sub_24053_wf/bold_ses_1_task_bao_dir_AP_run_01_echo_1_part_mag_wf/bold_native_wf/bold_stc_wf/_echoidx_2/copy_xform".
2025-03-04 09:07:52,365 [    INFO] [Node] Setting-up "fmriprep_24_1_wf.sub_24053_wf.bold_ses_1_task_bao_dir_AP_run_01_echo_1_part_mag_wf.bold_native_wf.bold_stc_wf.copy_xform" in "/work/fmriprep_24_1_wf/sub_24053_wf/bold_ses_1_task_bao_dir_AP_run_01_echo_1_part_mag_wf/bold_native_wf/bold_stc_wf/_echoidx_3/copy_xform".
2025-03-04 09:07:52,419 [    INFO] [Node] Setting-up "fmriprep_24_1_wf.sub_24053_wf.bold_ses_1_task_bao_dir_AP_run_01_echo_1_part_mag_wf.bold_fit_wf.bold_hmc_wf.mcflirt" in "/work/fmriprep_24_1_wf/sub_24053_wf/bold_ses_1_task_bao_dir_AP_run_01_echo_1_part_mag_wf/bold_fit_wf/bold_hmc_wf/mcflirt".
2025-03-04 09:07:52,428 [    INFO] [Node] Executing "mcflirt" <nipype.interfaces.fsl.preprocess.MCFLIRT>
2025-03-04 09:07:53,594 [ WARNING] WARNING: Niworkflows will be deprecating reporting in favor of a standalone library "nireports".
2025-03-04 09:07:53,784 [ WARNING] WARNING: Niworkflows will be deprecating visualizations in favor of a standalone library "nireports".
2025-03-04 09:07:53,860 [    INFO] [Node] Setting-up "fmriprep_24_1_wf.sub_24053_wf.bold_ses_1_task_rat_dir_PA_run_01_echo_1_part_mag_wf.bold_fit_wf.fmapref_buffer" in "/work/fmriprep_24_1_wf/sub_24053_wf/bold_ses_1_task_rat_dir_PA_run_01_echo_1_part_mag_wf/bold_fit_wf/fmapref_buffer".
2025-03-04 09:07:53,918 [ WARNING] Changing /out/sub-24053/ses-1/func/sub-24053_ses-1_task-rat_dir-PA_run-01_part-mag_desc-hmc_boldref.nii.gz dtype from uint16 to float32
2025-03-04 09:07:53,942 [    INFO] [Node] Executing "fmapref_buffer" <nipype.interfaces.utility.wrappers.Function>
2025-03-04 09:07:53,943 [    INFO] [Node] Finished "fmapref_buffer", elapsed time 0.000809s.
2025-03-04 09:07:53,950 [ WARNING] WARNING: Niworkflows will be deprecating reporting in favor of a standalone library "nireports".
2025-03-04 09:07:53,953 [ WARNING] WARNING: Niworkflows will be deprecating visualizations in favor of a standalone library "nireports".
2025-03-04 09:07:54,031 [ WARNING] WARNING: SOCKS support in urllib3 requires the installation of optional dependencies: specifically, PySocks.  For more information, see https://urllib3.readthedocs.io/en/latest/advanced-usage.html#socks-proxies
2025-03-04 09:07:54,135 [    INFO] [Node] Setting-up "fmriprep_24_1_wf.sub_24053_wf.bold_ses_1_task_bao_dir_AP_run_01_echo_1_part_mag_wf.bold_native_wf.bold_stc_wf.slice_timing_correction" in "/work/fmriprep_24_1_wf/sub_24053_wf/bold_ses_1_task_bao_dir_AP_run_01_echo_1_part_mag_wf/bold_native_wf/bold_stc_wf/_echoidx_4/slice_timing_correction".
2025-03-04 09:07:54,142 [    INFO] [Node] Executing "slice_timing_correction" <fmriprep.workflows.bold.stc.TShift>
2025-03-04 09:07:54,218 [ WARNING] WARNING: SOCKS support in urllib3 requires the installation of optional dependencies: specifically, PySocks.  For more information, see https://urllib3.readthedocs.io/en/latest/advanced-usage.html#socks-proxies
2025-03-04 09:07:54,342 [    INFO] [Node] Executing "copy_xform" <niworkflows.interfaces.header.CopyXForm>
2025-03-04 09:07:54,355 [    INFO] [Node] Setting-up "fmriprep_24_1_wf.sub_24053_wf.bold_ses_1_task_bao_dir_AP_run_01_echo_1_part_mag_wf.bold_fit_wf.ds_coreg_boldref_wf.sources" in "/work/fmriprep_24_1_wf/sub_24053_wf/bold_ses_1_task_bao_dir_AP_run_01_echo_1_part_mag_wf/bold_fit_wf/ds_coreg_boldref_wf/sources".
2025-03-04 09:07:54,361 [    INFO] [Node] Executing "sources" <fmriprep.interfaces.bids.BIDSURI>
2025-03-04 09:07:54,362 [    INFO] [Node] Finished "sources", elapsed time 0.00034s.
2025-03-04 09:07:55,075 [ WARNING] WARNING: Niworkflows will be deprecating reporting in favor of a standalone library "nireports".
2025-03-04 09:07:55,109 [ WARNING] WARNING: Niworkflows will be deprecating reporting in favor of a standalone library "nireports".
2025-03-04 09:07:55,111 [ WARNING] WARNING: Niworkflows will be deprecating visualizations in favor of a standalone library "nireports".
2025-03-04 09:07:55,163 [ WARNING] WARNING: Niworkflows will be deprecating reporting in favor of a standalone library "nireports".
2025-03-04 09:07:55,166 [ WARNING] WARNING: Niworkflows will be deprecating visualizations in favor of a standalone library "nireports".
2025-03-04 09:07:55,276 [ WARNING] WARNING: Niworkflows will be deprecating visualizations in favor of a standalone library "nireports".
2025-03-04 09:07:55,363 [ WARNING] WARNING: SOCKS support in urllib3 requires the installation of optional dependencies: specifically, PySocks.  For more information, see https://urllib3.readthedocs.io/en/latest/advanced-usage.html#socks-proxies
2025-03-04 09:07:55,409 [ WARNING] WARNING: SOCKS support in urllib3 requires the installation of optional dependencies: specifically, PySocks.  For more information, see https://urllib3.readthedocs.io/en/latest/advanced-usage.html#socks-proxies
2025-03-04 09:07:55,488 [    INFO] [Node] Executing "copy_xform" <niworkflows.interfaces.header.CopyXForm>
2025-03-04 09:07:55,534 [ WARNING] WARNING: SOCKS support in urllib3 requires the installation of optional dependencies: specifically, PySocks.  For more information, see https://urllib3.readthedocs.io/en/latest/advanced-usage.html#socks-proxies
2025-03-04 09:07:55,542 [    INFO] [Node] Executing "copy_xform" <niworkflows.interfaces.header.CopyXForm>
2025-03-04 09:07:55,681 [    INFO] [Node] Executing "copy_xform" <niworkflows.interfaces.header.CopyXForm>
2025-03-04 09:07:55,871 [    INFO] [Node] Setting-up "fmriprep_24_1_wf.sub_24053_wf.bold_ses_1_task_rat_dir_PA_run_01_echo_1_part_mag_wf.bold_fit_wf.bold_hmc_wf.mcflirt" in "/work/fmriprep_24_1_wf/sub_24053_wf/bold_ses_1_task_rat_dir_PA_run_01_echo_1_part_mag_wf/bold_fit_wf/bold_hmc_wf/mcflirt".
2025-03-04 09:07:55,891 [    INFO] [Node] Executing "mcflirt" <nipype.interfaces.fsl.preprocess.MCFLIRT>
2025-03-04 09:08:19,141 [ WARNING] WARNING: 'locale.getdefaultlocale' is deprecated and slated for removal in Python 3.15. Use setlocale(), getencoding() and getlocale() instead.
2025-03-04 09:08:19,141 [ WARNING] WARNING: 'locale.getdefaultlocale' is deprecated and slated for removal in Python 3.15. Use setlocale(), getencoding() and getlocale() instead.
2025-03-04 09:08:19,221 [ WARNING] WARNING: 'locale.getdefaultlocale' is deprecated and slated for removal in Python 3.15. Use setlocale(), getencoding() and getlocale() instead.
2025-03-04 09:08:19,221 [ WARNING] WARNING: 'locale.getdefaultlocale' is deprecated and slated for removal in Python 3.15. Use setlocale(), getencoding() and getlocale() instead.
2025-03-04 09:08:19,314 [    INFO] [Node] Finished "slice_timing_correction", elapsed time 99.618271s.
2025-03-04 09:08:19,320 [ WARNING] WARNING: 'locale.getdefaultlocale' is deprecated and slated for removal in Python 3.15. Use setlocale(), getencoding() and getlocale() instead.
2025-03-04 09:08:19,320 [ WARNING] WARNING: 'locale.getdefaultlocale' is deprecated and slated for removal in Python 3.15. Use setlocale(), getencoding() and getlocale() instead.
2025-03-04 09:08:19,398 [    INFO] [Node] Finished "slice_timing_correction", elapsed time 99.56482s.
2025-03-04 09:08:19,474 [    INFO] [Node] Finished "slice_timing_correction", elapsed time 99.759454s.
2025-03-04 09:08:19,865 [    INFO] [Node] Setting-up "fmriprep_24_1_wf.sub_24053_wf.bold_ses_1_task_rat_dir_PA_run_01_echo_1_part_mag_wf.bold_native_wf.bold_stc_wf.copy_xform" in "/work/fmriprep_24_1_wf/sub_24053_wf/bold_ses_1_task_rat_dir_PA_run_01_echo_1_part_mag_wf/bold_native_wf/bold_stc_wf/_echoidx_0/copy_xform".
2025-03-04 09:08:19,866 [    INFO] [Node] Setting-up "fmriprep_24_1_wf.sub_24053_wf.bold_ses_1_task_rat_dir_PA_run_01_echo_1_part_mag_wf.bold_native_wf.bold_stc_wf.copy_xform" in "/work/fmriprep_24_1_wf/sub_24053_wf/bold_ses_1_task_rat_dir_PA_run_01_echo_1_part_mag_wf/bold_native_wf/bold_stc_wf/_echoidx_1/copy_xform".
2025-03-04 09:08:19,866 [    INFO] [Node] Setting-up "fmriprep_24_1_wf.sub_24053_wf.bold_ses_1_task_rat_dir_PA_run_01_echo_1_part_mag_wf.bold_native_wf.bold_stc_wf.copy_xform" in "/work/fmriprep_24_1_wf/sub_24053_wf/bold_ses_1_task_rat_dir_PA_run_01_echo_1_part_mag_wf/bold_native_wf/bold_stc_wf/_echoidx_2/copy_xform".
2025-03-04 09:08:19,871 [    INFO] [Node] Executing "copy_xform" <niworkflows.interfaces.header.CopyXForm>
2025-03-04 09:08:19,871 [    INFO] [Node] Executing "copy_xform" <niworkflows.interfaces.header.CopyXForm>
2025-03-04 09:08:19,872 [    INFO] [Node] Executing "copy_xform" <niworkflows.interfaces.header.CopyXForm>
2025-03-04 09:08:21,167 [    INFO] [Node] Setting-up "fmriprep_24_1_wf.sub_24053_wf.bold_ses_1_task_rat_dir_PA_run_01_echo_1_part_mag_wf.bold_fit_wf.ds_coreg_boldref_wf.sources" in "/work/fmriprep_24_1_wf/sub_24053_wf/bold_ses_1_task_rat_dir_PA_run_01_echo_1_part_mag_wf/bold_fit_wf/ds_coreg_boldref_wf/sources".
2025-03-04 09:08:21,176 [    INFO] [Node] Executing "sources" <fmriprep.interfaces.bids.BIDSURI>
2025-03-04 09:08:21,177 [    INFO] [Node] Finished "sources", elapsed time 0.000192s.
2025-03-04 09:08:21,914 [ WARNING] WARNING: 'locale.getdefaultlocale' is deprecated and slated for removal in Python 3.15. Use setlocale(), getencoding() and getlocale() instead.
2025-03-04 09:08:21,914 [ WARNING] WARNING: 'locale.getdefaultlocale' is deprecated and slated for removal in Python 3.15. Use setlocale(), getencoding() and getlocale() instead.
2025-03-04 09:08:22,057 [    INFO] [Node] Finished "slice_timing_correction", elapsed time 100.955437s.
2025-03-04 09:08:22,060 [ WARNING] WARNING: 'locale.getdefaultlocale' is deprecated and slated for removal in Python 3.15. Use setlocale(), getencoding() and getlocale() instead.
2025-03-04 09:08:22,061 [ WARNING] WARNING: 'locale.getdefaultlocale' is deprecated and slated for removal in Python 3.15. Use setlocale(), getencoding() and getlocale() instead.
2025-03-04 09:08:22,238 [    INFO] [Node] Finished "slice_timing_correction", elapsed time 100.917435s.
2025-03-04 09:08:23,870 [    INFO] [Node] Setting-up "fmriprep_24_1_wf.sub_24053_wf.bold_ses_1_task_rat_dir_PA_run_01_echo_1_part_mag_wf.bold_native_wf.bold_stc_wf.copy_xform" in "/work/fmriprep_24_1_wf/sub_24053_wf/bold_ses_1_task_rat_dir_PA_run_01_echo_1_part_mag_wf/bold_native_wf/bold_stc_wf/_echoidx_3/copy_xform".
2025-03-04 09:08:23,871 [    INFO] [Node] Setting-up "fmriprep_24_1_wf.sub_24053_wf.bold_ses_1_task_rat_dir_PA_run_01_echo_1_part_mag_wf.bold_native_wf.bold_stc_wf.copy_xform" in "/work/fmriprep_24_1_wf/sub_24053_wf/bold_ses_1_task_rat_dir_PA_run_01_echo_1_part_mag_wf/bold_native_wf/bold_stc_wf/_echoidx_4/copy_xform".
2025-03-04 09:08:25,116 [ WARNING] WARNING: Niworkflows will be deprecating reporting in favor of a standalone library "nireports".
2025-03-04 09:08:25,118 [ WARNING] WARNING: Niworkflows will be deprecating visualizations in favor of a standalone library "nireports".
2025-03-04 09:08:25,282 [ WARNING] WARNING: Niworkflows will be deprecating reporting in favor of a standalone library "nireports".
2025-03-04 09:08:25,285 [ WARNING] WARNING: Niworkflows will be deprecating visualizations in favor of a standalone library "nireports".
2025-03-04 09:08:25,464 [ WARNING] WARNING: SOCKS support in urllib3 requires the installation of optional dependencies: specifically, PySocks.  For more information, see https://urllib3.readthedocs.io/en/latest/advanced-usage.html#socks-proxies
2025-03-04 09:08:25,542 [ WARNING] WARNING: SOCKS support in urllib3 requires the installation of optional dependencies: specifically, PySocks.  For more information, see https://urllib3.readthedocs.io/en/latest/advanced-usage.html#socks-proxies
2025-03-04 09:08:25,575 [    INFO] [Node] Executing "copy_xform" <niworkflows.interfaces.header.CopyXForm>
2025-03-04 09:08:25,661 [    INFO] [Node] Executing "copy_xform" <niworkflows.interfaces.header.CopyXForm>
2025-03-04 09:08:41,247 [    INFO] [Node] Finished "copy_xform", elapsed time 46.903769s.
2025-03-04 09:08:43,336 [    INFO] [Node] Finished "copy_xform", elapsed time 47.653739s.
2025-03-04 09:08:43,438 [    INFO] [Node] Finished "copy_xform", elapsed time 47.948507s.
2025-03-04 09:08:43,639 [    INFO] [Node] Finished "copy_xform", elapsed time 48.071392s.
2025-03-04 09:09:05,761 [ WARNING] WARNING: 'locale.getdefaultlocale' is deprecated and slated for removal in Python 3.15. Use setlocale(), getencoding() and getlocale() instead.
2025-03-04 09:09:05,761 [ WARNING] WARNING: 'locale.getdefaultlocale' is deprecated and slated for removal in Python 3.15. Use setlocale(), getencoding() and getlocale() instead.
2025-03-04 09:09:05,874 [    INFO] [Node] Finished "slice_timing_correction", elapsed time 71.731608s.
2025-03-04 09:09:07,877 [    INFO] [Node] Setting-up "fmriprep_24_1_wf.sub_24053_wf.bold_ses_1_task_bao_dir_AP_run_01_echo_1_part_mag_wf.bold_native_wf.bold_stc_wf.copy_xform" in "/work/fmriprep_24_1_wf/sub_24053_wf/bold_ses_1_task_bao_dir_AP_run_01_echo_1_part_mag_wf/bold_native_wf/bold_stc_wf/_echoidx_4/copy_xform".
2025-03-04 09:09:10,505 [ WARNING] WARNING: Niworkflows will be deprecating reporting in favor of a standalone library "nireports".
2025-03-04 09:09:10,507 [ WARNING] WARNING: Niworkflows will be deprecating visualizations in favor of a standalone library "nireports".
2025-03-04 09:09:10,751 [ WARNING] WARNING: SOCKS support in urllib3 requires the installation of optional dependencies: specifically, PySocks.  For more information, see https://urllib3.readthedocs.io/en/latest/advanced-usage.html#socks-proxies
2025-03-04 09:09:10,862 [    INFO] [Node] Executing "copy_xform" <niworkflows.interfaces.header.CopyXForm>
2025-03-04 09:09:28,832 [    INFO] [Node] Finished "copy_xform", elapsed time 68.960173s.
2025-03-04 09:09:29,111 [    INFO] [Node] Finished "copy_xform", elapsed time 69.237995s.
2025-03-04 09:09:29,272 [    INFO] [Node] Finished "copy_xform", elapsed time 69.399952s.
2025-03-04 09:09:34,790 [    INFO] [Node] Finished "copy_xform", elapsed time 69.214002s.
2025-03-04 09:09:34,971 [    INFO] [Node] Finished "copy_xform", elapsed time 69.30901s.
2025-03-04 09:09:57,283 [    INFO] [Node] Finished "copy_xform", elapsed time 46.419868s.
2025-03-04 09:11:31,230 [ WARNING] WARNING: 'locale.getdefaultlocale' is deprecated and slated for removal in Python 3.15. Use setlocale(), getencoding() and getlocale() instead.
2025-03-04 09:11:31,230 [ WARNING] WARNING: 'locale.getdefaultlocale' is deprecated and slated for removal in Python 3.15. Use setlocale(), getencoding() and getlocale() instead.
2025-03-04 09:11:31,450 [    INFO] [Node] Finished "mcflirt", elapsed time 219.020787s.
2025-03-04 09:11:32,179 [    INFO] [Node] Setting-up "fmriprep_24_1_wf.sub_24053_wf.bold_ses_1_task_bao_dir_AP_run_01_echo_1_part_mag_wf.bold_fit_wf.bold_hmc_wf.normalize_motion" in "/work/fmriprep_24_1_wf/sub_24053_wf/bold_ses_1_task_bao_dir_AP_run_01_echo_1_part_mag_wf/bold_fit_wf/bold_hmc_wf/normalize_motion".
2025-03-04 09:11:32,388 [    INFO] [Node] Executing "normalize_motion" <niworkflows.interfaces.confounds.NormalizeMotionParams>
2025-03-04 09:11:32,392 [    INFO] [Node] Finished "normalize_motion", elapsed time 0.003452s.
2025-03-04 09:11:33,898 [    INFO] [Node] Setting-up "fmriprep_24_1_wf.sub_24053_wf.bold_ses_1_task_bao_dir_AP_run_01_echo_1_part_mag_wf.bold_confounds_wf.fdisp" in "/work/fmriprep_24_1_wf/sub_24053_wf/bold_ses_1_task_bao_dir_AP_run_01_echo_1_part_mag_wf/bold_confounds_wf/fdisp".
2025-03-04 09:11:33,905 [    INFO] [Node] Executing "fdisp" <nipype.algorithms.confounds.FramewiseDisplacement>
2025-03-04 09:11:33,909 [    INFO] [Node] Finished "fdisp", elapsed time 0.002932s.
2025-03-04 09:13:16,620 [ WARNING] WARNING: 'locale.getdefaultlocale' is deprecated and slated for removal in Python 3.15. Use setlocale(), getencoding() and getlocale() instead.
2025-03-04 09:13:16,620 [ WARNING] WARNING: 'locale.getdefaultlocale' is deprecated and slated for removal in Python 3.15. Use setlocale(), getencoding() and getlocale() instead.
2025-03-04 09:13:16,844 [    INFO] [Node] Finished "mcflirt", elapsed time 320.952089s.
2025-03-04 09:13:17,930 [    INFO] [Node] Setting-up "_denoise0" in "/work/fmriprep_24_1_wf/sub_24053_wf/anat_fit_wf/anat_template_wf/denoise/mapflow/_denoise0".
2025-03-04 09:13:17,934 [    INFO] [Node] Executing "_denoise0" <nipype.interfaces.ants.segmentation.DenoiseImage>
2025-03-04 09:13:18,033 [ WARNING] WARNING: 'locale.getdefaultlocale' is deprecated and slated for removal in Python 3.15. Use setlocale(), getencoding() and getlocale() instead.
2025-03-04 09:13:18,033 [ WARNING] WARNING: 'locale.getdefaultlocale' is deprecated and slated for removal in Python 3.15. Use setlocale(), getencoding() and getlocale() instead.
2025-03-04 09:13:52,894 [ WARNING] WARNING: 'locale.getdefaultlocale' is deprecated and slated for removal in Python 3.15. Use setlocale(), getencoding() and getlocale() instead.
2025-03-04 09:13:52,894 [ WARNING] WARNING: 'locale.getdefaultlocale' is deprecated and slated for removal in Python 3.15. Use setlocale(), getencoding() and getlocale() instead.
2025-03-04 09:13:53,066 [    INFO] [Node] Finished "_denoise0", elapsed time 34.863257s.
2025-03-04 09:13:53,932 [    INFO] [Node] Setting-up "_denoise0" in "/work/fmriprep_24_1_wf/sub_24053_wf/anat_fit_wf/t2w_template_wf/denoise/mapflow/_denoise0".
2025-03-04 09:13:53,935 [    INFO] [Node] Executing "_denoise0" <nipype.interfaces.ants.segmentation.DenoiseImage>
2025-03-04 09:13:54,033 [ WARNING] WARNING: 'locale.getdefaultlocale' is deprecated and slated for removal in Python 3.15. Use setlocale(), getencoding() and getlocale() instead.
2025-03-04 09:13:54,033 [ WARNING] WARNING: 'locale.getdefaultlocale' is deprecated and slated for removal in Python 3.15. Use setlocale(), getencoding() and getlocale() instead.
2025-03-04 09:14:27,613 [ WARNING] WARNING: 'locale.getdefaultlocale' is deprecated and slated for removal in Python 3.15. Use setlocale(), getencoding() and getlocale() instead.
2025-03-04 09:14:27,613 [ WARNING] WARNING: 'locale.getdefaultlocale' is deprecated and slated for removal in Python 3.15. Use setlocale(), getencoding() and getlocale() instead.
2025-03-04 09:14:27,753 [    INFO] [Node] Finished "_denoise0", elapsed time 33.550731s.
2025-03-04 09:14:27,936 [    INFO] [Node] Setting-up "fmriprep_24_1_wf.sub_24053_wf.bold_ses_1_task_rat_dir_PA_run_01_echo_1_part_mag_wf.bold_fit_wf.bold_hmc_wf.normalize_motion" in "/work/fmriprep_24_1_wf/sub_24053_wf/bold_ses_1_task_rat_dir_PA_run_01_echo_1_part_mag_wf/bold_fit_wf/bold_hmc_wf/normalize_motion".
2025-03-04 09:14:27,937 [    INFO] [Node] Setting-up "_anat_conform0" in "/work/fmriprep_24_1_wf/sub_24053_wf/anat_fit_wf/anat_template_wf/anat_conform/mapflow/_anat_conform0".
2025-03-04 09:14:27,940 [    INFO] [Node] Executing "_anat_conform0" <niworkflows.interfaces.images.Conform>
2025-03-04 09:14:27,942 [    INFO] [Node] Setting-up "_anat_conform0" in "/work/fmriprep_24_1_wf/sub_24053_wf/anat_fit_wf/t2w_template_wf/anat_conform/mapflow/_anat_conform0".
2025-03-04 09:14:27,945 [    INFO] [Node] Executing "_anat_conform0" <niworkflows.interfaces.images.Conform>
2025-03-04 09:14:28,035 [    INFO] [Node] Finished "_anat_conform0", elapsed time 0.094136s.
2025-03-04 09:14:28,035 [    INFO] [Node] Finished "_anat_conform0", elapsed time 0.088911s.
2025-03-04 09:14:28,037 [    INFO] [Node] Executing "normalize_motion" <niworkflows.interfaces.confounds.NormalizeMotionParams>
2025-03-04 09:14:28,042 [    INFO] [Node] Finished "normalize_motion", elapsed time 0.004543s.
2025-03-04 09:14:29,933 [    INFO] [Node] Setting-up "fmriprep_24_1_wf.sub_24053_wf.bold_ses_1_task_bao_dir_AP_run_01_echo_1_part_mag_wf.bold_fit_wf.enhance_and_skullstrip_bold_wf.init_aff" in "/work/fmriprep_24_1_wf/sub_24053_wf/bold_ses_1_task_bao_dir_AP_run_01_echo_1_part_mag_wf/bold_fit_wf/enhance_and_skullstrip_bold_wf/init_aff".
2025-03-04 09:14:29,940 [    INFO] [Node] Executing "init_aff" <nipype.interfaces.ants.utils.AI>
2025-03-04 09:14:30,039 [ WARNING] WARNING: 'locale.getdefaultlocale' is deprecated and slated for removal in Python 3.15. Use setlocale(), getencoding() and getlocale() instead.
2025-03-04 09:14:30,039 [ WARNING] WARNING: 'locale.getdefaultlocale' is deprecated and slated for removal in Python 3.15. Use setlocale(), getencoding() and getlocale() instead.
2025-03-04 09:14:49,319 [ WARNING] WARNING: 'locale.getdefaultlocale' is deprecated and slated for removal in Python 3.15. Use setlocale(), getencoding() and getlocale() instead.
2025-03-04 09:14:49,319 [ WARNING] WARNING: 'locale.getdefaultlocale' is deprecated and slated for removal in Python 3.15. Use setlocale(), getencoding() and getlocale() instead.
2025-03-04 09:14:49,450 [    INFO] [Node] Finished "init_aff", elapsed time 19.229028s.
2025-03-04 09:14:49,972 [    INFO] [Node] Setting-up "fmriprep_24_1_wf.sub_24053_wf.bold_ses_1_task_bao_dir_AP_run_01_echo_1_part_mag_wf.bold_fit_wf.bold_hmc_wf.fsl2itk" in "/work/fmriprep_24_1_wf/sub_24053_wf/bold_ses_1_task_bao_dir_AP_run_01_echo_1_part_mag_wf/bold_fit_wf/bold_hmc_wf/fsl2itk".
2025-03-04 09:14:50,019 [    INFO] [Node] Executing "fsl2itk" <niworkflows.interfaces.itk.MCFLIRT2ITK>
2025-03-04 09:14:50,020 [ WARNING] Multithreading is deprecated. Remove the num_threads input.
2025-03-04 09:14:50,282 [    INFO] [Node] Finished "fsl2itk", elapsed time 0.261834s.
2025-03-04 09:14:51,935 [    INFO] [Node] Setting-up "fmriprep_24_1_wf.sub_24053_wf.bold_ses_1_task_rat_dir_PA_run_01_echo_1_part_mag_wf.bold_fit_wf.enhance_and_skullstrip_bold_wf.init_aff" in "/work/fmriprep_24_1_wf/sub_24053_wf/bold_ses_1_task_rat_dir_PA_run_01_echo_1_part_mag_wf/bold_fit_wf/enhance_and_skullstrip_bold_wf/init_aff".
2025-03-04 09:14:51,941 [    INFO] [Node] Executing "init_aff" <nipype.interfaces.ants.utils.AI>
2025-03-04 09:14:52,038 [ WARNING] WARNING: 'locale.getdefaultlocale' is deprecated and slated for removal in Python 3.15. Use setlocale(), getencoding() and getlocale() instead.
2025-03-04 09:14:52,038 [ WARNING] WARNING: 'locale.getdefaultlocale' is deprecated and slated for removal in Python 3.15. Use setlocale(), getencoding() and getlocale() instead.
2025-03-04 09:15:11,213 [ WARNING] WARNING: 'locale.getdefaultlocale' is deprecated and slated for removal in Python 3.15. Use setlocale(), getencoding() and getlocale() instead.
2025-03-04 09:15:11,213 [ WARNING] WARNING: 'locale.getdefaultlocale' is deprecated and slated for removal in Python 3.15. Use setlocale(), getencoding() and getlocale() instead.
2025-03-04 09:15:11,362 [    INFO] [Node] Finished "init_aff", elapsed time 19.075412s.
2025-03-04 09:15:11,974 [    INFO] [Node] Setting-up "fmriprep_24_1_wf.sub_24053_wf.bold_ses_1_task_rat_dir_PA_run_01_echo_1_part_mag_wf.bold_fit_wf.bold_hmc_wf.fsl2itk" in "/work/fmriprep_24_1_wf/sub_24053_wf/bold_ses_1_task_rat_dir_PA_run_01_echo_1_part_mag_wf/bold_fit_wf/bold_hmc_wf/fsl2itk".
2025-03-04 09:15:12,032 [    INFO] [Node] Executing "fsl2itk" <niworkflows.interfaces.itk.MCFLIRT2ITK>
2025-03-04 09:15:12,033 [ WARNING] Multithreading is deprecated. Remove the num_threads input.
2025-03-04 09:15:12,403 [    INFO] [Node] Finished "fsl2itk", elapsed time 0.370258s.
2025-03-04 09:15:13,939 [    INFO] [Node] Setting-up "fmriprep_24_1_wf.sub_24053_wf.anat_fit_wf.anat_template_wf.get1st" in "/work/fmriprep_24_1_wf/sub_24053_wf/anat_fit_wf/anat_template_wf/get1st".
2025-03-04 09:15:13,939 [    INFO] [Node] Setting-up "fmriprep_24_1_wf.sub_24053_wf.anat_fit_wf.t2w_template_wf.get1st" in "/work/fmriprep_24_1_wf/sub_24053_wf/anat_fit_wf/t2w_template_wf/get1st".
2025-03-04 09:15:13,947 [    INFO] [Node] Executing "get1st" <nipype.interfaces.utility.base.Select>
2025-03-04 09:15:13,947 [    INFO] [Node] Executing "get1st" <nipype.interfaces.utility.base.Select>
2025-03-04 09:15:13,948 [    INFO] [Node] Finished "get1st", elapsed time 0.000382s.
2025-03-04 09:15:13,948 [    INFO] [Node] Finished "get1st", elapsed time 0.000915s.
2025-03-04 09:15:14,370 [    INFO] [Node] Setting-up "fmriprep_24_1_wf.sub_24053_wf.bold_ses_1_task_rat_dir_PA_run_01_echo_1_part_mag_wf.bold_confounds_wf.fdisp" in "/work/fmriprep_24_1_wf/sub_24053_wf/bold_ses_1_task_rat_dir_PA_run_01_echo_1_part_mag_wf/bold_confounds_wf/fdisp".
2025-03-04 09:15:14,378 [    INFO] [Node] Executing "fdisp" <nipype.algorithms.confounds.FramewiseDisplacement>
2025-03-04 09:15:14,383 [    INFO] [Node] Finished "fdisp", elapsed time 0.004235s.
2025-03-04 09:15:15,940 [    INFO] [Node] Setting-up "fmriprep_24_1_wf.sub_24053_wf.bold_ses_1_task_bao_dir_AP_run_01_echo_1_part_mag_wf.bold_fit_wf.enhance_and_skullstrip_bold_wf.norm" in "/work/fmriprep_24_1_wf/sub_24053_wf/bold_ses_1_task_bao_dir_AP_run_01_echo_1_part_mag_wf/bold_fit_wf/enhance_and_skullstrip_bold_wf/norm".
2025-03-04 09:15:15,947 [    INFO] [Node] Executing "norm" <niworkflows.interfaces.fixes.FixHeaderRegistration>
2025-03-04 09:15:16,045 [ WARNING] WARNING: 'locale.getdefaultlocale' is deprecated and slated for removal in Python 3.15. Use setlocale(), getencoding() and getlocale() instead.
2025-03-04 09:15:16,045 [ WARNING] WARNING: 'locale.getdefaultlocale' is deprecated and slated for removal in Python 3.15. Use setlocale(), getencoding() and getlocale() instead.
2025-03-04 09:15:16,789 [ WARNING] WARNING: 'locale.getdefaultlocale' is deprecated and slated for removal in Python 3.15. Use setlocale(), getencoding() and getlocale() instead.
2025-03-04 09:15:16,789 [ WARNING] WARNING: 'locale.getdefaultlocale' is deprecated and slated for removal in Python 3.15. Use setlocale(), getencoding() and getlocale() instead.
2025-03-04 09:15:16,936 [    INFO] [Node] Finished "norm", elapsed time 0.640187s.
2025-03-04 09:15:17,941 [    INFO] [Node] Setting-up "fmriprep_24_1_wf.sub_24053_wf.bold_ses_1_task_rat_dir_PA_run_01_echo_1_part_mag_wf.bold_fit_wf.enhance_and_skullstrip_bold_wf.norm" in "/work/fmriprep_24_1_wf/sub_24053_wf/bold_ses_1_task_rat_dir_PA_run_01_echo_1_part_mag_wf/bold_fit_wf/enhance_and_skullstrip_bold_wf/norm".
2025-03-04 09:15:17,951 [    INFO] [Node] Executing "norm" <niworkflows.interfaces.fixes.FixHeaderRegistration>
2025-03-04 09:15:18,049 [ WARNING] WARNING: 'locale.getdefaultlocale' is deprecated and slated for removal in Python 3.15. Use setlocale(), getencoding() and getlocale() instead.
2025-03-04 09:15:18,049 [ WARNING] WARNING: 'locale.getdefaultlocale' is deprecated and slated for removal in Python 3.15. Use setlocale(), getencoding() and getlocale() instead.
2025-03-04 09:15:18,804 [ WARNING] WARNING: 'locale.getdefaultlocale' is deprecated and slated for removal in Python 3.15. Use setlocale(), getencoding() and getlocale() instead.
2025-03-04 09:15:18,804 [ WARNING] WARNING: 'locale.getdefaultlocale' is deprecated and slated for removal in Python 3.15. Use setlocale(), getencoding() and getlocale() instead.
2025-03-04 09:15:18,970 [    INFO] [Node] Finished "norm", elapsed time 0.693621s.
2025-03-04 09:15:20,161 [    INFO] [Node] Setting-up "fmriprep_24_1_wf.sub_24053_wf.bold_ses_1_task_bao_dir_AP_run_01_echo_1_part_mag_wf.bold_fit_wf.enhance_and_skullstrip_bold_wf.map_brainmask" in "/work/fmriprep_24_1_wf/sub_24053_wf/bold_ses_1_task_bao_dir_AP_run_01_echo_1_part_mag_wf/bold_fit_wf/enhance_and_skullstrip_bold_wf/map_brainmask".
2025-03-04 09:15:20,161 [    INFO] [Node] Setting-up "fmriprep_24_1_wf.sub_24053_wf.bold_ses_1_task_rat_dir_PA_run_01_echo_1_part_mag_wf.bold_fit_wf.enhance_and_skullstrip_bold_wf.map_brainmask" in "/work/fmriprep_24_1_wf/sub_24053_wf/bold_ses_1_task_rat_dir_PA_run_01_echo_1_part_mag_wf/bold_fit_wf/enhance_and_skullstrip_bold_wf/map_brainmask".
2025-03-04 09:15:20,167 [    INFO] [Node] Executing "map_brainmask" <niworkflows.interfaces.fixes.FixHeaderApplyTransforms>
2025-03-04 09:15:20,167 [    INFO] [Node] Executing "map_brainmask" <niworkflows.interfaces.fixes.FixHeaderApplyTransforms>
2025-03-04 09:15:20,266 [ WARNING] WARNING: 'locale.getdefaultlocale' is deprecated and slated for removal in Python 3.15. Use setlocale(), getencoding() and getlocale() instead.
2025-03-04 09:15:20,267 [ WARNING] WARNING: 'locale.getdefaultlocale' is deprecated and slated for removal in Python 3.15. Use setlocale(), getencoding() and getlocale() instead.
2025-03-04 09:15:20,550 [ WARNING] WARNING: 'locale.getdefaultlocale' is deprecated and slated for removal in Python 3.15. Use setlocale(), getencoding() and getlocale() instead.
2025-03-04 09:15:20,551 [ WARNING] WARNING: 'locale.getdefaultlocale' is deprecated and slated for removal in Python 3.15. Use setlocale(), getencoding() and getlocale() instead.
2025-03-04 09:15:20,766 [ WARNING] WARNING: 'locale.getdefaultlocale' is deprecated and slated for removal in Python 3.15. Use setlocale(), getencoding() and getlocale() instead.
2025-03-04 09:15:20,766 [ WARNING] WARNING: 'locale.getdefaultlocale' is deprecated and slated for removal in Python 3.15. Use setlocale(), getencoding() and getlocale() instead.
2025-03-04 09:15:20,889 [    INFO] [Node] Finished "map_brainmask", elapsed time 0.720739s.
2025-03-04 09:15:21,064 [    INFO] [Node] Finished "map_brainmask", elapsed time 0.628911s.
2025-03-04 09:15:21,944 [    INFO] [Node] Setting-up "fmriprep_24_1_wf.sub_24053_wf.anat_fit_wf.surface_recon_wf.fov_check" in "/work/fmriprep_24_1_wf/sub_24053_wf/anat_fit_wf/surface_recon_wf/fov_check".
2025-03-04 09:15:21,948 [    INFO] [Node] Executing "fov_check" <nipype.interfaces.utility.wrappers.Function>
2025-03-04 09:15:21,970 [    INFO] [Node] Setting-up "_truncate_images0" in "/work/fmriprep_24_1_wf/sub_24053_wf/anat_fit_wf/brain_extraction_wf/truncate_images/mapflow/_truncate_images0".
2025-03-04 09:15:21,973 [    INFO] [Node] Executing "_truncate_images0" <nipype.interfaces.ants.utils.ImageMath>
2025-03-04 09:15:21,994 [ WARNING] WARNING: Niworkflows will be deprecating reporting in favor of a standalone library "nireports".
2025-03-04 09:15:22,072 [ WARNING] WARNING: 'locale.getdefaultlocale' is deprecated and slated for removal in Python 3.15. Use setlocale(), getencoding() and getlocale() instead.
2025-03-04 09:15:22,073 [ WARNING] WARNING: 'locale.getdefaultlocale' is deprecated and slated for removal in Python 3.15. Use setlocale(), getencoding() and getlocale() instead.
2025-03-04 09:15:22,232 [ WARNING] WARNING: Niworkflows will be deprecating visualizations in favor of a standalone library "nireports".
2025-03-04 09:15:22,241 [    INFO] [Node] Setting-up "fmriprep_24_1_wf.sub_24053_wf.anat_fit_wf.surface_recon_wf.recon_config" in "/work/fmriprep_24_1_wf/sub_24053_wf/anat_fit_wf/surface_recon_wf/recon_config".
2025-03-04 09:15:22,246 [    INFO] [Node] Executing "recon_config" <niworkflows.interfaces.freesurfer.FSDetectInputs>
2025-03-04 09:15:22,339 [    INFO] [Node] Finished "fov_check", elapsed time 0.389299s.
2025-03-04 09:15:22,347 [    INFO] [Node] Finished "recon_config", elapsed time 0.100544s.
2025-03-04 09:15:23,945 [    INFO] [Node] Setting-up "fmriprep_24_1_wf.sub_24053_wf.bold_ses_1_task_bao_dir_AP_run_01_echo_1_part_mag_wf.bold_fit_wf.enhance_and_skullstrip_bold_wf.n4_correct" in "/work/fmriprep_24_1_wf/sub_24053_wf/bold_ses_1_task_bao_dir_AP_run_01_echo_1_part_mag_wf/bold_fit_wf/enhance_and_skullstrip_bold_wf/n4_correct".
2025-03-04 09:15:23,945 [    INFO] [Node] Setting-up "fmriprep_24_1_wf.sub_24053_wf.bold_ses_1_task_rat_dir_PA_run_01_echo_1_part_mag_wf.bold_fit_wf.enhance_and_skullstrip_bold_wf.n4_correct" in "/work/fmriprep_24_1_wf/sub_24053_wf/bold_ses_1_task_rat_dir_PA_run_01_echo_1_part_mag_wf/bold_fit_wf/enhance_and_skullstrip_bold_wf/n4_correct".
2025-03-04 09:15:23,950 [    INFO] [Node] Executing "n4_correct" <niworkflows.interfaces.fixes.FixN4BiasFieldCorrection>
2025-03-04 09:15:23,950 [    INFO] [Node] Executing "n4_correct" <niworkflows.interfaces.fixes.FixN4BiasFieldCorrection>
2025-03-04 09:15:24,044 [ WARNING] WARNING: 'locale.getdefaultlocale' is deprecated and slated for removal in Python 3.15. Use setlocale(), getencoding() and getlocale() instead.
2025-03-04 09:15:24,044 [ WARNING] WARNING: 'locale.getdefaultlocale' is deprecated and slated for removal in Python 3.15. Use setlocale(), getencoding() and getlocale() instead.
2025-03-04 09:15:25,608 [ WARNING] WARNING: 'locale.getdefaultlocale' is deprecated and slated for removal in Python 3.15. Use setlocale(), getencoding() and getlocale() instead.
2025-03-04 09:15:25,608 [ WARNING] WARNING: 'locale.getdefaultlocale' is deprecated and slated for removal in Python 3.15. Use setlocale(), getencoding() and getlocale() instead.
2025-03-04 09:15:27,830 [    INFO] [Node] Finished "_truncate_images0", elapsed time 5.624386s.
2025-03-04 09:15:29,939 [ WARNING] WARNING: 'locale.getdefaultlocale' is deprecated and slated for removal in Python 3.15. Use setlocale(), getencoding() and getlocale() instead.
2025-03-04 09:15:29,939 [ WARNING] WARNING: 'locale.getdefaultlocale' is deprecated and slated for removal in Python 3.15. Use setlocale(), getencoding() and getlocale() instead.
2025-03-04 09:15:30,196 [ WARNING] WARNING: 'locale.getdefaultlocale' is deprecated and slated for removal in Python 3.15. Use setlocale(), getencoding() and getlocale() instead.
2025-03-04 09:15:30,197 [ WARNING] WARNING: 'locale.getdefaultlocale' is deprecated and slated for removal in Python 3.15. Use setlocale(), getencoding() and getlocale() instead.
2025-03-04 09:15:30,278 [    INFO] [Node] Finished "n4_correct", elapsed time 6.327127s.
2025-03-04 09:15:30,571 [    INFO] [Node] Finished "n4_correct", elapsed time 6.332001s.
2025-03-04 09:15:31,950 [    INFO] [Node] Setting-up "_inu_n40" in "/work/fmriprep_24_1_wf/sub_24053_wf/anat_fit_wf/brain_extraction_wf/inu_n4/mapflow/_inu_n40".
2025-03-04 09:15:31,953 [    INFO] [Node] Executing "_inu_n40" <nipype.interfaces.ants.segmentation.N4BiasFieldCorrection>
2025-03-04 09:15:47,257 [ WARNING] WARNING: 'locale.getdefaultlocale' is deprecated and slated for removal in Python 3.15. Use setlocale(), getencoding() and getlocale() instead.
2025-03-04 09:15:47,257 [ WARNING] WARNING: 'locale.getdefaultlocale' is deprecated and slated for removal in Python 3.15. Use setlocale(), getencoding() and getlocale() instead.
2025-03-04 09:15:49,846 [    INFO] [Node] Finished "_inu_n40", elapsed time 17.892278s.
2025-03-04 09:15:51,954 [    INFO] [Node] Setting-up "fmriprep_24_1_wf.sub_24053_wf.anat_fit_wf.brain_extraction_wf.lap_target" in "/work/fmriprep_24_1_wf/sub_24053_wf/anat_fit_wf/brain_extraction_wf/lap_target".
2025-03-04 09:15:51,955 [    INFO] [Node] Setting-up "fmriprep_24_1_wf.sub_24053_wf.bold_ses_1_task_bao_dir_AP_run_01_echo_1_part_mag_wf.bold_fit_wf.enhance_and_skullstrip_bold_wf.skullstrip_first_pass" in "/work/fmriprep_24_1_wf/sub_24053_wf/bold_ses_1_task_bao_dir_AP_run_01_echo_1_part_mag_wf/bold_fit_wf/enhance_and_skullstrip_bold_wf/skullstrip_first_pass".
2025-03-04 09:15:51,956 [    INFO] [Node] Setting-up "fmriprep_24_1_wf.sub_24053_wf.bold_ses_1_task_rat_dir_PA_run_01_echo_1_part_mag_wf.bold_fit_wf.enhance_and_skullstrip_bold_wf.skullstrip_first_pass" in "/work/fmriprep_24_1_wf/sub_24053_wf/bold_ses_1_task_rat_dir_PA_run_01_echo_1_part_mag_wf/bold_fit_wf/enhance_and_skullstrip_bold_wf/skullstrip_first_pass".
2025-03-04 09:15:51,959 [    INFO] [Node] Executing "lap_target" <nipype.interfaces.ants.utils.ImageMath>
2025-03-04 09:15:51,959 [    INFO] [Node] Setting-up "fmriprep_24_1_wf.sub_24053_wf.anat_fit_wf.brain_extraction_wf.res_target" in "/work/fmriprep_24_1_wf/sub_24053_wf/anat_fit_wf/brain_extraction_wf/res_target".
2025-03-04 09:15:51,960 [    INFO] [Node] Executing "skullstrip_first_pass" <nipype.interfaces.fsl.preprocess.BET>
2025-03-04 09:15:51,960 [    INFO] [Node] Setting-up "fmriprep_24_1_wf.sub_24053_wf.bold_ses_1_task_rat_dir_PA_run_01_echo_1_part_mag_wf.bold_fit_wf.unwarp_wf.rotime" in "/work/fmriprep_24_1_wf/sub_24053_wf/bold_ses_1_task_rat_dir_PA_run_01_echo_1_part_mag_wf/bold_fit_wf/unwarp_wf/rotime".
2025-03-04 09:15:51,961 [    INFO] [Node] Executing "skullstrip_first_pass" <nipype.interfaces.fsl.preprocess.BET>
2025-03-04 09:15:51,965 [    INFO] [Node] Setting-up "fmriprep_24_1_wf.sub_24053_wf.bold_ses_1_task_bao_dir_AP_run_01_echo_1_part_mag_wf.bold_fit_wf.unwarp_wf.rotime" in "/work/fmriprep_24_1_wf/sub_24053_wf/bold_ses_1_task_bao_dir_AP_run_01_echo_1_part_mag_wf/bold_fit_wf/unwarp_wf/rotime".
2025-03-04 09:15:51,968 [    INFO] [Node] Executing "rotime" <sdcflows.interfaces.epi.GetReadoutTime>
2025-03-04 09:15:51,970 [    INFO] [Node] Finished "rotime", elapsed time 0.001054s.
2025-03-04 09:15:52,060 [ WARNING] WARNING: 'locale.getdefaultlocale' is deprecated and slated for removal in Python 3.15. Use setlocale(), getencoding() and getlocale() instead.
2025-03-04 09:15:52,060 [ WARNING] WARNING: 'locale.getdefaultlocale' is deprecated and slated for removal in Python 3.15. Use setlocale(), getencoding() and getlocale() instead.
2025-03-04 09:15:52,924 [    INFO] [Node] Executing "res_target" <niworkflows.interfaces.nibabel.RegridToZooms>
2025-03-04 09:15:52,926 [    INFO] [Node] Executing "rotime" <sdcflows.interfaces.epi.GetReadoutTime>
2025-03-04 09:15:52,929 [    INFO] [Node] Finished "rotime", elapsed time 0.001244s.
2025-03-04 09:15:53,447 [ WARNING] WARNING: 'locale.getdefaultlocale' is deprecated and slated for removal in Python 3.15. Use setlocale(), getencoding() and getlocale() instead.
2025-03-04 09:15:53,447 [ WARNING] WARNING: 'locale.getdefaultlocale' is deprecated and slated for removal in Python 3.15. Use setlocale(), getencoding() and getlocale() instead.
2025-03-04 09:15:53,455 [ WARNING] WARNING: 'locale.getdefaultlocale' is deprecated and slated for removal in Python 3.15. Use setlocale(), getencoding() and getlocale() instead.
2025-03-04 09:15:53,456 [ WARNING] WARNING: 'locale.getdefaultlocale' is deprecated and slated for removal in Python 3.15. Use setlocale(), getencoding() and getlocale() instead.
2025-03-04 09:15:53,576 [    INFO] [Node] Finished "skullstrip_first_pass", elapsed time 1.615157s.
2025-03-04 09:15:53,624 [    INFO] [Node] Finished "skullstrip_first_pass", elapsed time 1.661515s.
2025-03-04 09:15:53,986 [    INFO] [Node] Setting-up "fmriprep_24_1_wf.sub_24053_wf.bold_ses_1_task_bao_dir_AP_run_01_echo_1_part_mag_wf.bold_fit_wf.enhance_and_skullstrip_bold_wf.first_dilate" in "/work/fmriprep_24_1_wf/sub_24053_wf/bold_ses_1_task_bao_dir_AP_run_01_echo_1_part_mag_wf/bold_fit_wf/enhance_and_skullstrip_bold_wf/first_dilate".
2025-03-04 09:15:53,987 [    INFO] [Node] Setting-up "fmriprep_24_1_wf.sub_24053_wf.bold_ses_1_task_rat_dir_PA_run_01_echo_1_part_mag_wf.bold_fit_wf.enhance_and_skullstrip_bold_wf.first_dilate" in "/work/fmriprep_24_1_wf/sub_24053_wf/bold_ses_1_task_rat_dir_PA_run_01_echo_1_part_mag_wf/bold_fit_wf/enhance_and_skullstrip_bold_wf/first_dilate".
2025-03-04 09:15:53,990 [    INFO] [Node] Executing "first_dilate" <niworkflows.interfaces.nibabel.BinaryDilation>
2025-03-04 09:15:53,991 [    INFO] [Node] Executing "first_dilate" <niworkflows.interfaces.nibabel.BinaryDilation>
2025-03-04 09:15:53,999 [ WARNING] WARNING: `np.bool8` is a deprecated alias for `np.bool_`.  (Deprecated NumPy 1.24)
2025-03-04 09:15:53,999 [ WARNING] WARNING: `np.bool8` is a deprecated alias for `np.bool_`.  (Deprecated NumPy 1.24)
2025-03-04 09:15:53,999 [ WARNING] WARNING: `np.bool8` is a deprecated alias for `np.bool_`.  (Deprecated NumPy 1.24)
2025-03-04 09:15:53,999 [ WARNING] WARNING: `np.bool8` is a deprecated alias for `np.bool_`.  (Deprecated NumPy 1.24)
2025-03-04 09:15:54,355 [    INFO] [Node] Finished "res_target", elapsed time 1.429383s.
2025-03-04 09:15:54,603 [    INFO] [Node] Finished "first_dilate", elapsed time 0.611693s.
2025-03-04 09:15:54,603 [    INFO] [Node] Finished "first_dilate", elapsed time 0.611522s.
2025-03-04 09:15:55,952 [    INFO] [Node] Setting-up "fmriprep_24_1_wf.sub_24053_wf.bold_ses_1_task_bao_dir_AP_run_01_echo_1_part_mag_wf.bold_fit_wf.enhance_and_skullstrip_bold_wf.first_mask" in "/work/fmriprep_24_1_wf/sub_24053_wf/bold_ses_1_task_bao_dir_AP_run_01_echo_1_part_mag_wf/bold_fit_wf/enhance_and_skullstrip_bold_wf/first_mask".
2025-03-04 09:15:55,957 [    INFO] [Node] Executing "first_mask" <niworkflows.interfaces.nibabel.ApplyMask>
2025-03-04 09:15:55,959 [    INFO] [Node] Setting-up "fmriprep_24_1_wf.sub_24053_wf.bold_ses_1_task_rat_dir_PA_run_01_echo_1_part_mag_wf.bold_fit_wf.enhance_and_skullstrip_bold_wf.first_mask" in "/work/fmriprep_24_1_wf/sub_24053_wf/bold_ses_1_task_rat_dir_PA_run_01_echo_1_part_mag_wf/bold_fit_wf/enhance_and_skullstrip_bold_wf/first_mask".
2025-03-04 09:15:55,964 [    INFO] [Node] Executing "first_mask" <niworkflows.interfaces.nibabel.ApplyMask>
2025-03-04 09:15:56,068 [    INFO] [Node] Finished "first_mask", elapsed time 0.11012s.
2025-03-04 09:15:56,069 [    INFO] [Node] Finished "first_mask", elapsed time 0.104521s.
2025-03-04 09:15:57,946 [    INFO] [Node] Setting-up "fmriprep_24_1_wf.sub_24053_wf.bold_ses_1_task_rat_dir_PA_run_01_echo_1_part_mag_wf.bold_fit_wf.enhance_and_skullstrip_bold_wf.unifize" in "/work/fmriprep_24_1_wf/sub_24053_wf/bold_ses_1_task_rat_dir_PA_run_01_echo_1_part_mag_wf/bold_fit_wf/enhance_and_skullstrip_bold_wf/unifize".
2025-03-04 09:15:57,946 [    INFO] [Node] Setting-up "fmriprep_24_1_wf.sub_24053_wf.bold_ses_1_task_bao_dir_AP_run_01_echo_1_part_mag_wf.bold_fit_wf.enhance_and_skullstrip_bold_wf.unifize" in "/work/fmriprep_24_1_wf/sub_24053_wf/bold_ses_1_task_bao_dir_AP_run_01_echo_1_part_mag_wf/bold_fit_wf/enhance_and_skullstrip_bold_wf/unifize".
2025-03-04 09:15:57,956 [    INFO] [Node] Executing "unifize" <nipype.interfaces.afni.utils.Unifize>
2025-03-04 09:15:57,956 [    INFO] [Node] Executing "unifize" <nipype.interfaces.afni.utils.Unifize>
2025-03-04 09:16:01,709 [ WARNING] WARNING: 'locale.getdefaultlocale' is deprecated and slated for removal in Python 3.15. Use setlocale(), getencoding() and getlocale() instead.
2025-03-04 09:16:01,709 [ WARNING] WARNING: 'locale.getdefaultlocale' is deprecated and slated for removal in Python 3.15. Use setlocale(), getencoding() and getlocale() instead.
2025-03-04 09:16:03,913 [    INFO] [Node] Finished "lap_target", elapsed time 11.658912s.
2025-03-04 09:16:05,945 [    INFO] [Node] Setting-up "fmriprep_24_1_wf.sub_24053_wf.anat_fit_wf.brain_extraction_wf.mrg_target" in "/work/fmriprep_24_1_wf/sub_24053_wf/anat_fit_wf/brain_extraction_wf/mrg_target".
2025-03-04 09:16:05,954 [    INFO] [Node] Executing "mrg_target" <nipype.interfaces.utility.base.Merge>
2025-03-04 09:16:05,956 [    INFO] [Node] Finished "mrg_target", elapsed time 0.000187s.
