2025-03-04 09:05:25,567 [ WARNING] WARNING: SOCKS support in urllib3 requires the installation of optional dependencies: specifically, PySocks.  For more information, see https://urllib3.readthedocs.io/en/latest/advanced-usage.html#socks-proxies
2025-03-04 09:05:44,051 [ WARNING] WARNING: `sentry_sdk.Hub` is deprecated and will be removed in a future major release. Please consult our 1.x to 2.x migration guide for details on how to migrate `Hub` usage to the new API: https://docs.sentry.io/platforms/python/migration/1.x-to-2.x
2025-03-04 09:05:44,654 [ WARNING] WARNING: sentry_sdk.configure_scope is deprecated and will be removed in the next major version. Please consult our migration guide to learn how to migrate to the new API: https://docs.sentry.io/platforms/python/migration/1.x-to-2.x#scope-configuring
2025-03-04 09:05:58,328 [ WARNING] WARNING: SOCKS support in urllib3 requires the installation of optional dependencies: specifically, PySocks.  For more information, see https://urllib3.readthedocs.io/en/latest/advanced-usage.html#socks-proxies
2025-03-04 09:05:58,844 [ WARNING] WARNING: Niworkflows will be deprecating reporting in favor of a standalone library "nireports".
2025-03-04 09:05:59,043 [ WARNING] WARNING: Niworkflows will be deprecating visualizations in favor of a standalone library "nireports".
2025-03-04 09:06:00,232 [IMPORTANT] Running fMRIPrep version 24.1.1

         License NOTICE ##################################################
         fMRIPrep 24.1.1
         Copyright The NiPreps Developers.
         
         This product includes software developed by
         the NiPreps Community (https://nipreps.org/).
         
         Portions of this software were developed at the Department of
         Psychology at Stanford University, Stanford, CA, US.
         
         This software is also distributed as a Docker container image.
         The bootstrapping file for the image ("Dockerfile") is licensed
         under the MIT License.
         
         This software may be distributed through an add-on package called
         "Docker Wrapper" that is under the BSD 3-clause License.
         #################################################################
2025-03-04 09:06:01,760 [IMPORTANT] Building fMRIPrep's workflow:
           * BIDS dataset path: /data.
           * Participant list: ['24684'].
           * Run identifier: 20250304-090525_7a81a29a-d270-4031-8f64-2b91643c9721.
           * Output spaces: func T1w MNI152NLin6Asym:res-2.
           * Pre-run FreeSurfer's SUBJECTS_DIR: /out/sourcedata/freesurfer.
2025-03-04 09:06:03,219 [    INFO] ANAT Stage 1: Adding template workflow
2025-03-04 09:06:03,969 [ WARNING] WARNING: 'locale.getdefaultlocale' is deprecated and slated for removal in Python 3.15. Use setlocale(), getencoding() and getlocale() instead.
2025-03-04 09:06:03,970 [ WARNING] WARNING: 'locale.getdefaultlocale' is deprecated and slated for removal in Python 3.15. Use setlocale(), getencoding() and getlocale() instead.
2025-03-04 09:06:04,148 [    INFO] ANAT Stage 2: Preparing brain extraction workflow
2025-03-04 09:06:04,241 [    INFO] ANAT Stage 3: Preparing segmentation workflow
2025-03-04 09:06:04,247 [    INFO] ANAT Stage 4: Preparing normalization workflow for ['MNI152NLin6Asym', 'MNI152NLin2009cAsym']
2025-03-04 09:06:04,257 [    INFO] ANAT Stage 5: Preparing surface reconstruction workflow
2025-03-04 09:06:04,275 [    INFO] ANAT Stage 6: Preparing mask refinement workflow
2025-03-04 09:06:04,277 [    INFO] ANAT Stage 7: Creating T2w template
2025-03-04 09:06:04,281 [    INFO] ANAT Stage 8: Creating GIFTI surfaces for ['white', 'pial', 'midthickness', 'sphere_reg', 'sphere']
2025-03-04 09:06:04,296 [    INFO] ANAT Stage 8: Creating GIFTI metrics for ['thickness', 'sulc']
2025-03-04 09:06:04,303 [    INFO] ANAT Stage 8a: Creating cortical ribbon mask
2025-03-04 09:06:04,306 [    INFO] ANAT Stage 9: Creating fsLR registration sphere
2025-03-04 09:06:04,310 [    INFO] ANAT Stage 10: Creating MSM-Sulc registration sphere
2025-03-04 09:06:05,117 [    INFO] B0 field inhomogeneity map will be estimated with the following 1 estimator(s): [<EstimatorType.PEPOLAR: 2>].
2025-03-04 09:06:05,167 [    INFO] Setting-up fieldmap "funcpepolar01" (EstimatorType.PEPOLAR) with <sub-24684_ses-1_acq-func_dir-AP_run-01_part-mag_epi.nii.gz, sub-24684_ses-1_acq-func_dir-PA_run-01_part-mag_epi.nii.gz>
2025-03-04 09:06:05,324 [    INFO] Using single-band reference file(s) sub-24684_ses-1_task-bao_dir-AP_run-01_echo-1_part-mag_sbref.nii.gz,sub-24684_ses-1_task-bao_dir-AP_run-01_echo-2_part-mag_sbref.nii.gz,sub-24684_ses-1_task-bao_dir-AP_run-01_echo-3_part-mag_sbref.nii.gz,sub-24684_ses-1_task-bao_dir-AP_run-01_echo-4_part-mag_sbref.nii.gz,sub-24684_ses-1_task-bao_dir-AP_run-01_echo-5_part-mag_sbref.nii.gz.
2025-03-04 09:06:05,468 [    INFO] Stage 1: Adding HMC boldref workflow
2025-03-04 09:06:05,480 [    INFO] Stage 2: Adding motion correction workflow
2025-03-04 09:06:05,491 [    INFO] Stage 3: Adding coregistration boldref workflow
2025-03-04 09:06:05,552 [ WARNING] WARNING: niworkflows.interfaces.nibabel.BinaryDilation is deprecated in favor of
niworkflows.interfaces.morphology.BinaryDilation. Please validate that
interface for your use case and switch.

2025-03-04 09:06:06,065 [IMPORTANT] BOLD series will be slice-timing corrected to an offset of 0.798s.
2025-03-04 09:06:06,069 [IMPORTANT] Generating T2* map and optimally combined ME-EPI time series.
2025-03-04 09:06:06,781 [    INFO] Using single-band reference file(s) sub-24684_ses-1_task-rat_dir-PA_run-01_echo-1_part-mag_sbref.nii.gz,sub-24684_ses-1_task-rat_dir-PA_run-01_echo-2_part-mag_sbref.nii.gz,sub-24684_ses-1_task-rat_dir-PA_run-01_echo-3_part-mag_sbref.nii.gz,sub-24684_ses-1_task-rat_dir-PA_run-01_echo-4_part-mag_sbref.nii.gz,sub-24684_ses-1_task-rat_dir-PA_run-01_echo-5_part-mag_sbref.nii.gz.
2025-03-04 09:06:06,844 [    INFO] Stage 1: Adding HMC boldref workflow
2025-03-04 09:06:06,849 [    INFO] Stage 2: Adding motion correction workflow
2025-03-04 09:06:06,853 [    INFO] Stage 3: Adding coregistration boldref workflow
2025-03-04 09:06:06,952 [ WARNING] WARNING: niworkflows.interfaces.nibabel.BinaryDilation is deprecated in favor of
niworkflows.interfaces.morphology.BinaryDilation. Please validate that
interface for your use case and switch.

2025-03-04 09:06:07,455 [IMPORTANT] BOLD series will be slice-timing corrected to an offset of 0.799s.
2025-03-04 09:06:07,457 [IMPORTANT] Generating T2* map and optimally combined ME-EPI time series.
2025-03-04 09:06:10,196 [ WARNING] WARNING: SOCKS support in urllib3 requires the installation of optional dependencies: specifically, PySocks.  For more information, see https://urllib3.readthedocs.io/en/latest/advanced-usage.html#socks-proxies
2025-03-04 09:06:10,414 [ WARNING] WARNING: Niworkflows will be deprecating reporting in favor of a standalone library "nireports".
2025-03-04 09:06:10,482 [ WARNING] WARNING: Niworkflows will be deprecating visualizations in favor of a standalone library "nireports".
2025-03-04 09:06:11,886 [    INFO] fMRIPrep workflow graph with 857 nodes built successfully.
2025-03-04 09:06:15,086 [ WARNING] WARNING: Niworkflows will be deprecating reporting in favor of a standalone library "nireports".
2025-03-04 09:06:15,153 [ WARNING] WARNING: Niworkflows will be deprecating visualizations in favor of a standalone library "nireports".
2025-03-04 09:06:24,149 [ WARNING] WARNING: SOCKS support in urllib3 requires the installation of optional dependencies: specifically, PySocks.  For more information, see https://urllib3.readthedocs.io/en/latest/advanced-usage.html#socks-proxies
2025-03-04 09:06:24,386 [ WARNING] WARNING: Niworkflows will be deprecating reporting in favor of a standalone library "nireports".
2025-03-04 09:06:24,456 [ WARNING] WARNING: Niworkflows will be deprecating visualizations in favor of a standalone library "nireports".
2025-03-04 09:06:28,803 [ WARNING] WARNING: sentry_sdk.configure_scope is deprecated and will be removed in the next major version. Please consult our migration guide to learn how to migrate to the new API: https://docs.sentry.io/platforms/python/migration/1.x-to-2.x#scope-configuring
2025-03-04 09:06:30,170 [IMPORTANT] fMRIPrep started!
2025-03-04 09:06:31,689 [ WARNING] Some nodes exceed the total amount of memory available (39.00GB).
2025-03-04 09:06:38,534 [    INFO] [Node] Setting-up "fmriprep_24_1_wf.sub_24684_wf.anat_fit_wf.brain_extraction_wf.full_wm" in "/work/fmriprep_24_1_wf/sub_24684_wf/anat_fit_wf/brain_extraction_wf/full_wm".
2025-03-04 09:06:38,543 [    INFO] [Node] Executing "full_wm" <nipype.interfaces.utility.wrappers.Function>
2025-03-04 09:06:38,658 [    INFO] [Node] Setting-up "fmriprep_24_1_wf.sub_24684_wf.anat_fit_wf.brain_extraction_wf.lap_tmpl" in "/work/fmriprep_24_1_wf/sub_24684_wf/anat_fit_wf/brain_extraction_wf/lap_tmpl".
2025-03-04 09:06:38,669 [    INFO] [Node] Executing "lap_tmpl" <nipype.interfaces.ants.utils.ImageMath>
2025-03-04 09:06:38,699 [    INFO] [Node] Setting-up "fmriprep_24_1_wf.sub_24684_wf.anat_fit_wf.brain_extraction_wf.res_tmpl" in "/work/fmriprep_24_1_wf/sub_24684_wf/anat_fit_wf/brain_extraction_wf/res_tmpl".
2025-03-04 09:06:38,706 [    INFO] [Node] Executing "res_tmpl" <niworkflows.interfaces.nibabel.RegridToZooms>
2025-03-04 09:06:38,730 [    INFO] [Node] Setting-up "fmriprep_24_1_wf.sub_24684_wf.bold_ses_1_task_bao_dir_AP_run_01_echo_1_part_mag_wf.bold_fit_wf.hmc_boldref_wf.val_bold" in "/work/fmriprep_24_1_wf/sub_24684_wf/bold_ses_1_task_bao_dir_AP_run_01_echo_1_part_mag_wf/bold_fit_wf/hmc_boldref_wf/val_bold".
2025-03-04 09:06:38,737 [    INFO] [Node] Executing "val_bold" <niworkflows.interfaces.header.ValidateImage>
2025-03-04 09:06:38,740 [    INFO] [Node] Setting-up "fmriprep_24_1_wf.sub_24684_wf.bold_ses_1_task_bao_dir_AP_run_01_echo_1_part_mag_wf.bold_fit_wf.hmc_boldref_wf.get_dummy" in "/work/fmriprep_24_1_wf/sub_24684_wf/bold_ses_1_task_bao_dir_AP_run_01_echo_1_part_mag_wf/bold_fit_wf/hmc_boldref_wf/get_dummy".
2025-03-04 09:06:38,747 [    INFO] [Node] Executing "get_dummy" <niworkflows.interfaces.bold.NonsteadyStatesDetector>
2025-03-04 09:06:38,771 [    INFO] [Node] Setting-up "fmriprep_24_1_wf.sub_24684_wf.fmap_preproc_wf.out_merge_fmap_id" in "/work/fmriprep_24_1_wf/sub_24684_wf/fmap_preproc_wf/out_merge_fmap_id".
2025-03-04 09:06:38,780 [    INFO] [Node] Executing "out_merge_fmap_id" <nipype.interfaces.utility.base.Merge>
2025-03-04 09:06:38,780 [    INFO] [Node] Setting-up "fmriprep_24_1_wf.sub_24684_wf.fmap_preproc_wf.out_merge_method" in "/work/fmriprep_24_1_wf/sub_24684_wf/fmap_preproc_wf/out_merge_method".
2025-03-04 09:06:38,784 [    INFO] [Node] Finished "out_merge_fmap_id", elapsed time 0.000265s.
2025-03-04 09:06:38,787 [    INFO] [Node] Executing "out_merge_method" <nipype.interfaces.utility.base.Merge>
2025-03-04 09:06:38,791 [    INFO] [Node] Finished "out_merge_method", elapsed time 0.000369s.
2025-03-04 09:06:38,855 [ WARNING] WARNING: 'locale.getdefaultlocale' is deprecated and slated for removal in Python 3.15. Use setlocale(), getencoding() and getlocale() instead.
2025-03-04 09:06:38,855 [ WARNING] WARNING: 'locale.getdefaultlocale' is deprecated and slated for removal in Python 3.15. Use setlocale(), getencoding() and getlocale() instead.
2025-03-04 09:06:38,876 [    INFO] [Node] Finished "val_bold", elapsed time 0.132292s.
2025-03-04 09:06:38,955 [    INFO] [Node] Setting-up "fmriprep_24_1_wf.sub_24684_wf.bold_ses_1_task_rat_dir_PA_run_01_echo_1_part_mag_wf.bold_fit_wf.hmc_boldref_wf.get_dummy" in "/work/fmriprep_24_1_wf/sub_24684_wf/bold_ses_1_task_rat_dir_PA_run_01_echo_1_part_mag_wf/bold_fit_wf/hmc_boldref_wf/get_dummy".
2025-03-04 09:06:38,963 [    INFO] [Node] Executing "get_dummy" <niworkflows.interfaces.bold.NonsteadyStatesDetector>
2025-03-04 09:06:38,963 [    INFO] [Node] Setting-up "fmriprep_24_1_wf.sub_24684_wf.bold_ses_1_task_rat_dir_PA_run_01_echo_1_part_mag_wf.bold_fit_wf.hmc_boldref_wf.val_bold" in "/work/fmriprep_24_1_wf/sub_24684_wf/bold_ses_1_task_rat_dir_PA_run_01_echo_1_part_mag_wf/bold_fit_wf/hmc_boldref_wf/val_bold".
2025-03-04 09:06:38,970 [    INFO] [Node] Executing "val_bold" <niworkflows.interfaces.header.ValidateImage>
2025-03-04 09:06:39,048 [    INFO] [Node] Finished "val_bold", elapsed time 0.077737s.
2025-03-04 09:06:39,305 [    INFO] [Node] Finished "full_wm", elapsed time 0.757429s.
2025-03-04 09:06:40,240 [    INFO] [Node] Setting-up "fmriprep_24_1_wf.sub_24684_wf.bold_ses_1_task_bao_dir_AP_run_01_echo_1_part_mag_wf.bold_fit_wf.ds_fmapreg_wf.sources" in "/work/fmriprep_24_1_wf/sub_24684_wf/bold_ses_1_task_bao_dir_AP_run_01_echo_1_part_mag_wf/bold_fit_wf/ds_fmapreg_wf/sources".
2025-03-04 09:06:40,247 [    INFO] [Node] Executing "sources" <fmriprep.interfaces.bids.BIDSURI>
2025-03-04 09:06:40,250 [    INFO] [Node] Finished "sources", elapsed time 0.000298s.
2025-03-04 09:06:40,287 [    INFO] [Node] Setting-up "fmriprep_24_1_wf.sub_24684_wf.bold_ses_1_task_rat_dir_PA_run_01_echo_1_part_mag_wf.bold_fit_wf.ds_hmc_boldref_wf.sources" in "/work/fmriprep_24_1_wf/sub_24684_wf/bold_ses_1_task_rat_dir_PA_run_01_echo_1_part_mag_wf/bold_fit_wf/ds_hmc_boldref_wf/sources".
2025-03-04 09:06:40,294 [    INFO] [Node] Executing "sources" <fmriprep.interfaces.bids.BIDSURI>
2025-03-04 09:06:40,294 [    INFO] [Node] Finished "sources", elapsed time 0.000199s.
2025-03-04 09:06:40,338 [    INFO] [Node] Setting-up "fmriprep_24_1_wf.sub_24684_wf.bold_ses_1_task_bao_dir_AP_run_01_echo_1_part_mag_wf.ds_bold_native_wf.sources" in "/work/fmriprep_24_1_wf/sub_24684_wf/bold_ses_1_task_bao_dir_AP_run_01_echo_1_part_mag_wf/ds_bold_native_wf/sources".
2025-03-04 09:06:40,360 [    INFO] [Node] Executing "sources" <fmriprep.interfaces.bids.BIDSURI>
2025-03-04 09:06:40,364 [    INFO] [Node] Finished "sources", elapsed time 0.000493s.
2025-03-04 09:06:40,380 [    INFO] [Node] Finished "res_tmpl", elapsed time 1.669475s.
2025-03-04 09:06:40,596 [    INFO] [Node] Setting-up "fmriprep_24_1_wf.sub_24684_wf.select_MNI6_tpl" in "/work/fmriprep_24_1_wf/sub_24684_wf/select_MNI6_tpl".
2025-03-04 09:06:40,596 [    INFO] [Node] Setting-up "fmriprep_24_1_wf.sub_24684_wf.bidssrc" in "/work/fmriprep_24_1_wf/sub_24684_wf/bidssrc".
2025-03-04 09:06:40,613 [    INFO] [Node] Executing "select_MNI6_tpl" <smriprep.interfaces.templateflow.TemplateFlowSelect>
2025-03-04 09:06:40,618 [    INFO] [Node] Setting-up "fmriprep_24_1_wf.sub_24684_wf.bold_ses_1_task_rat_dir_PA_run_01_echo_1_part_mag_wf.bold_fit_wf.ds_boldmask_wf.sources" in "/work/fmriprep_24_1_wf/sub_24684_wf/bold_ses_1_task_rat_dir_PA_run_01_echo_1_part_mag_wf/bold_fit_wf/ds_boldmask_wf/sources".
2025-03-04 09:06:40,624 [    INFO] [Node] Executing "sources" <fmriprep.interfaces.bids.BIDSURI>
2025-03-04 09:06:40,625 [    INFO] [Node] Finished "sources", elapsed time 0.000196s.
2025-03-04 09:06:40,656 [    INFO] [Node] Setting-up "fmriprep_24_1_wf.sub_24684_wf.bold_ses_1_task_bao_dir_AP_run_01_echo_1_part_mag_wf.bold_fit_wf.ds_hmc_boldref_wf.sources" in "/work/fmriprep_24_1_wf/sub_24684_wf/bold_ses_1_task_bao_dir_AP_run_01_echo_1_part_mag_wf/bold_fit_wf/ds_hmc_boldref_wf/sources".
2025-03-04 09:06:40,659 [    INFO] [Node] Finished "select_MNI6_tpl", elapsed time 0.043372s.
2025-03-04 09:06:40,663 [    INFO] [Node] Executing "sources" <fmriprep.interfaces.bids.BIDSURI>
2025-03-04 09:06:40,665 [    INFO] [Node] Setting-up "fmriprep_24_1_wf.sub_24684_wf.bold_ses_1_task_bao_dir_AP_run_01_echo_1_part_mag_wf.bold_fit_wf.ds_hmc_wf.sources" in "/work/fmriprep_24_1_wf/sub_24684_wf/bold_ses_1_task_bao_dir_AP_run_01_echo_1_part_mag_wf/bold_fit_wf/ds_hmc_wf/sources".
2025-03-04 09:06:40,667 [    INFO] [Node] Finished "sources", elapsed time 0.000327s.
2025-03-04 09:06:40,671 [    INFO] [Node] Executing "sources" <fmriprep.interfaces.bids.BIDSURI>
2025-03-04 09:06:40,673 [    INFO] [Node] Executing "bidssrc" <niworkflows.interfaces.bids.BIDSDataGrabber>
2025-03-04 09:06:40,674 [    INFO] [Node] Finished "sources", elapsed time 0.000287s.
2025-03-04 09:06:40,675 [    INFO] No "flair" images found for sub-24684
2025-03-04 09:06:40,675 [    INFO] No "roi" images found for sub-24684
2025-03-04 09:06:40,675 [    INFO] No "pet" images found for sub-24684
2025-03-04 09:06:40,675 [    INFO] No "asl" images found for sub-24684
2025-03-04 09:06:40,676 [    INFO] [Node] Finished "bidssrc", elapsed time 0.000973s.
2025-03-04 09:06:40,731 [    INFO] [Node] Setting-up "fmriprep_24_1_wf.sub_24684_wf.bold_ses_1_task_rat_dir_PA_run_01_echo_1_part_mag_wf.bold_native_wf.bold_source" in "/work/fmriprep_24_1_wf/sub_24684_wf/bold_ses_1_task_rat_dir_PA_run_01_echo_1_part_mag_wf/bold_native_wf/_echoidx_0/bold_source".
2025-03-04 09:06:40,741 [    INFO] [Node] Setting-up "fmriprep_24_1_wf.sub_24684_wf.bold_ses_1_task_rat_dir_PA_run_01_echo_1_part_mag_wf.bold_native_wf.bold_source" in "/work/fmriprep_24_1_wf/sub_24684_wf/bold_ses_1_task_rat_dir_PA_run_01_echo_1_part_mag_wf/bold_native_wf/_echoidx_1/bold_source".
2025-03-04 09:06:40,742 [    INFO] [Node] Setting-up "fmriprep_24_1_wf.sub_24684_wf.bold_ses_1_task_rat_dir_PA_run_01_echo_1_part_mag_wf.bold_native_wf.bold_source" in "/work/fmriprep_24_1_wf/sub_24684_wf/bold_ses_1_task_rat_dir_PA_run_01_echo_1_part_mag_wf/bold_native_wf/_echoidx_3/bold_source".
2025-03-04 09:06:40,742 [    INFO] [Node] Setting-up "fmriprep_24_1_wf.sub_24684_wf.bold_ses_1_task_rat_dir_PA_run_01_echo_1_part_mag_wf.bold_native_wf.bold_source" in "/work/fmriprep_24_1_wf/sub_24684_wf/bold_ses_1_task_rat_dir_PA_run_01_echo_1_part_mag_wf/bold_native_wf/_echoidx_2/bold_source".
2025-03-04 09:06:40,743 [    INFO] [Node] Setting-up "fmriprep_24_1_wf.sub_24684_wf.bold_ses_1_task_rat_dir_PA_run_01_echo_1_part_mag_wf.bold_fit_wf.ds_fmapreg_wf.sources" in "/work/fmriprep_24_1_wf/sub_24684_wf/bold_ses_1_task_rat_dir_PA_run_01_echo_1_part_mag_wf/bold_fit_wf/ds_fmapreg_wf/sources".
2025-03-04 09:06:40,754 [    INFO] [Node] Executing "bold_source" <nipype.interfaces.utility.base.Select>
2025-03-04 09:06:40,759 [    INFO] [Node] Finished "bold_source", elapsed time 0.000667s.
2025-03-04 09:06:40,760 [    INFO] [Node] Executing "bold_source" <nipype.interfaces.utility.base.Select>
2025-03-04 09:06:40,762 [    INFO] [Node] Finished "bold_source", elapsed time 0.00036s.
2025-03-04 09:06:40,766 [    INFO] [Node] Executing "sources" <fmriprep.interfaces.bids.BIDSURI>
2025-03-04 09:06:40,769 [    INFO] [Node] Executing "bold_source" <nipype.interfaces.utility.base.Select>
2025-03-04 09:06:40,770 [    INFO] [Node] Finished "bold_source", elapsed time 0.000399s.
2025-03-04 09:06:40,771 [    INFO] [Node] Executing "bold_source" <nipype.interfaces.utility.base.Select>
2025-03-04 09:06:40,772 [    INFO] [Node] Finished "sources", elapsed time 0.000485s.
2025-03-04 09:06:40,776 [    INFO] [Node] Finished "bold_source", elapsed time 0.000655s.
2025-03-04 09:06:40,779 [    INFO] [Node] Setting-up "fmriprep_24_1_wf.sub_24684_wf.bold_ses_1_task_bao_dir_AP_run_01_echo_1_part_mag_wf.bold_fit_wf.ds_boldmask_wf.sources" in "/work/fmriprep_24_1_wf/sub_24684_wf/bold_ses_1_task_bao_dir_AP_run_01_echo_1_part_mag_wf/bold_fit_wf/ds_boldmask_wf/sources".
2025-03-04 09:06:40,785 [    INFO] [Node] Executing "sources" <fmriprep.interfaces.bids.BIDSURI>
2025-03-04 09:06:40,788 [    INFO] [Node] Finished "sources", elapsed time 0.000239s.
2025-03-04 09:06:40,800 [    INFO] [Node] Setting-up "fmriprep_24_1_wf.sub_24684_wf.bold_ses_1_task_rat_dir_PA_run_01_echo_1_part_mag_wf.bold_fit_wf.ds_hmc_wf.sources" in "/work/fmriprep_24_1_wf/sub_24684_wf/bold_ses_1_task_rat_dir_PA_run_01_echo_1_part_mag_wf/bold_fit_wf/ds_hmc_wf/sources".
2025-03-04 09:06:40,813 [    INFO] [Node] Executing "sources" <fmriprep.interfaces.bids.BIDSURI>
2025-03-04 09:06:40,818 [    INFO] [Node] Finished "sources", elapsed time 0.000277s.
2025-03-04 09:06:41,519 [    INFO] [Node] Setting-up "fmriprep_24_1_wf.sub_24684_wf.bold_ses_1_task_rat_dir_PA_run_01_echo_1_part_mag_wf.ds_bold_native_wf.sources" in "/work/fmriprep_24_1_wf/sub_24684_wf/bold_ses_1_task_rat_dir_PA_run_01_echo_1_part_mag_wf/ds_bold_native_wf/sources".
2025-03-04 09:06:41,529 [    INFO] [Node] Executing "sources" <fmriprep.interfaces.bids.BIDSURI>
2025-03-04 09:06:41,534 [    INFO] [Node] Finished "sources", elapsed time 0.000313s.
2025-03-04 09:06:41,928 [    INFO] [Node] Setting-up "fmriprep_24_1_wf.sub_24684_wf.bold_ses_1_task_bao_dir_AP_run_01_echo_1_part_mag_wf.bold_native_wf.bold_source" in "/work/fmriprep_24_1_wf/sub_24684_wf/bold_ses_1_task_bao_dir_AP_run_01_echo_1_part_mag_wf/bold_native_wf/_echoidx_0/bold_source".
2025-03-04 09:06:41,928 [    INFO] [Node] Setting-up "fmriprep_24_1_wf.sub_24684_wf.bold_ses_1_task_rat_dir_PA_run_01_echo_1_part_mag_wf.bold_native_wf.bold_source" in "/work/fmriprep_24_1_wf/sub_24684_wf/bold_ses_1_task_rat_dir_PA_run_01_echo_1_part_mag_wf/bold_native_wf/_echoidx_4/bold_source".
2025-03-04 09:06:41,929 [    INFO] [Node] Setting-up "fmriprep_24_1_wf.sub_24684_wf.bold_ses_1_task_bao_dir_AP_run_01_echo_1_part_mag_wf.bold_native_wf.bold_source" in "/work/fmriprep_24_1_wf/sub_24684_wf/bold_ses_1_task_bao_dir_AP_run_01_echo_1_part_mag_wf/bold_native_wf/_echoidx_1/bold_source".
2025-03-04 09:06:41,929 [    INFO] [Node] Setting-up "fmriprep_24_1_wf.sub_24684_wf.bold_ses_1_task_bao_dir_AP_run_01_echo_1_part_mag_wf.bold_native_wf.bold_source" in "/work/fmriprep_24_1_wf/sub_24684_wf/bold_ses_1_task_bao_dir_AP_run_01_echo_1_part_mag_wf/bold_native_wf/_echoidx_3/bold_source".
2025-03-04 09:06:41,929 [    INFO] [Node] Setting-up "fmriprep_24_1_wf.sub_24684_wf.bold_ses_1_task_bao_dir_AP_run_01_echo_1_part_mag_wf.bold_native_wf.bold_source" in "/work/fmriprep_24_1_wf/sub_24684_wf/bold_ses_1_task_bao_dir_AP_run_01_echo_1_part_mag_wf/bold_native_wf/_echoidx_2/bold_source".
2025-03-04 09:06:41,930 [    INFO] [Node] Setting-up "fmriprep_24_1_wf.sub_24684_wf.bold_ses_1_task_bao_dir_AP_run_01_echo_1_part_mag_wf.bold_native_wf.bold_source" in "/work/fmriprep_24_1_wf/sub_24684_wf/bold_ses_1_task_bao_dir_AP_run_01_echo_1_part_mag_wf/bold_native_wf/_echoidx_4/bold_source".
2025-03-04 09:06:41,935 [    INFO] [Node] Executing "bold_source" <nipype.interfaces.utility.base.Select>
2025-03-04 09:06:41,936 [    INFO] [Node] Finished "bold_source", elapsed time 0.000329s.
2025-03-04 09:06:41,938 [    INFO] [Node] Executing "bold_source" <nipype.interfaces.utility.base.Select>
2025-03-04 09:06:41,938 [    INFO] [Node] Executing "bold_source" <nipype.interfaces.utility.base.Select>
2025-03-04 09:06:41,939 [    INFO] [Node] Finished "bold_source", elapsed time 0.000404s.
2025-03-04 09:06:41,939 [    INFO] [Node] Executing "bold_source" <nipype.interfaces.utility.base.Select>
2025-03-04 09:06:41,940 [    INFO] [Node] Executing "bold_source" <nipype.interfaces.utility.base.Select>
2025-03-04 09:06:41,940 [    INFO] [Node] Executing "bold_source" <nipype.interfaces.utility.base.Select>
2025-03-04 09:06:41,941 [    INFO] [Node] Finished "bold_source", elapsed time 0.001004s.
2025-03-04 09:06:41,942 [    INFO] [Node] Finished "bold_source", elapsed time 0.000683s.
2025-03-04 09:06:41,943 [    INFO] [Node] Finished "bold_source", elapsed time 0.001046s.
2025-03-04 09:06:41,944 [    INFO] [Node] Finished "bold_source", elapsed time 0.001017s.
2025-03-04 09:06:42,320 [    INFO] [Node] Setting-up "fmriprep_24_1_wf.sub_24684_wf.bids_info" in "/work/fmriprep_24_1_wf/sub_24684_wf/bids_info".
2025-03-04 09:06:42,325 [    INFO] [Node] Setting-up "fmriprep_24_1_wf.sub_24684_wf.anat_fit_wf.anat_template_wf.anat_ref_dimensions" in "/work/fmriprep_24_1_wf/sub_24684_wf/anat_fit_wf/anat_template_wf/anat_ref_dimensions".
2025-03-04 09:06:42,327 [    INFO] [Node] Executing "bids_info" <niworkflows.interfaces.bids.BIDSInfo>
2025-03-04 09:06:42,331 [    INFO] [Node] Setting-up "fmriprep_24_1_wf.sub_24684_wf.anat_fit_wf.t2w_template_wf.anat_ref_dimensions" in "/work/fmriprep_24_1_wf/sub_24684_wf/anat_fit_wf/t2w_template_wf/anat_ref_dimensions".
2025-03-04 09:06:42,332 [    INFO] [Node] Executing "anat_ref_dimensions" <niworkflows.interfaces.images.TemplateDimensions>
2025-03-04 09:06:42,336 [    INFO] [Node] Finished "bids_info", elapsed time 0.008177s.
2025-03-04 09:06:42,343 [    INFO] [Node] Executing "anat_ref_dimensions" <niworkflows.interfaces.images.TemplateDimensions>
2025-03-04 09:06:42,461 [    INFO] [Node] Finished "anat_ref_dimensions", elapsed time 0.116802s.
2025-03-04 09:06:42,484 [    INFO] [Node] Finished "anat_ref_dimensions", elapsed time 0.151154s.
2025-03-04 09:06:42,650 [    INFO] [Node] Finished "get_dummy", elapsed time 3.899844s.
2025-03-04 09:06:43,853 [    INFO] [Node] Setting-up "fmriprep_24_1_wf.sub_24684_wf.bold_ses_1_task_rat_dir_PA_run_01_echo_1_part_mag_wf.bold_native_wf.validate_bold" in "/work/fmriprep_24_1_wf/sub_24684_wf/bold_ses_1_task_rat_dir_PA_run_01_echo_1_part_mag_wf/bold_native_wf/_echoidx_0/validate_bold".
2025-03-04 09:06:43,859 [    INFO] [Node] Executing "validate_bold" <niworkflows.interfaces.header.ValidateImage>
2025-03-04 09:06:43,869 [    INFO] [Node] Setting-up "fmriprep_24_1_wf.sub_24684_wf.bold_ses_1_task_rat_dir_PA_run_01_echo_1_part_mag_wf.bold_native_wf.validate_bold" in "/work/fmriprep_24_1_wf/sub_24684_wf/bold_ses_1_task_rat_dir_PA_run_01_echo_1_part_mag_wf/bold_native_wf/_echoidx_3/validate_bold".
2025-03-04 09:06:43,878 [    INFO] [Node] Executing "validate_bold" <niworkflows.interfaces.header.ValidateImage>
2025-03-04 09:06:43,891 [    INFO] [Node] Finished "get_dummy", elapsed time 4.923707s.
2025-03-04 09:06:43,945 [    INFO] [Node] Finished "validate_bold", elapsed time 0.085443s.
2025-03-04 09:06:43,959 [    INFO] [Node] Finished "validate_bold", elapsed time 0.0801s.
2025-03-04 09:06:43,978 [    INFO] [Node] Setting-up "fmriprep_24_1_wf.sub_24684_wf.bold_ses_1_task_rat_dir_PA_run_01_echo_1_part_mag_wf.bold_native_wf.validate_bold" in "/work/fmriprep_24_1_wf/sub_24684_wf/bold_ses_1_task_rat_dir_PA_run_01_echo_1_part_mag_wf/bold_native_wf/_echoidx_1/validate_bold".
2025-03-04 09:06:43,980 [    INFO] [Node] Setting-up "fmriprep_24_1_wf.sub_24684_wf.bold_ses_1_task_rat_dir_PA_run_01_echo_1_part_mag_wf.bold_native_wf.validate_bold" in "/work/fmriprep_24_1_wf/sub_24684_wf/bold_ses_1_task_rat_dir_PA_run_01_echo_1_part_mag_wf/bold_native_wf/_echoidx_2/validate_bold".
2025-03-04 09:06:43,984 [    INFO] [Node] Executing "validate_bold" <niworkflows.interfaces.header.ValidateImage>
2025-03-04 09:06:43,986 [    INFO] [Node] Executing "validate_bold" <niworkflows.interfaces.header.ValidateImage>
2025-03-04 09:06:44,041 [    INFO] [Node] Finished "validate_bold", elapsed time 0.054658s.
2025-03-04 09:06:44,082 [    INFO] [Node] Finished "validate_bold", elapsed time 0.09747s.
2025-03-04 09:06:44,156 [    INFO] [Node] Setting-up "fmriprep_24_1_wf.sub_24684_wf.bold_ses_1_task_bao_dir_AP_run_01_echo_1_part_mag_wf.bold_fit_wf.hmc_boldref_wf.gen_avg" in "/work/fmriprep_24_1_wf/sub_24684_wf/bold_ses_1_task_bao_dir_AP_run_01_echo_1_part_mag_wf/bold_fit_wf/hmc_boldref_wf/gen_avg".
2025-03-04 09:06:44,169 [    INFO] [Node] Executing "gen_avg" <niworkflows.interfaces.images.RobustAverage>
2025-03-04 09:06:44,212 [    INFO] [Node] Setting-up "fmriprep_24_1_wf.sub_24684_wf.bold_ses_1_task_bao_dir_AP_run_01_echo_1_part_mag_wf.bold_native_wf.validate_bold" in "/work/fmriprep_24_1_wf/sub_24684_wf/bold_ses_1_task_bao_dir_AP_run_01_echo_1_part_mag_wf/bold_native_wf/_echoidx_3/validate_bold".
2025-03-04 09:06:44,217 [    INFO] [Node] Setting-up "fmriprep_24_1_wf.sub_24684_wf.bold_ses_1_task_rat_dir_PA_run_01_echo_1_part_mag_wf.bold_native_wf.validate_bold" in "/work/fmriprep_24_1_wf/sub_24684_wf/bold_ses_1_task_rat_dir_PA_run_01_echo_1_part_mag_wf/bold_native_wf/_echoidx_4/validate_bold".
2025-03-04 09:06:44,222 [    INFO] [Node] Setting-up "fmriprep_24_1_wf.sub_24684_wf.bold_ses_1_task_bao_dir_AP_run_01_echo_1_part_mag_wf.bold_native_wf.validate_bold" in "/work/fmriprep_24_1_wf/sub_24684_wf/bold_ses_1_task_bao_dir_AP_run_01_echo_1_part_mag_wf/bold_native_wf/_echoidx_0/validate_bold".
2025-03-04 09:06:44,223 [    INFO] [Node] Executing "validate_bold" <niworkflows.interfaces.header.ValidateImage>
2025-03-04 09:06:44,223 [    INFO] [Node] Setting-up "fmriprep_24_1_wf.sub_24684_wf.bold_ses_1_task_bao_dir_AP_run_01_echo_1_part_mag_wf.bold_native_wf.validate_bold" in "/work/fmriprep_24_1_wf/sub_24684_wf/bold_ses_1_task_bao_dir_AP_run_01_echo_1_part_mag_wf/bold_native_wf/_echoidx_4/validate_bold".
2025-03-04 09:06:44,223 [    INFO] [Node] Executing "validate_bold" <niworkflows.interfaces.header.ValidateImage>
2025-03-04 09:06:44,223 [    INFO] [Node] Setting-up "fmriprep_24_1_wf.sub_24684_wf.bold_ses_1_task_bao_dir_AP_run_01_echo_1_part_mag_wf.bold_native_wf.validate_bold" in "/work/fmriprep_24_1_wf/sub_24684_wf/bold_ses_1_task_bao_dir_AP_run_01_echo_1_part_mag_wf/bold_native_wf/_echoidx_1/validate_bold".
2025-03-04 09:06:44,226 [    INFO] [Node] Setting-up "fmriprep_24_1_wf.sub_24684_wf.bold_ses_1_task_bao_dir_AP_run_01_echo_1_part_mag_wf.bold_native_wf.validate_bold" in "/work/fmriprep_24_1_wf/sub_24684_wf/bold_ses_1_task_bao_dir_AP_run_01_echo_1_part_mag_wf/bold_native_wf/_echoidx_2/validate_bold".
2025-03-04 09:06:44,229 [    INFO] [Node] Executing "validate_bold" <niworkflows.interfaces.header.ValidateImage>
2025-03-04 09:06:44,231 [    INFO] [Node] Executing "validate_bold" <niworkflows.interfaces.header.ValidateImage>
2025-03-04 09:06:44,232 [    INFO] [Node] Executing "validate_bold" <niworkflows.interfaces.header.ValidateImage>
2025-03-04 09:06:44,233 [    INFO] [Node] Executing "validate_bold" <niworkflows.interfaces.header.ValidateImage>
2025-03-04 09:06:44,285 [    INFO] [Node] Finished "validate_bold", elapsed time 0.061861s.
2025-03-04 09:06:44,297 [    INFO] [Node] Finished "validate_bold", elapsed time 0.065935s.
2025-03-04 09:06:44,298 [    INFO] [Node] Finished "validate_bold", elapsed time 0.067797s.
2025-03-04 09:06:44,320 [    INFO] [Node] Finished "validate_bold", elapsed time 0.095394s.
2025-03-04 09:06:44,327 [    INFO] [Node] Finished "validate_bold", elapsed time 0.092323s.
2025-03-04 09:06:44,338 [    INFO] [Node] Finished "validate_bold", elapsed time 0.105143s.
2025-03-04 09:06:45,220 [    INFO] [Node] Setting-up "fmriprep_24_1_wf.sub_24684_wf.anat_fit_wf.fs_isrunning" in "/work/fmriprep_24_1_wf/sub_24684_wf/anat_fit_wf/fs_isrunning".
2025-03-04 09:06:45,221 [    INFO] [Node] Setting-up "fmriprep_24_1_wf.sub_24684_wf.anat_fit_wf.ds_t1w_mask_wf.raw_sources" in "/work/fmriprep_24_1_wf/sub_24684_wf/anat_fit_wf/ds_t1w_mask_wf/raw_sources".
2025-03-04 09:06:45,222 [    INFO] [Node] Setting-up "fmriprep_24_1_wf.sub_24684_wf.anat_fit_wf.ds_ribbon_mask_wf.raw_sources" in "/work/fmriprep_24_1_wf/sub_24684_wf/anat_fit_wf/ds_ribbon_mask_wf/raw_sources".
2025-03-04 09:06:45,232 [    INFO] [Node] Executing "fs_isrunning" <nipype.interfaces.utility.wrappers.Function>
2025-03-04 09:06:45,235 [    INFO] [Node] Finished "fs_isrunning", elapsed time 0.001402s.
2025-03-04 09:06:45,240 [    INFO] [Node] Executing "raw_sources" <nipype.interfaces.utility.wrappers.Function>
2025-03-04 09:06:45,240 [    INFO] [Node] Executing "raw_sources" <nipype.interfaces.utility.wrappers.Function>
2025-03-04 09:06:45,242 [    INFO] [Node] Finished "raw_sources", elapsed time 0.000824s.
2025-03-04 09:06:45,242 [    INFO] [Node] Finished "raw_sources", elapsed time 0.000854s.
2025-03-04 09:06:46,041 [    INFO] [Node] Setting-up "fmriprep_24_1_wf.sub_24684_wf.bold_ses_1_task_rat_dir_PA_run_01_echo_1_part_mag_wf.bold_fit_wf.hmc_boldref_wf.gen_avg" in "/work/fmriprep_24_1_wf/sub_24684_wf/bold_ses_1_task_rat_dir_PA_run_01_echo_1_part_mag_wf/bold_fit_wf/hmc_boldref_wf/gen_avg".
2025-03-04 09:06:46,062 [    INFO] [Node] Executing "gen_avg" <niworkflows.interfaces.images.RobustAverage>
2025-03-04 09:06:46,328 [ WARNING] WARNING: 'locale.getdefaultlocale' is deprecated and slated for removal in Python 3.15. Use setlocale(), getencoding() and getlocale() instead.
2025-03-04 09:06:46,328 [ WARNING] WARNING: 'locale.getdefaultlocale' is deprecated and slated for removal in Python 3.15. Use setlocale(), getencoding() and getlocale() instead.
2025-03-04 09:06:47,537 [ WARNING] WARNING: Niworkflows will be deprecating reporting in favor of a standalone library "nireports".
2025-03-04 09:06:47,643 [ WARNING] WARNING: Niworkflows will be deprecating reporting in favor of a standalone library "nireports".
2025-03-04 09:06:47,719 [ WARNING] WARNING: Niworkflows will be deprecating visualizations in favor of a standalone library "nireports".
2025-03-04 09:06:47,827 [ WARNING] WARNING: Niworkflows will be deprecating visualizations in favor of a standalone library "nireports".
2025-03-04 09:06:47,985 [    INFO] [Node] Finished "lap_tmpl", elapsed time 9.051724s.
2025-03-04 09:06:47,992 [ WARNING] WARNING: SOCKS support in urllib3 requires the installation of optional dependencies: specifically, PySocks.  For more information, see https://urllib3.readthedocs.io/en/latest/advanced-usage.html#socks-proxies
2025-03-04 09:06:48,066 [ WARNING] WARNING: SOCKS support in urllib3 requires the installation of optional dependencies: specifically, PySocks.  For more information, see https://urllib3.readthedocs.io/en/latest/advanced-usage.html#socks-proxies
2025-03-04 09:06:48,094 [    INFO] [Node] Setting-up "fmriprep_24_1_wf.sub_24684_wf.bold_ses_1_task_bao_dir_AP_run_01_echo_1_part_mag_wf.bold_native_wf.bold_stc_wf.slice_timing_correction" in "/work/fmriprep_24_1_wf/sub_24684_wf/bold_ses_1_task_bao_dir_AP_run_01_echo_1_part_mag_wf/bold_native_wf/bold_stc_wf/_echoidx_0/slice_timing_correction".
2025-03-04 09:06:48,109 [    INFO] [Node] Executing "slice_timing_correction" <fmriprep.workflows.bold.stc.TShift>
2025-03-04 09:06:48,169 [    INFO] [Node] Setting-up "fmriprep_24_1_wf.sub_24684_wf.bold_ses_1_task_bao_dir_AP_run_01_echo_1_part_mag_wf.bold_native_wf.bold_stc_wf.slice_timing_correction" in "/work/fmriprep_24_1_wf/sub_24684_wf/bold_ses_1_task_bao_dir_AP_run_01_echo_1_part_mag_wf/bold_native_wf/bold_stc_wf/_echoidx_1/slice_timing_correction".
2025-03-04 09:06:48,202 [    INFO] [Node] Executing "slice_timing_correction" <fmriprep.workflows.bold.stc.TShift>
2025-03-04 09:06:48,265 [ WARNING] WARNING: 'locale.getdefaultlocale' is deprecated and slated for removal in Python 3.15. Use setlocale(), getencoding() and getlocale() instead.
2025-03-04 09:06:48,265 [ WARNING] WARNING: 'locale.getdefaultlocale' is deprecated and slated for removal in Python 3.15. Use setlocale(), getencoding() and getlocale() instead.
2025-03-04 09:06:48,304 [    INFO] stderr 2025-03-04T09:06:48.304746:++ 3dvolreg: AFNI version=AFNI_24.3.01 (Oct  9 2024) [64-bit]
2025-03-04 09:06:48,305 [    INFO] stderr 2025-03-04T09:06:48.304746:++ Authored by: RW Cox
2025-03-04 09:06:48,320 [    INFO] stderr 2025-03-04T09:06:48.320081:** AFNI converts NIFTI_datatype=512 (UINT16) in file /work/fmriprep_24_1_wf/sub_24684_wf/bold_ses_1_task_bao_dir_AP_run_01_echo_1_part_mag_wf/bold_fit_wf/hmc_boldref_wf/gen_avg/sub-24684_ses-1_task-bao_dir-AP_run-01_echo-1_part-mag_bold_sliced.nii.gz to FLOAT32
2025-03-04 09:06:48,320 [    INFO] stderr 2025-03-04T09:06:48.320425:     Warnings of this type will be muted for this session.
2025-03-04 09:06:48,320 [    INFO] stderr 2025-03-04T09:06:48.320425:     Set AFNI_NIFTI_TYPE_WARN to YES to see them all, NO to see none.
2025-03-04 09:06:48,339 [    INFO] stderr 2025-03-04T09:06:48.339534:++ Coarse del was 10, replaced with 7
2025-03-04 09:06:48,769 [ WARNING] WARNING: Niworkflows will be deprecating reporting in favor of a standalone library "nireports".
2025-03-04 09:06:48,970 [ WARNING] WARNING: Niworkflows will be deprecating visualizations in favor of a standalone library "nireports".
2025-03-04 09:06:49,130 [ WARNING] WARNING: Niworkflows will be deprecating reporting in favor of a standalone library "nireports".
2025-03-04 09:06:49,134 [ WARNING] WARNING: Niworkflows will be deprecating visualizations in favor of a standalone library "nireports".
2025-03-04 09:06:49,209 [ WARNING] WARNING: Niworkflows will be deprecating reporting in favor of a standalone library "nireports".
2025-03-04 09:06:49,214 [ WARNING] WARNING: Niworkflows will be deprecating visualizations in favor of a standalone library "nireports".
2025-03-04 09:06:49,226 [ WARNING] WARNING: SOCKS support in urllib3 requires the installation of optional dependencies: specifically, PySocks.  For more information, see https://urllib3.readthedocs.io/en/latest/advanced-usage.html#socks-proxies
2025-03-04 09:06:49,357 [    INFO] [Node] Setting-up "fmriprep_24_1_wf.sub_24684_wf.bold_ses_1_task_bao_dir_AP_run_01_echo_1_part_mag_wf.bold_native_wf.bold_stc_wf.slice_timing_correction" in "/work/fmriprep_24_1_wf/sub_24684_wf/bold_ses_1_task_bao_dir_AP_run_01_echo_1_part_mag_wf/bold_native_wf/bold_stc_wf/_echoidx_4/slice_timing_correction".
2025-03-04 09:06:49,374 [    INFO] [Node] Executing "slice_timing_correction" <fmriprep.workflows.bold.stc.TShift>
2025-03-04 09:06:49,582 [ WARNING] WARNING: Niworkflows will be deprecating reporting in favor of a standalone library "nireports".
2025-03-04 09:06:49,583 [ WARNING] WARNING: Niworkflows will be deprecating reporting in favor of a standalone library "nireports".
2025-03-04 09:06:49,622 [ WARNING] WARNING: SOCKS support in urllib3 requires the installation of optional dependencies: specifically, PySocks.  For more information, see https://urllib3.readthedocs.io/en/latest/advanced-usage.html#socks-proxies
2025-03-04 09:06:49,767 [    INFO] [Node] Setting-up "fmriprep_24_1_wf.sub_24684_wf.bold_ses_1_task_bao_dir_AP_run_01_echo_1_part_mag_wf.bold_native_wf.bold_stc_wf.slice_timing_correction" in "/work/fmriprep_24_1_wf/sub_24684_wf/bold_ses_1_task_bao_dir_AP_run_01_echo_1_part_mag_wf/bold_native_wf/bold_stc_wf/_echoidx_2/slice_timing_correction".
2025-03-04 09:06:49,767 [ WARNING] WARNING: Niworkflows will be deprecating visualizations in favor of a standalone library "nireports".
2025-03-04 09:06:49,776 [ WARNING] WARNING: SOCKS support in urllib3 requires the installation of optional dependencies: specifically, PySocks.  For more information, see https://urllib3.readthedocs.io/en/latest/advanced-usage.html#socks-proxies
2025-03-04 09:06:49,783 [    INFO] [Node] Executing "slice_timing_correction" <fmriprep.workflows.bold.stc.TShift>
2025-03-04 09:06:49,821 [ WARNING] WARNING: Niworkflows will be deprecating visualizations in favor of a standalone library "nireports".
2025-03-04 09:06:49,878 [    INFO] [Node] Setting-up "fmriprep_24_1_wf.sub_24684_wf.bold_ses_1_task_bao_dir_AP_run_01_echo_1_part_mag_wf.bold_native_wf.bold_stc_wf.slice_timing_correction" in "/work/fmriprep_24_1_wf/sub_24684_wf/bold_ses_1_task_bao_dir_AP_run_01_echo_1_part_mag_wf/bold_native_wf/bold_stc_wf/_echoidx_3/slice_timing_correction".
2025-03-04 09:06:49,902 [    INFO] [Node] Executing "slice_timing_correction" <fmriprep.workflows.bold.stc.TShift>
2025-03-04 09:06:50,044 [ WARNING] WARNING: 'locale.getdefaultlocale' is deprecated and slated for removal in Python 3.15. Use setlocale(), getencoding() and getlocale() instead.
2025-03-04 09:06:50,044 [ WARNING] WARNING: 'locale.getdefaultlocale' is deprecated and slated for removal in Python 3.15. Use setlocale(), getencoding() and getlocale() instead.
2025-03-04 09:06:50,049 [    INFO] stderr 2025-03-04T09:06:50.049406:++ 3dvolreg: AFNI version=AFNI_24.3.01 (Oct  9 2024) [64-bit]
2025-03-04 09:06:50,049 [    INFO] stderr 2025-03-04T09:06:50.049406:++ Authored by: RW Cox
2025-03-04 09:06:50,052 [    INFO] stderr 2025-03-04T09:06:50.052377:** AFNI converts NIFTI_datatype=512 (UINT16) in file /work/fmriprep_24_1_wf/sub_24684_wf/bold_ses_1_task_rat_dir_PA_run_01_echo_1_part_mag_wf/bold_fit_wf/hmc_boldref_wf/gen_avg/sub-24684_ses-1_task-rat_dir-PA_run-01_echo-1_part-mag_bold_sliced.nii.gz to FLOAT32
2025-03-04 09:06:50,052 [    INFO] stderr 2025-03-04T09:06:50.052377:     Warnings of this type will be muted for this session.
2025-03-04 09:06:50,052 [    INFO] stderr 2025-03-04T09:06:50.052377:     Set AFNI_NIFTI_TYPE_WARN to YES to see them all, NO to see none.
2025-03-04 09:06:50,052 [    INFO] stderr 2025-03-04T09:06:50.052888:++ Coarse del was 10, replaced with 7
2025-03-04 09:06:50,083 [ WARNING] WARNING: SOCKS support in urllib3 requires the installation of optional dependencies: specifically, PySocks.  For more information, see https://urllib3.readthedocs.io/en/latest/advanced-usage.html#socks-proxies
2025-03-04 09:06:50,097 [    INFO] [Node] Setting-up "fmriprep_24_1_wf.sub_24684_wf.anat_fit_wf.brain_extraction_wf.mrg_tmpl" in "/work/fmriprep_24_1_wf/sub_24684_wf/anat_fit_wf/brain_extraction_wf/mrg_tmpl".
2025-03-04 09:06:50,104 [ WARNING] WARNING: SOCKS support in urllib3 requires the installation of optional dependencies: specifically, PySocks.  For more information, see https://urllib3.readthedocs.io/en/latest/advanced-usage.html#socks-proxies
2025-03-04 09:06:50,142 [    INFO] [Node] Executing "mrg_tmpl" <nipype.interfaces.utility.base.Merge>
2025-03-04 09:06:50,143 [    INFO] [Node] Finished "mrg_tmpl", elapsed time 0.000273s.
2025-03-04 09:06:50,191 [    INFO] [Node] Setting-up "fmriprep_24_1_wf.sub_24684_wf.bold_ses_1_task_rat_dir_PA_run_01_echo_1_part_mag_wf.bold_native_wf.bold_stc_wf.slice_timing_correction" in "/work/fmriprep_24_1_wf/sub_24684_wf/bold_ses_1_task_rat_dir_PA_run_01_echo_1_part_mag_wf/bold_native_wf/bold_stc_wf/_echoidx_0/slice_timing_correction".
2025-03-04 09:06:50,202 [    INFO] [Node] Executing "slice_timing_correction" <fmriprep.workflows.bold.stc.TShift>
2025-03-04 09:06:50,210 [    INFO] [Node] Setting-up "fmriprep_24_1_wf.sub_24684_wf.bold_ses_1_task_rat_dir_PA_run_01_echo_1_part_mag_wf.bold_native_wf.bold_stc_wf.slice_timing_correction" in "/work/fmriprep_24_1_wf/sub_24684_wf/bold_ses_1_task_rat_dir_PA_run_01_echo_1_part_mag_wf/bold_native_wf/bold_stc_wf/_echoidx_3/slice_timing_correction".
2025-03-04 09:06:50,236 [    INFO] [Node] Executing "slice_timing_correction" <fmriprep.workflows.bold.stc.TShift>
2025-03-04 09:06:50,985 [ WARNING] WARNING: Niworkflows will be deprecating reporting in favor of a standalone library "nireports".
2025-03-04 09:06:51,253 [ WARNING] WARNING: Niworkflows will be deprecating visualizations in favor of a standalone library "nireports".
2025-03-04 09:06:51,323 [ WARNING] WARNING: Niworkflows will be deprecating reporting in favor of a standalone library "nireports".
2025-03-04 09:06:51,326 [ WARNING] WARNING: Niworkflows will be deprecating visualizations in favor of a standalone library "nireports".
2025-03-04 09:06:51,633 [ WARNING] WARNING: SOCKS support in urllib3 requires the installation of optional dependencies: specifically, PySocks.  For more information, see https://urllib3.readthedocs.io/en/latest/advanced-usage.html#socks-proxies
2025-03-04 09:06:51,709 [ WARNING] WARNING: SOCKS support in urllib3 requires the installation of optional dependencies: specifically, PySocks.  For more information, see https://urllib3.readthedocs.io/en/latest/advanced-usage.html#socks-proxies
2025-03-04 09:06:51,788 [    INFO] [Node] Setting-up "fmriprep_24_1_wf.sub_24684_wf.bold_ses_1_task_rat_dir_PA_run_01_echo_1_part_mag_wf.bold_native_wf.bold_stc_wf.slice_timing_correction" in "/work/fmriprep_24_1_wf/sub_24684_wf/bold_ses_1_task_rat_dir_PA_run_01_echo_1_part_mag_wf/bold_native_wf/bold_stc_wf/_echoidx_2/slice_timing_correction".
2025-03-04 09:06:51,798 [    INFO] [Node] Executing "slice_timing_correction" <fmriprep.workflows.bold.stc.TShift>
2025-03-04 09:06:51,849 [    INFO] [Node] Setting-up "fmriprep_24_1_wf.sub_24684_wf.bold_ses_1_task_rat_dir_PA_run_01_echo_1_part_mag_wf.bold_native_wf.bold_stc_wf.slice_timing_correction" in "/work/fmriprep_24_1_wf/sub_24684_wf/bold_ses_1_task_rat_dir_PA_run_01_echo_1_part_mag_wf/bold_native_wf/bold_stc_wf/_echoidx_1/slice_timing_correction".
2025-03-04 09:06:51,859 [    INFO] [Node] Executing "slice_timing_correction" <fmriprep.workflows.bold.stc.TShift>
2025-03-04 09:07:01,474 [    INFO] stderr 2025-03-04T09:07:01.474075:++ Max displacement in automask = 0.09 (mm) at sub-brick 1
2025-03-04 09:07:01,474 [    INFO] stderr 2025-03-04T09:07:01.474075:++ Max delta displ  in automask = 0.09 (mm) at sub-brick 1
2025-03-04 09:07:02,524 [    INFO] [Node] Finished "gen_avg", elapsed time 16.461588s.
2025-03-04 09:07:04,092 [    INFO] [Node] Setting-up "fmriprep_24_1_wf.sub_24684_wf.bold_ses_1_task_rat_dir_PA_run_01_echo_1_part_mag_wf.bold_fit_wf.fmapref_buffer" in "/work/fmriprep_24_1_wf/sub_24684_wf/bold_ses_1_task_rat_dir_PA_run_01_echo_1_part_mag_wf/bold_fit_wf/fmapref_buffer".
2025-03-04 09:07:04,105 [    INFO] [Node] Executing "fmapref_buffer" <nipype.interfaces.utility.wrappers.Function>
2025-03-04 09:07:04,107 [    INFO] [Node] Finished "fmapref_buffer", elapsed time 0.000811s.
2025-03-04 09:07:04,179 [ WARNING] Changing /out/sub-24684/ses-1/func/sub-24684_ses-1_task-rat_dir-PA_run-01_part-mag_desc-hmc_boldref.nii.gz dtype from uint16 to float32
2025-03-04 09:07:06,095 [    INFO] [Node] Setting-up "fmriprep_24_1_wf.sub_24684_wf.bold_ses_1_task_rat_dir_PA_run_01_echo_1_part_mag_wf.bold_fit_wf.ds_coreg_boldref_wf.sources" in "/work/fmriprep_24_1_wf/sub_24684_wf/bold_ses_1_task_rat_dir_PA_run_01_echo_1_part_mag_wf/bold_fit_wf/ds_coreg_boldref_wf/sources".
2025-03-04 09:07:06,102 [    INFO] [Node] Executing "sources" <fmriprep.interfaces.bids.BIDSURI>
2025-03-04 09:07:06,103 [    INFO] [Node] Finished "sources", elapsed time 0.000279s.
2025-03-04 09:07:47,992 [    INFO] stderr 2025-03-04T09:07:47.992910:++ Max displacement in automask = 0.19 (mm) at sub-brick 4
2025-03-04 09:07:47,993 [    INFO] stderr 2025-03-04T09:07:47.992910:++ Max delta displ  in automask = 0.27 (mm) at sub-brick 5
2025-03-04 09:07:51,968 [ WARNING] WARNING: 'locale.getdefaultlocale' is deprecated and slated for removal in Python 3.15. Use setlocale(), getencoding() and getlocale() instead.
2025-03-04 09:07:51,968 [ WARNING] WARNING: 'locale.getdefaultlocale' is deprecated and slated for removal in Python 3.15. Use setlocale(), getencoding() and getlocale() instead.
2025-03-04 09:07:52,073 [ WARNING] WARNING: 'locale.getdefaultlocale' is deprecated and slated for removal in Python 3.15. Use setlocale(), getencoding() and getlocale() instead.
2025-03-04 09:07:52,073 [ WARNING] WARNING: 'locale.getdefaultlocale' is deprecated and slated for removal in Python 3.15. Use setlocale(), getencoding() and getlocale() instead.
2025-03-04 09:07:52,134 [    INFO] [Node] Finished "slice_timing_correction", elapsed time 63.930772s.
2025-03-04 09:07:52,233 [    INFO] [Node] Finished "slice_timing_correction", elapsed time 64.122212s.
2025-03-04 09:07:52,607 [    INFO] [Node] Finished "gen_avg", elapsed time 68.437175s.
2025-03-04 09:07:53,429 [ WARNING] WARNING: 'locale.getdefaultlocale' is deprecated and slated for removal in Python 3.15. Use setlocale(), getencoding() and getlocale() instead.
2025-03-04 09:07:53,429 [ WARNING] WARNING: 'locale.getdefaultlocale' is deprecated and slated for removal in Python 3.15. Use setlocale(), getencoding() and getlocale() instead.
2025-03-04 09:07:53,583 [    INFO] [Node] Finished "slice_timing_correction", elapsed time 63.798971s.
2025-03-04 09:07:53,971 [ WARNING] WARNING: 'locale.getdefaultlocale' is deprecated and slated for removal in Python 3.15. Use setlocale(), getencoding() and getlocale() instead.
2025-03-04 09:07:53,971 [ WARNING] WARNING: 'locale.getdefaultlocale' is deprecated and slated for removal in Python 3.15. Use setlocale(), getencoding() and getlocale() instead.
2025-03-04 09:07:54,128 [    INFO] [Node] Finished "slice_timing_correction", elapsed time 64.752912s.
2025-03-04 09:07:54,160 [    INFO] [Node] Setting-up "fmriprep_24_1_wf.sub_24684_wf.bold_ses_1_task_bao_dir_AP_run_01_echo_1_part_mag_wf.bold_fit_wf.fmapref_buffer" in "/work/fmriprep_24_1_wf/sub_24684_wf/bold_ses_1_task_bao_dir_AP_run_01_echo_1_part_mag_wf/bold_fit_wf/fmapref_buffer".
2025-03-04 09:07:54,179 [    INFO] [Node] Executing "fmapref_buffer" <nipype.interfaces.utility.wrappers.Function>
2025-03-04 09:07:54,182 [    INFO] [Node] Finished "fmapref_buffer", elapsed time 0.001444s.
2025-03-04 09:07:54,208 [ WARNING] Changing /out/sub-24684/ses-1/func/sub-24684_ses-1_task-bao_dir-AP_run-01_part-mag_desc-hmc_boldref.nii.gz dtype from uint16 to float32
2025-03-04 09:07:54,502 [ WARNING] WARNING: 'locale.getdefaultlocale' is deprecated and slated for removal in Python 3.15. Use setlocale(), getencoding() and getlocale() instead.
2025-03-04 09:07:54,502 [ WARNING] WARNING: 'locale.getdefaultlocale' is deprecated and slated for removal in Python 3.15. Use setlocale(), getencoding() and getlocale() instead.
2025-03-04 09:07:54,594 [    INFO] [Node] Setting-up "fmriprep_24_1_wf.sub_24684_wf.bold_ses_1_task_bao_dir_AP_run_01_echo_1_part_mag_wf.bold_native_wf.bold_stc_wf.copy_xform" in "/work/fmriprep_24_1_wf/sub_24684_wf/bold_ses_1_task_bao_dir_AP_run_01_echo_1_part_mag_wf/bold_native_wf/bold_stc_wf/_echoidx_1/copy_xform".
2025-03-04 09:07:54,594 [    INFO] [Node] Setting-up "fmriprep_24_1_wf.sub_24684_wf.bold_ses_1_task_bao_dir_AP_run_01_echo_1_part_mag_wf.bold_native_wf.bold_stc_wf.copy_xform" in "/work/fmriprep_24_1_wf/sub_24684_wf/bold_ses_1_task_bao_dir_AP_run_01_echo_1_part_mag_wf/bold_native_wf/bold_stc_wf/_echoidx_0/copy_xform".
2025-03-04 09:07:54,630 [    INFO] [Node] Finished "slice_timing_correction", elapsed time 64.726717s.
2025-03-04 09:07:54,654 [    INFO] [Node] Setting-up "fmriprep_24_1_wf.sub_24684_wf.bold_ses_1_task_bao_dir_AP_run_01_echo_1_part_mag_wf.bold_fit_wf.bold_hmc_wf.mcflirt" in "/work/fmriprep_24_1_wf/sub_24684_wf/bold_ses_1_task_bao_dir_AP_run_01_echo_1_part_mag_wf/bold_fit_wf/bold_hmc_wf/mcflirt".
2025-03-04 09:07:54,659 [    INFO] [Node] Setting-up "fmriprep_24_1_wf.sub_24684_wf.bold_ses_1_task_rat_dir_PA_run_01_echo_1_part_mag_wf.bold_fit_wf.bold_hmc_wf.mcflirt" in "/work/fmriprep_24_1_wf/sub_24684_wf/bold_ses_1_task_rat_dir_PA_run_01_echo_1_part_mag_wf/bold_fit_wf/bold_hmc_wf/mcflirt".
2025-03-04 09:07:54,665 [    INFO] [Node] Executing "mcflirt" <nipype.interfaces.fsl.preprocess.MCFLIRT>
2025-03-04 09:07:54,677 [    INFO] [Node] Executing "mcflirt" <nipype.interfaces.fsl.preprocess.MCFLIRT>
2025-03-04 09:07:54,689 [    INFO] [Node] Setting-up "fmriprep_24_1_wf.sub_24684_wf.bold_ses_1_task_bao_dir_AP_run_01_echo_1_part_mag_wf.bold_native_wf.bold_stc_wf.copy_xform" in "/work/fmriprep_24_1_wf/sub_24684_wf/bold_ses_1_task_bao_dir_AP_run_01_echo_1_part_mag_wf/bold_native_wf/bold_stc_wf/_echoidx_2/copy_xform".
2025-03-04 09:07:56,013 [ WARNING] WARNING: Niworkflows will be deprecating reporting in favor of a standalone library "nireports".
2025-03-04 09:07:56,015 [ WARNING] WARNING: Niworkflows will be deprecating visualizations in favor of a standalone library "nireports".
2025-03-04 09:07:56,067 [ WARNING] WARNING: Niworkflows will be deprecating reporting in favor of a standalone library "nireports".
2025-03-04 09:07:56,069 [ WARNING] WARNING: Niworkflows will be deprecating visualizations in favor of a standalone library "nireports".
2025-03-04 09:07:56,177 [    INFO] [Node] Setting-up "fmriprep_24_1_wf.sub_24684_wf.bold_ses_1_task_bao_dir_AP_run_01_echo_1_part_mag_wf.bold_fit_wf.ds_coreg_boldref_wf.sources" in "/work/fmriprep_24_1_wf/sub_24684_wf/bold_ses_1_task_bao_dir_AP_run_01_echo_1_part_mag_wf/bold_fit_wf/ds_coreg_boldref_wf/sources".
2025-03-04 09:07:56,177 [    INFO] [Node] Setting-up "fmriprep_24_1_wf.sub_24684_wf.bold_ses_1_task_bao_dir_AP_run_01_echo_1_part_mag_wf.bold_native_wf.bold_stc_wf.copy_xform" in "/work/fmriprep_24_1_wf/sub_24684_wf/bold_ses_1_task_bao_dir_AP_run_01_echo_1_part_mag_wf/bold_native_wf/bold_stc_wf/_echoidx_3/copy_xform".
2025-03-04 09:07:56,178 [    INFO] [Node] Setting-up "fmriprep_24_1_wf.sub_24684_wf.bold_ses_1_task_bao_dir_AP_run_01_echo_1_part_mag_wf.bold_native_wf.bold_stc_wf.copy_xform" in "/work/fmriprep_24_1_wf/sub_24684_wf/bold_ses_1_task_bao_dir_AP_run_01_echo_1_part_mag_wf/bold_native_wf/bold_stc_wf/_echoidx_4/copy_xform".
2025-03-04 09:07:56,186 [    INFO] [Node] Executing "sources" <fmriprep.interfaces.bids.BIDSURI>
2025-03-04 09:07:56,188 [    INFO] [Node] Finished "sources", elapsed time 0.000319s.
2025-03-04 09:07:56,267 [ WARNING] WARNING: SOCKS support in urllib3 requires the installation of optional dependencies: specifically, PySocks.  For more information, see https://urllib3.readthedocs.io/en/latest/advanced-usage.html#socks-proxies
2025-03-04 09:07:56,364 [ WARNING] WARNING: SOCKS support in urllib3 requires the installation of optional dependencies: specifically, PySocks.  For more information, see https://urllib3.readthedocs.io/en/latest/advanced-usage.html#socks-proxies
2025-03-04 09:07:56,400 [    INFO] [Node] Executing "copy_xform" <niworkflows.interfaces.header.CopyXForm>
2025-03-04 09:07:56,526 [    INFO] [Node] Executing "copy_xform" <niworkflows.interfaces.header.CopyXForm>
2025-03-04 09:07:57,775 [ WARNING] WARNING: Niworkflows will be deprecating reporting in favor of a standalone library "nireports".
2025-03-04 09:07:57,778 [ WARNING] WARNING: Niworkflows will be deprecating visualizations in favor of a standalone library "nireports".
2025-03-04 09:07:57,906 [ WARNING] WARNING: Niworkflows will be deprecating reporting in favor of a standalone library "nireports".
2025-03-04 09:07:57,908 [ WARNING] WARNING: Niworkflows will be deprecating visualizations in favor of a standalone library "nireports".
2025-03-04 09:07:57,947 [ WARNING] WARNING: Niworkflows will be deprecating reporting in favor of a standalone library "nireports".
2025-03-04 09:07:57,950 [ WARNING] WARNING: Niworkflows will be deprecating visualizations in favor of a standalone library "nireports".
2025-03-04 09:07:58,145 [ WARNING] WARNING: SOCKS support in urllib3 requires the installation of optional dependencies: specifically, PySocks.  For more information, see https://urllib3.readthedocs.io/en/latest/advanced-usage.html#socks-proxies
2025-03-04 09:07:58,189 [ WARNING] WARNING: SOCKS support in urllib3 requires the installation of optional dependencies: specifically, PySocks.  For more information, see https://urllib3.readthedocs.io/en/latest/advanced-usage.html#socks-proxies
2025-03-04 09:07:58,260 [    INFO] [Node] Executing "copy_xform" <niworkflows.interfaces.header.CopyXForm>
2025-03-04 09:07:58,328 [    INFO] [Node] Executing "copy_xform" <niworkflows.interfaces.header.CopyXForm>
2025-03-04 09:07:58,351 [ WARNING] WARNING: SOCKS support in urllib3 requires the installation of optional dependencies: specifically, PySocks.  For more information, see https://urllib3.readthedocs.io/en/latest/advanced-usage.html#socks-proxies
2025-03-04 09:07:58,534 [    INFO] [Node] Executing "copy_xform" <niworkflows.interfaces.header.CopyXForm>
2025-03-04 09:07:59,598 [ WARNING] WARNING: Niworkflows will be deprecating reporting in favor of a standalone library "nireports".
2025-03-04 09:07:59,600 [ WARNING] WARNING: Niworkflows will be deprecating visualizations in favor of a standalone library "nireports".
2025-03-04 09:07:59,883 [ WARNING] WARNING: SOCKS support in urllib3 requires the installation of optional dependencies: specifically, PySocks.  For more information, see https://urllib3.readthedocs.io/en/latest/advanced-usage.html#socks-proxies
2025-03-04 09:08:00,035 [    INFO] [Node] Setting-up "fmriprep_24_1_wf.sub_24684_wf.bold_ses_1_task_rat_dir_PA_run_01_echo_1_part_mag_wf.bold_native_wf.bold_stc_wf.slice_timing_correction" in "/work/fmriprep_24_1_wf/sub_24684_wf/bold_ses_1_task_rat_dir_PA_run_01_echo_1_part_mag_wf/bold_native_wf/bold_stc_wf/_echoidx_4/slice_timing_correction".
2025-03-04 09:08:00,051 [    INFO] [Node] Executing "slice_timing_correction" <fmriprep.workflows.bold.stc.TShift>
2025-03-04 09:08:22,653 [ WARNING] WARNING: 'locale.getdefaultlocale' is deprecated and slated for removal in Python 3.15. Use setlocale(), getencoding() and getlocale() instead.
2025-03-04 09:08:22,653 [ WARNING] WARNING: 'locale.getdefaultlocale' is deprecated and slated for removal in Python 3.15. Use setlocale(), getencoding() and getlocale() instead.
2025-03-04 09:08:22,803 [    INFO] [Node] Finished "slice_timing_correction", elapsed time 92.566138s.
2025-03-04 09:08:23,808 [ WARNING] WARNING: 'locale.getdefaultlocale' is deprecated and slated for removal in Python 3.15. Use setlocale(), getencoding() and getlocale() instead.
2025-03-04 09:08:23,808 [ WARNING] WARNING: 'locale.getdefaultlocale' is deprecated and slated for removal in Python 3.15. Use setlocale(), getencoding() and getlocale() instead.
2025-03-04 09:08:23,934 [    INFO] [Node] Finished "slice_timing_correction", elapsed time 92.073548s.
2025-03-04 09:08:24,242 [    INFO] [Node] Setting-up "fmriprep_24_1_wf.sub_24684_wf.bold_ses_1_task_rat_dir_PA_run_01_echo_1_part_mag_wf.bold_native_wf.bold_stc_wf.copy_xform" in "/work/fmriprep_24_1_wf/sub_24684_wf/bold_ses_1_task_rat_dir_PA_run_01_echo_1_part_mag_wf/bold_native_wf/bold_stc_wf/_echoidx_1/copy_xform".
2025-03-04 09:08:24,243 [    INFO] [Node] Setting-up "fmriprep_24_1_wf.sub_24684_wf.bold_ses_1_task_rat_dir_PA_run_01_echo_1_part_mag_wf.bold_native_wf.bold_stc_wf.copy_xform" in "/work/fmriprep_24_1_wf/sub_24684_wf/bold_ses_1_task_rat_dir_PA_run_01_echo_1_part_mag_wf/bold_native_wf/bold_stc_wf/_echoidx_3/copy_xform".
2025-03-04 09:08:24,250 [    INFO] [Node] Executing "copy_xform" <niworkflows.interfaces.header.CopyXForm>
2025-03-04 09:08:24,251 [    INFO] [Node] Executing "copy_xform" <niworkflows.interfaces.header.CopyXForm>
2025-03-04 09:08:27,925 [ WARNING] WARNING: 'locale.getdefaultlocale' is deprecated and slated for removal in Python 3.15. Use setlocale(), getencoding() and getlocale() instead.
2025-03-04 09:08:27,927 [ WARNING] WARNING: 'locale.getdefaultlocale' is deprecated and slated for removal in Python 3.15. Use setlocale(), getencoding() and getlocale() instead.
2025-03-04 09:08:28,059 [    INFO] [Node] Finished "slice_timing_correction", elapsed time 96.259426s.
2025-03-04 09:08:29,918 [ WARNING] WARNING: 'locale.getdefaultlocale' is deprecated and slated for removal in Python 3.15. Use setlocale(), getencoding() and getlocale() instead.
2025-03-04 09:08:29,918 [ WARNING] WARNING: 'locale.getdefaultlocale' is deprecated and slated for removal in Python 3.15. Use setlocale(), getencoding() and getlocale() instead.
2025-03-04 09:08:30,075 [    INFO] [Node] Finished "slice_timing_correction", elapsed time 99.872468s.
2025-03-04 09:08:30,246 [    INFO] [Node] Setting-up "fmriprep_24_1_wf.sub_24684_wf.bold_ses_1_task_rat_dir_PA_run_01_echo_1_part_mag_wf.bold_native_wf.bold_stc_wf.copy_xform" in "/work/fmriprep_24_1_wf/sub_24684_wf/bold_ses_1_task_rat_dir_PA_run_01_echo_1_part_mag_wf/bold_native_wf/bold_stc_wf/_echoidx_2/copy_xform".
2025-03-04 09:08:32,271 [    INFO] [Node] Setting-up "fmriprep_24_1_wf.sub_24684_wf.bold_ses_1_task_rat_dir_PA_run_01_echo_1_part_mag_wf.bold_native_wf.bold_stc_wf.copy_xform" in "/work/fmriprep_24_1_wf/sub_24684_wf/bold_ses_1_task_rat_dir_PA_run_01_echo_1_part_mag_wf/bold_native_wf/bold_stc_wf/_echoidx_0/copy_xform".
2025-03-04 09:08:32,281 [    INFO] [Node] Executing "copy_xform" <niworkflows.interfaces.header.CopyXForm>
2025-03-04 09:08:33,931 [ WARNING] WARNING: Niworkflows will be deprecating reporting in favor of a standalone library "nireports".
2025-03-04 09:08:33,933 [ WARNING] WARNING: Niworkflows will be deprecating visualizations in favor of a standalone library "nireports".
2025-03-04 09:08:34,145 [ WARNING] WARNING: SOCKS support in urllib3 requires the installation of optional dependencies: specifically, PySocks.  For more information, see https://urllib3.readthedocs.io/en/latest/advanced-usage.html#socks-proxies
2025-03-04 09:08:34,255 [    INFO] [Node] Executing "copy_xform" <niworkflows.interfaces.header.CopyXForm>
2025-03-04 09:08:42,480 [    INFO] [Node] Finished "copy_xform", elapsed time 45.952748s.
2025-03-04 09:08:44,167 [    INFO] [Node] Finished "copy_xform", elapsed time 47.766156s.
2025-03-04 09:08:45,002 [    INFO] [Node] Finished "copy_xform", elapsed time 46.4671s.
2025-03-04 09:08:46,156 [    INFO] [Node] Finished "copy_xform", elapsed time 47.826409s.
2025-03-04 09:08:50,578 [    INFO] [Node] Finished "copy_xform", elapsed time 52.315969s.
2025-03-04 09:09:26,912 [    INFO] [Node] Finished "copy_xform", elapsed time 62.661332s.
2025-03-04 09:09:29,027 [    INFO] [Node] Finished "copy_xform", elapsed time 64.774869s.
2025-03-04 09:09:32,599 [    INFO] [Node] Finished "copy_xform", elapsed time 60.316962s.
2025-03-04 09:09:33,688 [    INFO] [Node] Finished "copy_xform", elapsed time 59.432686s.
2025-03-04 09:09:40,012 [ WARNING] WARNING: 'locale.getdefaultlocale' is deprecated and slated for removal in Python 3.15. Use setlocale(), getencoding() and getlocale() instead.
2025-03-04 09:09:40,012 [ WARNING] WARNING: 'locale.getdefaultlocale' is deprecated and slated for removal in Python 3.15. Use setlocale(), getencoding() and getlocale() instead.
2025-03-04 09:09:40,137 [    INFO] [Node] Finished "slice_timing_correction", elapsed time 100.085176s.
2025-03-04 09:09:42,217 [    INFO] [Node] Setting-up "fmriprep_24_1_wf.sub_24684_wf.bold_ses_1_task_rat_dir_PA_run_01_echo_1_part_mag_wf.bold_native_wf.bold_stc_wf.copy_xform" in "/work/fmriprep_24_1_wf/sub_24684_wf/bold_ses_1_task_rat_dir_PA_run_01_echo_1_part_mag_wf/bold_native_wf/bold_stc_wf/_echoidx_4/copy_xform".
2025-03-04 09:09:42,223 [    INFO] [Node] Executing "copy_xform" <niworkflows.interfaces.header.CopyXForm>
2025-03-04 09:10:38,295 [    INFO] [Node] Finished "copy_xform", elapsed time 56.070742s.
2025-03-04 09:11:02,096 [ WARNING] WARNING: 'locale.getdefaultlocale' is deprecated and slated for removal in Python 3.15. Use setlocale(), getencoding() and getlocale() instead.
2025-03-04 09:11:02,097 [ WARNING] WARNING: 'locale.getdefaultlocale' is deprecated and slated for removal in Python 3.15. Use setlocale(), getencoding() and getlocale() instead.
2025-03-04 09:11:02,364 [    INFO] [Node] Finished "mcflirt", elapsed time 187.698338s.
2025-03-04 09:11:04,551 [    INFO] [Node] Setting-up "fmriprep_24_1_wf.sub_24684_wf.bold_ses_1_task_bao_dir_AP_run_01_echo_1_part_mag_wf.bold_fit_wf.bold_hmc_wf.normalize_motion" in "/work/fmriprep_24_1_wf/sub_24684_wf/bold_ses_1_task_bao_dir_AP_run_01_echo_1_part_mag_wf/bold_fit_wf/bold_hmc_wf/normalize_motion".
2025-03-04 09:11:04,741 [    INFO] [Node] Executing "normalize_motion" <niworkflows.interfaces.confounds.NormalizeMotionParams>
2025-03-04 09:11:04,745 [    INFO] [Node] Finished "normalize_motion", elapsed time 0.003343s.
2025-03-04 09:11:06,288 [    INFO] [Node] Setting-up "fmriprep_24_1_wf.sub_24684_wf.bold_ses_1_task_bao_dir_AP_run_01_echo_1_part_mag_wf.bold_confounds_wf.fdisp" in "/work/fmriprep_24_1_wf/sub_24684_wf/bold_ses_1_task_bao_dir_AP_run_01_echo_1_part_mag_wf/bold_confounds_wf/fdisp".
2025-03-04 09:11:06,301 [    INFO] [Node] Executing "fdisp" <nipype.algorithms.confounds.FramewiseDisplacement>
2025-03-04 09:11:06,309 [    INFO] [Node] Finished "fdisp", elapsed time 0.006678s.
2025-03-04 09:12:25,198 [ WARNING] WARNING: 'locale.getdefaultlocale' is deprecated and slated for removal in Python 3.15. Use setlocale(), getencoding() and getlocale() instead.
2025-03-04 09:12:25,199 [ WARNING] WARNING: 'locale.getdefaultlocale' is deprecated and slated for removal in Python 3.15. Use setlocale(), getencoding() and getlocale() instead.
2025-03-04 09:12:25,387 [    INFO] [Node] Finished "mcflirt", elapsed time 270.708195s.
2025-03-04 09:12:26,358 [    INFO] [Node] Setting-up "_denoise0" in "/work/fmriprep_24_1_wf/sub_24684_wf/anat_fit_wf/anat_template_wf/denoise/mapflow/_denoise0".
2025-03-04 09:12:26,363 [    INFO] [Node] Executing "_denoise0" <nipype.interfaces.ants.segmentation.DenoiseImage>
2025-03-04 09:12:26,495 [ WARNING] WARNING: 'locale.getdefaultlocale' is deprecated and slated for removal in Python 3.15. Use setlocale(), getencoding() and getlocale() instead.
2025-03-04 09:12:26,495 [ WARNING] WARNING: 'locale.getdefaultlocale' is deprecated and slated for removal in Python 3.15. Use setlocale(), getencoding() and getlocale() instead.
2025-03-04 09:13:14,631 [ WARNING] WARNING: 'locale.getdefaultlocale' is deprecated and slated for removal in Python 3.15. Use setlocale(), getencoding() and getlocale() instead.
2025-03-04 09:13:14,631 [ WARNING] WARNING: 'locale.getdefaultlocale' is deprecated and slated for removal in Python 3.15. Use setlocale(), getencoding() and getlocale() instead.
2025-03-04 09:13:14,685 [    INFO] [Node] Finished "_denoise0", elapsed time 48.079441s.
2025-03-04 09:13:16,347 [    INFO] [Node] Setting-up "_denoise0" in "/work/fmriprep_24_1_wf/sub_24684_wf/anat_fit_wf/t2w_template_wf/denoise/mapflow/_denoise0".
2025-03-04 09:13:16,354 [    INFO] [Node] Executing "_denoise0" <nipype.interfaces.ants.segmentation.DenoiseImage>
2025-03-04 09:13:16,495 [ WARNING] WARNING: 'locale.getdefaultlocale' is deprecated and slated for removal in Python 3.15. Use setlocale(), getencoding() and getlocale() instead.
2025-03-04 09:13:16,496 [ WARNING] WARNING: 'locale.getdefaultlocale' is deprecated and slated for removal in Python 3.15. Use setlocale(), getencoding() and getlocale() instead.
2025-03-04 09:14:04,918 [ WARNING] WARNING: 'locale.getdefaultlocale' is deprecated and slated for removal in Python 3.15. Use setlocale(), getencoding() and getlocale() instead.
2025-03-04 09:14:04,918 [ WARNING] WARNING: 'locale.getdefaultlocale' is deprecated and slated for removal in Python 3.15. Use setlocale(), getencoding() and getlocale() instead.
2025-03-04 09:14:05,033 [    INFO] [Node] Finished "_denoise0", elapsed time 48.422623s.
2025-03-04 09:14:06,363 [    INFO] [Node] Setting-up "fmriprep_24_1_wf.sub_24684_wf.bold_ses_1_task_rat_dir_PA_run_01_echo_1_part_mag_wf.bold_fit_wf.bold_hmc_wf.normalize_motion" in "/work/fmriprep_24_1_wf/sub_24684_wf/bold_ses_1_task_rat_dir_PA_run_01_echo_1_part_mag_wf/bold_fit_wf/bold_hmc_wf/normalize_motion".
2025-03-04 09:14:06,375 [    INFO] [Node] Setting-up "_anat_conform0" in "/work/fmriprep_24_1_wf/sub_24684_wf/anat_fit_wf/anat_template_wf/anat_conform/mapflow/_anat_conform0".
2025-03-04 09:14:06,377 [    INFO] [Node] Setting-up "_anat_conform0" in "/work/fmriprep_24_1_wf/sub_24684_wf/anat_fit_wf/t2w_template_wf/anat_conform/mapflow/_anat_conform0".
2025-03-04 09:14:06,381 [    INFO] [Node] Executing "_anat_conform0" <niworkflows.interfaces.images.Conform>
2025-03-04 09:14:06,384 [    INFO] [Node] Executing "_anat_conform0" <niworkflows.interfaces.images.Conform>
2025-03-04 09:14:06,397 [    INFO] [Node] Executing "normalize_motion" <niworkflows.interfaces.confounds.NormalizeMotionParams>
2025-03-04 09:14:06,403 [    INFO] [Node] Finished "normalize_motion", elapsed time 0.004832s.
2025-03-04 09:14:06,436 [    INFO] [Node] Finished "_anat_conform0", elapsed time 0.051222s.
2025-03-04 09:14:06,437 [    INFO] [Node] Finished "_anat_conform0", elapsed time 0.055574s.
2025-03-04 09:14:08,359 [    INFO] [Node] Setting-up "fmriprep_24_1_wf.sub_24684_wf.bold_ses_1_task_bao_dir_AP_run_01_echo_1_part_mag_wf.bold_fit_wf.enhance_and_skullstrip_bold_wf.init_aff" in "/work/fmriprep_24_1_wf/sub_24684_wf/bold_ses_1_task_bao_dir_AP_run_01_echo_1_part_mag_wf/bold_fit_wf/enhance_and_skullstrip_bold_wf/init_aff".
2025-03-04 09:14:08,372 [    INFO] [Node] Executing "init_aff" <nipype.interfaces.ants.utils.AI>
2025-03-04 09:14:08,508 [ WARNING] WARNING: 'locale.getdefaultlocale' is deprecated and slated for removal in Python 3.15. Use setlocale(), getencoding() and getlocale() instead.
2025-03-04 09:14:08,509 [ WARNING] WARNING: 'locale.getdefaultlocale' is deprecated and slated for removal in Python 3.15. Use setlocale(), getencoding() and getlocale() instead.
2025-03-04 09:14:29,945 [ WARNING] WARNING: 'locale.getdefaultlocale' is deprecated and slated for removal in Python 3.15. Use setlocale(), getencoding() and getlocale() instead.
2025-03-04 09:14:29,946 [ WARNING] WARNING: 'locale.getdefaultlocale' is deprecated and slated for removal in Python 3.15. Use setlocale(), getencoding() and getlocale() instead.
2025-03-04 09:14:30,062 [    INFO] [Node] Finished "init_aff", elapsed time 21.398287s.
2025-03-04 09:14:30,422 [    INFO] [Node] Setting-up "fmriprep_24_1_wf.sub_24684_wf.bold_ses_1_task_bao_dir_AP_run_01_echo_1_part_mag_wf.bold_fit_wf.bold_hmc_wf.fsl2itk" in "/work/fmriprep_24_1_wf/sub_24684_wf/bold_ses_1_task_bao_dir_AP_run_01_echo_1_part_mag_wf/bold_fit_wf/bold_hmc_wf/fsl2itk".
2025-03-04 09:14:30,460 [    INFO] [Node] Executing "fsl2itk" <niworkflows.interfaces.itk.MCFLIRT2ITK>
2025-03-04 09:14:30,460 [ WARNING] Multithreading is deprecated. Remove the num_threads input.
2025-03-04 09:14:30,798 [    INFO] [Node] Finished "fsl2itk", elapsed time 0.337633s.
2025-03-04 09:14:32,367 [    INFO] [Node] Setting-up "fmriprep_24_1_wf.sub_24684_wf.bold_ses_1_task_rat_dir_PA_run_01_echo_1_part_mag_wf.bold_fit_wf.enhance_and_skullstrip_bold_wf.init_aff" in "/work/fmriprep_24_1_wf/sub_24684_wf/bold_ses_1_task_rat_dir_PA_run_01_echo_1_part_mag_wf/bold_fit_wf/enhance_and_skullstrip_bold_wf/init_aff".
2025-03-04 09:14:32,380 [    INFO] [Node] Executing "init_aff" <nipype.interfaces.ants.utils.AI>
2025-03-04 09:14:32,521 [ WARNING] WARNING: 'locale.getdefaultlocale' is deprecated and slated for removal in Python 3.15. Use setlocale(), getencoding() and getlocale() instead.
2025-03-04 09:14:32,521 [ WARNING] WARNING: 'locale.getdefaultlocale' is deprecated and slated for removal in Python 3.15. Use setlocale(), getencoding() and getlocale() instead.
2025-03-04 09:14:53,563 [ WARNING] WARNING: 'locale.getdefaultlocale' is deprecated and slated for removal in Python 3.15. Use setlocale(), getencoding() and getlocale() instead.
2025-03-04 09:14:53,564 [ WARNING] WARNING: 'locale.getdefaultlocale' is deprecated and slated for removal in Python 3.15. Use setlocale(), getencoding() and getlocale() instead.
2025-03-04 09:14:53,678 [    INFO] [Node] Finished "init_aff", elapsed time 21.001826s.
2025-03-04 09:14:54,432 [    INFO] [Node] Setting-up "fmriprep_24_1_wf.sub_24684_wf.bold_ses_1_task_rat_dir_PA_run_01_echo_1_part_mag_wf.bold_fit_wf.bold_hmc_wf.fsl2itk" in "/work/fmriprep_24_1_wf/sub_24684_wf/bold_ses_1_task_rat_dir_PA_run_01_echo_1_part_mag_wf/bold_fit_wf/bold_hmc_wf/fsl2itk".
2025-03-04 09:14:54,509 [    INFO] [Node] Executing "fsl2itk" <niworkflows.interfaces.itk.MCFLIRT2ITK>
2025-03-04 09:14:54,510 [ WARNING] Multithreading is deprecated. Remove the num_threads input.
2025-03-04 09:14:54,999 [    INFO] [Node] Finished "fsl2itk", elapsed time 0.489735s.
2025-03-04 09:14:56,372 [    INFO] [Node] Setting-up "fmriprep_24_1_wf.sub_24684_wf.anat_fit_wf.anat_template_wf.get1st" in "/work/fmriprep_24_1_wf/sub_24684_wf/anat_fit_wf/anat_template_wf/get1st".
2025-03-04 09:14:56,372 [    INFO] [Node] Setting-up "fmriprep_24_1_wf.sub_24684_wf.anat_fit_wf.t2w_template_wf.get1st" in "/work/fmriprep_24_1_wf/sub_24684_wf/anat_fit_wf/t2w_template_wf/get1st".
2025-03-04 09:14:56,383 [    INFO] [Node] Executing "get1st" <nipype.interfaces.utility.base.Select>
2025-03-04 09:14:56,386 [    INFO] [Node] Finished "get1st", elapsed time 0.002081s.
2025-03-04 09:14:56,391 [    INFO] [Node] Executing "get1st" <nipype.interfaces.utility.base.Select>
2025-03-04 09:14:56,394 [    INFO] [Node] Finished "get1st", elapsed time 0.001459s.
2025-03-04 09:14:56,712 [    INFO] [Node] Setting-up "fmriprep_24_1_wf.sub_24684_wf.bold_ses_1_task_rat_dir_PA_run_01_echo_1_part_mag_wf.bold_confounds_wf.fdisp" in "/work/fmriprep_24_1_wf/sub_24684_wf/bold_ses_1_task_rat_dir_PA_run_01_echo_1_part_mag_wf/bold_confounds_wf/fdisp".
2025-03-04 09:14:56,726 [    INFO] [Node] Executing "fdisp" <nipype.algorithms.confounds.FramewiseDisplacement>
2025-03-04 09:14:56,736 [    INFO] [Node] Finished "fdisp", elapsed time 0.00935s.
2025-03-04 09:14:58,370 [    INFO] [Node] Setting-up "fmriprep_24_1_wf.sub_24684_wf.bold_ses_1_task_bao_dir_AP_run_01_echo_1_part_mag_wf.bold_fit_wf.enhance_and_skullstrip_bold_wf.norm" in "/work/fmriprep_24_1_wf/sub_24684_wf/bold_ses_1_task_bao_dir_AP_run_01_echo_1_part_mag_wf/bold_fit_wf/enhance_and_skullstrip_bold_wf/norm".
2025-03-04 09:14:58,389 [    INFO] [Node] Executing "norm" <niworkflows.interfaces.fixes.FixHeaderRegistration>
2025-03-04 09:14:58,527 [ WARNING] WARNING: 'locale.getdefaultlocale' is deprecated and slated for removal in Python 3.15. Use setlocale(), getencoding() and getlocale() instead.
2025-03-04 09:14:58,527 [ WARNING] WARNING: 'locale.getdefaultlocale' is deprecated and slated for removal in Python 3.15. Use setlocale(), getencoding() and getlocale() instead.
2025-03-04 09:14:59,496 [ WARNING] WARNING: 'locale.getdefaultlocale' is deprecated and slated for removal in Python 3.15. Use setlocale(), getencoding() and getlocale() instead.
2025-03-04 09:14:59,496 [ WARNING] WARNING: 'locale.getdefaultlocale' is deprecated and slated for removal in Python 3.15. Use setlocale(), getencoding() and getlocale() instead.
2025-03-04 09:14:59,615 [    INFO] [Node] Finished "norm", elapsed time 0.939771s.
2025-03-04 09:15:00,380 [    INFO] [Node] Setting-up "fmriprep_24_1_wf.sub_24684_wf.bold_ses_1_task_rat_dir_PA_run_01_echo_1_part_mag_wf.bold_fit_wf.enhance_and_skullstrip_bold_wf.norm" in "/work/fmriprep_24_1_wf/sub_24684_wf/bold_ses_1_task_rat_dir_PA_run_01_echo_1_part_mag_wf/bold_fit_wf/enhance_and_skullstrip_bold_wf/norm".
2025-03-04 09:15:00,397 [    INFO] [Node] Executing "norm" <niworkflows.interfaces.fixes.FixHeaderRegistration>
2025-03-04 09:15:00,535 [ WARNING] WARNING: 'locale.getdefaultlocale' is deprecated and slated for removal in Python 3.15. Use setlocale(), getencoding() and getlocale() instead.
2025-03-04 09:15:00,535 [ WARNING] WARNING: 'locale.getdefaultlocale' is deprecated and slated for removal in Python 3.15. Use setlocale(), getencoding() and getlocale() instead.
2025-03-04 09:15:01,227 [ WARNING] WARNING: 'locale.getdefaultlocale' is deprecated and slated for removal in Python 3.15. Use setlocale(), getencoding() and getlocale() instead.
2025-03-04 09:15:01,227 [ WARNING] WARNING: 'locale.getdefaultlocale' is deprecated and slated for removal in Python 3.15. Use setlocale(), getencoding() and getlocale() instead.
2025-03-04 09:15:01,343 [    INFO] [Node] Finished "norm", elapsed time 0.653799s.
2025-03-04 09:15:02,584 [    INFO] [Node] Setting-up "fmriprep_24_1_wf.sub_24684_wf.bold_ses_1_task_bao_dir_AP_run_01_echo_1_part_mag_wf.bold_fit_wf.enhance_and_skullstrip_bold_wf.map_brainmask" in "/work/fmriprep_24_1_wf/sub_24684_wf/bold_ses_1_task_bao_dir_AP_run_01_echo_1_part_mag_wf/bold_fit_wf/enhance_and_skullstrip_bold_wf/map_brainmask".
2025-03-04 09:15:02,585 [    INFO] [Node] Setting-up "fmriprep_24_1_wf.sub_24684_wf.bold_ses_1_task_rat_dir_PA_run_01_echo_1_part_mag_wf.bold_fit_wf.enhance_and_skullstrip_bold_wf.map_brainmask" in "/work/fmriprep_24_1_wf/sub_24684_wf/bold_ses_1_task_rat_dir_PA_run_01_echo_1_part_mag_wf/bold_fit_wf/enhance_and_skullstrip_bold_wf/map_brainmask".
2025-03-04 09:15:02,596 [    INFO] [Node] Executing "map_brainmask" <niworkflows.interfaces.fixes.FixHeaderApplyTransforms>
2025-03-04 09:15:02,599 [    INFO] [Node] Executing "map_brainmask" <niworkflows.interfaces.fixes.FixHeaderApplyTransforms>
2025-03-04 09:15:02,719 [ WARNING] WARNING: 'locale.getdefaultlocale' is deprecated and slated for removal in Python 3.15. Use setlocale(), getencoding() and getlocale() instead.
2025-03-04 09:15:02,719 [ WARNING] WARNING: 'locale.getdefaultlocale' is deprecated and slated for removal in Python 3.15. Use setlocale(), getencoding() and getlocale() instead.
2025-03-04 09:15:02,721 [ WARNING] WARNING: 'locale.getdefaultlocale' is deprecated and slated for removal in Python 3.15. Use setlocale(), getencoding() and getlocale() instead.
2025-03-04 09:15:02,721 [ WARNING] WARNING: 'locale.getdefaultlocale' is deprecated and slated for removal in Python 3.15. Use setlocale(), getencoding() and getlocale() instead.
2025-03-04 09:15:03,302 [ WARNING] WARNING: 'locale.getdefaultlocale' is deprecated and slated for removal in Python 3.15. Use setlocale(), getencoding() and getlocale() instead.
2025-03-04 09:15:03,302 [ WARNING] WARNING: 'locale.getdefaultlocale' is deprecated and slated for removal in Python 3.15. Use setlocale(), getencoding() and getlocale() instead.
2025-03-04 09:15:03,304 [ WARNING] WARNING: 'locale.getdefaultlocale' is deprecated and slated for removal in Python 3.15. Use setlocale(), getencoding() and getlocale() instead.
2025-03-04 09:15:03,304 [ WARNING] WARNING: 'locale.getdefaultlocale' is deprecated and slated for removal in Python 3.15. Use setlocale(), getencoding() and getlocale() instead.
2025-03-04 09:15:03,528 [    INFO] [Node] Finished "map_brainmask", elapsed time 0.687642s.
2025-03-04 09:15:03,538 [    INFO] [Node] Finished "map_brainmask", elapsed time 0.672183s.
2025-03-04 09:15:04,396 [    INFO] [Node] Setting-up "fmriprep_24_1_wf.sub_24684_wf.anat_fit_wf.surface_recon_wf.fov_check" in "/work/fmriprep_24_1_wf/sub_24684_wf/anat_fit_wf/surface_recon_wf/fov_check".
2025-03-04 09:15:04,405 [    INFO] [Node] Executing "fov_check" <nipype.interfaces.utility.wrappers.Function>
2025-03-04 09:15:04,436 [    INFO] [Node] Setting-up "_truncate_images0" in "/work/fmriprep_24_1_wf/sub_24684_wf/anat_fit_wf/brain_extraction_wf/truncate_images/mapflow/_truncate_images0".
2025-03-04 09:15:04,440 [    INFO] [Node] Executing "_truncate_images0" <nipype.interfaces.ants.utils.ImageMath>
2025-03-04 09:15:04,456 [ WARNING] WARNING: Niworkflows will be deprecating reporting in favor of a standalone library "nireports".
2025-03-04 09:15:04,570 [ WARNING] WARNING: 'locale.getdefaultlocale' is deprecated and slated for removal in Python 3.15. Use setlocale(), getencoding() and getlocale() instead.
2025-03-04 09:15:04,570 [ WARNING] WARNING: 'locale.getdefaultlocale' is deprecated and slated for removal in Python 3.15. Use setlocale(), getencoding() and getlocale() instead.
2025-03-04 09:15:04,691 [ WARNING] WARNING: Niworkflows will be deprecating visualizations in favor of a standalone library "nireports".
2025-03-04 09:15:04,699 [    INFO] [Node] Setting-up "fmriprep_24_1_wf.sub_24684_wf.anat_fit_wf.surface_recon_wf.recon_config" in "/work/fmriprep_24_1_wf/sub_24684_wf/anat_fit_wf/surface_recon_wf/recon_config".
2025-03-04 09:15:04,706 [    INFO] [Node] Executing "recon_config" <niworkflows.interfaces.freesurfer.FSDetectInputs>
2025-03-04 09:15:04,762 [    INFO] [Node] Finished "fov_check", elapsed time 0.356505s.
2025-03-04 09:15:04,794 [    INFO] [Node] Finished "recon_config", elapsed time 0.08755s.
2025-03-04 09:15:06,388 [    INFO] [Node] Setting-up "fmriprep_24_1_wf.sub_24684_wf.bold_ses_1_task_rat_dir_PA_run_01_echo_1_part_mag_wf.bold_fit_wf.enhance_and_skullstrip_bold_wf.n4_correct" in "/work/fmriprep_24_1_wf/sub_24684_wf/bold_ses_1_task_rat_dir_PA_run_01_echo_1_part_mag_wf/bold_fit_wf/enhance_and_skullstrip_bold_wf/n4_correct".
2025-03-04 09:15:06,398 [    INFO] [Node] Executing "n4_correct" <niworkflows.interfaces.fixes.FixN4BiasFieldCorrection>
2025-03-04 09:15:06,424 [    INFO] [Node] Setting-up "fmriprep_24_1_wf.sub_24684_wf.bold_ses_1_task_bao_dir_AP_run_01_echo_1_part_mag_wf.bold_fit_wf.enhance_and_skullstrip_bold_wf.n4_correct" in "/work/fmriprep_24_1_wf/sub_24684_wf/bold_ses_1_task_bao_dir_AP_run_01_echo_1_part_mag_wf/bold_fit_wf/enhance_and_skullstrip_bold_wf/n4_correct".
2025-03-04 09:15:06,430 [    INFO] [Node] Executing "n4_correct" <niworkflows.interfaces.fixes.FixN4BiasFieldCorrection>
2025-03-04 09:15:06,555 [ WARNING] WARNING: 'locale.getdefaultlocale' is deprecated and slated for removal in Python 3.15. Use setlocale(), getencoding() and getlocale() instead.
2025-03-04 09:15:06,556 [ WARNING] WARNING: 'locale.getdefaultlocale' is deprecated and slated for removal in Python 3.15. Use setlocale(), getencoding() and getlocale() instead.
2025-03-04 09:15:07,589 [ WARNING] WARNING: 'locale.getdefaultlocale' is deprecated and slated for removal in Python 3.15. Use setlocale(), getencoding() and getlocale() instead.
2025-03-04 09:15:07,590 [ WARNING] WARNING: 'locale.getdefaultlocale' is deprecated and slated for removal in Python 3.15. Use setlocale(), getencoding() and getlocale() instead.
2025-03-04 09:15:09,509 [    INFO] [Node] Finished "_truncate_images0", elapsed time 4.805714s.
2025-03-04 09:15:11,940 [ WARNING] WARNING: 'locale.getdefaultlocale' is deprecated and slated for removal in Python 3.15. Use setlocale(), getencoding() and getlocale() instead.
2025-03-04 09:15:11,940 [ WARNING] WARNING: 'locale.getdefaultlocale' is deprecated and slated for removal in Python 3.15. Use setlocale(), getencoding() and getlocale() instead.
2025-03-04 09:15:12,035 [ WARNING] WARNING: 'locale.getdefaultlocale' is deprecated and slated for removal in Python 3.15. Use setlocale(), getencoding() and getlocale() instead.
2025-03-04 09:15:12,035 [ WARNING] WARNING: 'locale.getdefaultlocale' is deprecated and slated for removal in Python 3.15. Use setlocale(), getencoding() and getlocale() instead.
2025-03-04 09:15:12,152 [    INFO] [Node] Finished "n4_correct", elapsed time 5.752339s.
2025-03-04 09:15:12,254 [    INFO] [Node] Finished "n4_correct", elapsed time 5.538076s.
2025-03-04 09:15:12,381 [    INFO] [Node] Setting-up "fmriprep_24_1_wf.sub_24684_wf.bold_ses_1_task_rat_dir_PA_run_01_echo_1_part_mag_wf.bold_fit_wf.enhance_and_skullstrip_bold_wf.skullstrip_first_pass" in "/work/fmriprep_24_1_wf/sub_24684_wf/bold_ses_1_task_rat_dir_PA_run_01_echo_1_part_mag_wf/bold_fit_wf/enhance_and_skullstrip_bold_wf/skullstrip_first_pass".
2025-03-04 09:15:12,386 [    INFO] [Node] Setting-up "fmriprep_24_1_wf.sub_24684_wf.bold_ses_1_task_rat_dir_PA_run_01_echo_1_part_mag_wf.bold_fit_wf.unwarp_wf.rotime" in "/work/fmriprep_24_1_wf/sub_24684_wf/bold_ses_1_task_rat_dir_PA_run_01_echo_1_part_mag_wf/bold_fit_wf/unwarp_wf/rotime".
2025-03-04 09:15:12,393 [    INFO] [Node] Executing "skullstrip_first_pass" <nipype.interfaces.fsl.preprocess.BET>
2025-03-04 09:15:12,399 [    INFO] [Node] Executing "rotime" <sdcflows.interfaces.epi.GetReadoutTime>
2025-03-04 09:15:12,401 [    INFO] [Node] Finished "rotime", elapsed time 0.001439s.
2025-03-04 09:15:13,741 [ WARNING] WARNING: 'locale.getdefaultlocale' is deprecated and slated for removal in Python 3.15. Use setlocale(), getencoding() and getlocale() instead.
2025-03-04 09:15:13,741 [ WARNING] WARNING: 'locale.getdefaultlocale' is deprecated and slated for removal in Python 3.15. Use setlocale(), getencoding() and getlocale() instead.
2025-03-04 09:15:13,858 [    INFO] [Node] Finished "skullstrip_first_pass", elapsed time 1.4634909999999999s.
2025-03-04 09:15:14,396 [    INFO] [Node] Setting-up "_inu_n40" in "/work/fmriprep_24_1_wf/sub_24684_wf/anat_fit_wf/brain_extraction_wf/inu_n4/mapflow/_inu_n40".
2025-03-04 09:15:14,404 [    INFO] [Node] Executing "_inu_n40" <nipype.interfaces.ants.segmentation.N4BiasFieldCorrection>
2025-03-04 09:15:14,541 [ WARNING] WARNING: 'locale.getdefaultlocale' is deprecated and slated for removal in Python 3.15. Use setlocale(), getencoding() and getlocale() instead.
2025-03-04 09:15:14,541 [ WARNING] WARNING: 'locale.getdefaultlocale' is deprecated and slated for removal in Python 3.15. Use setlocale(), getencoding() and getlocale() instead.
2025-03-04 09:15:33,295 [ WARNING] WARNING: 'locale.getdefaultlocale' is deprecated and slated for removal in Python 3.15. Use setlocale(), getencoding() and getlocale() instead.
2025-03-04 09:15:33,295 [ WARNING] WARNING: 'locale.getdefaultlocale' is deprecated and slated for removal in Python 3.15. Use setlocale(), getencoding() and getlocale() instead.
2025-03-04 09:15:35,310 [    INFO] [Node] Finished "_inu_n40", elapsed time 20.65257s.
2025-03-04 09:15:36,390 [    INFO] [Node] Setting-up "fmriprep_24_1_wf.sub_24684_wf.anat_fit_wf.surface_recon_wf.autorecon1" in "/work/fmriprep_24_1_wf/sub_24684_wf/anat_fit_wf/surface_recon_wf/autorecon1".
2025-03-04 09:15:36,407 [    INFO] [Node] Executing "autorecon1" <smriprep.interfaces.freesurfer.ReconAll>
