/cbica/projects/pafin/code/processing
211affn001
Tue Mar  4 09:05:19 EST 2025
Running task 1
Commandline: apptainer run --cleanenv       -B /cbica/projects/pafin/dset:/data       -B /cbica/projects/pafin/derivatives/fmriprep:/out       -B /cbica/comp_space/pafin/pafin-fmriprep:/work       -B /cbica/projects/pafin/code:/code       -B /cbica/projects/pafin/tokens/freesurfer_license.txt:/license.txt       /cbica/projects/pafin/apptainer/fmriprep-24.1.1.sif       /data       /out       participant       --participant-label PILOT01       -w /work       --omp-nthreads 20       --nprocs 20       --mem_mb 39000       --output-spaces func T1w MNI152NLin6Asym:res-2       --output-layout bids       --me-output-echos       --project-goodvoxels       --cifti-output 91k       --bids-filter-file /code/processing/filter.json       --fs-license-file /license.txt       --skip_bids_validation       --level full
250304-09:05:49,505 nipype.workflow IMPORTANT:
	 Running fMRIPrep version 24.1.1

         License NOTICE ##################################################
         fMRIPrep 24.1.1
         Copyright The NiPreps Developers.
         
         This product includes software developed by
         the NiPreps Community (https://nipreps.org/).
         
         Portions of this software were developed at the Department of
         Psychology at Stanford University, Stanford, CA, US.
         
         This software is also distributed as a Docker container image.
         The bootstrapping file for the image ("Dockerfile") is licensed
         under the MIT License.
         
         This software may be distributed through an add-on package called
         "Docker Wrapper" that is under the BSD 3-clause License.
         #################################################################
250304-09:05:51,519 nipype.workflow IMPORTANT:
	 Building fMRIPrep's workflow:
           * BIDS dataset path: /data.
           * Participant list: ['PILOT01'].
           * Run identifier: 20250304-090523_71fd1ebf-b6f2-406e-b896-bfca771c753f.
           * Output spaces: func T1w MNI152NLin6Asym:res-2.
           * Pre-run FreeSurfer's SUBJECTS_DIR: /out/sourcedata/freesurfer.
250304-09:05:52,519 nipype.workflow INFO:
	 ANAT Stage 1: Adding template workflow
250304-09:05:53,59 nipype.workflow INFO:
	 ANAT Stage 2: Preparing brain extraction workflow
250304-09:05:53,167 nipype.workflow INFO:
	 ANAT Stage 3: Preparing segmentation workflow
250304-09:05:53,172 nipype.workflow INFO:
	 ANAT Stage 4: Preparing normalization workflow for ['MNI152NLin6Asym', 'MNI152NLin2009cAsym']
250304-09:05:53,183 nipype.workflow INFO:
	 ANAT Stage 5: Preparing surface reconstruction workflow
250304-09:05:53,205 nipype.workflow INFO:
	 ANAT Stage 6: Preparing mask refinement workflow
250304-09:05:53,208 nipype.workflow INFO:
	 ANAT No T2w images provided - skipping Stage 7
250304-09:05:53,208 nipype.workflow INFO:
	 ANAT Stage 8: Creating GIFTI surfaces for ['white', 'pial', 'midthickness', 'sphere_reg', 'sphere']
250304-09:05:53,229 nipype.workflow INFO:
	 ANAT Stage 8: Creating GIFTI metrics for ['thickness', 'sulc']
250304-09:05:53,237 nipype.workflow INFO:
	 ANAT Stage 8a: Creating cortical ribbon mask
250304-09:05:53,241 nipype.workflow INFO:
	 ANAT Stage 9: Creating fsLR registration sphere
250304-09:05:53,245 nipype.workflow INFO:
	 ANAT Stage 10: Creating MSM-Sulc registration sphere
250304-09:05:54,204 nipype.workflow INFO:
	 B0 field inhomogeneity map will be estimated with the following 1 estimator(s): [<EstimatorType.PEPOLAR: 2>].
250304-09:05:54,260 nipype.workflow INFO:
	 Setting-up fieldmap "funcpepolar01" (EstimatorType.PEPOLAR) with <sub-PILOT01_ses-1_acq-func_dir-AP_run-01_part-mag_epi.nii.gz, sub-PILOT01_ses-1_acq-func_dir-PA_run-01_part-mag_epi.nii.gz>
250304-09:05:54,417 nipype.workflow INFO:
	 Using single-band reference file(s) sub-PILOT01_ses-1_task-rat_dir-PA_run-01_echo-1_part-mag_sbref.nii.gz,sub-PILOT01_ses-1_task-rat_dir-PA_run-01_echo-2_part-mag_sbref.nii.gz,sub-PILOT01_ses-1_task-rat_dir-PA_run-01_echo-3_part-mag_sbref.nii.gz,sub-PILOT01_ses-1_task-rat_dir-PA_run-01_echo-4_part-mag_sbref.nii.gz,sub-PILOT01_ses-1_task-rat_dir-PA_run-01_echo-5_part-mag_sbref.nii.gz.
250304-09:05:54,518 nipype.workflow INFO:
	 Stage 1: Adding HMC boldref workflow
250304-09:05:54,527 nipype.workflow INFO:
	 Stage 2: Adding motion correction workflow
250304-09:05:54,537 nipype.workflow INFO:
	 Stage 3: Adding coregistration boldref workflow
250304-09:05:55,787 nipype.workflow IMPORTANT:
	 BOLD series will be slice-timing corrected to an offset of 0.798s.
250304-09:05:55,792 nipype.workflow IMPORTANT:
	 Generating T2* map and optimally combined ME-EPI time series.
250304-09:05:56,265 nipype.workflow INFO:
	 Using single-band reference file(s) sub-PILOT01_ses-1_task-rest_dir-AP_run-01_echo-1_part-mag_sbref.nii.gz,sub-PILOT01_ses-1_task-rest_dir-AP_run-01_echo-2_part-mag_sbref.nii.gz,sub-PILOT01_ses-1_task-rest_dir-AP_run-01_echo-3_part-mag_sbref.nii.gz,sub-PILOT01_ses-1_task-rest_dir-AP_run-01_echo-4_part-mag_sbref.nii.gz,sub-PILOT01_ses-1_task-rest_dir-AP_run-01_echo-5_part-mag_sbref.nii.gz.
250304-09:05:56,345 nipype.workflow INFO:
	 Stage 1: Adding HMC boldref workflow
250304-09:05:56,352 nipype.workflow INFO:
	 Stage 2: Adding motion correction workflow
250304-09:05:56,358 nipype.workflow INFO:
	 Stage 3: Adding coregistration boldref workflow
250304-09:05:56,900 nipype.workflow IMPORTANT:
	 BOLD series will be slice-timing corrected to an offset of 0.798s.
250304-09:05:56,905 nipype.workflow IMPORTANT:
	 Generating T2* map and optimally combined ME-EPI time series.
250304-09:06:02,278 nipype.workflow INFO:
	 fMRIPrep workflow graph with 844 nodes built successfully.
250304-09:06:21,84 nipype.workflow IMPORTANT:
	 fMRIPrep started!
250304-09:06:22,392 nipype.workflow WARNING:
	 Some nodes exceed the total amount of memory available (39.00GB).
250304-09:06:30,867 nipype.workflow INFO:
	 [Node] Setting-up "fmriprep_24_1_wf.sub_PILOT01_wf.anat_fit_wf.brain_extraction_wf.full_wm" in "/work/fmriprep_24_1_wf/sub_PILOT01_wf/anat_fit_wf/brain_extraction_wf/full_wm".
250304-09:06:30,875 nipype.workflow INFO:
	 [Node] Executing "full_wm" <nipype.interfaces.utility.wrappers.Function>
250304-09:06:31,4 nipype.workflow INFO:
	 [Node] Setting-up "fmriprep_24_1_wf.sub_PILOT01_wf.anat_fit_wf.brain_extraction_wf.lap_tmpl" in "/work/fmriprep_24_1_wf/sub_PILOT01_wf/anat_fit_wf/brain_extraction_wf/lap_tmpl".
250304-09:06:31,13 nipype.workflow INFO:
	 [Node] Executing "lap_tmpl" <nipype.interfaces.ants.utils.ImageMath>
250304-09:06:31,19 nipype.workflow INFO:
	 [Node] Setting-up "fmriprep_24_1_wf.sub_PILOT01_wf.anat_fit_wf.brain_extraction_wf.res_tmpl" in "/work/fmriprep_24_1_wf/sub_PILOT01_wf/anat_fit_wf/brain_extraction_wf/res_tmpl".
250304-09:06:31,27 nipype.workflow INFO:
	 [Node] Executing "res_tmpl" <niworkflows.interfaces.nibabel.RegridToZooms>
250304-09:06:31,88 nipype.workflow INFO:
	 [Node] Setting-up "fmriprep_24_1_wf.sub_PILOT01_wf.bold_ses_1_task_rat_dir_PA_run_01_echo_1_part_mag_wf.bold_fit_wf.hmc_boldref_wf.get_dummy" in "/work/fmriprep_24_1_wf/sub_PILOT01_wf/bold_ses_1_task_rat_dir_PA_run_01_echo_1_part_mag_wf/bold_fit_wf/hmc_boldref_wf/get_dummy".
250304-09:06:31,94 nipype.workflow INFO:
	 [Node] Executing "get_dummy" <niworkflows.interfaces.bold.NonsteadyStatesDetector>
250304-09:06:31,98 nipype.workflow INFO:
	 [Node] Setting-up "fmriprep_24_1_wf.sub_PILOT01_wf.bold_ses_1_task_rat_dir_PA_run_01_echo_1_part_mag_wf.bold_fit_wf.hmc_boldref_wf.val_bold" in "/work/fmriprep_24_1_wf/sub_PILOT01_wf/bold_ses_1_task_rat_dir_PA_run_01_echo_1_part_mag_wf/bold_fit_wf/hmc_boldref_wf/val_bold".
250304-09:06:31,103 nipype.workflow INFO:
	 [Node] Executing "val_bold" <niworkflows.interfaces.header.ValidateImage>
250304-09:06:31,169 nipype.workflow INFO:
	 [Node] Finished "val_bold", elapsed time 0.062488s.
250304-09:06:31,216 nipype.workflow INFO:
	 [Node] Setting-up "fmriprep_24_1_wf.sub_PILOT01_wf.fmap_preproc_wf.out_merge_fmap_id" in "/work/fmriprep_24_1_wf/sub_PILOT01_wf/fmap_preproc_wf/out_merge_fmap_id".
250304-09:06:31,221 nipype.workflow INFO:
	 [Node] Executing "out_merge_fmap_id" <nipype.interfaces.utility.base.Merge>
250304-09:06:31,224 nipype.workflow INFO:
	 [Node] Finished "out_merge_fmap_id", elapsed time 0.000216s.
250304-09:06:31,232 nipype.workflow INFO:
	 [Node] Setting-up "fmriprep_24_1_wf.sub_PILOT01_wf.fmap_preproc_wf.out_merge_method" in "/work/fmriprep_24_1_wf/sub_PILOT01_wf/fmap_preproc_wf/out_merge_method".
250304-09:06:31,238 nipype.workflow INFO:
	 [Node] Executing "out_merge_method" <nipype.interfaces.utility.base.Merge>
250304-09:06:31,240 nipype.workflow INFO:
	 [Node] Finished "out_merge_method", elapsed time 0.000193s.
250304-09:06:31,360 nipype.workflow INFO:
	 [Node] Setting-up "fmriprep_24_1_wf.sub_PILOT01_wf.bold_ses_1_task_rest_dir_AP_run_01_echo_1_part_mag_wf.bold_fit_wf.hmc_boldref_wf.val_bold" in "/work/fmriprep_24_1_wf/sub_PILOT01_wf/bold_ses_1_task_rest_dir_AP_run_01_echo_1_part_mag_wf/bold_fit_wf/hmc_boldref_wf/val_bold".
250304-09:06:31,365 nipype.workflow INFO:
	 [Node] Setting-up "fmriprep_24_1_wf.sub_PILOT01_wf.bold_ses_1_task_rest_dir_AP_run_01_echo_1_part_mag_wf.bold_fit_wf.hmc_boldref_wf.get_dummy" in "/work/fmriprep_24_1_wf/sub_PILOT01_wf/bold_ses_1_task_rest_dir_AP_run_01_echo_1_part_mag_wf/bold_fit_wf/hmc_boldref_wf/get_dummy".
250304-09:06:31,371 nipype.workflow INFO:
	 [Node] Executing "val_bold" <niworkflows.interfaces.header.ValidateImage>
250304-09:06:31,371 nipype.workflow INFO:
	 [Node] Executing "get_dummy" <niworkflows.interfaces.bold.NonsteadyStatesDetector>
250304-09:06:31,436 nipype.workflow INFO:
	 [Node] Finished "val_bold", elapsed time 0.061536s.
250304-09:06:31,438 nipype.workflow INFO:
	 [Node] Finished "full_wm", elapsed time 0.559318s.
250304-09:06:32,227 nipype.workflow INFO:
	 [Node] Setting-up "fmriprep_24_1_wf.sub_PILOT01_wf.bidssrc" in "/work/fmriprep_24_1_wf/sub_PILOT01_wf/bidssrc".
250304-09:06:32,276 nipype.workflow INFO:
	 [Node] Executing "bidssrc" <niworkflows.interfaces.bids.BIDSDataGrabber>
250304-09:06:32,279 nipype.interface INFO:
	 No "t2w" images found for sub-PILOT01
250304-09:06:32,279 nipype.interface INFO:
	 No "flair" images found for sub-PILOT01
250304-09:06:32,279 nipype.interface INFO:
	 No "roi" images found for sub-PILOT01
250304-09:06:32,279 nipype.interface INFO:
	 No "pet" images found for sub-PILOT01
250304-09:06:32,279 nipype.interface INFO:
	 No "asl" images found for sub-PILOT01
250304-09:06:32,280 nipype.workflow INFO:
	 [Node] Finished "bidssrc", elapsed time 0.000984s.
250304-09:06:32,373 nipype.workflow INFO:
	 [Node] Setting-up "fmriprep_24_1_wf.sub_PILOT01_wf.select_MNI6_tpl" in "/work/fmriprep_24_1_wf/sub_PILOT01_wf/select_MNI6_tpl".
250304-09:06:32,377 nipype.workflow INFO:
	 [Node] Executing "select_MNI6_tpl" <smriprep.interfaces.templateflow.TemplateFlowSelect>
250304-09:06:32,390 nipype.workflow INFO:
	 [Node] Finished "res_tmpl", elapsed time 1.3582589999999999s.
250304-09:06:32,471 nipype.workflow INFO:
	 [Node] Setting-up "fmriprep_24_1_wf.sub_PILOT01_wf.bold_ses_1_task_rat_dir_PA_run_01_echo_1_part_mag_wf.bold_fit_wf.ds_hmc_boldref_wf.sources" in "/work/fmriprep_24_1_wf/sub_PILOT01_wf/bold_ses_1_task_rat_dir_PA_run_01_echo_1_part_mag_wf/bold_fit_wf/ds_hmc_boldref_wf/sources".
250304-09:06:32,483 nipype.workflow INFO:
	 [Node] Executing "sources" <fmriprep.interfaces.bids.BIDSURI>
250304-09:06:32,487 nipype.workflow INFO:
	 [Node] Finished "sources", elapsed time 0.000283s.
250304-09:06:32,498 nipype.workflow INFO:
	 [Node] Finished "select_MNI6_tpl", elapsed time 0.118848s.
250304-09:06:32,517 nipype.workflow INFO:
	 [Node] Setting-up "fmriprep_24_1_wf.sub_PILOT01_wf.bold_ses_1_task_rat_dir_PA_run_01_echo_1_part_mag_wf.bold_fit_wf.ds_fmapreg_wf.sources" in "/work/fmriprep_24_1_wf/sub_PILOT01_wf/bold_ses_1_task_rat_dir_PA_run_01_echo_1_part_mag_wf/bold_fit_wf/ds_fmapreg_wf/sources".
250304-09:06:32,521 nipype.workflow INFO:
	 [Node] Executing "sources" <fmriprep.interfaces.bids.BIDSURI>
250304-09:06:32,524 nipype.workflow INFO:
	 [Node] Finished "sources", elapsed time 0.000315s.
250304-09:06:32,613 nipype.workflow INFO:
	 [Node] Setting-up "fmriprep_24_1_wf.sub_PILOT01_wf.bold_ses_1_task_rat_dir_PA_run_01_echo_1_part_mag_wf.bold_fit_wf.ds_hmc_wf.sources" in "/work/fmriprep_24_1_wf/sub_PILOT01_wf/bold_ses_1_task_rat_dir_PA_run_01_echo_1_part_mag_wf/bold_fit_wf/ds_hmc_wf/sources".
250304-09:06:32,624 nipype.workflow INFO:
	 [Node] Setting-up "fmriprep_24_1_wf.sub_PILOT01_wf.bold_ses_1_task_rat_dir_PA_run_01_echo_1_part_mag_wf.bold_fit_wf.ds_boldmask_wf.sources" in "/work/fmriprep_24_1_wf/sub_PILOT01_wf/bold_ses_1_task_rat_dir_PA_run_01_echo_1_part_mag_wf/bold_fit_wf/ds_boldmask_wf/sources".
250304-09:06:32,630 nipype.workflow INFO:
	 [Node] Executing "sources" <fmriprep.interfaces.bids.BIDSURI>
250304-09:06:32,633 nipype.workflow INFO:
	 [Node] Finished "sources", elapsed time 0.000323s.
250304-09:06:32,635 nipype.workflow INFO:
	 [Node] Executing "sources" <fmriprep.interfaces.bids.BIDSURI>
250304-09:06:32,638 nipype.workflow INFO:
	 [Node] Finished "sources", elapsed time 0.000233s.
250304-09:06:32,694 nipype.workflow INFO:
	 [Node] Setting-up "fmriprep_24_1_wf.sub_PILOT01_wf.bold_ses_1_task_rat_dir_PA_run_01_echo_1_part_mag_wf.ds_bold_native_wf.sources" in "/work/fmriprep_24_1_wf/sub_PILOT01_wf/bold_ses_1_task_rat_dir_PA_run_01_echo_1_part_mag_wf/ds_bold_native_wf/sources".
250304-09:06:32,699 nipype.workflow INFO:
	 [Node] Executing "sources" <fmriprep.interfaces.bids.BIDSURI>
250304-09:06:32,700 nipype.workflow INFO:
	 [Node] Finished "sources", elapsed time 0.000326s.
250304-09:06:32,722 nipype.workflow INFO:
	 [Node] Setting-up "fmriprep_24_1_wf.sub_PILOT01_wf.bold_ses_1_task_rest_dir_AP_run_01_echo_1_part_mag_wf.bold_fit_wf.ds_hmc_boldref_wf.sources" in "/work/fmriprep_24_1_wf/sub_PILOT01_wf/bold_ses_1_task_rest_dir_AP_run_01_echo_1_part_mag_wf/bold_fit_wf/ds_hmc_boldref_wf/sources".
250304-09:06:32,726 nipype.workflow INFO:
	 [Node] Executing "sources" <fmriprep.interfaces.bids.BIDSURI>
250304-09:06:32,727 nipype.workflow INFO:
	 [Node] Finished "sources", elapsed time 0.000205s.
250304-09:06:32,874 nipype.workflow INFO:
	 [Node] Setting-up "fmriprep_24_1_wf.sub_PILOT01_wf.bold_ses_1_task_rest_dir_AP_run_01_echo_1_part_mag_wf.bold_fit_wf.ds_fmapreg_wf.sources" in "/work/fmriprep_24_1_wf/sub_PILOT01_wf/bold_ses_1_task_rest_dir_AP_run_01_echo_1_part_mag_wf/bold_fit_wf/ds_fmapreg_wf/sources".
250304-09:06:32,879 nipype.workflow INFO:
	 [Node] Executing "sources" <fmriprep.interfaces.bids.BIDSURI>
250304-09:06:32,881 nipype.workflow INFO:
	 [Node] Setting-up "fmriprep_24_1_wf.sub_PILOT01_wf.bold_ses_1_task_rest_dir_AP_run_01_echo_1_part_mag_wf.bold_fit_wf.ds_hmc_wf.sources" in "/work/fmriprep_24_1_wf/sub_PILOT01_wf/bold_ses_1_task_rest_dir_AP_run_01_echo_1_part_mag_wf/bold_fit_wf/ds_hmc_wf/sources".
250304-09:06:32,882 nipype.workflow INFO:
	 [Node] Finished "sources", elapsed time 0.000301s.
250304-09:06:32,886 nipype.workflow INFO:
	 [Node] Executing "sources" <fmriprep.interfaces.bids.BIDSURI>
250304-09:06:32,888 nipype.workflow INFO:
	 [Node] Finished "sources", elapsed time 0.000224s.
250304-09:06:32,896 nipype.workflow INFO:
	 [Node] Setting-up "fmriprep_24_1_wf.sub_PILOT01_wf.bold_ses_1_task_rest_dir_AP_run_01_echo_1_part_mag_wf.bold_fit_wf.ds_boldmask_wf.sources" in "/work/fmriprep_24_1_wf/sub_PILOT01_wf/bold_ses_1_task_rest_dir_AP_run_01_echo_1_part_mag_wf/bold_fit_wf/ds_boldmask_wf/sources".
250304-09:06:32,900 nipype.workflow INFO:
	 [Node] Executing "sources" <fmriprep.interfaces.bids.BIDSURI>
250304-09:06:32,903 nipype.workflow INFO:
	 [Node] Finished "sources", elapsed time 0.000214s.
250304-09:06:33,698 nipype.workflow INFO:
	 [Node] Setting-up "fmriprep_24_1_wf.sub_PILOT01_wf.bold_ses_1_task_rest_dir_AP_run_01_echo_1_part_mag_wf.bold_native_wf.bold_source" in "/work/fmriprep_24_1_wf/sub_PILOT01_wf/bold_ses_1_task_rest_dir_AP_run_01_echo_1_part_mag_wf/bold_native_wf/_echoidx_0/bold_source".
250304-09:06:33,698 nipype.workflow INFO:
	 [Node] Setting-up "fmriprep_24_1_wf.sub_PILOT01_wf.bold_ses_1_task_rest_dir_AP_run_01_echo_1_part_mag_wf.bold_native_wf.bold_source" in "/work/fmriprep_24_1_wf/sub_PILOT01_wf/bold_ses_1_task_rest_dir_AP_run_01_echo_1_part_mag_wf/bold_native_wf/_echoidx_1/bold_source".
250304-09:06:33,699 nipype.workflow INFO:
	 [Node] Setting-up "fmriprep_24_1_wf.sub_PILOT01_wf.bold_ses_1_task_rest_dir_AP_run_01_echo_1_part_mag_wf.bold_native_wf.bold_source" in "/work/fmriprep_24_1_wf/sub_PILOT01_wf/bold_ses_1_task_rest_dir_AP_run_01_echo_1_part_mag_wf/bold_native_wf/_echoidx_2/bold_source".
250304-09:06:33,700 nipype.workflow INFO:
	 [Node] Setting-up "fmriprep_24_1_wf.sub_PILOT01_wf.bold_ses_1_task_rest_dir_AP_run_01_echo_1_part_mag_wf.bold_native_wf.bold_source" in "/work/fmriprep_24_1_wf/sub_PILOT01_wf/bold_ses_1_task_rest_dir_AP_run_01_echo_1_part_mag_wf/bold_native_wf/_echoidx_3/bold_source".
250304-09:06:33,700 nipype.workflow INFO:
	 [Node] Setting-up "fmriprep_24_1_wf.sub_PILOT01_wf.bold_ses_1_task_rest_dir_AP_run_01_echo_1_part_mag_wf.bold_native_wf.bold_source" in "/work/fmriprep_24_1_wf/sub_PILOT01_wf/bold_ses_1_task_rest_dir_AP_run_01_echo_1_part_mag_wf/bold_native_wf/_echoidx_4/bold_source".
250304-09:06:33,700 nipype.workflow INFO:
	 [Node] Setting-up "fmriprep_24_1_wf.sub_PILOT01_wf.bold_ses_1_task_rat_dir_PA_run_01_echo_1_part_mag_wf.bold_native_wf.bold_source" in "/work/fmriprep_24_1_wf/sub_PILOT01_wf/bold_ses_1_task_rat_dir_PA_run_01_echo_1_part_mag_wf/bold_native_wf/_echoidx_0/bold_source".
250304-09:06:33,701 nipype.workflow INFO:
	 [Node] Setting-up "fmriprep_24_1_wf.sub_PILOT01_wf.bold_ses_1_task_rat_dir_PA_run_01_echo_1_part_mag_wf.bold_native_wf.bold_source" in "/work/fmriprep_24_1_wf/sub_PILOT01_wf/bold_ses_1_task_rat_dir_PA_run_01_echo_1_part_mag_wf/bold_native_wf/_echoidx_1/bold_source".
250304-09:06:33,701 nipype.workflow INFO:
	 [Node] Setting-up "fmriprep_24_1_wf.sub_PILOT01_wf.bold_ses_1_task_rat_dir_PA_run_01_echo_1_part_mag_wf.bold_native_wf.bold_source" in "/work/fmriprep_24_1_wf/sub_PILOT01_wf/bold_ses_1_task_rat_dir_PA_run_01_echo_1_part_mag_wf/bold_native_wf/_echoidx_2/bold_source".
250304-09:06:33,701 nipype.workflow INFO:
	 [Node] Setting-up "fmriprep_24_1_wf.sub_PILOT01_wf.bold_ses_1_task_rat_dir_PA_run_01_echo_1_part_mag_wf.bold_native_wf.bold_source" in "/work/fmriprep_24_1_wf/sub_PILOT01_wf/bold_ses_1_task_rat_dir_PA_run_01_echo_1_part_mag_wf/bold_native_wf/_echoidx_3/bold_source".
250304-09:06:33,701 nipype.workflow INFO:
	 [Node] Setting-up "fmriprep_24_1_wf.sub_PILOT01_wf.bold_ses_1_task_rat_dir_PA_run_01_echo_1_part_mag_wf.bold_native_wf.bold_source" in "/work/fmriprep_24_1_wf/sub_PILOT01_wf/bold_ses_1_task_rat_dir_PA_run_01_echo_1_part_mag_wf/bold_native_wf/_echoidx_4/bold_source".
250304-09:06:33,742 nipype.workflow INFO:
	 [Node] Executing "bold_source" <nipype.interfaces.utility.base.Select>
250304-09:06:33,742 nipype.workflow INFO:
	 [Node] Executing "bold_source" <nipype.interfaces.utility.base.Select>
250304-09:06:33,742 nipype.workflow INFO:
	 [Node] Executing "bold_source" <nipype.interfaces.utility.base.Select>
250304-09:06:33,742 nipype.workflow INFO:
	 [Node] Executing "bold_source" <nipype.interfaces.utility.base.Select>
250304-09:06:33,742 nipype.workflow INFO:
	 [Node] Executing "bold_source" <nipype.interfaces.utility.base.Select>
250304-09:06:33,743 nipype.workflow INFO:
	 [Node] Finished "bold_source", elapsed time 0.000336s.
250304-09:06:33,743 nipype.workflow INFO:
	 [Node] Finished "bold_source", elapsed time 0.000324s.
250304-09:06:33,743 nipype.workflow INFO:
	 [Node] Finished "bold_source", elapsed time 0.000306s.
250304-09:06:33,744 nipype.workflow INFO:
	 [Node] Executing "bold_source" <nipype.interfaces.utility.base.Select>
250304-09:06:33,744 nipype.workflow INFO:
	 [Node] Executing "bold_source" <nipype.interfaces.utility.base.Select>
250304-09:06:33,744 nipype.workflow INFO:
	 [Node] Executing "bold_source" <nipype.interfaces.utility.base.Select>
250304-09:06:33,744 nipype.workflow INFO:
	 [Node] Finished "bold_source", elapsed time 0.000255s.
250304-09:06:33,745 nipype.workflow INFO:
	 [Node] Executing "bold_source" <nipype.interfaces.utility.base.Select>
250304-09:06:33,745 nipype.workflow INFO:
	 [Node] Finished "bold_source", elapsed time 0.000397s.
250304-09:06:33,745 nipype.workflow INFO:
	 [Node] Finished "bold_source", elapsed time 0.000315s.
250304-09:06:33,746 nipype.workflow INFO:
	 [Node] Finished "bold_source", elapsed time 0.000326s.
250304-09:06:33,746 nipype.workflow INFO:
	 [Node] Finished "bold_source", elapsed time 0.000385s.
250304-09:06:33,746 nipype.workflow INFO:
	 [Node] Finished "bold_source", elapsed time 0.000354s.
250304-09:06:33,747 nipype.workflow INFO:
	 [Node] Executing "bold_source" <nipype.interfaces.utility.base.Select>
250304-09:06:33,748 nipype.workflow INFO:
	 [Node] Finished "bold_source", elapsed time 0.000279s.
250304-09:06:34,141 nipype.workflow INFO:
	 [Node] Setting-up "fmriprep_24_1_wf.sub_PILOT01_wf.bids_info" in "/work/fmriprep_24_1_wf/sub_PILOT01_wf/bids_info".
250304-09:06:34,145 nipype.workflow INFO:
	 [Node] Setting-up "fmriprep_24_1_wf.sub_PILOT01_wf.anat_fit_wf.anat_template_wf.anat_ref_dimensions" in "/work/fmriprep_24_1_wf/sub_PILOT01_wf/anat_fit_wf/anat_template_wf/anat_ref_dimensions".
250304-09:06:34,145 nipype.workflow INFO:
	 [Node] Executing "bids_info" <niworkflows.interfaces.bids.BIDSInfo>
250304-09:06:34,149 nipype.workflow INFO:
	 [Node] Executing "anat_ref_dimensions" <niworkflows.interfaces.images.TemplateDimensions>
250304-09:06:34,152 nipype.workflow INFO:
	 [Node] Finished "bids_info", elapsed time 0.006071s.
250304-09:06:34,279 nipype.workflow INFO:
	 [Node] Finished "anat_ref_dimensions", elapsed time 0.128318s.
250304-09:06:34,623 nipype.workflow INFO:
	 [Node] Finished "get_dummy", elapsed time 3.248745s.
250304-09:06:34,765 nipype.workflow INFO:
	 [Node] Setting-up "fmriprep_24_1_wf.sub_PILOT01_wf.bold_ses_1_task_rest_dir_AP_run_01_echo_1_part_mag_wf.ds_bold_native_wf.sources" in "/work/fmriprep_24_1_wf/sub_PILOT01_wf/bold_ses_1_task_rest_dir_AP_run_01_echo_1_part_mag_wf/ds_bold_native_wf/sources".
250304-09:06:34,770 nipype.workflow INFO:
	 [Node] Executing "sources" <fmriprep.interfaces.bids.BIDSURI>
250304-09:06:34,773 nipype.workflow INFO:
	 [Node] Finished "sources", elapsed time 0.000343s.
250304-09:06:35,104 nipype.workflow INFO:
	 [Node] Setting-up "fmriprep_24_1_wf.sub_PILOT01_wf.bold_ses_1_task_rest_dir_AP_run_01_echo_1_part_mag_wf.bold_fit_wf.hmc_boldref_wf.gen_avg" in "/work/fmriprep_24_1_wf/sub_PILOT01_wf/bold_ses_1_task_rest_dir_AP_run_01_echo_1_part_mag_wf/bold_fit_wf/hmc_boldref_wf/gen_avg".
250304-09:06:35,115 nipype.workflow INFO:
	 [Node] Executing "gen_avg" <niworkflows.interfaces.images.RobustAverage>
250304-09:06:36,272 nipype.workflow INFO:
	 [Node] Finished "get_dummy", elapsed time 5.172853s.
250304-09:06:36,340 nipype.workflow INFO:
	 [Node] Setting-up "fmriprep_24_1_wf.sub_PILOT01_wf.bold_ses_1_task_rest_dir_AP_run_01_echo_1_part_mag_wf.bold_native_wf.validate_bold" in "/work/fmriprep_24_1_wf/sub_PILOT01_wf/bold_ses_1_task_rest_dir_AP_run_01_echo_1_part_mag_wf/bold_native_wf/_echoidx_4/validate_bold".
250304-09:06:36,343 nipype.workflow INFO:
	 [Node] Executing "validate_bold" <niworkflows.interfaces.header.ValidateImage>
250304-09:06:36,344 nipype.workflow INFO:
	 [Node] Setting-up "fmriprep_24_1_wf.sub_PILOT01_wf.bold_ses_1_task_rest_dir_AP_run_01_echo_1_part_mag_wf.bold_native_wf.validate_bold" in "/work/fmriprep_24_1_wf/sub_PILOT01_wf/bold_ses_1_task_rest_dir_AP_run_01_echo_1_part_mag_wf/bold_native_wf/_echoidx_1/validate_bold".
250304-09:06:36,344 nipype.workflow INFO:
	 [Node] Setting-up "fmriprep_24_1_wf.sub_PILOT01_wf.bold_ses_1_task_rest_dir_AP_run_01_echo_1_part_mag_wf.bold_native_wf.validate_bold" in "/work/fmriprep_24_1_wf/sub_PILOT01_wf/bold_ses_1_task_rest_dir_AP_run_01_echo_1_part_mag_wf/bold_native_wf/_echoidx_0/validate_bold".
250304-09:06:36,344 nipype.workflow INFO:
	 [Node] Setting-up "fmriprep_24_1_wf.sub_PILOT01_wf.bold_ses_1_task_rest_dir_AP_run_01_echo_1_part_mag_wf.bold_native_wf.validate_bold" in "/work/fmriprep_24_1_wf/sub_PILOT01_wf/bold_ses_1_task_rest_dir_AP_run_01_echo_1_part_mag_wf/bold_native_wf/_echoidx_2/validate_bold".
250304-09:06:36,345 nipype.workflow INFO:
	 [Node] Setting-up "fmriprep_24_1_wf.sub_PILOT01_wf.bold_ses_1_task_rat_dir_PA_run_01_echo_1_part_mag_wf.bold_native_wf.validate_bold" in "/work/fmriprep_24_1_wf/sub_PILOT01_wf/bold_ses_1_task_rat_dir_PA_run_01_echo_1_part_mag_wf/bold_native_wf/_echoidx_0/validate_bold".
250304-09:06:36,345 nipype.workflow INFO:
	 [Node] Setting-up "fmriprep_24_1_wf.sub_PILOT01_wf.bold_ses_1_task_rat_dir_PA_run_01_echo_1_part_mag_wf.bold_native_wf.validate_bold" in "/work/fmriprep_24_1_wf/sub_PILOT01_wf/bold_ses_1_task_rat_dir_PA_run_01_echo_1_part_mag_wf/bold_native_wf/_echoidx_1/validate_bold".
250304-09:06:36,346 nipype.workflow INFO:
	 [Node] Setting-up "fmriprep_24_1_wf.sub_PILOT01_wf.bold_ses_1_task_rat_dir_PA_run_01_echo_1_part_mag_wf.bold_native_wf.validate_bold" in "/work/fmriprep_24_1_wf/sub_PILOT01_wf/bold_ses_1_task_rat_dir_PA_run_01_echo_1_part_mag_wf/bold_native_wf/_echoidx_3/validate_bold".
250304-09:06:36,348 nipype.workflow INFO:
	 [Node] Executing "validate_bold" <niworkflows.interfaces.header.ValidateImage>
250304-09:06:36,348 nipype.workflow INFO:
	 [Node] Executing "validate_bold" <niworkflows.interfaces.header.ValidateImage>
250304-09:06:36,348 nipype.workflow INFO:
	 [Node] Executing "validate_bold" <niworkflows.interfaces.header.ValidateImage>
250304-09:06:36,349 nipype.workflow INFO:
	 [Node] Executing "validate_bold" <niworkflows.interfaces.header.ValidateImage>
250304-09:06:36,350 nipype.workflow INFO:
	 [Node] Executing "validate_bold" <niworkflows.interfaces.header.ValidateImage>
250304-09:06:36,350 nipype.workflow INFO:
	 [Node] Executing "validate_bold" <niworkflows.interfaces.header.ValidateImage>
250304-09:06:36,350 nipype.workflow INFO:
	 [Node] Setting-up "fmriprep_24_1_wf.sub_PILOT01_wf.bold_ses_1_task_rat_dir_PA_run_01_echo_1_part_mag_wf.bold_native_wf.validate_bold" in "/work/fmriprep_24_1_wf/sub_PILOT01_wf/bold_ses_1_task_rat_dir_PA_run_01_echo_1_part_mag_wf/bold_native_wf/_echoidx_2/validate_bold".
250304-09:06:36,355 nipype.workflow INFO:
	 [Node] Executing "validate_bold" <niworkflows.interfaces.header.ValidateImage>
250304-09:06:36,401 nipype.workflow INFO:
	 [Node] Finished "validate_bold", elapsed time 0.056807s.
250304-09:06:36,409 nipype.workflow INFO:
	 [Node] Finished "validate_bold", elapsed time 0.060037s.
250304-09:06:36,409 nipype.workflow INFO:
	 [Node] Finished "validate_bold", elapsed time 0.058613s.
250304-09:06:36,410 nipype.workflow INFO:
	 [Node] Finished "validate_bold", elapsed time 0.061393s.
250304-09:06:36,410 nipype.workflow INFO:
	 [Node] Finished "validate_bold", elapsed time 0.061662s.
250304-09:06:36,411 nipype.workflow INFO:
	 [Node] Finished "validate_bold", elapsed time 0.061317s.
250304-09:06:36,412 nipype.workflow INFO:
	 [Node] Finished "validate_bold", elapsed time 0.061578s.
250304-09:06:36,416 nipype.workflow INFO:
	 [Node] Finished "validate_bold", elapsed time 0.0609s.
250304-09:06:36,419 nipype.workflow INFO:
	 [Node] Setting-up "fmriprep_24_1_wf.sub_PILOT01_wf.bold_ses_1_task_rest_dir_AP_run_01_echo_1_part_mag_wf.bold_native_wf.validate_bold" in "/work/fmriprep_24_1_wf/sub_PILOT01_wf/bold_ses_1_task_rest_dir_AP_run_01_echo_1_part_mag_wf/bold_native_wf/_echoidx_3/validate_bold".
250304-09:06:36,423 nipype.workflow INFO:
	 [Node] Executing "validate_bold" <niworkflows.interfaces.header.ValidateImage>
250304-09:06:36,456 nipype.workflow INFO:
	 [Node] Setting-up "fmriprep_24_1_wf.sub_PILOT01_wf.bold_ses_1_task_rat_dir_PA_run_01_echo_1_part_mag_wf.bold_native_wf.validate_bold" in "/work/fmriprep_24_1_wf/sub_PILOT01_wf/bold_ses_1_task_rat_dir_PA_run_01_echo_1_part_mag_wf/bold_native_wf/_echoidx_4/validate_bold".
250304-09:06:36,460 nipype.workflow INFO:
	 [Node] Executing "validate_bold" <niworkflows.interfaces.header.ValidateImage>
250304-09:06:36,480 nipype.workflow INFO:
	 [Node] Finished "validate_bold", elapsed time 0.057147s.
250304-09:06:36,518 nipype.workflow INFO:
	 [Node] Finished "validate_bold", elapsed time 0.05758s.
250304-09:06:37,438 nipype.workflow INFO:
	 [Node] Setting-up "fmriprep_24_1_wf.sub_PILOT01_wf.anat_fit_wf.fs_isrunning" in "/work/fmriprep_24_1_wf/sub_PILOT01_wf/anat_fit_wf/fs_isrunning".
250304-09:06:37,439 nipype.workflow INFO:
	 [Node] Setting-up "fmriprep_24_1_wf.sub_PILOT01_wf.anat_fit_wf.ds_t1w_mask_wf.raw_sources" in "/work/fmriprep_24_1_wf/sub_PILOT01_wf/anat_fit_wf/ds_t1w_mask_wf/raw_sources".
250304-09:06:37,439 nipype.workflow INFO:
	 [Node] Setting-up "fmriprep_24_1_wf.sub_PILOT01_wf.anat_fit_wf.ds_ribbon_mask_wf.raw_sources" in "/work/fmriprep_24_1_wf/sub_PILOT01_wf/anat_fit_wf/ds_ribbon_mask_wf/raw_sources".
250304-09:06:37,443 nipype.workflow INFO:
	 [Node] Executing "fs_isrunning" <nipype.interfaces.utility.wrappers.Function>
250304-09:06:37,444 nipype.workflow INFO:
	 [Node] Finished "fs_isrunning", elapsed time 0.000556s.
250304-09:06:37,448 nipype.workflow INFO:
	 [Node] Executing "raw_sources" <nipype.interfaces.utility.wrappers.Function>
250304-09:06:37,449 nipype.workflow INFO:
	 [Node] Finished "raw_sources", elapsed time 0.000458s.
250304-09:06:37,558 nipype.workflow INFO:
	 [Node] Executing "raw_sources" <nipype.interfaces.utility.wrappers.Function>
250304-09:06:37,559 nipype.workflow INFO:
	 [Node] Finished "raw_sources", elapsed time 0.000449s.
250304-09:06:37,787 nipype.workflow INFO:
	 [Node] Setting-up "fmriprep_24_1_wf.sub_PILOT01_wf.bold_ses_1_task_rat_dir_PA_run_01_echo_1_part_mag_wf.bold_fit_wf.hmc_boldref_wf.gen_avg" in "/work/fmriprep_24_1_wf/sub_PILOT01_wf/bold_ses_1_task_rat_dir_PA_run_01_echo_1_part_mag_wf/bold_fit_wf/hmc_boldref_wf/gen_avg".
250304-09:06:37,801 nipype.workflow INFO:
	 [Node] Executing "gen_avg" <niworkflows.interfaces.images.RobustAverage>
250304-09:06:39,239 nipype.interface INFO:
	 stderr 2025-03-04T09:06:39.239475:++ 3dvolreg: AFNI version=AFNI_24.3.01 (Oct  9 2024) [64-bit]
250304-09:06:39,239 nipype.interface INFO:
	 stderr 2025-03-04T09:06:39.239475:++ Authored by: RW Cox
250304-09:06:39,245 nipype.interface INFO:
	 stderr 2025-03-04T09:06:39.245438:** AFNI converts NIFTI_datatype=512 (UINT16) in file /work/fmriprep_24_1_wf/sub_PILOT01_wf/bold_ses_1_task_rest_dir_AP_run_01_echo_1_part_mag_wf/bold_fit_wf/hmc_boldref_wf/gen_avg/sub-PILOT01_ses-1_task-rest_dir-AP_run-01_echo-1_part-mag_bold_sliced.nii.gz to FLOAT32
250304-09:06:39,245 nipype.interface INFO:
	 stderr 2025-03-04T09:06:39.245438:     Warnings of this type will be muted for this session.
250304-09:06:39,245 nipype.interface INFO:
	 stderr 2025-03-04T09:06:39.245438:     Set AFNI_NIFTI_TYPE_WARN to YES to see them all, NO to see none.
250304-09:06:39,252 nipype.interface INFO:
	 stderr 2025-03-04T09:06:39.252173:++ Coarse del was 10, replaced with 7
250304-09:06:39,747 nipype.workflow INFO:
	 [Node] Setting-up "fmriprep_24_1_wf.sub_PILOT01_wf.bold_ses_1_task_rest_dir_AP_run_01_echo_1_part_mag_wf.bold_native_wf.bold_stc_wf.slice_timing_correction" in "/work/fmriprep_24_1_wf/sub_PILOT01_wf/bold_ses_1_task_rest_dir_AP_run_01_echo_1_part_mag_wf/bold_native_wf/bold_stc_wf/_echoidx_2/slice_timing_correction".
250304-09:06:39,759 nipype.workflow INFO:
	 [Node] Executing "slice_timing_correction" <fmriprep.workflows.bold.stc.TShift>
250304-09:06:40,19 nipype.workflow INFO:
	 [Node] Setting-up "fmriprep_24_1_wf.sub_PILOT01_wf.bold_ses_1_task_rest_dir_AP_run_01_echo_1_part_mag_wf.bold_native_wf.bold_stc_wf.slice_timing_correction" in "/work/fmriprep_24_1_wf/sub_PILOT01_wf/bold_ses_1_task_rest_dir_AP_run_01_echo_1_part_mag_wf/bold_native_wf/bold_stc_wf/_echoidx_0/slice_timing_correction".
250304-09:06:40,27 nipype.workflow INFO:
	 [Node] Executing "slice_timing_correction" <fmriprep.workflows.bold.stc.TShift>
250304-09:06:41,154 nipype.workflow INFO:
	 [Node] Setting-up "fmriprep_24_1_wf.sub_PILOT01_wf.bold_ses_1_task_rest_dir_AP_run_01_echo_1_part_mag_wf.bold_native_wf.bold_stc_wf.slice_timing_correction" in "/work/fmriprep_24_1_wf/sub_PILOT01_wf/bold_ses_1_task_rest_dir_AP_run_01_echo_1_part_mag_wf/bold_native_wf/bold_stc_wf/_echoidx_1/slice_timing_correction".
250304-09:06:41,160 nipype.workflow INFO:
	 [Node] Setting-up "fmriprep_24_1_wf.sub_PILOT01_wf.bold_ses_1_task_rest_dir_AP_run_01_echo_1_part_mag_wf.bold_native_wf.bold_stc_wf.slice_timing_correction" in "/work/fmriprep_24_1_wf/sub_PILOT01_wf/bold_ses_1_task_rest_dir_AP_run_01_echo_1_part_mag_wf/bold_native_wf/bold_stc_wf/_echoidx_3/slice_timing_correction".
250304-09:06:41,166 nipype.workflow INFO:
	 [Node] Executing "slice_timing_correction" <fmriprep.workflows.bold.stc.TShift>
250304-09:06:41,172 nipype.workflow INFO:
	 [Node] Executing "slice_timing_correction" <fmriprep.workflows.bold.stc.TShift>
250304-09:06:41,178 nipype.workflow INFO:
	 [Node] Setting-up "fmriprep_24_1_wf.sub_PILOT01_wf.bold_ses_1_task_rest_dir_AP_run_01_echo_1_part_mag_wf.bold_native_wf.bold_stc_wf.slice_timing_correction" in "/work/fmriprep_24_1_wf/sub_PILOT01_wf/bold_ses_1_task_rest_dir_AP_run_01_echo_1_part_mag_wf/bold_native_wf/bold_stc_wf/_echoidx_4/slice_timing_correction".
250304-09:06:41,185 nipype.workflow INFO:
	 [Node] Executing "slice_timing_correction" <fmriprep.workflows.bold.stc.TShift>
250304-09:06:41,683 nipype.workflow INFO:
	 [Node] Setting-up "fmriprep_24_1_wf.sub_PILOT01_wf.bold_ses_1_task_rat_dir_PA_run_01_echo_1_part_mag_wf.bold_native_wf.bold_stc_wf.slice_timing_correction" in "/work/fmriprep_24_1_wf/sub_PILOT01_wf/bold_ses_1_task_rat_dir_PA_run_01_echo_1_part_mag_wf/bold_native_wf/bold_stc_wf/_echoidx_1/slice_timing_correction".
250304-09:06:41,694 nipype.workflow INFO:
	 [Node] Executing "slice_timing_correction" <fmriprep.workflows.bold.stc.TShift>
250304-09:06:41,696 nipype.workflow INFO:
	 [Node] Setting-up "fmriprep_24_1_wf.sub_PILOT01_wf.bold_ses_1_task_rat_dir_PA_run_01_echo_1_part_mag_wf.bold_native_wf.bold_stc_wf.slice_timing_correction" in "/work/fmriprep_24_1_wf/sub_PILOT01_wf/bold_ses_1_task_rat_dir_PA_run_01_echo_1_part_mag_wf/bold_native_wf/bold_stc_wf/_echoidx_2/slice_timing_correction".
250304-09:06:41,719 nipype.workflow INFO:
	 [Node] Setting-up "fmriprep_24_1_wf.sub_PILOT01_wf.bold_ses_1_task_rat_dir_PA_run_01_echo_1_part_mag_wf.bold_native_wf.bold_stc_wf.slice_timing_correction" in "/work/fmriprep_24_1_wf/sub_PILOT01_wf/bold_ses_1_task_rat_dir_PA_run_01_echo_1_part_mag_wf/bold_native_wf/bold_stc_wf/_echoidx_0/slice_timing_correction".
250304-09:06:41,725 nipype.workflow INFO:
	 [Node] Finished "lap_tmpl", elapsed time 10.424248s.
250304-09:06:41,738 nipype.workflow INFO:
	 [Node] Executing "slice_timing_correction" <fmriprep.workflows.bold.stc.TShift>
250304-09:06:41,744 nipype.workflow INFO:
	 [Node] Executing "slice_timing_correction" <fmriprep.workflows.bold.stc.TShift>
250304-09:06:41,756 nipype.workflow INFO:
	 [Node] Setting-up "fmriprep_24_1_wf.sub_PILOT01_wf.bold_ses_1_task_rat_dir_PA_run_01_echo_1_part_mag_wf.bold_native_wf.bold_stc_wf.slice_timing_correction" in "/work/fmriprep_24_1_wf/sub_PILOT01_wf/bold_ses_1_task_rat_dir_PA_run_01_echo_1_part_mag_wf/bold_native_wf/bold_stc_wf/_echoidx_3/slice_timing_correction".
250304-09:06:41,772 nipype.workflow INFO:
	 [Node] Executing "slice_timing_correction" <fmriprep.workflows.bold.stc.TShift>
250304-09:06:42,226 nipype.interface INFO:
	 stderr 2025-03-04T09:06:42.226943:++ 3dvolreg: AFNI version=AFNI_24.3.01 (Oct  9 2024) [64-bit]
250304-09:06:42,227 nipype.interface INFO:
	 stderr 2025-03-04T09:06:42.226943:++ Authored by: RW Cox
250304-09:06:42,228 nipype.interface INFO:
	 stderr 2025-03-04T09:06:42.228300:** AFNI converts NIFTI_datatype=512 (UINT16) in file /work/fmriprep_24_1_wf/sub_PILOT01_wf/bold_ses_1_task_rat_dir_PA_run_01_echo_1_part_mag_wf/bold_fit_wf/hmc_boldref_wf/gen_avg/sub-PILOT01_ses-1_task-rat_dir-PA_run-01_echo-1_part-mag_bold_sliced.nii.gz to FLOAT32
250304-09:06:42,228 nipype.interface INFO:
	 stderr 2025-03-04T09:06:42.228380:     Warnings of this type will be muted for this session.
250304-09:06:42,228 nipype.interface INFO:
	 stderr 2025-03-04T09:06:42.228380:     Set AFNI_NIFTI_TYPE_WARN to YES to see them all, NO to see none.
250304-09:06:42,228 nipype.interface INFO:
	 stderr 2025-03-04T09:06:42.228658:++ Coarse del was 10, replaced with 7
250304-09:06:42,917 nipype.workflow INFO:
	 [Node] Setting-up "fmriprep_24_1_wf.sub_PILOT01_wf.bold_ses_1_task_rat_dir_PA_run_01_echo_1_part_mag_wf.bold_native_wf.bold_stc_wf.slice_timing_correction" in "/work/fmriprep_24_1_wf/sub_PILOT01_wf/bold_ses_1_task_rat_dir_PA_run_01_echo_1_part_mag_wf/bold_native_wf/bold_stc_wf/_echoidx_4/slice_timing_correction".
250304-09:06:42,937 nipype.workflow INFO:
	 [Node] Executing "slice_timing_correction" <fmriprep.workflows.bold.stc.TShift>
250304-09:06:43,831 nipype.workflow INFO:
	 [Node] Setting-up "fmriprep_24_1_wf.sub_PILOT01_wf.anat_fit_wf.brain_extraction_wf.mrg_tmpl" in "/work/fmriprep_24_1_wf/sub_PILOT01_wf/anat_fit_wf/brain_extraction_wf/mrg_tmpl".
250304-09:06:43,859 nipype.workflow INFO:
	 [Node] Executing "mrg_tmpl" <nipype.interfaces.utility.base.Merge>
250304-09:06:43,860 nipype.workflow INFO:
	 [Node] Finished "mrg_tmpl", elapsed time 0.000181s.
250304-09:06:53,99 nipype.interface INFO:
	 stderr 2025-03-04T09:06:53.099641:++ Max displacement in automask = 0.14 (mm) at sub-brick 1
250304-09:06:53,99 nipype.interface INFO:
	 stderr 2025-03-04T09:06:53.099641:++ Max delta displ  in automask = 0.14 (mm) at sub-brick 1
250304-09:06:54,170 nipype.workflow INFO:
	 [Node] Finished "gen_avg", elapsed time 16.369094s.
250304-09:06:55,793 nipype.workflow INFO:
	 [Node] Setting-up "fmriprep_24_1_wf.sub_PILOT01_wf.bold_ses_1_task_rat_dir_PA_run_01_echo_1_part_mag_wf.bold_fit_wf.fmapref_buffer" in "/work/fmriprep_24_1_wf/sub_PILOT01_wf/bold_ses_1_task_rat_dir_PA_run_01_echo_1_part_mag_wf/bold_fit_wf/fmapref_buffer".
250304-09:06:55,801 nipype.workflow INFO:
	 [Node] Executing "fmapref_buffer" <nipype.interfaces.utility.wrappers.Function>
250304-09:06:55,803 nipype.workflow INFO:
	 [Node] Finished "fmapref_buffer", elapsed time 0.000693s.
250304-09:06:55,852 nipype.interface WARNING:
	 Changing /out/sub-PILOT01/ses-1/func/sub-PILOT01_ses-1_task-rat_dir-PA_run-01_part-mag_desc-hmc_boldref.nii.gz dtype from uint16 to float32
250304-09:06:59,167 nipype.workflow INFO:
	 [Node] Setting-up "fmriprep_24_1_wf.sub_PILOT01_wf.bold_ses_1_task_rat_dir_PA_run_01_echo_1_part_mag_wf.bold_fit_wf.ds_coreg_boldref_wf.sources" in "/work/fmriprep_24_1_wf/sub_PILOT01_wf/bold_ses_1_task_rat_dir_PA_run_01_echo_1_part_mag_wf/bold_fit_wf/ds_coreg_boldref_wf/sources".
250304-09:06:59,172 nipype.workflow INFO:
	 [Node] Executing "sources" <fmriprep.interfaces.bids.BIDSURI>
250304-09:06:59,173 nipype.workflow INFO:
	 [Node] Finished "sources", elapsed time 0.000199s.
250304-09:07:40,49 nipype.workflow INFO:
	 [Node] Finished "slice_timing_correction", elapsed time 60.021624s.
250304-09:07:41,73 nipype.workflow INFO:
	 [Node] Finished "slice_timing_correction", elapsed time 61.313609s.
250304-09:07:41,536 nipype.workflow INFO:
	 [Node] Finished "slice_timing_correction", elapsed time 60.36883s.
250304-09:07:41,806 nipype.workflow INFO:
	 [Node] Setting-up "fmriprep_24_1_wf.sub_PILOT01_wf.bold_ses_1_task_rest_dir_AP_run_01_echo_1_part_mag_wf.bold_native_wf.bold_stc_wf.copy_xform" in "/work/fmriprep_24_1_wf/sub_PILOT01_wf/bold_ses_1_task_rest_dir_AP_run_01_echo_1_part_mag_wf/bold_native_wf/bold_stc_wf/_echoidx_0/copy_xform".
250304-09:07:41,806 nipype.workflow INFO:
	 [Node] Setting-up "fmriprep_24_1_wf.sub_PILOT01_wf.bold_ses_1_task_rest_dir_AP_run_01_echo_1_part_mag_wf.bold_native_wf.bold_stc_wf.copy_xform" in "/work/fmriprep_24_1_wf/sub_PILOT01_wf/bold_ses_1_task_rest_dir_AP_run_01_echo_1_part_mag_wf/bold_native_wf/bold_stc_wf/_echoidx_1/copy_xform".
250304-09:07:41,807 nipype.workflow INFO:
	 [Node] Setting-up "fmriprep_24_1_wf.sub_PILOT01_wf.bold_ses_1_task_rest_dir_AP_run_01_echo_1_part_mag_wf.bold_native_wf.bold_stc_wf.copy_xform" in "/work/fmriprep_24_1_wf/sub_PILOT01_wf/bold_ses_1_task_rest_dir_AP_run_01_echo_1_part_mag_wf/bold_native_wf/bold_stc_wf/_echoidx_2/copy_xform".
250304-09:07:41,860 nipype.workflow INFO:
	 [Node] Setting-up "fmriprep_24_1_wf.sub_PILOT01_wf.bold_ses_1_task_rat_dir_PA_run_01_echo_1_part_mag_wf.bold_fit_wf.bold_hmc_wf.mcflirt" in "/work/fmriprep_24_1_wf/sub_PILOT01_wf/bold_ses_1_task_rat_dir_PA_run_01_echo_1_part_mag_wf/bold_fit_wf/bold_hmc_wf/mcflirt".
250304-09:07:41,869 nipype.workflow INFO:
	 [Node] Executing "mcflirt" <nipype.interfaces.fsl.preprocess.MCFLIRT>
250304-09:07:42,468 nipype.workflow INFO:
	 [Node] Finished "slice_timing_correction", elapsed time 61.295557s.
250304-09:07:42,502 nipype.workflow INFO:
	 [Node] Finished "slice_timing_correction", elapsed time 61.315728s.
250304-09:07:42,538 nipype.interface INFO:
	 stderr 2025-03-04T09:07:42.538464:++ Max displacement in automask = 0.12 (mm) at sub-brick 5
250304-09:07:42,538 nipype.interface INFO:
	 stderr 2025-03-04T09:07:42.538464:++ Max delta displ  in automask = 0.15 (mm) at sub-brick 9
250304-09:07:43,496 nipype.workflow INFO:
	 [Node] Executing "copy_xform" <niworkflows.interfaces.header.CopyXForm>
250304-09:07:43,610 nipype.workflow INFO:
	 [Node] Executing "copy_xform" <niworkflows.interfaces.header.CopyXForm>
250304-09:07:43,820 nipype.workflow INFO:
	 [Node] Setting-up "fmriprep_24_1_wf.sub_PILOT01_wf.bold_ses_1_task_rest_dir_AP_run_01_echo_1_part_mag_wf.bold_native_wf.bold_stc_wf.copy_xform" in "/work/fmriprep_24_1_wf/sub_PILOT01_wf/bold_ses_1_task_rest_dir_AP_run_01_echo_1_part_mag_wf/bold_native_wf/bold_stc_wf/_echoidx_4/copy_xform".
250304-09:07:43,901 nipype.workflow INFO:
	 [Node] Setting-up "fmriprep_24_1_wf.sub_PILOT01_wf.bold_ses_1_task_rest_dir_AP_run_01_echo_1_part_mag_wf.bold_native_wf.bold_stc_wf.copy_xform" in "/work/fmriprep_24_1_wf/sub_PILOT01_wf/bold_ses_1_task_rest_dir_AP_run_01_echo_1_part_mag_wf/bold_native_wf/bold_stc_wf/_echoidx_3/copy_xform".
250304-09:07:45,45 nipype.workflow INFO:
	 [Node] Executing "copy_xform" <niworkflows.interfaces.header.CopyXForm>
250304-09:07:46,601 nipype.workflow INFO:
	 [Node] Executing "copy_xform" <niworkflows.interfaces.header.CopyXForm>
250304-09:07:46,958 nipype.workflow INFO:
	 [Node] Executing "copy_xform" <niworkflows.interfaces.header.CopyXForm>
250304-09:07:47,958 nipype.workflow INFO:
	 [Node] Finished "gen_avg", elapsed time 72.841907s.
250304-09:07:49,806 nipype.workflow INFO:
	 [Node] Setting-up "fmriprep_24_1_wf.sub_PILOT01_wf.bold_ses_1_task_rest_dir_AP_run_01_echo_1_part_mag_wf.bold_fit_wf.fmapref_buffer" in "/work/fmriprep_24_1_wf/sub_PILOT01_wf/bold_ses_1_task_rest_dir_AP_run_01_echo_1_part_mag_wf/bold_fit_wf/fmapref_buffer".
250304-09:07:49,811 nipype.workflow INFO:
	 [Node] Executing "fmapref_buffer" <nipype.interfaces.utility.wrappers.Function>
250304-09:07:49,812 nipype.workflow INFO:
	 [Node] Finished "fmapref_buffer", elapsed time 0.000631s.
250304-09:07:49,864 nipype.interface WARNING:
	 Changing /out/sub-PILOT01/ses-1/func/sub-PILOT01_ses-1_task-rest_dir-AP_run-01_part-mag_desc-hmc_boldref.nii.gz dtype from uint16 to float32
250304-09:07:50,433 nipype.workflow INFO:
	 [Node] Setting-up "fmriprep_24_1_wf.sub_PILOT01_wf.bold_ses_1_task_rest_dir_AP_run_01_echo_1_part_mag_wf.bold_fit_wf.bold_hmc_wf.mcflirt" in "/work/fmriprep_24_1_wf/sub_PILOT01_wf/bold_ses_1_task_rest_dir_AP_run_01_echo_1_part_mag_wf/bold_fit_wf/bold_hmc_wf/mcflirt".
250304-09:07:50,438 nipype.workflow INFO:
	 [Node] Executing "mcflirt" <nipype.interfaces.fsl.preprocess.MCFLIRT>
250304-09:07:51,812 nipype.workflow INFO:
	 [Node] Setting-up "fmriprep_24_1_wf.sub_PILOT01_wf.bold_ses_1_task_rest_dir_AP_run_01_echo_1_part_mag_wf.bold_fit_wf.ds_coreg_boldref_wf.sources" in "/work/fmriprep_24_1_wf/sub_PILOT01_wf/bold_ses_1_task_rest_dir_AP_run_01_echo_1_part_mag_wf/bold_fit_wf/ds_coreg_boldref_wf/sources".
250304-09:07:51,818 nipype.workflow INFO:
	 [Node] Executing "sources" <fmriprep.interfaces.bids.BIDSURI>
250304-09:07:51,818 nipype.workflow INFO:
	 [Node] Finished "sources", elapsed time 0.000197s.
250304-09:08:23,83 nipype.workflow INFO:
	 [Node] Finished "copy_xform", elapsed time 39.585964s.
250304-09:08:23,100 nipype.workflow INFO:
	 [Node] Finished "copy_xform", elapsed time 39.489116s.
250304-09:08:24,608 nipype.workflow INFO:
	 [Node] Finished "slice_timing_correction", elapsed time 102.913299s.
250304-09:08:24,638 nipype.workflow INFO:
	 [Node] Finished "slice_timing_correction", elapsed time 102.893281s.
250304-09:08:24,965 nipype.workflow INFO:
	 [Node] Finished "copy_xform", elapsed time 39.919545s.
250304-09:08:25,453 nipype.workflow INFO:
	 [Node] Finished "slice_timing_correction", elapsed time 103.714177s.
250304-09:08:25,812 nipype.workflow INFO:
	 [Node] Setting-up "fmriprep_24_1_wf.sub_PILOT01_wf.bold_ses_1_task_rat_dir_PA_run_01_echo_1_part_mag_wf.bold_native_wf.bold_stc_wf.copy_xform" in "/work/fmriprep_24_1_wf/sub_PILOT01_wf/bold_ses_1_task_rat_dir_PA_run_01_echo_1_part_mag_wf/bold_native_wf/bold_stc_wf/_echoidx_0/copy_xform".
250304-09:08:25,812 nipype.workflow INFO:
	 [Node] Setting-up "fmriprep_24_1_wf.sub_PILOT01_wf.bold_ses_1_task_rat_dir_PA_run_01_echo_1_part_mag_wf.bold_native_wf.bold_stc_wf.copy_xform" in "/work/fmriprep_24_1_wf/sub_PILOT01_wf/bold_ses_1_task_rat_dir_PA_run_01_echo_1_part_mag_wf/bold_native_wf/bold_stc_wf/_echoidx_1/copy_xform".
250304-09:08:25,812 nipype.workflow INFO:
	 [Node] Setting-up "fmriprep_24_1_wf.sub_PILOT01_wf.bold_ses_1_task_rat_dir_PA_run_01_echo_1_part_mag_wf.bold_native_wf.bold_stc_wf.copy_xform" in "/work/fmriprep_24_1_wf/sub_PILOT01_wf/bold_ses_1_task_rat_dir_PA_run_01_echo_1_part_mag_wf/bold_native_wf/bold_stc_wf/_echoidx_2/copy_xform".
250304-09:08:25,818 nipype.workflow INFO:
	 [Node] Executing "copy_xform" <niworkflows.interfaces.header.CopyXForm>
250304-09:08:25,818 nipype.workflow INFO:
	 [Node] Executing "copy_xform" <niworkflows.interfaces.header.CopyXForm>
250304-09:08:25,818 nipype.workflow INFO:
	 [Node] Executing "copy_xform" <niworkflows.interfaces.header.CopyXForm>
250304-09:08:26,505 nipype.workflow INFO:
	 [Node] Finished "copy_xform", elapsed time 39.902711s.
250304-09:08:27,522 nipype.workflow INFO:
	 [Node] Finished "copy_xform", elapsed time 40.562377s.
250304-09:08:27,551 nipype.workflow INFO:
	 [Node] Finished "slice_timing_correction", elapsed time 104.613691s.
250304-09:08:27,751 nipype.workflow INFO:
	 [Node] Finished "slice_timing_correction", elapsed time 105.977985s.
250304-09:08:27,821 nipype.workflow INFO:
	 [Node] Setting-up "fmriprep_24_1_wf.sub_PILOT01_wf.bold_ses_1_task_rat_dir_PA_run_01_echo_1_part_mag_wf.bold_native_wf.bold_stc_wf.copy_xform" in "/work/fmriprep_24_1_wf/sub_PILOT01_wf/bold_ses_1_task_rat_dir_PA_run_01_echo_1_part_mag_wf/bold_native_wf/bold_stc_wf/_echoidx_4/copy_xform".
250304-09:08:27,834 nipype.workflow INFO:
	 [Node] Executing "copy_xform" <niworkflows.interfaces.header.CopyXForm>
250304-09:08:29,807 nipype.workflow INFO:
	 [Node] Setting-up "fmriprep_24_1_wf.sub_PILOT01_wf.bold_ses_1_task_rat_dir_PA_run_01_echo_1_part_mag_wf.bold_native_wf.bold_stc_wf.copy_xform" in "/work/fmriprep_24_1_wf/sub_PILOT01_wf/bold_ses_1_task_rat_dir_PA_run_01_echo_1_part_mag_wf/bold_native_wf/bold_stc_wf/_echoidx_3/copy_xform".
250304-09:08:29,900 nipype.workflow INFO:
	 [Node] Executing "copy_xform" <niworkflows.interfaces.header.CopyXForm>
250304-09:09:39,239 nipype.workflow INFO:
	 [Node] Finished "copy_xform", elapsed time 73.419856s.
250304-09:09:39,579 nipype.workflow INFO:
	 [Node] Finished "copy_xform", elapsed time 73.76049s.
250304-09:09:39,742 nipype.workflow INFO:
	 [Node] Finished "copy_xform", elapsed time 73.923099s.
250304-09:09:41,649 nipype.workflow INFO:
	 [Node] Finished "copy_xform", elapsed time 73.813993s.
250304-09:09:41,760 nipype.workflow INFO:
	 [Node] Finished "copy_xform", elapsed time 71.859578s.
250304-09:10:41,80 nipype.workflow INFO:
	 [Node] Finished "mcflirt", elapsed time 170.640576s.
250304-09:10:42,99 nipype.workflow INFO:
	 [Node] Setting-up "fmriprep_24_1_wf.sub_PILOT01_wf.bold_ses_1_task_rest_dir_AP_run_01_echo_1_part_mag_wf.bold_fit_wf.bold_hmc_wf.normalize_motion" in "/work/fmriprep_24_1_wf/sub_PILOT01_wf/bold_ses_1_task_rest_dir_AP_run_01_echo_1_part_mag_wf/bold_fit_wf/bold_hmc_wf/normalize_motion".
250304-09:10:42,170 nipype.workflow INFO:
	 [Node] Executing "normalize_motion" <niworkflows.interfaces.confounds.NormalizeMotionParams>
250304-09:10:42,174 nipype.workflow INFO:
	 [Node] Finished "normalize_motion", elapsed time 0.003171s.
250304-09:10:43,846 nipype.workflow INFO:
	 [Node] Setting-up "fmriprep_24_1_wf.sub_PILOT01_wf.bold_ses_1_task_rest_dir_AP_run_01_echo_1_part_mag_wf.bold_confounds_wf.fdisp" in "/work/fmriprep_24_1_wf/sub_PILOT01_wf/bold_ses_1_task_rest_dir_AP_run_01_echo_1_part_mag_wf/bold_confounds_wf/fdisp".
250304-09:10:44,107 nipype.workflow INFO:
	 [Node] Executing "fdisp" <nipype.algorithms.confounds.FramewiseDisplacement>
250304-09:10:44,110 nipype.workflow INFO:
	 [Node] Finished "fdisp", elapsed time 0.002467s.
250304-09:12:45,140 nipype.workflow INFO:
	 [Node] Finished "mcflirt", elapsed time 303.269872s.
250304-09:12:45,939 nipype.workflow INFO:
	 [Node] Setting-up "_denoise0" in "/work/fmriprep_24_1_wf/sub_PILOT01_wf/anat_fit_wf/anat_template_wf/denoise/mapflow/_denoise0".
250304-09:12:45,942 nipype.workflow INFO:
	 [Node] Executing "_denoise0" <nipype.interfaces.ants.segmentation.DenoiseImage>
250304-09:13:24,936 nipype.workflow INFO:
	 [Node] Finished "_denoise0", elapsed time 38.770076s.
250304-09:13:25,926 nipype.workflow INFO:
	 [Node] Setting-up "fmriprep_24_1_wf.sub_PILOT01_wf.bold_ses_1_task_rat_dir_PA_run_01_echo_1_part_mag_wf.bold_fit_wf.bold_hmc_wf.normalize_motion" in "/work/fmriprep_24_1_wf/sub_PILOT01_wf/bold_ses_1_task_rat_dir_PA_run_01_echo_1_part_mag_wf/bold_fit_wf/bold_hmc_wf/normalize_motion".
250304-09:13:25,930 nipype.workflow INFO:
	 [Node] Setting-up "_anat_conform0" in "/work/fmriprep_24_1_wf/sub_PILOT01_wf/anat_fit_wf/anat_template_wf/anat_conform/mapflow/_anat_conform0".
250304-09:13:25,934 nipype.workflow INFO:
	 [Node] Executing "_anat_conform0" <niworkflows.interfaces.images.Conform>
250304-09:13:25,949 nipype.workflow INFO:
	 [Node] Executing "normalize_motion" <niworkflows.interfaces.confounds.NormalizeMotionParams>
250304-09:13:25,955 nipype.workflow INFO:
	 [Node] Finished "normalize_motion", elapsed time 0.005915s.
250304-09:13:25,994 nipype.workflow INFO:
	 [Node] Finished "_anat_conform0", elapsed time 0.059483s.
250304-09:13:27,924 nipype.workflow INFO:
	 [Node] Setting-up "fmriprep_24_1_wf.sub_PILOT01_wf.bold_ses_1_task_rat_dir_PA_run_01_echo_1_part_mag_wf.bold_fit_wf.enhance_and_skullstrip_bold_wf.init_aff" in "/work/fmriprep_24_1_wf/sub_PILOT01_wf/bold_ses_1_task_rat_dir_PA_run_01_echo_1_part_mag_wf/bold_fit_wf/enhance_and_skullstrip_bold_wf/init_aff".
250304-09:13:27,930 nipype.workflow INFO:
	 [Node] Executing "init_aff" <nipype.interfaces.ants.utils.AI>
250304-09:13:47,765 nipype.workflow INFO:
	 [Node] Finished "init_aff", elapsed time 19.624978s.
250304-09:13:49,956 nipype.workflow INFO:
	 [Node] Setting-up "fmriprep_24_1_wf.sub_PILOT01_wf.bold_ses_1_task_rat_dir_PA_run_01_echo_1_part_mag_wf.bold_fit_wf.bold_hmc_wf.fsl2itk" in "/work/fmriprep_24_1_wf/sub_PILOT01_wf/bold_ses_1_task_rat_dir_PA_run_01_echo_1_part_mag_wf/bold_fit_wf/bold_hmc_wf/fsl2itk".
250304-09:13:50,19 nipype.workflow INFO:
	 [Node] Executing "fsl2itk" <niworkflows.interfaces.itk.MCFLIRT2ITK>
250304-09:13:50,19 nipype.interface WARNING:
	 Multithreading is deprecated. Remove the num_threads input.
250304-09:13:50,397 nipype.workflow INFO:
	 [Node] Finished "fsl2itk", elapsed time 0.377326s.
250304-09:13:51,927 nipype.workflow INFO:
	 [Node] Setting-up "fmriprep_24_1_wf.sub_PILOT01_wf.bold_ses_1_task_rest_dir_AP_run_01_echo_1_part_mag_wf.bold_fit_wf.enhance_and_skullstrip_bold_wf.init_aff" in "/work/fmriprep_24_1_wf/sub_PILOT01_wf/bold_ses_1_task_rest_dir_AP_run_01_echo_1_part_mag_wf/bold_fit_wf/enhance_and_skullstrip_bold_wf/init_aff".
250304-09:13:51,933 nipype.workflow INFO:
	 [Node] Executing "init_aff" <nipype.interfaces.ants.utils.AI>
250304-09:14:11,733 nipype.workflow INFO:
	 [Node] Finished "init_aff", elapsed time 19.463039s.
250304-09:14:11,958 nipype.workflow INFO:
	 [Node] Setting-up "fmriprep_24_1_wf.sub_PILOT01_wf.bold_ses_1_task_rest_dir_AP_run_01_echo_1_part_mag_wf.bold_fit_wf.bold_hmc_wf.fsl2itk" in "/work/fmriprep_24_1_wf/sub_PILOT01_wf/bold_ses_1_task_rest_dir_AP_run_01_echo_1_part_mag_wf/bold_fit_wf/bold_hmc_wf/fsl2itk".
250304-09:14:11,995 nipype.workflow INFO:
	 [Node] Executing "fsl2itk" <niworkflows.interfaces.itk.MCFLIRT2ITK>
250304-09:14:11,995 nipype.interface WARNING:
	 Multithreading is deprecated. Remove the num_threads input.
250304-09:14:12,320 nipype.workflow INFO:
	 [Node] Finished "fsl2itk", elapsed time 0.324655s.
250304-09:14:13,931 nipype.workflow INFO:
	 [Node] Setting-up "fmriprep_24_1_wf.sub_PILOT01_wf.anat_fit_wf.anat_template_wf.get1st" in "/work/fmriprep_24_1_wf/sub_PILOT01_wf/anat_fit_wf/anat_template_wf/get1st".
250304-09:14:13,941 nipype.workflow INFO:
	 [Node] Executing "get1st" <nipype.interfaces.utility.base.Select>
250304-09:14:13,943 nipype.workflow INFO:
	 [Node] Finished "get1st", elapsed time 0.001043s.
250304-09:14:14,133 nipype.workflow INFO:
	 [Node] Setting-up "fmriprep_24_1_wf.sub_PILOT01_wf.bold_ses_1_task_rat_dir_PA_run_01_echo_1_part_mag_wf.bold_confounds_wf.fdisp" in "/work/fmriprep_24_1_wf/sub_PILOT01_wf/bold_ses_1_task_rat_dir_PA_run_01_echo_1_part_mag_wf/bold_confounds_wf/fdisp".
250304-09:14:14,140 nipype.workflow INFO:
	 [Node] Executing "fdisp" <nipype.algorithms.confounds.FramewiseDisplacement>
250304-09:14:14,144 nipype.workflow INFO:
	 [Node] Finished "fdisp", elapsed time 0.003817s.
250304-09:14:15,998 nipype.workflow INFO:
	 [Node] Setting-up "fmriprep_24_1_wf.sub_PILOT01_wf.bold_ses_1_task_rat_dir_PA_run_01_echo_1_part_mag_wf.bold_fit_wf.enhance_and_skullstrip_bold_wf.norm" in "/work/fmriprep_24_1_wf/sub_PILOT01_wf/bold_ses_1_task_rat_dir_PA_run_01_echo_1_part_mag_wf/bold_fit_wf/enhance_and_skullstrip_bold_wf/norm".
250304-09:14:16,5 nipype.workflow INFO:
	 [Node] Executing "norm" <niworkflows.interfaces.fixes.FixHeaderRegistration>
250304-09:14:16,864 nipype.workflow INFO:
	 [Node] Finished "norm", elapsed time 0.645243s.
250304-09:14:18,14 nipype.workflow INFO:
	 [Node] Setting-up "fmriprep_24_1_wf.sub_PILOT01_wf.bold_ses_1_task_rest_dir_AP_run_01_echo_1_part_mag_wf.bold_fit_wf.enhance_and_skullstrip_bold_wf.norm" in "/work/fmriprep_24_1_wf/sub_PILOT01_wf/bold_ses_1_task_rest_dir_AP_run_01_echo_1_part_mag_wf/bold_fit_wf/enhance_and_skullstrip_bold_wf/norm".
250304-09:14:18,21 nipype.workflow INFO:
	 [Node] Executing "norm" <niworkflows.interfaces.fixes.FixHeaderRegistration>
250304-09:14:18,958 nipype.workflow INFO:
	 [Node] Finished "norm", elapsed time 0.671255s.
250304-09:14:20,313 nipype.workflow INFO:
	 [Node] Setting-up "fmriprep_24_1_wf.sub_PILOT01_wf.bold_ses_1_task_rest_dir_AP_run_01_echo_1_part_mag_wf.bold_fit_wf.enhance_and_skullstrip_bold_wf.map_brainmask" in "/work/fmriprep_24_1_wf/sub_PILOT01_wf/bold_ses_1_task_rest_dir_AP_run_01_echo_1_part_mag_wf/bold_fit_wf/enhance_and_skullstrip_bold_wf/map_brainmask".
250304-09:14:20,313 nipype.workflow INFO:
	 [Node] Setting-up "fmriprep_24_1_wf.sub_PILOT01_wf.bold_ses_1_task_rat_dir_PA_run_01_echo_1_part_mag_wf.bold_fit_wf.enhance_and_skullstrip_bold_wf.map_brainmask" in "/work/fmriprep_24_1_wf/sub_PILOT01_wf/bold_ses_1_task_rat_dir_PA_run_01_echo_1_part_mag_wf/bold_fit_wf/enhance_and_skullstrip_bold_wf/map_brainmask".
250304-09:14:20,319 nipype.workflow INFO:
	 [Node] Executing "map_brainmask" <niworkflows.interfaces.fixes.FixHeaderApplyTransforms>
250304-09:14:20,319 nipype.workflow INFO:
	 [Node] Executing "map_brainmask" <niworkflows.interfaces.fixes.FixHeaderApplyTransforms>
250304-09:14:21,247 nipype.workflow INFO:
	 [Node] Finished "map_brainmask", elapsed time 0.618391s.
250304-09:14:21,251 nipype.workflow INFO:
	 [Node] Finished "map_brainmask", elapsed time 0.67103s.
250304-09:14:22,20 nipype.workflow INFO:
	 [Node] Setting-up "fmriprep_24_1_wf.sub_PILOT01_wf.anat_fit_wf.surface_recon_wf.recon_config" in "/work/fmriprep_24_1_wf/sub_PILOT01_wf/anat_fit_wf/surface_recon_wf/recon_config".
250304-09:14:22,20 nipype.workflow INFO:
	 [Node] Setting-up "fmriprep_24_1_wf.sub_PILOT01_wf.anat_fit_wf.surface_recon_wf.fov_check" in "/work/fmriprep_24_1_wf/sub_PILOT01_wf/anat_fit_wf/surface_recon_wf/fov_check".
250304-09:14:22,25 nipype.workflow INFO:
	 [Node] Executing "fov_check" <nipype.interfaces.utility.wrappers.Function>
250304-09:14:22,26 nipype.workflow INFO:
	 [Node] Executing "recon_config" <niworkflows.interfaces.freesurfer.FSDetectInputs>
250304-09:14:22,26 nipype.workflow INFO:
	 [Node] Setting-up "_truncate_images0" in "/work/fmriprep_24_1_wf/sub_PILOT01_wf/anat_fit_wf/brain_extraction_wf/truncate_images/mapflow/_truncate_images0".
250304-09:14:22,29 nipype.workflow INFO:
	 [Node] Executing "_truncate_images0" <nipype.interfaces.ants.utils.ImageMath>
250304-09:14:22,81 nipype.workflow INFO:
	 [Node] Finished "recon_config", elapsed time 0.054367s.
250304-09:14:22,419 nipype.workflow INFO:
	 [Node] Finished "fov_check", elapsed time 0.39374s.
250304-09:14:23,971 nipype.workflow INFO:
	 [Node] Setting-up "fmriprep_24_1_wf.sub_PILOT01_wf.bold_ses_1_task_rat_dir_PA_run_01_echo_1_part_mag_wf.bold_fit_wf.enhance_and_skullstrip_bold_wf.n4_correct" in "/work/fmriprep_24_1_wf/sub_PILOT01_wf/bold_ses_1_task_rat_dir_PA_run_01_echo_1_part_mag_wf/bold_fit_wf/enhance_and_skullstrip_bold_wf/n4_correct".
250304-09:14:23,972 nipype.workflow INFO:
	 [Node] Setting-up "fmriprep_24_1_wf.sub_PILOT01_wf.bold_ses_1_task_rest_dir_AP_run_01_echo_1_part_mag_wf.bold_fit_wf.enhance_and_skullstrip_bold_wf.n4_correct" in "/work/fmriprep_24_1_wf/sub_PILOT01_wf/bold_ses_1_task_rest_dir_AP_run_01_echo_1_part_mag_wf/bold_fit_wf/enhance_and_skullstrip_bold_wf/n4_correct".
250304-09:14:23,975 nipype.workflow INFO:
	 [Node] Executing "n4_correct" <niworkflows.interfaces.fixes.FixN4BiasFieldCorrection>
250304-09:14:23,977 nipype.workflow INFO:
	 [Node] Executing "n4_correct" <niworkflows.interfaces.fixes.FixN4BiasFieldCorrection>
250304-09:14:28,75 nipype.workflow INFO:
	 [Node] Finished "_truncate_images0", elapsed time 5.777704s.
250304-09:14:29,786 nipype.workflow INFO:
	 [Node] Finished "n4_correct", elapsed time 5.593114s.
250304-09:14:29,925 nipype.workflow INFO:
	 [Node] Finished "n4_correct", elapsed time 5.642779s.
250304-09:14:31,969 nipype.workflow INFO:
	 [Node] Setting-up "_inu_n40" in "/work/fmriprep_24_1_wf/sub_PILOT01_wf/anat_fit_wf/brain_extraction_wf/inu_n4/mapflow/_inu_n40".
250304-09:14:31,973 nipype.workflow INFO:
	 [Node] Executing "_inu_n40" <nipype.interfaces.ants.segmentation.N4BiasFieldCorrection>
250304-09:14:50,264 nipype.workflow INFO:
	 [Node] Finished "_inu_n40", elapsed time 18.07565s.
250304-09:14:54,105 nipype.workflow INFO:
	 [Node] Setting-up "fmriprep_24_1_wf.sub_PILOT01_wf.anat_fit_wf.surface_recon_wf.autorecon1" in "/work/fmriprep_24_1_wf/sub_PILOT01_wf/anat_fit_wf/surface_recon_wf/autorecon1".
250304-09:14:54,112 nipype.workflow INFO:
	 [Node] Executing "autorecon1" <smriprep.interfaces.freesurfer.ReconAll>
