/cbica/projects/pafin/code/processing
211affn001
Tue Mar  4 08:48:35 EST 2025
------------------------------------------------------------------
  Running MRIQC version 25.0.0rc0
  ----------------------------------------------------------------

  NOTICE
  Copyright © The NiPreps Developers.
  
  This product includes software developed by
  the NiPreps Community (https://nipreps.org/).
  
  Portions of this software were developed at the Department of
  Psychology at Stanford University, Stanford, CA, US.
  
  This software contains code ultimately derived from the
  PCP Quality Assessment Protocol (QAP;
  http://preprocessed-connectomes-project.org/quality-assessment-protocol)
  by C. Craddock, S. Giavasis, D. Clark, Z. Shezhad, and J. Pellman.
  
  This software is also distributed as a Docker container image.
  The bootstrapping file for the image ("Dockerfile") is licensed
  under the MIT License.

  ----------------------------------------------------------------

  * BIDS dataset path: /data.
  * Output folder: /deriv/mriqc.
  * Analysis levels: ['group'].
  * BIDS filters-file: /code/processing/filter.json.
------------------------------------------------------------------

2025-03-04 08:48:48 |[33;20m IMPORTANT [0m|[33;20m mriqc            [0m|[33;20m DataLad dataset identified, attempting to `datalad get` unavailable files.[0m
action summary:
  get (notneeded: 161)
2025-03-04 08:48:49 |[33;20m IMPORTANT [0m|[33;20m mriqc            [0m|[33;20m Extracting metadata and entities for 12 input runs of modality 't1w'...[0m
2025-03-04 08:48:49 |[33;20m IMPORTANT [0m|[33;20m mriqc            [0m|[33;20m File size ('t1w'): 0.01|0.01 GB [maximum|average].[0m
2025-03-04 08:48:49 |[33;20m IMPORTANT [0m|[33;20m mriqc            [0m|[33;20m Extracting metadata and entities for 7 input runs of modality 't2w'...[0m
2025-03-04 08:48:50 |[33;20m IMPORTANT [0m|[33;20m mriqc            [0m|[33;20m File size ('t2w'): 0.01|0.01 GB [maximum|average].[0m
2025-03-04 08:48:50 |[33;20m IMPORTANT [0m|[33;20m mriqc            [0m|[33;20m Extracting metadata and entities for 24 input runs of modality 'bold'...[0m
2025-03-04 08:48:54 |[33;20m IMPORTANT [0m|[33;20m mriqc            [0m|[33;20m File size ('bold'): 2.18|1.73 GB [maximum|average].[0m
2025-03-04 08:48:54 |[33;20m IMPORTANT [0m|[33;20m mriqc            [0m|[33;20m Extracting metadata and entities for 22 input runs of modality 'dwi'...[0m
2025-03-04 08:48:55 |[33;20m IMPORTANT [0m|[33;20m mriqc            [0m|[33;20m File size ('dwi'): 0.26|0.23 GB [maximum|average].[0m
------------------------------------------------------------------
Generating group reports
------------------------------------------------------------------

----------------------------------------------------------------
  MRIQC completed (elapsed time 00h 00min 19s).
----------------------------------------------------------------

