/cbica/projects/pafin/code/processing
2119fmn015
Tue Mar  4 11:08:18 EST 2025
Running task 6
Commandline: apptainer run --cleanenv       -B /cbica/projects/pafin/dset:/data       -B /cbica/projects/pafin/derivatives:/deriv       -B /cbica/comp_space/pafin/pafin-qsiprep:/work       -B /cbica/projects/pafin/tokens/freesurfer_license.txt:/license.txt       /cbica/projects/pafin/apptainer/qsiprep-1.0.0.sif       /data       /deriv/qsiprep       participant       --participant-label 24699       -w /work/       --omp-nthreads 20       --nprocs 20       --mem 39000       --fs-license-file /license.txt       --skip-bids-validation       --denoise-method dwidenoise       --output-resolution 1.7       --subject-anatomical-reference sessionwise
250304-11:08:51,564 nipype.workflow IMPORTANT:
	 Running QSIPrep version 1.0.1.dev0+gee9aa2e.d20250115

         License NOTICE ##################################################
         QSIPrep 1.0.1.dev0+gee9aa2e.d20250115
         Copyright The PennLINC Developers.
         
         This product includes software developed by
         the NiPreps Community (https://nipreps.org/).
         
         Portions of this software were developed at the Department of
         Psychology at Stanford University, Stanford, CA, US.
         
         This software is also distributed as a Docker container image.
         The bootstrapping file for the image ("Dockerfile") is licensed
         under the MIT License.
         
         This software may be distributed through an add-on package called
         "Docker Wrapper" that is under the BSD 3-clause License.
         #################################################################
250304-11:08:51,685 nipype.workflow IMPORTANT:
	 Building QSIPrep's workflow:
           * BIDS dataset path: /data.
           * Participant list: ['24699'].
           * Run identifier: 20250304-110824_0a1b048e-a5c1-4fd3-9158-dcc2c65ca5bb.
250304-11:08:52,16 nipype.workflow IMPORTANT:
	 Collected data:
dwi:
- /data/sub-24699/ses-1/dwi/sub-24699_ses-1_dir-AP_run-01_part-mag_dwi.nii.gz
flair: []
fmap:
- /data/sub-24699/ses-1/fmap/sub-24699_ses-1_acq-dwi_dir-PA_run-01_part-mag_epi.nii.gz
- /data/sub-24699/ses-1/fmap/sub-24699_ses-1_acq-dwi_dir-PA_run-01_part-phase_epi.nii.gz
- /data/sub-24699/ses-1/fmap/sub-24699_ses-1_acq-func+meepi_dir-AP_run-01_echo-1_part-mag_epi.nii.gz
- /data/sub-24699/ses-1/fmap/sub-24699_ses-1_acq-func+meepi_dir-AP_run-01_echo-1_part-phase_epi.nii.gz
- /data/sub-24699/ses-1/fmap/sub-24699_ses-1_acq-func+meepi_dir-AP_run-01_echo-2_part-mag_epi.nii.gz
- /data/sub-24699/ses-1/fmap/sub-24699_ses-1_acq-func+meepi_dir-AP_run-01_echo-2_part-phase_epi.nii.gz
- /data/sub-24699/ses-1/fmap/sub-24699_ses-1_acq-func+meepi_dir-AP_run-01_echo-3_part-mag_epi.nii.gz
- /data/sub-24699/ses-1/fmap/sub-24699_ses-1_acq-func+meepi_dir-AP_run-01_echo-3_part-phase_epi.nii.gz
- /data/sub-24699/ses-1/fmap/sub-24699_ses-1_acq-func+meepi_dir-AP_run-01_echo-4_part-mag_epi.nii.gz
- /data/sub-24699/ses-1/fmap/sub-24699_ses-1_acq-func+meepi_dir-AP_run-01_echo-4_part-phase_epi.nii.gz
- /data/sub-24699/ses-1/fmap/sub-24699_ses-1_acq-func+meepi_dir-AP_run-01_echo-5_part-mag_epi.nii.gz
- /data/sub-24699/ses-1/fmap/sub-24699_ses-1_acq-func+meepi_dir-AP_run-01_echo-5_part-phase_epi.nii.gz
- /data/sub-24699/ses-1/fmap/sub-24699_ses-1_acq-func+meepi_dir-PA_run-01_echo-1_part-mag_epi.nii.gz
- /data/sub-24699/ses-1/fmap/sub-24699_ses-1_acq-func+meepi_dir-PA_run-01_echo-1_part-phase_epi.nii.gz
- /data/sub-24699/ses-1/fmap/sub-24699_ses-1_acq-func+meepi_dir-PA_run-01_echo-2_part-mag_epi.nii.gz
- /data/sub-24699/ses-1/fmap/sub-24699_ses-1_acq-func+meepi_dir-PA_run-01_echo-2_part-phase_epi.nii.gz
- /data/sub-24699/ses-1/fmap/sub-24699_ses-1_acq-func+meepi_dir-PA_run-01_echo-3_part-mag_epi.nii.gz
- /data/sub-24699/ses-1/fmap/sub-24699_ses-1_acq-func+meepi_dir-PA_run-01_echo-3_part-phase_epi.nii.gz
- /data/sub-24699/ses-1/fmap/sub-24699_ses-1_acq-func+meepi_dir-PA_run-01_echo-4_part-mag_epi.nii.gz
- /data/sub-24699/ses-1/fmap/sub-24699_ses-1_acq-func+meepi_dir-PA_run-01_echo-4_part-phase_epi.nii.gz
- /data/sub-24699/ses-1/fmap/sub-24699_ses-1_acq-func+meepi_dir-PA_run-01_echo-5_part-mag_epi.nii.gz
- /data/sub-24699/ses-1/fmap/sub-24699_ses-1_acq-func+meepi_dir-PA_run-01_echo-5_part-phase_epi.nii.gz
- /data/sub-24699/ses-1/fmap/sub-24699_ses-1_acq-func_dir-AP_run-01_part-mag_epi.nii.gz
- /data/sub-24699/ses-1/fmap/sub-24699_ses-1_acq-func_dir-AP_run-01_part-phase_epi.nii.gz
- /data/sub-24699/ses-1/fmap/sub-24699_ses-1_acq-func_dir-PA_run-01_part-mag_epi.nii.gz
- /data/sub-24699/ses-1/fmap/sub-24699_ses-1_acq-func_dir-PA_run-01_part-phase_epi.nii.gz
roi: []
sbref: []
t1w:
- /data/sub-24699/ses-1/anat/sub-24699_ses-1_T1w.nii.gz
- /data/sub-24699/ses-1/anat/sub-24699_ses-1_rec-norm_T1w.nii.gz
t2w:
- /data/sub-24699/ses-1/anat/sub-24699_ses-1_T2w.nii.gz
- /data/sub-24699/ses-1/anat/sub-24699_ses-1_rec-norm_T2w.nii.gz

250304-11:08:52,50 nipype.workflow INFO:
	 Running nonlinear normalization to template
250304-11:08:52,82 nipype.workflow INFO:
	 Combining all DWI files within each available session and acquisition:
250304-11:08:52,84 nipype.workflow INFO:
	 	- 1 scans in session 1/acquisition None
250304-11:08:52,126 nipype.workflow INFO:
	 [{'dwi_series': ['/data/sub-24699/ses-1/dwi/sub-24699_ses-1_dir-AP_run-01_part-mag_dwi.nii.gz'], 'fieldmap_info': {'suffix': 'epi', 'epi': ['/data/sub-24699/ses-1/fmap/sub-24699_ses-1_acq-dwi_dir-PA_run-01_part-mag_epi.nii.gz']}, 'dwi_series_pedir': 'j-', 'concatenated_bids_name': 'sub-24699_ses-1_dir-AP_run-01_part-mag'}]
250304-11:08:52,503 nipype.workflow INFO:
	 Phase file found for /data/sub-24699/ses-1/dwi/sub-24699_ses-1_dir-AP_run-01_part-mag_dwi.nii.gz
250304-11:08:52,505 nipype.workflow INFO:
	 Automatically using 3, 3, 3 window for dwidenoise
250304-11:08:52,522 nipype.workflow INFO:
	 Using 20 threads in eddy
250304-11:08:52,557 nipype.workflow INFO:
	 Using single-stage SDC, TOPUP-only
250304-11:08:57,427 nipype.workflow INFO:
	 QSIPrep workflow graph with 280 nodes built successfully.
250304-11:09:17,223 nipype.workflow IMPORTANT:
	 QSIPrep started!
250304-11:09:22,956 nipype.workflow INFO:
	 [Node] Setting-up "qsiprep_1_0_wf.sub_24699_ses_1_wf.dwi_preproc_ses_1_dir_AP_run_01_part_mag_wf.pre_hmc_wf.merge_and_denoise_wf.noise_images" in "/work/qsiprep_1_0_wf/sub_24699_ses_1_wf/dwi_preproc_ses_1_dir_AP_run_01_part_mag_wf/pre_hmc_wf/merge_and_denoise_wf/noise_images".
250304-11:09:22,962 nipype.workflow INFO:
	 [Node] Executing "noise_images" <nipype.interfaces.utility.base.Merge>
250304-11:09:22,966 nipype.workflow INFO:
	 [Node] Finished "noise_images", elapsed time 0.000236s.
250304-11:09:22,971 nipype.workflow INFO:
	 [Node] Setting-up "qsiprep_1_0_wf.sub_24699_ses_1_wf.dwi_preproc_ses_1_dir_AP_run_01_part_mag_wf.pre_hmc_wf.merge_and_denoise_wf.bias_images" in "/work/qsiprep_1_0_wf/sub_24699_ses_1_wf/dwi_preproc_ses_1_dir_AP_run_01_part_mag_wf/pre_hmc_wf/merge_and_denoise_wf/bias_images".
250304-11:09:22,977 nipype.workflow INFO:
	 [Node] Executing "bias_images" <nipype.interfaces.utility.base.Merge>
250304-11:09:22,979 nipype.workflow INFO:
	 [Node] Finished "bias_images", elapsed time 0.000389s.
250304-11:09:25,469 nipype.workflow INFO:
	 [Node] Setting-up "qsiprep_1_0_wf.sub_24699_ses_1_wf.anat_preproc_wf.get_template_image" in "/work/qsiprep_1_0_wf/sub_24699_ses_1_wf/anat_preproc_wf/get_template_image".
250304-11:09:25,476 nipype.workflow INFO:
	 [Node] Executing "get_template_image" <qsiprep.interfaces.anatomical.GetTemplate>
250304-11:09:25,569 nipype.workflow INFO:
	 [Node] Setting-up "qsiprep_1_0_wf.sub_24699_ses_1_wf.bidssrc" in "/work/qsiprep_1_0_wf/sub_24699_ses_1_wf/bidssrc".
250304-11:09:25,680 nipype.workflow INFO:
	 [Node] Executing "bidssrc" <qsiprep.interfaces.bids.BIDSDataGrabber>
250304-11:09:25,684 nipype.interface WARNING:
	 No 'flair' images found for sub-<undefined>
250304-11:09:25,685 nipype.interface WARNING:
	 No 'sbref' images found for sub-<undefined>
250304-11:09:25,685 nipype.interface WARNING:
	 No 'roi' images found for sub-<undefined>
250304-11:09:25,686 nipype.workflow INFO:
	 [Node] Finished "bidssrc", elapsed time 0.000846s.
250304-11:09:25,708 nipype.workflow INFO:
	 [Node] Finished "get_template_image", elapsed time 0.226314s.
250304-11:09:26,602 nipype.workflow INFO:
	 [Node] Setting-up "qsiprep_1_0_wf.sub_24699_ses_1_wf.dwi_preproc_ses_1_dir_AP_run_01_part_mag_wf.pre_hmc_wf.merge_and_denoise_wf.conform_dwis01" in "/work/qsiprep_1_0_wf/sub_24699_ses_1_wf/dwi_preproc_ses_1_dir_AP_run_01_part_mag_wf/pre_hmc_wf/merge_and_denoise_wf/conform_dwis01".
250304-11:09:26,608 nipype.workflow INFO:
	 [Node] Executing "conform_dwis01" <qsiprep.interfaces.images.ConformDwi>
250304-11:09:26,637 nipype.workflow INFO:
	 [Node] Setting-up "qsiprep_1_0_wf.sub_24699_ses_1_wf.anat_preproc_wf.output_grid_wf.voxel_size_chooser" in "/work/qsiprep_1_0_wf/sub_24699_ses_1_wf/anat_preproc_wf/output_grid_wf/voxel_size_chooser".
250304-11:09:26,643 nipype.workflow INFO:
	 [Node] Executing "voxel_size_chooser" <qsiprep.interfaces.anatomical.VoxelSizeChooser>
250304-11:09:26,648 nipype.workflow INFO:
	 [Node] Finished "voxel_size_chooser", elapsed time 0.000175s.
250304-11:09:26,727 nipype.interface INFO:
	 Not applying reorientation to /data/sub-24699/ses-1/dwi/sub-24699_ses-1_dir-AP_run-01_part-mag_dwi.nii.gz: already in LAS
250304-11:09:26,727 nipype.workflow INFO:
	 [Node] Finished "conform_dwis01", elapsed time 0.115255s.
250304-11:09:26,847 nipype.workflow INFO:
	 [Node] Setting-up "qsiprep_1_0_wf.sub_24699_ses_1_wf.dwi_preproc_ses_1_dir_AP_run_01_part_mag_wf.pre_hmc_wf.merge_and_denoise_wf.conform_phase1" in "/work/qsiprep_1_0_wf/sub_24699_ses_1_wf/dwi_preproc_ses_1_dir_AP_run_01_part_mag_wf/pre_hmc_wf/merge_and_denoise_wf/conform_phase1".
250304-11:09:26,857 nipype.workflow INFO:
	 [Node] Executing "conform_phase1" <qsiprep.interfaces.images.ConformDwi>
250304-11:09:26,969 nipype.workflow INFO:
	 [Node] Setting-up "qsiprep_1_0_wf.sub_24699_ses_1_wf.dwi_finalize_ses_1_dir_AP_run_01_part_mag_wf.merged_sidecar" in "/work/qsiprep_1_0_wf/sub_24699_ses_1_wf/dwi_finalize_ses_1_dir_AP_run_01_part_mag_wf/merged_sidecar".
250304-11:09:27,52 nipype.interface INFO:
	 Not applying reorientation to /data/sub-24699/ses-1/dwi/sub-24699_ses-1_dir-AP_run-01_part-phase_dwi.nii.gz: already in LAS
250304-11:09:27,53 nipype.workflow INFO:
	 [Node] Finished "conform_phase1", elapsed time 0.195088s.
250304-11:09:27,124 nipype.workflow INFO:
	 [Node] Executing "merged_sidecar" <qsiprep.interfaces.bids.DerivativesSidecar>
250304-11:09:27,130 nipype.workflow INFO:
	 [Node] Finished "merged_sidecar", elapsed time 0.001575s.
250304-11:09:27,997 nipype.workflow INFO:
	 [Node] Setting-up "qsiprep_1_0_wf.sub_24699_ses_1_wf.anat_preproc_wf.reorient_mask_to_lps" in "/work/qsiprep_1_0_wf/sub_24699_ses_1_wf/anat_preproc_wf/reorient_mask_to_lps".
250304-11:09:27,999 nipype.workflow INFO:
	 [Node] Setting-up "qsiprep_1_0_wf.sub_24699_ses_1_wf.dwi_preproc_ses_1_dir_AP_run_01_part_mag_wf.pre_hmc_wf.merge_and_denoise_wf.conformed_raw_images" in "/work/qsiprep_1_0_wf/sub_24699_ses_1_wf/dwi_preproc_ses_1_dir_AP_run_01_part_mag_wf/pre_hmc_wf/merge_and_denoise_wf/conformed_raw_images".
250304-11:09:28,1 nipype.workflow INFO:
	 [Node] Setting-up "qsiprep_1_0_wf.sub_24699_ses_1_wf.dwi_preproc_ses_1_dir_AP_run_01_part_mag_wf.pre_hmc_wf.merge_and_denoise_wf.conformed_bvals" in "/work/qsiprep_1_0_wf/sub_24699_ses_1_wf/dwi_preproc_ses_1_dir_AP_run_01_part_mag_wf/pre_hmc_wf/merge_and_denoise_wf/conformed_bvals".
250304-11:09:28,2 nipype.workflow INFO:
	 [Node] Setting-up "qsiprep_1_0_wf.sub_24699_ses_1_wf.dwi_preproc_ses_1_dir_AP_run_01_part_mag_wf.pre_hmc_wf.merge_and_denoise_wf.conformed_bvecs" in "/work/qsiprep_1_0_wf/sub_24699_ses_1_wf/dwi_preproc_ses_1_dir_AP_run_01_part_mag_wf/pre_hmc_wf/merge_and_denoise_wf/conformed_bvecs".
250304-11:09:28,8 nipype.workflow INFO:
	 [Node] Executing "conformed_raw_images" <nipype.interfaces.utility.base.Merge>
250304-11:09:28,10 nipype.workflow INFO:
	 [Node] Finished "conformed_raw_images", elapsed time 0.00049s.
250304-11:09:28,10 nipype.workflow INFO:
	 [Node] Executing "conformed_bvecs" <nipype.interfaces.utility.base.Merge>
250304-11:09:28,11 nipype.workflow INFO:
	 [Node] Executing "conformed_bvals" <nipype.interfaces.utility.base.Merge>
250304-11:09:28,13 nipype.workflow INFO:
	 [Node] Finished "conformed_bvecs", elapsed time 0.000501s.
250304-11:09:28,14 nipype.workflow INFO:
	 [Node] Finished "conformed_bvals", elapsed time 0.000462s.
250304-11:09:28,30 nipype.workflow INFO:
	 [Node] Setting-up "qsiprep_1_0_wf.sub_24699_ses_1_wf.anat_preproc_wf.anat_template_wf.template_dimensions" in "/work/qsiprep_1_0_wf/sub_24699_ses_1_wf/anat_preproc_wf/anat_template_wf/template_dimensions".
250304-11:09:28,50 nipype.workflow INFO:
	 [Node] Setting-up "qsiprep_1_0_wf.sub_24699_ses_1_wf.anat_preproc_wf.mask_template" in "/work/qsiprep_1_0_wf/sub_24699_ses_1_wf/anat_preproc_wf/mask_template".
250304-11:09:28,144 nipype.workflow INFO:
	 [Node] Executing "reorient_mask_to_lps" <nipype.interfaces.afni.utils.Resample>
250304-11:09:28,198 nipype.workflow INFO:
	 [Node] Setting-up "qsiprep_1_0_wf.sub_24699_ses_1_wf.dwi_preproc_ses_1_dir_AP_run_01_part_mag_wf.pre_hmc_wf.merge_and_denoise_wf.conformation_reports" in "/work/qsiprep_1_0_wf/sub_24699_ses_1_wf/dwi_preproc_ses_1_dir_AP_run_01_part_mag_wf/pre_hmc_wf/merge_and_denoise_wf/conformation_reports".
250304-11:09:28,209 nipype.workflow INFO:
	 [Node] Executing "conformation_reports" <nipype.interfaces.utility.base.Merge>
250304-11:09:28,211 nipype.workflow INFO:
	 [Node] Finished "conformation_reports", elapsed time 0.000324s.
250304-11:09:28,657 nipype.workflow INFO:
	 [Node] Finished "reorient_mask_to_lps", elapsed time 0.512342s.
250304-11:09:31,529 nipype.workflow INFO:
	 [Node] Executing "mask_template" <nipype.interfaces.afni.utils.Calc>
250304-11:09:31,570 nipype.workflow INFO:
	 [Node] Executing "template_dimensions" <niworkflows.interfaces.images.TemplateDimensions>
250304-11:09:31,914 nipype.workflow INFO:
	 [Node] Finished "template_dimensions", elapsed time 0.34009s.
250304-11:09:32,933 nipype.workflow INFO:
	 [Node] Finished "mask_template", elapsed time 1.399638s.
250304-11:09:34,222 nipype.workflow INFO:
	 [Node] Setting-up "qsiprep_1_0_wf.sub_24699_ses_1_wf.dwi_preproc_ses_1_dir_AP_run_01_part_mag_wf.pre_hmc_wf.merge_and_denoise_wf.dwi_denoise_ses_1_dir_AP_run_01_part_mag_dwi_wf.phase_to_radians" in "/work/qsiprep_1_0_wf/sub_24699_ses_1_wf/dwi_preproc_ses_1_dir_AP_run_01_part_mag_wf/pre_hmc_wf/merge_and_denoise_wf/dwi_denoise_ses_1_dir_AP_run_01_part_mag_dwi_wf/phase_to_radians".
250304-11:09:34,228 nipype.workflow INFO:
	 [Node] Executing "phase_to_radians" <qsiprep.interfaces.dwi_merge.PhaseToRad>
250304-11:09:51,793 nipype.workflow INFO:
	 [Node] Finished "phase_to_radians", elapsed time 17.564186s.
250304-11:09:53,743 nipype.workflow INFO:
	 [Node] Setting-up "qsiprep_1_0_wf.sub_24699_ses_1_wf.anat_preproc_wf.anat_derivatives_wf.t1_name" in "/work/qsiprep_1_0_wf/sub_24699_ses_1_wf/anat_preproc_wf/anat_derivatives_wf/t1_name".
250304-11:09:53,761 nipype.workflow INFO:
	 [Node] Executing "t1_name" <nipype.interfaces.utility.wrappers.Function>
250304-11:09:53,764 nipype.workflow INFO:
	 [Node] Finished "t1_name", elapsed time 0.000988s.
250304-11:09:53,899 nipype.workflow INFO:
	 [Node] Setting-up "qsiprep_1_0_wf.sub_24699_ses_1_wf.anat_preproc_wf.reorient_brain_to_lps" in "/work/qsiprep_1_0_wf/sub_24699_ses_1_wf/anat_preproc_wf/reorient_brain_to_lps".
250304-11:09:53,900 nipype.workflow INFO:
	 [Node] Setting-up "_anat_conform0" in "/work/qsiprep_1_0_wf/sub_24699_ses_1_wf/anat_preproc_wf/anat_template_wf/anat_conform/mapflow/_anat_conform0".
250304-11:09:53,901 nipype.workflow INFO:
	 [Node] Setting-up "_anat_conform1" in "/work/qsiprep_1_0_wf/sub_24699_ses_1_wf/anat_preproc_wf/anat_template_wf/anat_conform/mapflow/_anat_conform1".
250304-11:09:53,906 nipype.workflow INFO:
	 [Node] Executing "_anat_conform1" <qsiprep.interfaces.images.Conform>
250304-11:09:53,909 nipype.workflow INFO:
	 [Node] Executing "_anat_conform0" <qsiprep.interfaces.images.Conform>
250304-11:09:53,909 nipype.workflow INFO:
	 [Node] Executing "reorient_brain_to_lps" <nipype.interfaces.afni.utils.Resample>
250304-11:09:54,466 nipype.workflow INFO:
	 [Node] Finished "reorient_brain_to_lps", elapsed time 0.555203s.
250304-11:09:54,683 nipype.workflow INFO:
	 [Node] Finished "_anat_conform1", elapsed time 0.776086s.
250304-11:09:54,768 nipype.workflow INFO:
	 [Node] Finished "_anat_conform0", elapsed time 0.858179s.
250304-11:09:55,746 nipype.workflow INFO:
	 [Node] Setting-up "qsiprep_1_0_wf.sub_24699_ses_1_wf.anat_preproc_wf.output_grid_wf.autobox_template" in "/work/qsiprep_1_0_wf/sub_24699_ses_1_wf/anat_preproc_wf/output_grid_wf/autobox_template".
250304-11:09:55,756 nipype.workflow INFO:
	 [Node] Setting-up "_anat_conform0" in "/work/qsiprep_1_0_wf/sub_24699_ses_1_wf/anat_preproc_wf/anat_template_wf/anat_conform/mapflow/_anat_conform0".
250304-11:09:55,756 nipype.workflow INFO:
	 [Node] Executing "autobox_template" <nipype.interfaces.afni.utils.Autobox>
250304-11:09:55,758 nipype.workflow INFO:
	 [Node] Cached "_anat_conform0" - collecting precomputed outputs
250304-11:09:55,758 nipype.workflow INFO:
	 [Node] "_anat_conform0" found cached.
250304-11:09:55,760 nipype.workflow INFO:
	 [Node] Setting-up "_anat_conform1" in "/work/qsiprep_1_0_wf/sub_24699_ses_1_wf/anat_preproc_wf/anat_template_wf/anat_conform/mapflow/_anat_conform1".
250304-11:09:55,762 nipype.workflow INFO:
	 [Node] Cached "_anat_conform1" - collecting precomputed outputs
250304-11:09:55,762 nipype.workflow INFO:
	 [Node] "_anat_conform1" found cached.
250304-11:09:56,580 nipype.workflow INFO:
	 [Node] Finished "autobox_template", elapsed time 0.822506s.
250304-11:09:57,825 nipype.workflow INFO:
	 [Node] Setting-up "qsiprep_1_0_wf.sub_24699_ses_1_wf.dwi_preproc_ses_1_dir_AP_run_01_part_mag_wf.pre_hmc_wf.merge_and_denoise_wf.raw_merge" in "/work/qsiprep_1_0_wf/sub_24699_ses_1_wf/dwi_preproc_ses_1_dir_AP_run_01_part_mag_wf/pre_hmc_wf/merge_and_denoise_wf/raw_merge".
250304-11:09:57,840 nipype.workflow INFO:
	 [Node] Executing "raw_merge" <qsiprep.interfaces.nilearn.Merge>
250304-11:10:11,812 nipype.workflow INFO:
	 [Node] Finished "raw_merge", elapsed time 13.970781s.
250304-11:10:13,781 nipype.workflow INFO:
	 [Node] Setting-up "qsiprep_1_0_wf.sub_24699_ses_1_wf.dwi_preproc_ses_1_dir_AP_run_01_part_mag_wf.pre_hmc_wf.merge_and_denoise_wf.dwi_denoise_ses_1_dir_AP_run_01_part_mag_dwi_wf.combine_complex" in "/work/qsiprep_1_0_wf/sub_24699_ses_1_wf/dwi_preproc_ses_1_dir_AP_run_01_part_mag_wf/pre_hmc_wf/merge_and_denoise_wf/dwi_denoise_ses_1_dir_AP_run_01_part_mag_dwi_wf/combine_complex".
250304-11:10:13,790 nipype.workflow INFO:
	 [Node] Executing "combine_complex" <qsiprep.interfaces.mrtrix.PolarToComplex>
250304-11:11:24,441 nipype.workflow INFO:
	 [Node] Finished "combine_complex", elapsed time 70.650379s.
250304-11:11:25,851 nipype.workflow INFO:
	 [Node] Setting-up "qsiprep_1_0_wf.sub_24699_ses_1_wf.dwi_preproc_ses_1_dir_AP_run_01_part_mag_wf.test_pre_hmc_connect" in "/work/qsiprep_1_0_wf/sub_24699_ses_1_wf/dwi_preproc_ses_1_dir_AP_run_01_part_mag_wf/test_pre_hmc_connect".
250304-11:11:25,852 nipype.workflow INFO:
	 [Node] Setting-up "qsiprep_1_0_wf.sub_24699_ses_1_wf.anat_preproc_wf.output_grid_wf.deoblique_autobox" in "/work/qsiprep_1_0_wf/sub_24699_ses_1_wf/anat_preproc_wf/output_grid_wf/deoblique_autobox".
250304-11:11:25,862 nipype.workflow INFO:
	 [Node] Executing "deoblique_autobox" <nipype.interfaces.afni.preprocess.Warp>
250304-11:11:25,891 nipype.workflow INFO:
	 [Node] Executing "test_pre_hmc_connect" <qsiprep.interfaces.utils.TestInput>
250304-11:11:25,892 nipype.workflow INFO:
	 [Node] Finished "test_pre_hmc_connect", elapsed time 3.7e-05s.
250304-11:11:25,892 nipype.workflow WARNING:
	 Storing result file without outputs
250304-11:11:26,836 nipype.workflow INFO:
	 [Node] Finished "deoblique_autobox", elapsed time 0.971932s.
250304-11:11:27,915 nipype.workflow INFO:
	 [Node] Setting-up "qsiprep_1_0_wf.sub_24699_ses_1_wf.dwi_preproc_ses_1_dir_AP_run_01_part_mag_wf.pre_hmc_wf.merge_and_denoise_wf.dwi_denoise_ses_1_dir_AP_run_01_part_mag_dwi_wf.denoiser" in "/work/qsiprep_1_0_wf/sub_24699_ses_1_wf/dwi_preproc_ses_1_dir_AP_run_01_part_mag_wf/pre_hmc_wf/merge_and_denoise_wf/dwi_denoise_ses_1_dir_AP_run_01_part_mag_dwi_wf/denoiser".
250304-11:11:27,920 nipype.workflow INFO:
	 [Node] Executing "denoiser" <qsiprep.interfaces.mrtrix.DWIDenoise>
250304-11:12:55,384 nipype.interface INFO:
	 Generating denoising visual report
250304-11:13:45,170 nipype.workflow INFO:
	 [Node] Finished "denoiser", elapsed time 137.048634s.
250304-11:13:46,267 nipype.workflow INFO:
	 [Node] Setting-up "qsiprep_1_0_wf.sub_24699_ses_1_wf.dwi_preproc_ses_1_dir_AP_run_01_part_mag_wf.pre_hmc_wf.merge_and_denoise_wf.dwi_denoise_ses_1_dir_AP_run_01_part_mag_dwi_wf.merge_confounds" in "/work/qsiprep_1_0_wf/sub_24699_ses_1_wf/dwi_preproc_ses_1_dir_AP_run_01_part_mag_wf/pre_hmc_wf/merge_and_denoise_wf/dwi_denoise_ses_1_dir_AP_run_01_part_mag_dwi_wf/merge_confounds".
250304-11:13:46,268 nipype.workflow INFO:
	 [Node] Setting-up "qsiprep_1_0_wf.sub_24699_ses_1_wf.anat_preproc_wf.output_grid_wf.resample_to_voxel_size" in "/work/qsiprep_1_0_wf/sub_24699_ses_1_wf/anat_preproc_wf/output_grid_wf/resample_to_voxel_size".
250304-11:13:46,279 nipype.workflow INFO:
	 [Node] Executing "resample_to_voxel_size" <nipype.interfaces.afni.utils.Resample>
250304-11:13:46,297 nipype.workflow INFO:
	 [Node] Executing "merge_confounds" <nipype.interfaces.utility.base.Merge>
250304-11:13:46,297 nipype.workflow INFO:
	 [Node] Finished "merge_confounds", elapsed time 0.000191s.
250304-11:13:46,532 nipype.workflow INFO:
	 [Node] Finished "resample_to_voxel_size", elapsed time 0.251875s.
250304-11:13:48,55 nipype.workflow INFO:
	 [Node] Setting-up "qsiprep_1_0_wf.sub_24699_ses_1_wf.dwi_preproc_ses_1_dir_AP_run_01_part_mag_wf.pre_hmc_wf.merge_and_denoise_wf.dwi_denoise_ses_1_dir_AP_run_01_part_mag_dwi_wf.split_complex" in "/work/qsiprep_1_0_wf/sub_24699_ses_1_wf/dwi_preproc_ses_1_dir_AP_run_01_part_mag_wf/pre_hmc_wf/merge_and_denoise_wf/dwi_denoise_ses_1_dir_AP_run_01_part_mag_dwi_wf/split_complex".
250304-11:13:48,61 nipype.workflow INFO:
	 [Node] Executing "split_complex" <qsiprep.interfaces.mrtrix.ComplexToMagnitude>
250304-11:14:29,702 nipype.workflow INFO:
	 [Node] Finished "split_complex", elapsed time 41.640175s.
250304-11:14:30,57 nipype.workflow INFO:
	 [Node] Setting-up "qsiprep_1_0_wf.sub_24699_ses_1_wf.dwi_preproc_ses_1_dir_AP_run_01_part_mag_wf.pre_hmc_wf.merge_and_denoise_wf.conformed_images" in "/work/qsiprep_1_0_wf/sub_24699_ses_1_wf/dwi_preproc_ses_1_dir_AP_run_01_part_mag_wf/pre_hmc_wf/merge_and_denoise_wf/conformed_images".
250304-11:14:30,66 nipype.workflow INFO:
	 [Node] Executing "conformed_images" <nipype.interfaces.utility.base.Merge>
250304-11:14:30,68 nipype.workflow INFO:
	 [Node] Finished "conformed_images", elapsed time 0.000432s.
250304-11:14:30,603 nipype.workflow INFO:
	 [Node] Setting-up "qsiprep_1_0_wf.sub_24699_ses_1_wf.dwi_preproc_ses_1_dir_AP_run_01_part_mag_wf.pre_hmc_wf.merge_and_denoise_wf.dwi_denoise_ses_1_dir_AP_run_01_part_mag_dwi_wf.hstack_confounds" in "/work/qsiprep_1_0_wf/sub_24699_ses_1_wf/dwi_preproc_ses_1_dir_AP_run_01_part_mag_wf/pre_hmc_wf/merge_and_denoise_wf/dwi_denoise_ses_1_dir_AP_run_01_part_mag_dwi_wf/hstack_confounds".
250304-11:14:30,608 nipype.workflow INFO:
	 [Node] Executing "hstack_confounds" <qsiprep.interfaces.dwi_merge.StackConfounds>
250304-11:14:30,625 nipype.workflow INFO:
	 [Node] Finished "hstack_confounds", elapsed time 0.015868s.
250304-11:14:32,78 nipype.workflow INFO:
	 [Node] Setting-up "qsiprep_1_0_wf.sub_24699_ses_1_wf.dwi_preproc_ses_1_dir_AP_run_01_part_mag_wf.pre_hmc_wf.merge_and_denoise_wf.denoising_confounds" in "/work/qsiprep_1_0_wf/sub_24699_ses_1_wf/dwi_preproc_ses_1_dir_AP_run_01_part_mag_wf/pre_hmc_wf/merge_and_denoise_wf/denoising_confounds".
250304-11:14:32,626 nipype.workflow INFO:
	 [Node] Executing "denoising_confounds" <nipype.interfaces.utility.base.Merge>
250304-11:14:32,627 nipype.workflow INFO:
	 [Node] Finished "denoising_confounds", elapsed time 0.000185s.
250304-11:14:34,609 nipype.workflow INFO:
	 [Node] Setting-up "qsiprep_1_0_wf.sub_24699_ses_1_wf.dwi_preproc_ses_1_dir_AP_run_01_part_mag_wf.pre_hmc_wf.merge_and_denoise_wf.merge_dwis" in "/work/qsiprep_1_0_wf/sub_24699_ses_1_wf/dwi_preproc_ses_1_dir_AP_run_01_part_mag_wf/pre_hmc_wf/merge_and_denoise_wf/merge_dwis".
250304-11:14:34,622 nipype.workflow INFO:
	 [Node] Executing "merge_dwis" <qsiprep.interfaces.dwi_merge.MergeDWIs>
250304-11:14:34,622 nipype.workflow WARNING:
	 [Node] Error on "qsiprep_1_0_wf.sub_24699_ses_1_wf.dwi_preproc_ses_1_dir_AP_run_01_part_mag_wf.pre_hmc_wf.merge_and_denoise_wf.merge_dwis" (/work/qsiprep_1_0_wf/sub_24699_ses_1_wf/dwi_preproc_ses_1_dir_AP_run_01_part_mag_wf/pre_hmc_wf/merge_and_denoise_wf/merge_dwis)
