/cbica/projects/pafin/code/processing
2119fmn006
Tue Mar  4 11:07:13 EST 2025
Running task 3
Commandline: apptainer run --cleanenv       -B /cbica/projects/pafin/dset:/data       -B /cbica/projects/pafin/derivatives:/deriv       -B /cbica/comp_space/pafin/pafin-qsiprep:/work       -B /cbica/projects/pafin/tokens/freesurfer_license.txt:/license.txt       /cbica/projects/pafin/apptainer/qsiprep-1.0.0.sif       /data       /deriv/qsiprep       participant       --participant-label 24684       -w /work/       --omp-nthreads 20       --nprocs 20       --mem 39000       --fs-license-file /license.txt       --skip-bids-validation       --denoise-method dwidenoise       --output-resolution 1.7       --subject-anatomical-reference sessionwise
250304-11:07:42,585 nipype.workflow IMPORTANT:
	 Running QSIPrep version 1.0.1.dev0+gee9aa2e.d20250115

         License NOTICE ##################################################
         QSIPrep 1.0.1.dev0+gee9aa2e.d20250115
         Copyright The PennLINC Developers.
         
         This product includes software developed by
         the NiPreps Community (https://nipreps.org/).
         
         Portions of this software were developed at the Department of
         Psychology at Stanford University, Stanford, CA, US.
         
         This software is also distributed as a Docker container image.
         The bootstrapping file for the image ("Dockerfile") is licensed
         under the MIT License.
         
         This software may be distributed through an add-on package called
         "Docker Wrapper" that is under the BSD 3-clause License.
         #################################################################
250304-11:07:42,678 nipype.workflow IMPORTANT:
	 Building QSIPrep's workflow:
           * BIDS dataset path: /data.
           * Participant list: ['24684'].
           * Run identifier: 20250304-110719_63708202-0054-49d0-a909-2c5e8b6ad200.
250304-11:07:43,21 nipype.workflow IMPORTANT:
	 Collected data:
dwi:
- /data/sub-24684/ses-1/dwi/sub-24684_ses-1_dir-AP_run-01_part-mag_dwi.nii.gz
flair: []
fmap:
- /data/sub-24684/ses-1/fmap/sub-24684_ses-1_acq-dwi_dir-PA_run-01_part-mag_epi.nii.gz
- /data/sub-24684/ses-1/fmap/sub-24684_ses-1_acq-dwi_dir-PA_run-01_part-phase_epi.nii.gz
- /data/sub-24684/ses-1/fmap/sub-24684_ses-1_acq-func+meepi_dir-AP_run-01_echo-1_part-mag_epi.nii.gz
- /data/sub-24684/ses-1/fmap/sub-24684_ses-1_acq-func+meepi_dir-AP_run-01_echo-1_part-phase_epi.nii.gz
- /data/sub-24684/ses-1/fmap/sub-24684_ses-1_acq-func+meepi_dir-AP_run-01_echo-2_part-mag_epi.nii.gz
- /data/sub-24684/ses-1/fmap/sub-24684_ses-1_acq-func+meepi_dir-AP_run-01_echo-2_part-phase_epi.nii.gz
- /data/sub-24684/ses-1/fmap/sub-24684_ses-1_acq-func+meepi_dir-AP_run-01_echo-3_part-mag_epi.nii.gz
- /data/sub-24684/ses-1/fmap/sub-24684_ses-1_acq-func+meepi_dir-AP_run-01_echo-3_part-phase_epi.nii.gz
- /data/sub-24684/ses-1/fmap/sub-24684_ses-1_acq-func+meepi_dir-AP_run-01_echo-4_part-mag_epi.nii.gz
- /data/sub-24684/ses-1/fmap/sub-24684_ses-1_acq-func+meepi_dir-AP_run-01_echo-4_part-phase_epi.nii.gz
- /data/sub-24684/ses-1/fmap/sub-24684_ses-1_acq-func+meepi_dir-AP_run-01_echo-5_part-mag_epi.nii.gz
- /data/sub-24684/ses-1/fmap/sub-24684_ses-1_acq-func+meepi_dir-AP_run-01_echo-5_part-phase_epi.nii.gz
- /data/sub-24684/ses-1/fmap/sub-24684_ses-1_acq-func+meepi_dir-PA_run-01_echo-1_part-mag_epi.nii.gz
- /data/sub-24684/ses-1/fmap/sub-24684_ses-1_acq-func+meepi_dir-PA_run-01_echo-1_part-phase_epi.nii.gz
- /data/sub-24684/ses-1/fmap/sub-24684_ses-1_acq-func+meepi_dir-PA_run-01_echo-2_part-mag_epi.nii.gz
- /data/sub-24684/ses-1/fmap/sub-24684_ses-1_acq-func+meepi_dir-PA_run-01_echo-2_part-phase_epi.nii.gz
- /data/sub-24684/ses-1/fmap/sub-24684_ses-1_acq-func+meepi_dir-PA_run-01_echo-3_part-mag_epi.nii.gz
- /data/sub-24684/ses-1/fmap/sub-24684_ses-1_acq-func+meepi_dir-PA_run-01_echo-3_part-phase_epi.nii.gz
- /data/sub-24684/ses-1/fmap/sub-24684_ses-1_acq-func+meepi_dir-PA_run-01_echo-4_part-mag_epi.nii.gz
- /data/sub-24684/ses-1/fmap/sub-24684_ses-1_acq-func+meepi_dir-PA_run-01_echo-4_part-phase_epi.nii.gz
- /data/sub-24684/ses-1/fmap/sub-24684_ses-1_acq-func+meepi_dir-PA_run-01_echo-5_part-mag_epi.nii.gz
- /data/sub-24684/ses-1/fmap/sub-24684_ses-1_acq-func+meepi_dir-PA_run-01_echo-5_part-phase_epi.nii.gz
- /data/sub-24684/ses-1/fmap/sub-24684_ses-1_acq-func_dir-AP_run-01_part-mag_epi.nii.gz
- /data/sub-24684/ses-1/fmap/sub-24684_ses-1_acq-func_dir-AP_run-01_part-phase_epi.nii.gz
- /data/sub-24684/ses-1/fmap/sub-24684_ses-1_acq-func_dir-PA_run-01_part-mag_epi.nii.gz
- /data/sub-24684/ses-1/fmap/sub-24684_ses-1_acq-func_dir-PA_run-01_part-phase_epi.nii.gz
roi: []
sbref: []
t1w:
- /data/sub-24684/ses-1/anat/sub-24684_ses-1_T1w.nii.gz
- /data/sub-24684/ses-1/anat/sub-24684_ses-1_rec-norm_T1w.nii.gz
t2w:
- /data/sub-24684/ses-1/anat/sub-24684_ses-1_T2w.nii.gz
- /data/sub-24684/ses-1/anat/sub-24684_ses-1_rec-norm_T2w.nii.gz

250304-11:07:43,53 nipype.workflow INFO:
	 Running nonlinear normalization to template
250304-11:07:43,82 nipype.workflow INFO:
	 Combining all DWI files within each available session and acquisition:
250304-11:07:43,85 nipype.workflow INFO:
	 	- 1 scans in session 1/acquisition None
250304-11:07:43,123 nipype.workflow INFO:
	 [{'dwi_series': ['/data/sub-24684/ses-1/dwi/sub-24684_ses-1_dir-AP_run-01_part-mag_dwi.nii.gz'], 'fieldmap_info': {'suffix': 'epi', 'epi': ['/data/sub-24684/ses-1/fmap/sub-24684_ses-1_acq-dwi_dir-PA_run-01_part-mag_epi.nii.gz']}, 'dwi_series_pedir': 'j-', 'concatenated_bids_name': 'sub-24684_ses-1_dir-AP_run-01_part-mag'}]
250304-11:07:43,445 nipype.workflow INFO:
	 Phase file found for /data/sub-24684/ses-1/dwi/sub-24684_ses-1_dir-AP_run-01_part-mag_dwi.nii.gz
250304-11:07:43,448 nipype.workflow INFO:
	 Automatically using 3, 3, 3 window for dwidenoise
250304-11:07:43,461 nipype.workflow INFO:
	 Using 20 threads in eddy
250304-11:07:43,476 nipype.workflow INFO:
	 Using single-stage SDC, TOPUP-only
250304-11:07:48,99 nipype.workflow INFO:
	 QSIPrep workflow graph with 280 nodes built successfully.
250304-11:08:07,483 nipype.workflow IMPORTANT:
	 QSIPrep started!
250304-11:08:11,729 nipype.workflow INFO:
	 [Node] Setting-up "qsiprep_1_0_wf.sub_24684_ses_1_wf.dwi_preproc_ses_1_dir_AP_run_01_part_mag_wf.pre_hmc_wf.merge_and_denoise_wf.noise_images" in "/work/qsiprep_1_0_wf/sub_24684_ses_1_wf/dwi_preproc_ses_1_dir_AP_run_01_part_mag_wf/pre_hmc_wf/merge_and_denoise_wf/noise_images".
250304-11:08:11,737 nipype.workflow INFO:
	 [Node] Executing "noise_images" <nipype.interfaces.utility.base.Merge>
250304-11:08:11,741 nipype.workflow INFO:
	 [Node] Finished "noise_images", elapsed time 0.000541s.
250304-11:08:11,749 nipype.workflow INFO:
	 [Node] Setting-up "qsiprep_1_0_wf.sub_24684_ses_1_wf.dwi_preproc_ses_1_dir_AP_run_01_part_mag_wf.pre_hmc_wf.merge_and_denoise_wf.bias_images" in "/work/qsiprep_1_0_wf/sub_24684_ses_1_wf/dwi_preproc_ses_1_dir_AP_run_01_part_mag_wf/pre_hmc_wf/merge_and_denoise_wf/bias_images".
250304-11:08:11,755 nipype.workflow INFO:
	 [Node] Executing "bias_images" <nipype.interfaces.utility.base.Merge>
250304-11:08:11,757 nipype.workflow INFO:
	 [Node] Finished "bias_images", elapsed time 0.000323s.
250304-11:08:15,333 nipype.workflow INFO:
	 [Node] Setting-up "qsiprep_1_0_wf.sub_24684_ses_1_wf.bidssrc" in "/work/qsiprep_1_0_wf/sub_24684_ses_1_wf/bidssrc".
250304-11:08:15,342 nipype.workflow INFO:
	 [Node] Executing "bidssrc" <qsiprep.interfaces.bids.BIDSDataGrabber>
250304-11:08:15,347 nipype.interface WARNING:
	 No 'flair' images found for sub-<undefined>
250304-11:08:15,347 nipype.interface WARNING:
	 No 'sbref' images found for sub-<undefined>
250304-11:08:15,347 nipype.interface WARNING:
	 No 'roi' images found for sub-<undefined>
250304-11:08:15,348 nipype.workflow INFO:
	 [Node] Finished "bidssrc", elapsed time 0.000623s.
250304-11:08:15,465 nipype.workflow INFO:
	 [Node] Setting-up "qsiprep_1_0_wf.sub_24684_ses_1_wf.anat_preproc_wf.output_grid_wf.voxel_size_chooser" in "/work/qsiprep_1_0_wf/sub_24684_ses_1_wf/anat_preproc_wf/output_grid_wf/voxel_size_chooser".
250304-11:08:15,472 nipype.workflow INFO:
	 [Node] Executing "voxel_size_chooser" <qsiprep.interfaces.anatomical.VoxelSizeChooser>
250304-11:08:15,477 nipype.workflow INFO:
	 [Node] Finished "voxel_size_chooser", elapsed time 0.000151s.
250304-11:08:15,502 nipype.workflow INFO:
	 [Node] Setting-up "qsiprep_1_0_wf.sub_24684_ses_1_wf.dwi_preproc_ses_1_dir_AP_run_01_part_mag_wf.pre_hmc_wf.merge_and_denoise_wf.conform_dwis01" in "/work/qsiprep_1_0_wf/sub_24684_ses_1_wf/dwi_preproc_ses_1_dir_AP_run_01_part_mag_wf/pre_hmc_wf/merge_and_denoise_wf/conform_dwis01".
250304-11:08:15,508 nipype.workflow INFO:
	 [Node] Executing "conform_dwis01" <qsiprep.interfaces.images.ConformDwi>
250304-11:08:15,535 nipype.workflow INFO:
	 [Node] Setting-up "qsiprep_1_0_wf.sub_24684_ses_1_wf.dwi_finalize_ses_1_dir_AP_run_01_part_mag_wf.merged_sidecar" in "/work/qsiprep_1_0_wf/sub_24684_ses_1_wf/dwi_finalize_ses_1_dir_AP_run_01_part_mag_wf/merged_sidecar".
250304-11:08:15,547 nipype.workflow INFO:
	 [Node] Setting-up "qsiprep_1_0_wf.sub_24684_ses_1_wf.anat_preproc_wf.get_template_image" in "/work/qsiprep_1_0_wf/sub_24684_ses_1_wf/anat_preproc_wf/get_template_image".
250304-11:08:15,552 nipype.workflow INFO:
	 [Node] Executing "get_template_image" <qsiprep.interfaces.anatomical.GetTemplate>
250304-11:08:15,571 nipype.workflow INFO:
	 [Node] Setting-up "qsiprep_1_0_wf.sub_24684_ses_1_wf.dwi_preproc_ses_1_dir_AP_run_01_part_mag_wf.pre_hmc_wf.merge_and_denoise_wf.conform_phase1" in "/work/qsiprep_1_0_wf/sub_24684_ses_1_wf/dwi_preproc_ses_1_dir_AP_run_01_part_mag_wf/pre_hmc_wf/merge_and_denoise_wf/conform_phase1".
250304-11:08:15,578 nipype.workflow INFO:
	 [Node] Executing "conform_phase1" <qsiprep.interfaces.images.ConformDwi>
250304-11:08:15,631 nipype.interface INFO:
	 Not applying reorientation to /data/sub-24684/ses-1/dwi/sub-24684_ses-1_dir-AP_run-01_part-mag_dwi.nii.gz: already in LAS
250304-11:08:15,631 nipype.workflow INFO:
	 [Node] Finished "conform_dwis01", elapsed time 0.118793s.
250304-11:08:15,679 nipype.workflow INFO:
	 [Node] Executing "merged_sidecar" <qsiprep.interfaces.bids.DerivativesSidecar>
250304-11:08:15,686 nipype.workflow INFO:
	 [Node] Finished "merged_sidecar", elapsed time 0.00173s.
250304-11:08:15,766 nipype.workflow INFO:
	 [Node] Finished "get_template_image", elapsed time 0.20896s.
250304-11:08:15,766 nipype.interface INFO:
	 Not applying reorientation to /data/sub-24684/ses-1/dwi/sub-24684_ses-1_dir-AP_run-01_part-phase_dwi.nii.gz: already in LAS
250304-11:08:15,766 nipype.workflow INFO:
	 [Node] Finished "conform_phase1", elapsed time 0.184247s.
250304-11:08:16,234 nipype.workflow INFO:
	 [Node] Setting-up "qsiprep_1_0_wf.sub_24684_ses_1_wf.dwi_preproc_ses_1_dir_AP_run_01_part_mag_wf.pre_hmc_wf.merge_and_denoise_wf.conformed_raw_images" in "/work/qsiprep_1_0_wf/sub_24684_ses_1_wf/dwi_preproc_ses_1_dir_AP_run_01_part_mag_wf/pre_hmc_wf/merge_and_denoise_wf/conformed_raw_images".
250304-11:08:16,234 nipype.workflow INFO:
	 [Node] Setting-up "qsiprep_1_0_wf.sub_24684_ses_1_wf.dwi_preproc_ses_1_dir_AP_run_01_part_mag_wf.pre_hmc_wf.merge_and_denoise_wf.conformation_reports" in "/work/qsiprep_1_0_wf/sub_24684_ses_1_wf/dwi_preproc_ses_1_dir_AP_run_01_part_mag_wf/pre_hmc_wf/merge_and_denoise_wf/conformation_reports".
250304-11:08:16,235 nipype.workflow INFO:
	 [Node] Setting-up "qsiprep_1_0_wf.sub_24684_ses_1_wf.dwi_preproc_ses_1_dir_AP_run_01_part_mag_wf.pre_hmc_wf.merge_and_denoise_wf.conformed_bvals" in "/work/qsiprep_1_0_wf/sub_24684_ses_1_wf/dwi_preproc_ses_1_dir_AP_run_01_part_mag_wf/pre_hmc_wf/merge_and_denoise_wf/conformed_bvals".
250304-11:08:16,244 nipype.workflow INFO:
	 [Node] Executing "conformation_reports" <nipype.interfaces.utility.base.Merge>
250304-11:08:16,245 nipype.workflow INFO:
	 [Node] Executing "conformed_bvals" <nipype.interfaces.utility.base.Merge>
250304-11:08:16,246 nipype.workflow INFO:
	 [Node] Finished "conformation_reports", elapsed time 0.00044s.
250304-11:08:16,247 nipype.workflow INFO:
	 [Node] Finished "conformed_bvals", elapsed time 0.000464s.
250304-11:08:16,263 nipype.workflow INFO:
	 [Node] Setting-up "qsiprep_1_0_wf.sub_24684_ses_1_wf.anat_preproc_wf.anat_template_wf.template_dimensions" in "/work/qsiprep_1_0_wf/sub_24684_ses_1_wf/anat_preproc_wf/anat_template_wf/template_dimensions".
250304-11:08:16,371 nipype.workflow INFO:
	 [Node] Setting-up "qsiprep_1_0_wf.sub_24684_ses_1_wf.dwi_preproc_ses_1_dir_AP_run_01_part_mag_wf.pre_hmc_wf.merge_and_denoise_wf.conformed_bvecs" in "/work/qsiprep_1_0_wf/sub_24684_ses_1_wf/dwi_preproc_ses_1_dir_AP_run_01_part_mag_wf/pre_hmc_wf/merge_and_denoise_wf/conformed_bvecs".
250304-11:08:16,377 nipype.workflow INFO:
	 [Node] Executing "conformed_bvecs" <nipype.interfaces.utility.base.Merge>
250304-11:08:16,378 nipype.workflow INFO:
	 [Node] Finished "conformed_bvecs", elapsed time 0.000162s.
250304-11:08:17,932 nipype.workflow INFO:
	 [Node] Setting-up "qsiprep_1_0_wf.sub_24684_ses_1_wf.anat_preproc_wf.mask_template" in "/work/qsiprep_1_0_wf/sub_24684_ses_1_wf/anat_preproc_wf/mask_template".
250304-11:08:17,933 nipype.workflow INFO:
	 [Node] Setting-up "qsiprep_1_0_wf.sub_24684_ses_1_wf.anat_preproc_wf.reorient_mask_to_lps" in "/work/qsiprep_1_0_wf/sub_24684_ses_1_wf/anat_preproc_wf/reorient_mask_to_lps".
250304-11:08:17,942 nipype.workflow INFO:
	 [Node] Executing "mask_template" <nipype.interfaces.afni.utils.Calc>
250304-11:08:17,943 nipype.workflow INFO:
	 [Node] Executing "reorient_mask_to_lps" <nipype.interfaces.afni.utils.Resample>
250304-11:08:18,489 nipype.workflow INFO:
	 [Node] Finished "reorient_mask_to_lps", elapsed time 0.544556s.
250304-11:08:19,473 nipype.workflow INFO:
	 [Node] Finished "mask_template", elapsed time 1.530578s.
250304-11:08:19,667 nipype.workflow INFO:
	 [Node] Executing "template_dimensions" <niworkflows.interfaces.images.TemplateDimensions>
250304-11:08:19,761 nipype.workflow INFO:
	 [Node] Executing "conformed_raw_images" <nipype.interfaces.utility.base.Merge>
250304-11:08:19,762 nipype.workflow INFO:
	 [Node] Finished "conformed_raw_images", elapsed time 0.000147s.
250304-11:08:20,0 nipype.workflow INFO:
	 [Node] Finished "template_dimensions", elapsed time 0.328724s.
250304-11:08:20,55 nipype.workflow INFO:
	 [Node] Setting-up "qsiprep_1_0_wf.sub_24684_ses_1_wf.anat_preproc_wf.reorient_brain_to_lps" in "/work/qsiprep_1_0_wf/sub_24684_ses_1_wf/anat_preproc_wf/reorient_brain_to_lps".
250304-11:08:20,61 nipype.workflow INFO:
	 [Node] Executing "reorient_brain_to_lps" <nipype.interfaces.afni.utils.Resample>
250304-11:08:20,539 nipype.workflow INFO:
	 [Node] Finished "reorient_brain_to_lps", elapsed time 0.477276s.
250304-11:08:22,559 nipype.workflow INFO:
	 [Node] Setting-up "qsiprep_1_0_wf.sub_24684_ses_1_wf.dwi_preproc_ses_1_dir_AP_run_01_part_mag_wf.pre_hmc_wf.merge_and_denoise_wf.dwi_denoise_ses_1_dir_AP_run_01_part_mag_dwi_wf.phase_to_radians" in "/work/qsiprep_1_0_wf/sub_24684_ses_1_wf/dwi_preproc_ses_1_dir_AP_run_01_part_mag_wf/pre_hmc_wf/merge_and_denoise_wf/dwi_denoise_ses_1_dir_AP_run_01_part_mag_dwi_wf/phase_to_radians".
250304-11:08:22,567 nipype.workflow INFO:
	 [Node] Executing "phase_to_radians" <qsiprep.interfaces.dwi_merge.PhaseToRad>
250304-11:08:39,266 nipype.workflow INFO:
	 [Node] Finished "phase_to_radians", elapsed time 16.69842s.
250304-11:08:39,958 nipype.workflow INFO:
	 [Node] Setting-up "qsiprep_1_0_wf.sub_24684_ses_1_wf.anat_preproc_wf.anat_derivatives_wf.t1_name" in "/work/qsiprep_1_0_wf/sub_24684_ses_1_wf/anat_preproc_wf/anat_derivatives_wf/t1_name".
250304-11:08:39,977 nipype.workflow INFO:
	 [Node] Executing "t1_name" <nipype.interfaces.utility.wrappers.Function>
250304-11:08:39,980 nipype.workflow INFO:
	 [Node] Finished "t1_name", elapsed time 0.001027s.
250304-11:08:40,129 nipype.workflow INFO:
	 [Node] Setting-up "qsiprep_1_0_wf.sub_24684_ses_1_wf.anat_preproc_wf.output_grid_wf.autobox_template" in "/work/qsiprep_1_0_wf/sub_24684_ses_1_wf/anat_preproc_wf/output_grid_wf/autobox_template".
250304-11:08:40,131 nipype.workflow INFO:
	 [Node] Setting-up "_anat_conform0" in "/work/qsiprep_1_0_wf/sub_24684_ses_1_wf/anat_preproc_wf/anat_template_wf/anat_conform/mapflow/_anat_conform0".
250304-11:08:40,131 nipype.workflow INFO:
	 [Node] Setting-up "_anat_conform1" in "/work/qsiprep_1_0_wf/sub_24684_ses_1_wf/anat_preproc_wf/anat_template_wf/anat_conform/mapflow/_anat_conform1".
250304-11:08:40,138 nipype.workflow INFO:
	 [Node] Executing "autobox_template" <nipype.interfaces.afni.utils.Autobox>
250304-11:08:40,138 nipype.workflow INFO:
	 [Node] Executing "_anat_conform0" <qsiprep.interfaces.images.Conform>
250304-11:08:40,139 nipype.workflow INFO:
	 [Node] Executing "_anat_conform1" <qsiprep.interfaces.images.Conform>
250304-11:08:40,881 nipype.workflow INFO:
	 [Node] Finished "_anat_conform1", elapsed time 0.74031s.
250304-11:08:40,923 nipype.workflow INFO:
	 [Node] Finished "_anat_conform0", elapsed time 0.782673s.
250304-11:08:40,946 nipype.workflow INFO:
	 [Node] Finished "autobox_template", elapsed time 0.806957s.
250304-11:08:41,953 nipype.workflow INFO:
	 [Node] Setting-up "qsiprep_1_0_wf.sub_24684_ses_1_wf.anat_preproc_wf.output_grid_wf.deoblique_autobox" in "/work/qsiprep_1_0_wf/sub_24684_ses_1_wf/anat_preproc_wf/output_grid_wf/deoblique_autobox".
250304-11:08:41,957 nipype.workflow INFO:
	 [Node] Setting-up "_anat_conform0" in "/work/qsiprep_1_0_wf/sub_24684_ses_1_wf/anat_preproc_wf/anat_template_wf/anat_conform/mapflow/_anat_conform0".
250304-11:08:41,958 nipype.workflow INFO:
	 [Node] Cached "_anat_conform0" - collecting precomputed outputs
250304-11:08:41,959 nipype.workflow INFO:
	 [Node] "_anat_conform0" found cached.
250304-11:08:41,959 nipype.workflow INFO:
	 [Node] Setting-up "_anat_conform1" in "/work/qsiprep_1_0_wf/sub_24684_ses_1_wf/anat_preproc_wf/anat_template_wf/anat_conform/mapflow/_anat_conform1".
250304-11:08:41,960 nipype.workflow INFO:
	 [Node] Cached "_anat_conform1" - collecting precomputed outputs
250304-11:08:41,960 nipype.workflow INFO:
	 [Node] "_anat_conform1" found cached.
250304-11:08:41,963 nipype.workflow INFO:
	 [Node] Executing "deoblique_autobox" <nipype.interfaces.afni.preprocess.Warp>
250304-11:08:42,822 nipype.workflow INFO:
	 [Node] Finished "deoblique_autobox", elapsed time 0.857464s.
250304-11:08:44,8 nipype.workflow INFO:
	 [Node] Setting-up "qsiprep_1_0_wf.sub_24684_ses_1_wf.dwi_preproc_ses_1_dir_AP_run_01_part_mag_wf.pre_hmc_wf.merge_and_denoise_wf.raw_merge" in "/work/qsiprep_1_0_wf/sub_24684_ses_1_wf/dwi_preproc_ses_1_dir_AP_run_01_part_mag_wf/pre_hmc_wf/merge_and_denoise_wf/raw_merge".
250304-11:08:44,14 nipype.workflow INFO:
	 [Node] Executing "raw_merge" <qsiprep.interfaces.nilearn.Merge>
250304-11:08:57,807 nipype.workflow INFO:
	 [Node] Finished "raw_merge", elapsed time 13.792438s.
250304-11:08:58,26 nipype.workflow INFO:
	 [Node] Setting-up "qsiprep_1_0_wf.sub_24684_ses_1_wf.dwi_preproc_ses_1_dir_AP_run_01_part_mag_wf.pre_hmc_wf.merge_and_denoise_wf.dwi_denoise_ses_1_dir_AP_run_01_part_mag_dwi_wf.combine_complex" in "/work/qsiprep_1_0_wf/sub_24684_ses_1_wf/dwi_preproc_ses_1_dir_AP_run_01_part_mag_wf/pre_hmc_wf/merge_and_denoise_wf/dwi_denoise_ses_1_dir_AP_run_01_part_mag_dwi_wf/combine_complex".
250304-11:08:58,34 nipype.workflow INFO:
	 [Node] Executing "combine_complex" <qsiprep.interfaces.mrtrix.PolarToComplex>
250304-11:10:04,727 nipype.workflow INFO:
	 [Node] Finished "combine_complex", elapsed time 66.69155s.
250304-11:10:06,58 nipype.workflow INFO:
	 [Node] Setting-up "qsiprep_1_0_wf.sub_24684_ses_1_wf.dwi_preproc_ses_1_dir_AP_run_01_part_mag_wf.test_pre_hmc_connect" in "/work/qsiprep_1_0_wf/sub_24684_ses_1_wf/dwi_preproc_ses_1_dir_AP_run_01_part_mag_wf/test_pre_hmc_connect".
250304-11:10:06,59 nipype.workflow INFO:
	 [Node] Setting-up "qsiprep_1_0_wf.sub_24684_ses_1_wf.anat_preproc_wf.output_grid_wf.resample_to_voxel_size" in "/work/qsiprep_1_0_wf/sub_24684_ses_1_wf/anat_preproc_wf/output_grid_wf/resample_to_voxel_size".
250304-11:10:06,73 nipype.workflow INFO:
	 [Node] Executing "resample_to_voxel_size" <nipype.interfaces.afni.utils.Resample>
250304-11:10:06,112 nipype.workflow INFO:
	 [Node] Executing "test_pre_hmc_connect" <qsiprep.interfaces.utils.TestInput>
250304-11:10:06,113 nipype.workflow INFO:
	 [Node] Finished "test_pre_hmc_connect", elapsed time 3e-05s.
250304-11:10:06,113 nipype.workflow WARNING:
	 Storing result file without outputs
250304-11:10:06,356 nipype.workflow INFO:
	 [Node] Finished "resample_to_voxel_size", elapsed time 0.281023s.
250304-11:10:08,92 nipype.workflow INFO:
	 [Node] Setting-up "qsiprep_1_0_wf.sub_24684_ses_1_wf.dwi_preproc_ses_1_dir_AP_run_01_part_mag_wf.pre_hmc_wf.merge_and_denoise_wf.dwi_denoise_ses_1_dir_AP_run_01_part_mag_dwi_wf.denoiser" in "/work/qsiprep_1_0_wf/sub_24684_ses_1_wf/dwi_preproc_ses_1_dir_AP_run_01_part_mag_wf/pre_hmc_wf/merge_and_denoise_wf/dwi_denoise_ses_1_dir_AP_run_01_part_mag_dwi_wf/denoiser".
250304-11:10:08,98 nipype.workflow INFO:
	 [Node] Executing "denoiser" <qsiprep.interfaces.mrtrix.DWIDenoise>
250304-11:11:30,805 nipype.interface INFO:
	 Generating denoising visual report
250304-11:12:11,16 nipype.workflow INFO:
	 [Node] Finished "denoiser", elapsed time 122.701259s.
250304-11:12:12,421 nipype.workflow INFO:
	 [Node] Setting-up "qsiprep_1_0_wf.sub_24684_ses_1_wf.dwi_preproc_ses_1_dir_AP_run_01_part_mag_wf.pre_hmc_wf.merge_and_denoise_wf.dwi_denoise_ses_1_dir_AP_run_01_part_mag_dwi_wf.merge_confounds" in "/work/qsiprep_1_0_wf/sub_24684_ses_1_wf/dwi_preproc_ses_1_dir_AP_run_01_part_mag_wf/pre_hmc_wf/merge_and_denoise_wf/dwi_denoise_ses_1_dir_AP_run_01_part_mag_dwi_wf/merge_confounds".
250304-11:12:12,466 nipype.workflow INFO:
	 [Node] Executing "merge_confounds" <nipype.interfaces.utility.base.Merge>
250304-11:12:12,467 nipype.workflow INFO:
	 [Node] Finished "merge_confounds", elapsed time 0.000156s.
250304-11:12:14,361 nipype.workflow INFO:
	 [Node] Setting-up "qsiprep_1_0_wf.sub_24684_ses_1_wf.dwi_preproc_ses_1_dir_AP_run_01_part_mag_wf.pre_hmc_wf.merge_and_denoise_wf.dwi_denoise_ses_1_dir_AP_run_01_part_mag_dwi_wf.split_complex" in "/work/qsiprep_1_0_wf/sub_24684_ses_1_wf/dwi_preproc_ses_1_dir_AP_run_01_part_mag_wf/pre_hmc_wf/merge_and_denoise_wf/dwi_denoise_ses_1_dir_AP_run_01_part_mag_dwi_wf/split_complex".
250304-11:12:14,366 nipype.workflow INFO:
	 [Node] Executing "split_complex" <qsiprep.interfaces.mrtrix.ComplexToMagnitude>
250304-11:12:52,768 nipype.workflow INFO:
	 [Node] Finished "split_complex", elapsed time 38.402039s.
250304-11:12:54,242 nipype.workflow INFO:
	 [Node] Setting-up "qsiprep_1_0_wf.sub_24684_ses_1_wf.dwi_preproc_ses_1_dir_AP_run_01_part_mag_wf.pre_hmc_wf.merge_and_denoise_wf.conformed_images" in "/work/qsiprep_1_0_wf/sub_24684_ses_1_wf/dwi_preproc_ses_1_dir_AP_run_01_part_mag_wf/pre_hmc_wf/merge_and_denoise_wf/conformed_images".
250304-11:12:54,289 nipype.workflow INFO:
	 [Node] Executing "conformed_images" <nipype.interfaces.utility.base.Merge>
250304-11:12:54,290 nipype.workflow INFO:
	 [Node] Finished "conformed_images", elapsed time 0.000181s.
250304-11:12:54,744 nipype.workflow INFO:
	 [Node] Setting-up "qsiprep_1_0_wf.sub_24684_ses_1_wf.dwi_preproc_ses_1_dir_AP_run_01_part_mag_wf.pre_hmc_wf.merge_and_denoise_wf.dwi_denoise_ses_1_dir_AP_run_01_part_mag_dwi_wf.hstack_confounds" in "/work/qsiprep_1_0_wf/sub_24684_ses_1_wf/dwi_preproc_ses_1_dir_AP_run_01_part_mag_wf/pre_hmc_wf/merge_and_denoise_wf/dwi_denoise_ses_1_dir_AP_run_01_part_mag_dwi_wf/hstack_confounds".
250304-11:12:54,750 nipype.workflow INFO:
	 [Node] Executing "hstack_confounds" <qsiprep.interfaces.dwi_merge.StackConfounds>
250304-11:12:54,766 nipype.workflow INFO:
	 [Node] Finished "hstack_confounds", elapsed time 0.014927s.
250304-11:12:56,254 nipype.workflow INFO:
	 [Node] Setting-up "qsiprep_1_0_wf.sub_24684_ses_1_wf.dwi_preproc_ses_1_dir_AP_run_01_part_mag_wf.pre_hmc_wf.merge_and_denoise_wf.denoising_confounds" in "/work/qsiprep_1_0_wf/sub_24684_ses_1_wf/dwi_preproc_ses_1_dir_AP_run_01_part_mag_wf/pre_hmc_wf/merge_and_denoise_wf/denoising_confounds".
250304-11:12:56,263 nipype.workflow INFO:
	 [Node] Executing "denoising_confounds" <nipype.interfaces.utility.base.Merge>
250304-11:12:56,265 nipype.workflow INFO:
	 [Node] Finished "denoising_confounds", elapsed time 0.000432s.
250304-11:12:58,752 nipype.workflow INFO:
	 [Node] Setting-up "qsiprep_1_0_wf.sub_24684_ses_1_wf.dwi_preproc_ses_1_dir_AP_run_01_part_mag_wf.pre_hmc_wf.merge_and_denoise_wf.merge_dwis" in "/work/qsiprep_1_0_wf/sub_24684_ses_1_wf/dwi_preproc_ses_1_dir_AP_run_01_part_mag_wf/pre_hmc_wf/merge_and_denoise_wf/merge_dwis".
250304-11:12:58,762 nipype.workflow INFO:
	 [Node] Executing "merge_dwis" <qsiprep.interfaces.dwi_merge.MergeDWIs>
250304-11:12:58,762 nipype.workflow WARNING:
	 [Node] Error on "qsiprep_1_0_wf.sub_24684_ses_1_wf.dwi_preproc_ses_1_dir_AP_run_01_part_mag_wf.pre_hmc_wf.merge_and_denoise_wf.merge_dwis" (/work/qsiprep_1_0_wf/sub_24684_ses_1_wf/dwi_preproc_ses_1_dir_AP_run_01_part_mag_wf/pre_hmc_wf/merge_and_denoise_wf/merge_dwis)
