/cbica/projects/pafin/code/processing
2117ga003
Tue Mar  4 11:08:50 EST 2025
Running task 7
Commandline: apptainer run --cleanenv       -B /cbica/projects/pafin/dset:/data       -B /cbica/projects/pafin/derivatives:/deriv       -B /cbica/comp_space/pafin/pafin-qsiprep:/work       -B /cbica/projects/pafin/tokens/freesurfer_license.txt:/license.txt       /cbica/projects/pafin/apptainer/qsiprep-1.0.0.sif       /data       /deriv/qsiprep       participant       --participant-label PILOT02       -w /work/       --omp-nthreads 20       --nprocs 20       --mem 39000       --fs-license-file /license.txt       --skip-bids-validation       --denoise-method dwidenoise       --output-resolution 1.7       --subject-anatomical-reference sessionwise
250304-11:09:09,339 nipype.workflow IMPORTANT:
	 Running QSIPrep version 1.0.1.dev0+gee9aa2e.d20250115

         License NOTICE ##################################################
         QSIPrep 1.0.1.dev0+gee9aa2e.d20250115
         Copyright The PennLINC Developers.
         
         This product includes software developed by
         the NiPreps Community (https://nipreps.org/).
         
         Portions of this software were developed at the Department of
         Psychology at Stanford University, Stanford, CA, US.
         
         This software is also distributed as a Docker container image.
         The bootstrapping file for the image ("Dockerfile") is licensed
         under the MIT License.
         
         This software may be distributed through an add-on package called
         "Docker Wrapper" that is under the BSD 3-clause License.
         #################################################################
250304-11:09:09,404 nipype.workflow IMPORTANT:
	 Building QSIPrep's workflow:
           * BIDS dataset path: /data.
           * Participant list: ['PILOT02'].
           * Run identifier: 20250304-110854_d90343cb-5153-49d0-8f45-5c54524298ed.
250304-11:09:09,532 nipype.workflow IMPORTANT:
	 Collected data:
dwi:
- /data/sub-PILOT02/ses-1/dwi/sub-PILOT02_ses-1_dir-AP_run-01_part-mag_dwi.nii.gz
flair: []
fmap:
- /data/sub-PILOT02/ses-1/fmap/sub-PILOT02_ses-1_acq-dwi_dir-PA_run-01_part-mag_epi.nii.gz
- /data/sub-PILOT02/ses-1/fmap/sub-PILOT02_ses-1_acq-dwi_dir-PA_run-01_part-phase_epi.nii.gz
- /data/sub-PILOT02/ses-1/fmap/sub-PILOT02_ses-1_acq-func+meepi_dir-AP_run-01_echo-1_part-mag_epi.nii.gz
- /data/sub-PILOT02/ses-1/fmap/sub-PILOT02_ses-1_acq-func+meepi_dir-AP_run-01_echo-1_part-phase_epi.nii.gz
- /data/sub-PILOT02/ses-1/fmap/sub-PILOT02_ses-1_acq-func+meepi_dir-AP_run-01_echo-2_part-mag_epi.nii.gz
- /data/sub-PILOT02/ses-1/fmap/sub-PILOT02_ses-1_acq-func+meepi_dir-AP_run-01_echo-2_part-phase_epi.nii.gz
- /data/sub-PILOT02/ses-1/fmap/sub-PILOT02_ses-1_acq-func+meepi_dir-AP_run-01_echo-3_part-mag_epi.nii.gz
- /data/sub-PILOT02/ses-1/fmap/sub-PILOT02_ses-1_acq-func+meepi_dir-AP_run-01_echo-3_part-phase_epi.nii.gz
- /data/sub-PILOT02/ses-1/fmap/sub-PILOT02_ses-1_acq-func+meepi_dir-AP_run-01_echo-4_part-mag_epi.nii.gz
- /data/sub-PILOT02/ses-1/fmap/sub-PILOT02_ses-1_acq-func+meepi_dir-AP_run-01_echo-4_part-phase_epi.nii.gz
- /data/sub-PILOT02/ses-1/fmap/sub-PILOT02_ses-1_acq-func+meepi_dir-AP_run-01_echo-5_part-mag_epi.nii.gz
- /data/sub-PILOT02/ses-1/fmap/sub-PILOT02_ses-1_acq-func+meepi_dir-AP_run-01_echo-5_part-phase_epi.nii.gz
- /data/sub-PILOT02/ses-1/fmap/sub-PILOT02_ses-1_acq-func+meepi_dir-PA_run-01_echo-1_part-mag_epi.nii.gz
- /data/sub-PILOT02/ses-1/fmap/sub-PILOT02_ses-1_acq-func+meepi_dir-PA_run-01_echo-1_part-phase_epi.nii.gz
- /data/sub-PILOT02/ses-1/fmap/sub-PILOT02_ses-1_acq-func+meepi_dir-PA_run-01_echo-2_part-mag_epi.nii.gz
- /data/sub-PILOT02/ses-1/fmap/sub-PILOT02_ses-1_acq-func+meepi_dir-PA_run-01_echo-2_part-phase_epi.nii.gz
- /data/sub-PILOT02/ses-1/fmap/sub-PILOT02_ses-1_acq-func+meepi_dir-PA_run-01_echo-3_part-mag_epi.nii.gz
- /data/sub-PILOT02/ses-1/fmap/sub-PILOT02_ses-1_acq-func+meepi_dir-PA_run-01_echo-3_part-phase_epi.nii.gz
- /data/sub-PILOT02/ses-1/fmap/sub-PILOT02_ses-1_acq-func+meepi_dir-PA_run-01_echo-4_part-mag_epi.nii.gz
- /data/sub-PILOT02/ses-1/fmap/sub-PILOT02_ses-1_acq-func+meepi_dir-PA_run-01_echo-4_part-phase_epi.nii.gz
- /data/sub-PILOT02/ses-1/fmap/sub-PILOT02_ses-1_acq-func+meepi_dir-PA_run-01_echo-5_part-mag_epi.nii.gz
- /data/sub-PILOT02/ses-1/fmap/sub-PILOT02_ses-1_acq-func+meepi_dir-PA_run-01_echo-5_part-phase_epi.nii.gz
- /data/sub-PILOT02/ses-1/fmap/sub-PILOT02_ses-1_acq-func_dir-AP_run-01_part-mag_epi.nii.gz
- /data/sub-PILOT02/ses-1/fmap/sub-PILOT02_ses-1_acq-func_dir-AP_run-01_part-phase_epi.nii.gz
- /data/sub-PILOT02/ses-1/fmap/sub-PILOT02_ses-1_acq-func_dir-PA_run-01_part-mag_epi.nii.gz
- /data/sub-PILOT02/ses-1/fmap/sub-PILOT02_ses-1_acq-func_dir-PA_run-01_part-phase_epi.nii.gz
roi: []
sbref: []
t1w:
- /data/sub-PILOT02/ses-1/anat/sub-PILOT02_ses-1_T1w.nii.gz
- /data/sub-PILOT02/ses-1/anat/sub-PILOT02_ses-1_rec-norm_T1w.nii.gz
t2w: []

250304-11:09:09,558 nipype.workflow INFO:
	 Running nonlinear normalization to template
250304-11:09:09,581 nipype.workflow INFO:
	 Combining all DWI files within each available session and acquisition:
250304-11:09:09,582 nipype.workflow INFO:
	 	- 1 scans in session 1/acquisition None
250304-11:09:09,615 nipype.workflow INFO:
	 [{'dwi_series': ['/data/sub-PILOT02/ses-1/dwi/sub-PILOT02_ses-1_dir-AP_run-01_part-mag_dwi.nii.gz'], 'fieldmap_info': {'suffix': 'epi', 'epi': ['/data/sub-PILOT02/ses-1/fmap/sub-PILOT02_ses-1_acq-dwi_dir-PA_run-01_part-mag_epi.nii.gz']}, 'dwi_series_pedir': 'j-', 'concatenated_bids_name': 'sub-PILOT02_ses-1_dir-AP_run-01_part-mag'}]
250304-11:09:09,886 nipype.workflow INFO:
	 Phase file found for /data/sub-PILOT02/ses-1/dwi/sub-PILOT02_ses-1_dir-AP_run-01_part-mag_dwi.nii.gz
250304-11:09:09,888 nipype.workflow INFO:
	 Automatically using 3, 3, 3 window for dwidenoise
250304-11:09:09,898 nipype.workflow INFO:
	 Using 20 threads in eddy
250304-11:09:09,911 nipype.workflow INFO:
	 Using single-stage SDC, TOPUP-only
250304-11:09:13,108 nipype.workflow INFO:
	 QSIPrep workflow graph with 280 nodes built successfully.
250304-11:09:27,471 nipype.workflow IMPORTANT:
	 QSIPrep started!
250304-11:09:30,336 nipype.workflow INFO:
	 [Node] Setting-up "qsiprep_1_0_wf.sub_PILOT02_ses_1_wf.dwi_preproc_ses_1_dir_AP_run_01_part_mag_wf.pre_hmc_wf.merge_and_denoise_wf.noise_images" in "/work/qsiprep_1_0_wf/sub_PILOT02_ses_1_wf/dwi_preproc_ses_1_dir_AP_run_01_part_mag_wf/pre_hmc_wf/merge_and_denoise_wf/noise_images".
250304-11:09:30,340 nipype.workflow INFO:
	 [Node] Executing "noise_images" <nipype.interfaces.utility.base.Merge>
250304-11:09:30,341 nipype.workflow INFO:
	 [Node] Setting-up "qsiprep_1_0_wf.sub_PILOT02_ses_1_wf.dwi_preproc_ses_1_dir_AP_run_01_part_mag_wf.pre_hmc_wf.merge_and_denoise_wf.bias_images" in "/work/qsiprep_1_0_wf/sub_PILOT02_ses_1_wf/dwi_preproc_ses_1_dir_AP_run_01_part_mag_wf/pre_hmc_wf/merge_and_denoise_wf/bias_images".
250304-11:09:30,342 nipype.workflow INFO:
	 [Node] Finished "noise_images", elapsed time 0.000152s.
250304-11:09:30,344 nipype.workflow INFO:
	 [Node] Executing "bias_images" <nipype.interfaces.utility.base.Merge>
250304-11:09:30,346 nipype.workflow INFO:
	 [Node] Finished "bias_images", elapsed time 0.000163s.
250304-11:09:32,651 nipype.workflow INFO:
	 [Node] Setting-up "qsiprep_1_0_wf.sub_PILOT02_ses_1_wf.bidssrc" in "/work/qsiprep_1_0_wf/sub_PILOT02_ses_1_wf/bidssrc".
250304-11:09:32,657 nipype.workflow INFO:
	 [Node] Executing "bidssrc" <qsiprep.interfaces.bids.BIDSDataGrabber>
250304-11:09:32,658 nipype.interface INFO:
	 No T2w images found for subject sub-<undefined>, but no problem because --anat-modality T1w was selected.
250304-11:09:32,658 nipype.interface WARNING:
	 No 'flair' images found for sub-<undefined>
250304-11:09:32,659 nipype.interface WARNING:
	 No 'sbref' images found for sub-<undefined>
250304-11:09:32,659 nipype.interface WARNING:
	 No 'roi' images found for sub-<undefined>
250304-11:09:32,659 nipype.workflow INFO:
	 [Node] Finished "bidssrc", elapsed time 0.000473s.
250304-11:09:32,832 nipype.workflow INFO:
	 [Node] Setting-up "qsiprep_1_0_wf.sub_PILOT02_ses_1_wf.dwi_preproc_ses_1_dir_AP_run_01_part_mag_wf.pre_hmc_wf.merge_and_denoise_wf.conform_dwis01" in "/work/qsiprep_1_0_wf/sub_PILOT02_ses_1_wf/dwi_preproc_ses_1_dir_AP_run_01_part_mag_wf/pre_hmc_wf/merge_and_denoise_wf/conform_dwis01".
250304-11:09:32,836 nipype.workflow INFO:
	 [Node] Executing "conform_dwis01" <qsiprep.interfaces.images.ConformDwi>
250304-11:09:32,843 nipype.workflow INFO:
	 [Node] Setting-up "qsiprep_1_0_wf.sub_PILOT02_ses_1_wf.dwi_finalize_ses_1_dir_AP_run_01_part_mag_wf.merged_sidecar" in "/work/qsiprep_1_0_wf/sub_PILOT02_ses_1_wf/dwi_finalize_ses_1_dir_AP_run_01_part_mag_wf/merged_sidecar".
250304-11:09:32,848 nipype.workflow INFO:
	 [Node] Setting-up "qsiprep_1_0_wf.sub_PILOT02_ses_1_wf.anat_preproc_wf.get_template_image" in "/work/qsiprep_1_0_wf/sub_PILOT02_ses_1_wf/anat_preproc_wf/get_template_image".
250304-11:09:32,851 nipype.workflow INFO:
	 [Node] Executing "get_template_image" <qsiprep.interfaces.anatomical.GetTemplate>
250304-11:09:32,854 nipype.workflow INFO:
	 [Node] Setting-up "qsiprep_1_0_wf.sub_PILOT02_ses_1_wf.dwi_preproc_ses_1_dir_AP_run_01_part_mag_wf.pre_hmc_wf.merge_and_denoise_wf.conform_phase1" in "/work/qsiprep_1_0_wf/sub_PILOT02_ses_1_wf/dwi_preproc_ses_1_dir_AP_run_01_part_mag_wf/pre_hmc_wf/merge_and_denoise_wf/conform_phase1".
250304-11:09:32,857 nipype.workflow INFO:
	 [Node] Executing "conform_phase1" <qsiprep.interfaces.images.ConformDwi>
250304-11:09:32,897 nipype.workflow INFO:
	 [Node] Setting-up "qsiprep_1_0_wf.sub_PILOT02_ses_1_wf.anat_preproc_wf.output_grid_wf.voxel_size_chooser" in "/work/qsiprep_1_0_wf/sub_PILOT02_ses_1_wf/anat_preproc_wf/output_grid_wf/voxel_size_chooser".
250304-11:09:32,900 nipype.workflow INFO:
	 [Node] Executing "voxel_size_chooser" <qsiprep.interfaces.anatomical.VoxelSizeChooser>
250304-11:09:32,902 nipype.workflow INFO:
	 [Node] Finished "voxel_size_chooser", elapsed time 9.9e-05s.
250304-11:09:32,928 nipype.interface INFO:
	 Not applying reorientation to /data/sub-PILOT02/ses-1/dwi/sub-PILOT02_ses-1_dir-AP_run-01_part-mag_dwi.nii.gz: already in LAS
250304-11:09:32,929 nipype.workflow INFO:
	 [Node] Finished "conform_dwis01", elapsed time 0.091123s.
250304-11:09:32,939 nipype.workflow INFO:
	 [Node] Executing "merged_sidecar" <qsiprep.interfaces.bids.DerivativesSidecar>
250304-11:09:32,942 nipype.workflow INFO:
	 [Node] Finished "merged_sidecar", elapsed time 0.001399s.
250304-11:09:33,9 nipype.workflow INFO:
	 [Node] Finished "get_template_image", elapsed time 0.156133s.
250304-11:09:33,27 nipype.interface INFO:
	 Not applying reorientation to /data/sub-PILOT02/ses-1/dwi/sub-PILOT02_ses-1_dir-AP_run-01_part-phase_dwi.nii.gz: already in LAS
250304-11:09:33,27 nipype.workflow INFO:
	 [Node] Finished "conform_phase1", elapsed time 0.16944s.
250304-11:09:33,994 nipype.workflow INFO:
	 [Node] Setting-up "qsiprep_1_0_wf.sub_PILOT02_ses_1_wf.anat_preproc_wf.reorient_mask_to_lps" in "/work/qsiprep_1_0_wf/sub_PILOT02_ses_1_wf/anat_preproc_wf/reorient_mask_to_lps".
250304-11:09:33,995 nipype.workflow INFO:
	 [Node] Setting-up "qsiprep_1_0_wf.sub_PILOT02_ses_1_wf.anat_preproc_wf.anat_template_wf.template_dimensions" in "/work/qsiprep_1_0_wf/sub_PILOT02_ses_1_wf/anat_preproc_wf/anat_template_wf/template_dimensions".
250304-11:09:33,995 nipype.workflow INFO:
	 [Node] Setting-up "qsiprep_1_0_wf.sub_PILOT02_ses_1_wf.dwi_preproc_ses_1_dir_AP_run_01_part_mag_wf.pre_hmc_wf.merge_and_denoise_wf.conformation_reports" in "/work/qsiprep_1_0_wf/sub_PILOT02_ses_1_wf/dwi_preproc_ses_1_dir_AP_run_01_part_mag_wf/pre_hmc_wf/merge_and_denoise_wf/conformation_reports".
250304-11:09:33,996 nipype.workflow INFO:
	 [Node] Setting-up "qsiprep_1_0_wf.sub_PILOT02_ses_1_wf.dwi_preproc_ses_1_dir_AP_run_01_part_mag_wf.pre_hmc_wf.merge_and_denoise_wf.conformed_bvals" in "/work/qsiprep_1_0_wf/sub_PILOT02_ses_1_wf/dwi_preproc_ses_1_dir_AP_run_01_part_mag_wf/pre_hmc_wf/merge_and_denoise_wf/conformed_bvals".
250304-11:09:33,996 nipype.workflow INFO:
	 [Node] Setting-up "qsiprep_1_0_wf.sub_PILOT02_ses_1_wf.dwi_preproc_ses_1_dir_AP_run_01_part_mag_wf.pre_hmc_wf.merge_and_denoise_wf.conformed_bvecs" in "/work/qsiprep_1_0_wf/sub_PILOT02_ses_1_wf/dwi_preproc_ses_1_dir_AP_run_01_part_mag_wf/pre_hmc_wf/merge_and_denoise_wf/conformed_bvecs".
250304-11:09:33,999 nipype.workflow INFO:
	 [Node] Executing "conformed_bvals" <nipype.interfaces.utility.base.Merge>
250304-11:09:33,999 nipype.workflow INFO:
	 [Node] Executing "conformation_reports" <nipype.interfaces.utility.base.Merge>
250304-11:09:33,999 nipype.workflow INFO:
	 [Node] Executing "conformed_bvecs" <nipype.interfaces.utility.base.Merge>
250304-11:09:34,0 nipype.workflow INFO:
	 [Node] Finished "conformed_bvals", elapsed time 0.000141s.
250304-11:09:34,0 nipype.workflow INFO:
	 [Node] Finished "conformation_reports", elapsed time 0.00014s.
250304-11:09:34,0 nipype.workflow INFO:
	 [Node] Finished "conformed_bvecs", elapsed time 0.000134s.
250304-11:09:34,22 nipype.workflow INFO:
	 [Node] Setting-up "qsiprep_1_0_wf.sub_PILOT02_ses_1_wf.anat_preproc_wf.mask_template" in "/work/qsiprep_1_0_wf/sub_PILOT02_ses_1_wf/anat_preproc_wf/mask_template".
250304-11:09:34,88 nipype.workflow INFO:
	 [Node] Setting-up "qsiprep_1_0_wf.sub_PILOT02_ses_1_wf.dwi_preproc_ses_1_dir_AP_run_01_part_mag_wf.pre_hmc_wf.merge_and_denoise_wf.conformed_raw_images" in "/work/qsiprep_1_0_wf/sub_PILOT02_ses_1_wf/dwi_preproc_ses_1_dir_AP_run_01_part_mag_wf/pre_hmc_wf/merge_and_denoise_wf/conformed_raw_images".
250304-11:09:34,92 nipype.workflow INFO:
	 [Node] Executing "conformed_raw_images" <nipype.interfaces.utility.base.Merge>
250304-11:09:34,92 nipype.workflow INFO:
	 [Node] Finished "conformed_raw_images", elapsed time 0.00014s.
250304-11:09:34,94 nipype.workflow INFO:
	 [Node] Executing "reorient_mask_to_lps" <nipype.interfaces.afni.utils.Resample>
250304-11:09:34,390 nipype.workflow INFO:
	 [Node] Finished "reorient_mask_to_lps", elapsed time 0.295943s.
250304-11:09:36,336 nipype.workflow INFO:
	 [Node] Executing "template_dimensions" <niworkflows.interfaces.images.TemplateDimensions>
250304-11:09:36,495 nipype.workflow INFO:
	 [Node] Executing "mask_template" <nipype.interfaces.afni.utils.Calc>
250304-11:09:36,605 nipype.workflow INFO:
	 [Node] Finished "template_dimensions", elapsed time 0.269029s.
250304-11:09:37,722 nipype.workflow INFO:
	 [Node] Finished "mask_template", elapsed time 1.22601s.
250304-11:09:37,783 nipype.workflow INFO:
	 [Node] Setting-up "qsiprep_1_0_wf.sub_PILOT02_ses_1_wf.anat_preproc_wf.anat_derivatives_wf.t1_name" in "/work/qsiprep_1_0_wf/sub_PILOT02_ses_1_wf/anat_preproc_wf/anat_derivatives_wf/t1_name".
250304-11:09:37,791 nipype.workflow INFO:
	 [Node] Executing "t1_name" <nipype.interfaces.utility.wrappers.Function>
250304-11:09:37,792 nipype.workflow INFO:
	 [Node] Finished "t1_name", elapsed time 0.000436s.
250304-11:09:40,84 nipype.workflow INFO:
	 [Node] Setting-up "qsiprep_1_0_wf.sub_PILOT02_ses_1_wf.dwi_preproc_ses_1_dir_AP_run_01_part_mag_wf.pre_hmc_wf.merge_and_denoise_wf.dwi_denoise_ses_1_dir_AP_run_01_part_mag_dwi_wf.phase_to_radians" in "/work/qsiprep_1_0_wf/sub_PILOT02_ses_1_wf/dwi_preproc_ses_1_dir_AP_run_01_part_mag_wf/pre_hmc_wf/merge_and_denoise_wf/dwi_denoise_ses_1_dir_AP_run_01_part_mag_dwi_wf/phase_to_radians".
250304-11:09:40,88 nipype.workflow INFO:
	 [Node] Executing "phase_to_radians" <qsiprep.interfaces.dwi_merge.PhaseToRad>
250304-11:09:54,490 nipype.workflow INFO:
	 [Node] Finished "phase_to_radians", elapsed time 14.401559s.
250304-11:09:55,835 nipype.workflow INFO:
	 [Node] Setting-up "qsiprep_1_0_wf.sub_PILOT02_ses_1_wf.anat_preproc_wf.reorient_brain_to_lps" in "/work/qsiprep_1_0_wf/sub_PILOT02_ses_1_wf/anat_preproc_wf/reorient_brain_to_lps".
250304-11:09:55,836 nipype.workflow INFO:
	 [Node] Setting-up "_anat_conform0" in "/work/qsiprep_1_0_wf/sub_PILOT02_ses_1_wf/anat_preproc_wf/anat_template_wf/anat_conform/mapflow/_anat_conform0".
250304-11:09:55,836 nipype.workflow INFO:
	 [Node] Setting-up "_anat_conform1" in "/work/qsiprep_1_0_wf/sub_PILOT02_ses_1_wf/anat_preproc_wf/anat_template_wf/anat_conform/mapflow/_anat_conform1".
250304-11:09:55,839 nipype.workflow INFO:
	 [Node] Executing "_anat_conform0" <qsiprep.interfaces.images.Conform>
250304-11:09:55,839 nipype.workflow INFO:
	 [Node] Executing "reorient_brain_to_lps" <nipype.interfaces.afni.utils.Resample>
250304-11:09:55,839 nipype.workflow INFO:
	 [Node] Executing "_anat_conform1" <qsiprep.interfaces.images.Conform>
250304-11:09:56,258 nipype.workflow INFO:
	 [Node] Finished "reorient_brain_to_lps", elapsed time 0.418398s.
250304-11:09:56,480 nipype.workflow INFO:
	 [Node] Finished "_anat_conform1", elapsed time 0.639732s.
250304-11:09:56,528 nipype.workflow INFO:
	 [Node] Finished "_anat_conform0", elapsed time 0.688119s.
250304-11:09:57,843 nipype.workflow INFO:
	 [Node] Setting-up "qsiprep_1_0_wf.sub_PILOT02_ses_1_wf.anat_preproc_wf.output_grid_wf.autobox_template" in "/work/qsiprep_1_0_wf/sub_PILOT02_ses_1_wf/anat_preproc_wf/output_grid_wf/autobox_template".
250304-11:09:57,846 nipype.workflow INFO:
	 [Node] Setting-up "_anat_conform0" in "/work/qsiprep_1_0_wf/sub_PILOT02_ses_1_wf/anat_preproc_wf/anat_template_wf/anat_conform/mapflow/_anat_conform0".
250304-11:09:57,847 nipype.workflow INFO:
	 [Node] Executing "autobox_template" <nipype.interfaces.afni.utils.Autobox>
250304-11:09:57,847 nipype.workflow INFO:
	 [Node] Cached "_anat_conform0" - collecting precomputed outputs
250304-11:09:57,847 nipype.workflow INFO:
	 [Node] "_anat_conform0" found cached.
250304-11:09:57,848 nipype.workflow INFO:
	 [Node] Setting-up "_anat_conform1" in "/work/qsiprep_1_0_wf/sub_PILOT02_ses_1_wf/anat_preproc_wf/anat_template_wf/anat_conform/mapflow/_anat_conform1".
250304-11:09:57,848 nipype.workflow INFO:
	 [Node] Cached "_anat_conform1" - collecting precomputed outputs
250304-11:09:57,848 nipype.workflow INFO:
	 [Node] "_anat_conform1" found cached.
250304-11:09:58,478 nipype.workflow INFO:
	 [Node] Finished "autobox_template", elapsed time 0.630106s.
250304-11:09:59,869 nipype.workflow INFO:
	 [Node] Setting-up "qsiprep_1_0_wf.sub_PILOT02_ses_1_wf.dwi_preproc_ses_1_dir_AP_run_01_part_mag_wf.pre_hmc_wf.merge_and_denoise_wf.raw_merge" in "/work/qsiprep_1_0_wf/sub_PILOT02_ses_1_wf/dwi_preproc_ses_1_dir_AP_run_01_part_mag_wf/pre_hmc_wf/merge_and_denoise_wf/raw_merge".
250304-11:09:59,873 nipype.workflow INFO:
	 [Node] Executing "raw_merge" <qsiprep.interfaces.nilearn.Merge>
250304-11:10:11,174 nipype.workflow INFO:
	 [Node] Finished "raw_merge", elapsed time 11.300506s.
250304-11:10:12,11 nipype.workflow INFO:
	 [Node] Setting-up "qsiprep_1_0_wf.sub_PILOT02_ses_1_wf.dwi_preproc_ses_1_dir_AP_run_01_part_mag_wf.pre_hmc_wf.merge_and_denoise_wf.dwi_denoise_ses_1_dir_AP_run_01_part_mag_dwi_wf.combine_complex" in "/work/qsiprep_1_0_wf/sub_PILOT02_ses_1_wf/dwi_preproc_ses_1_dir_AP_run_01_part_mag_wf/pre_hmc_wf/merge_and_denoise_wf/dwi_denoise_ses_1_dir_AP_run_01_part_mag_dwi_wf/combine_complex".
250304-11:10:12,297 nipype.workflow INFO:
	 [Node] Executing "combine_complex" <qsiprep.interfaces.mrtrix.PolarToComplex>
250304-11:11:16,991 nipype.workflow INFO:
	 [Node] Finished "combine_complex", elapsed time 64.693479s.
250304-11:11:18,51 nipype.workflow INFO:
	 [Node] Setting-up "qsiprep_1_0_wf.sub_PILOT02_ses_1_wf.dwi_preproc_ses_1_dir_AP_run_01_part_mag_wf.test_pre_hmc_connect" in "/work/qsiprep_1_0_wf/sub_PILOT02_ses_1_wf/dwi_preproc_ses_1_dir_AP_run_01_part_mag_wf/test_pre_hmc_connect".
250304-11:11:18,51 nipype.workflow INFO:
	 [Node] Setting-up "qsiprep_1_0_wf.sub_PILOT02_ses_1_wf.anat_preproc_wf.output_grid_wf.deoblique_autobox" in "/work/qsiprep_1_0_wf/sub_PILOT02_ses_1_wf/anat_preproc_wf/output_grid_wf/deoblique_autobox".
250304-11:11:18,56 nipype.workflow INFO:
	 [Node] Executing "deoblique_autobox" <nipype.interfaces.afni.preprocess.Warp>
250304-11:11:18,79 nipype.workflow INFO:
	 [Node] Executing "test_pre_hmc_connect" <qsiprep.interfaces.utils.TestInput>
250304-11:11:18,80 nipype.workflow INFO:
	 [Node] Finished "test_pre_hmc_connect", elapsed time 2.7e-05s.
250304-11:11:18,80 nipype.workflow WARNING:
	 Storing result file without outputs
250304-11:11:18,734 nipype.workflow INFO:
	 [Node] Finished "deoblique_autobox", elapsed time 0.678112s.
250304-11:11:20,74 nipype.workflow INFO:
	 [Node] Setting-up "qsiprep_1_0_wf.sub_PILOT02_ses_1_wf.dwi_preproc_ses_1_dir_AP_run_01_part_mag_wf.pre_hmc_wf.merge_and_denoise_wf.dwi_denoise_ses_1_dir_AP_run_01_part_mag_dwi_wf.denoiser" in "/work/qsiprep_1_0_wf/sub_PILOT02_ses_1_wf/dwi_preproc_ses_1_dir_AP_run_01_part_mag_wf/pre_hmc_wf/merge_and_denoise_wf/dwi_denoise_ses_1_dir_AP_run_01_part_mag_dwi_wf/denoiser".
250304-11:11:20,77 nipype.workflow INFO:
	 [Node] Executing "denoiser" <qsiprep.interfaces.mrtrix.DWIDenoise>
250304-11:12:30,756 nipype.interface INFO:
	 Generating denoising visual report
250304-11:13:13,924 nipype.workflow INFO:
	 [Node] Finished "denoiser", elapsed time 113.745903s.
250304-11:13:14,482 nipype.workflow INFO:
	 [Node] Setting-up "qsiprep_1_0_wf.sub_PILOT02_ses_1_wf.anat_preproc_wf.output_grid_wf.resample_to_voxel_size" in "/work/qsiprep_1_0_wf/sub_PILOT02_ses_1_wf/anat_preproc_wf/output_grid_wf/resample_to_voxel_size".
250304-11:13:14,482 nipype.workflow INFO:
	 [Node] Setting-up "qsiprep_1_0_wf.sub_PILOT02_ses_1_wf.dwi_preproc_ses_1_dir_AP_run_01_part_mag_wf.pre_hmc_wf.merge_and_denoise_wf.dwi_denoise_ses_1_dir_AP_run_01_part_mag_dwi_wf.merge_confounds" in "/work/qsiprep_1_0_wf/sub_PILOT02_ses_1_wf/dwi_preproc_ses_1_dir_AP_run_01_part_mag_wf/pre_hmc_wf/merge_and_denoise_wf/dwi_denoise_ses_1_dir_AP_run_01_part_mag_dwi_wf/merge_confounds".
250304-11:13:14,486 nipype.workflow INFO:
	 [Node] Executing "resample_to_voxel_size" <nipype.interfaces.afni.utils.Resample>
250304-11:13:14,504 nipype.workflow INFO:
	 [Node] Executing "merge_confounds" <nipype.interfaces.utility.base.Merge>
250304-11:13:14,505 nipype.workflow INFO:
	 [Node] Finished "merge_confounds", elapsed time 0.000178s.
250304-11:13:14,678 nipype.workflow INFO:
	 [Node] Finished "resample_to_voxel_size", elapsed time 0.191629s.
250304-11:13:16,361 nipype.workflow INFO:
	 [Node] Setting-up "qsiprep_1_0_wf.sub_PILOT02_ses_1_wf.dwi_preproc_ses_1_dir_AP_run_01_part_mag_wf.pre_hmc_wf.merge_and_denoise_wf.dwi_denoise_ses_1_dir_AP_run_01_part_mag_dwi_wf.split_complex" in "/work/qsiprep_1_0_wf/sub_PILOT02_ses_1_wf/dwi_preproc_ses_1_dir_AP_run_01_part_mag_wf/pre_hmc_wf/merge_and_denoise_wf/dwi_denoise_ses_1_dir_AP_run_01_part_mag_dwi_wf/split_complex".
250304-11:13:16,364 nipype.workflow INFO:
	 [Node] Executing "split_complex" <qsiprep.interfaces.mrtrix.ComplexToMagnitude>
250304-11:13:55,936 nipype.workflow INFO:
	 [Node] Finished "split_complex", elapsed time 39.570857s.
250304-11:13:56,428 nipype.workflow INFO:
	 [Node] Setting-up "qsiprep_1_0_wf.sub_PILOT02_ses_1_wf.dwi_preproc_ses_1_dir_AP_run_01_part_mag_wf.pre_hmc_wf.merge_and_denoise_wf.conformed_images" in "/work/qsiprep_1_0_wf/sub_PILOT02_ses_1_wf/dwi_preproc_ses_1_dir_AP_run_01_part_mag_wf/pre_hmc_wf/merge_and_denoise_wf/conformed_images".
250304-11:13:56,432 nipype.workflow INFO:
	 [Node] Executing "conformed_images" <nipype.interfaces.utility.base.Merge>
250304-11:13:56,432 nipype.workflow INFO:
	 [Node] Finished "conformed_images", elapsed time 0.000146s.
250304-11:13:56,737 nipype.workflow INFO:
	 [Node] Setting-up "qsiprep_1_0_wf.sub_PILOT02_ses_1_wf.dwi_preproc_ses_1_dir_AP_run_01_part_mag_wf.pre_hmc_wf.merge_and_denoise_wf.dwi_denoise_ses_1_dir_AP_run_01_part_mag_dwi_wf.hstack_confounds" in "/work/qsiprep_1_0_wf/sub_PILOT02_ses_1_wf/dwi_preproc_ses_1_dir_AP_run_01_part_mag_wf/pre_hmc_wf/merge_and_denoise_wf/dwi_denoise_ses_1_dir_AP_run_01_part_mag_dwi_wf/hstack_confounds".
250304-11:13:56,741 nipype.workflow INFO:
	 [Node] Executing "hstack_confounds" <qsiprep.interfaces.dwi_merge.StackConfounds>
250304-11:13:56,749 nipype.workflow INFO:
	 [Node] Finished "hstack_confounds", elapsed time 0.007117s.
250304-11:13:58,430 nipype.workflow INFO:
	 [Node] Setting-up "qsiprep_1_0_wf.sub_PILOT02_ses_1_wf.dwi_preproc_ses_1_dir_AP_run_01_part_mag_wf.pre_hmc_wf.merge_and_denoise_wf.denoising_confounds" in "/work/qsiprep_1_0_wf/sub_PILOT02_ses_1_wf/dwi_preproc_ses_1_dir_AP_run_01_part_mag_wf/pre_hmc_wf/merge_and_denoise_wf/denoising_confounds".
250304-11:13:58,433 nipype.workflow INFO:
	 [Node] Executing "denoising_confounds" <nipype.interfaces.utility.base.Merge>
250304-11:13:58,434 nipype.workflow INFO:
	 [Node] Finished "denoising_confounds", elapsed time 0.00017s.
250304-11:14:00,716 nipype.workflow INFO:
	 [Node] Setting-up "qsiprep_1_0_wf.sub_PILOT02_ses_1_wf.dwi_preproc_ses_1_dir_AP_run_01_part_mag_wf.pre_hmc_wf.merge_and_denoise_wf.merge_dwis" in "/work/qsiprep_1_0_wf/sub_PILOT02_ses_1_wf/dwi_preproc_ses_1_dir_AP_run_01_part_mag_wf/pre_hmc_wf/merge_and_denoise_wf/merge_dwis".
250304-11:14:00,722 nipype.workflow INFO:
	 [Node] Executing "merge_dwis" <qsiprep.interfaces.dwi_merge.MergeDWIs>
250304-11:14:00,722 nipype.workflow WARNING:
	 [Node] Error on "qsiprep_1_0_wf.sub_PILOT02_ses_1_wf.dwi_preproc_ses_1_dir_AP_run_01_part_mag_wf.pre_hmc_wf.merge_and_denoise_wf.merge_dwis" (/work/qsiprep_1_0_wf/sub_PILOT02_ses_1_wf/dwi_preproc_ses_1_dir_AP_run_01_part_mag_wf/pre_hmc_wf/merge_and_denoise_wf/merge_dwis)
