/cbica/projects/pafin/code/processing
2115fmn022
Tue Mar  4 11:13:10 EST 2025
Running task 12
Commandline: apptainer run --cleanenv       -B /cbica/projects/pafin/dset:/data       -B /cbica/projects/pafin/derivatives:/deriv       -B /cbica/comp_space/pafin/pafin-qsiprep:/work       -B /cbica/projects/pafin/tokens/freesurfer_license.txt:/license.txt       /cbica/projects/pafin/apptainer/qsiprep-1.0.0.sif       /data       /deriv/qsiprep       participant       --participant-label 24702       -w /work/       --omp-nthreads 20       --nprocs 20       --mem 39000       --fs-license-file /license.txt       --skip-bids-validation       --denoise-method dwidenoise       --output-resolution 1.7       --subject-anatomical-reference sessionwise
250304-11:13:35,719 nipype.workflow IMPORTANT:
	 Running QSIPrep version 1.0.1.dev0+gee9aa2e.d20250115

         License NOTICE ##################################################
         QSIPrep 1.0.1.dev0+gee9aa2e.d20250115
         Copyright The PennLINC Developers.
         
         This product includes software developed by
         the NiPreps Community (https://nipreps.org/).
         
         Portions of this software were developed at the Department of
         Psychology at Stanford University, Stanford, CA, US.
         
         This software is also distributed as a Docker container image.
         The bootstrapping file for the image ("Dockerfile") is licensed
         under the MIT License.
         
         This software may be distributed through an add-on package called
         "Docker Wrapper" that is under the BSD 3-clause License.
         #################################################################
250304-11:13:35,829 nipype.workflow IMPORTANT:
	 Building QSIPrep's workflow:
           * BIDS dataset path: /data.
           * Participant list: ['24702'].
           * Run identifier: 20250304-111316_b86bb31f-791e-4ebd-b1b5-50548e5c9fa0.
250304-11:13:36,8 nipype.workflow IMPORTANT:
	 Collected data:
dwi:
- /data/sub-24702/ses-1/dwi/sub-24702_ses-1_dir-AP_run-01_part-mag_dwi.nii.gz
flair: []
fmap:
- /data/sub-24702/ses-1/fmap/sub-24702_ses-1_acq-dwi_dir-PA_run-01_part-mag_epi.nii.gz
- /data/sub-24702/ses-1/fmap/sub-24702_ses-1_acq-dwi_dir-PA_run-01_part-phase_epi.nii.gz
- /data/sub-24702/ses-1/fmap/sub-24702_ses-1_acq-func+meepi_dir-AP_run-01_echo-1_part-mag_epi.nii.gz
- /data/sub-24702/ses-1/fmap/sub-24702_ses-1_acq-func+meepi_dir-AP_run-01_echo-1_part-phase_epi.nii.gz
- /data/sub-24702/ses-1/fmap/sub-24702_ses-1_acq-func+meepi_dir-AP_run-01_echo-2_part-mag_epi.nii.gz
- /data/sub-24702/ses-1/fmap/sub-24702_ses-1_acq-func+meepi_dir-AP_run-01_echo-2_part-phase_epi.nii.gz
- /data/sub-24702/ses-1/fmap/sub-24702_ses-1_acq-func+meepi_dir-AP_run-01_echo-3_part-mag_epi.nii.gz
- /data/sub-24702/ses-1/fmap/sub-24702_ses-1_acq-func+meepi_dir-AP_run-01_echo-3_part-phase_epi.nii.gz
- /data/sub-24702/ses-1/fmap/sub-24702_ses-1_acq-func+meepi_dir-AP_run-01_echo-4_part-mag_epi.nii.gz
- /data/sub-24702/ses-1/fmap/sub-24702_ses-1_acq-func+meepi_dir-AP_run-01_echo-4_part-phase_epi.nii.gz
- /data/sub-24702/ses-1/fmap/sub-24702_ses-1_acq-func+meepi_dir-AP_run-01_echo-5_part-mag_epi.nii.gz
- /data/sub-24702/ses-1/fmap/sub-24702_ses-1_acq-func+meepi_dir-AP_run-01_echo-5_part-phase_epi.nii.gz
- /data/sub-24702/ses-1/fmap/sub-24702_ses-1_acq-func+meepi_dir-PA_run-01_echo-1_part-mag_epi.nii.gz
- /data/sub-24702/ses-1/fmap/sub-24702_ses-1_acq-func+meepi_dir-PA_run-01_echo-1_part-phase_epi.nii.gz
- /data/sub-24702/ses-1/fmap/sub-24702_ses-1_acq-func+meepi_dir-PA_run-01_echo-2_part-mag_epi.nii.gz
- /data/sub-24702/ses-1/fmap/sub-24702_ses-1_acq-func+meepi_dir-PA_run-01_echo-2_part-phase_epi.nii.gz
- /data/sub-24702/ses-1/fmap/sub-24702_ses-1_acq-func+meepi_dir-PA_run-01_echo-3_part-mag_epi.nii.gz
- /data/sub-24702/ses-1/fmap/sub-24702_ses-1_acq-func+meepi_dir-PA_run-01_echo-3_part-phase_epi.nii.gz
- /data/sub-24702/ses-1/fmap/sub-24702_ses-1_acq-func+meepi_dir-PA_run-01_echo-4_part-mag_epi.nii.gz
- /data/sub-24702/ses-1/fmap/sub-24702_ses-1_acq-func+meepi_dir-PA_run-01_echo-4_part-phase_epi.nii.gz
- /data/sub-24702/ses-1/fmap/sub-24702_ses-1_acq-func+meepi_dir-PA_run-01_echo-5_part-mag_epi.nii.gz
- /data/sub-24702/ses-1/fmap/sub-24702_ses-1_acq-func+meepi_dir-PA_run-01_echo-5_part-phase_epi.nii.gz
- /data/sub-24702/ses-1/fmap/sub-24702_ses-1_acq-func_dir-AP_run-01_part-mag_epi.nii.gz
- /data/sub-24702/ses-1/fmap/sub-24702_ses-1_acq-func_dir-AP_run-01_part-phase_epi.nii.gz
- /data/sub-24702/ses-1/fmap/sub-24702_ses-1_acq-func_dir-PA_run-01_part-mag_epi.nii.gz
- /data/sub-24702/ses-1/fmap/sub-24702_ses-1_acq-func_dir-PA_run-01_part-phase_epi.nii.gz
roi: []
sbref: []
t1w:
- /data/sub-24702/ses-1/anat/sub-24702_ses-1_T1w.nii.gz
- /data/sub-24702/ses-1/anat/sub-24702_ses-1_rec-norm_T1w.nii.gz
t2w:
- /data/sub-24702/ses-1/anat/sub-24702_ses-1_T2w.nii.gz
- /data/sub-24702/ses-1/anat/sub-24702_ses-1_rec-norm_T2w.nii.gz

250304-11:13:36,41 nipype.workflow INFO:
	 Running nonlinear normalization to template
250304-11:13:36,74 nipype.workflow INFO:
	 Combining all DWI files within each available session and acquisition:
250304-11:13:36,76 nipype.workflow INFO:
	 	- 1 scans in session 1/acquisition None
250304-11:13:36,120 nipype.workflow INFO:
	 [{'dwi_series': ['/data/sub-24702/ses-1/dwi/sub-24702_ses-1_dir-AP_run-01_part-mag_dwi.nii.gz'], 'fieldmap_info': {'suffix': 'epi', 'epi': ['/data/sub-24702/ses-1/fmap/sub-24702_ses-1_acq-dwi_dir-PA_run-01_part-mag_epi.nii.gz']}, 'dwi_series_pedir': 'j-', 'concatenated_bids_name': 'sub-24702_ses-1_dir-AP_run-01_part-mag'}]
250304-11:13:36,371 nipype.workflow INFO:
	 Phase file found for /data/sub-24702/ses-1/dwi/sub-24702_ses-1_dir-AP_run-01_part-mag_dwi.nii.gz
250304-11:13:36,374 nipype.workflow INFO:
	 Automatically using 3, 3, 3 window for dwidenoise
250304-11:13:36,389 nipype.workflow INFO:
	 Using 20 threads in eddy
250304-11:13:36,409 nipype.workflow INFO:
	 Using single-stage SDC, TOPUP-only
250304-11:13:41,331 nipype.workflow INFO:
	 QSIPrep workflow graph with 280 nodes built successfully.
250304-11:14:00,714 nipype.workflow IMPORTANT:
	 QSIPrep started!
250304-11:14:05,4 nipype.workflow INFO:
	 [Node] Setting-up "qsiprep_1_0_wf.sub_24702_ses_1_wf.dwi_preproc_ses_1_dir_AP_run_01_part_mag_wf.pre_hmc_wf.merge_and_denoise_wf.noise_images" in "/work/qsiprep_1_0_wf/sub_24702_ses_1_wf/dwi_preproc_ses_1_dir_AP_run_01_part_mag_wf/pre_hmc_wf/merge_and_denoise_wf/noise_images".
250304-11:14:05,9 nipype.workflow INFO:
	 [Node] Executing "noise_images" <nipype.interfaces.utility.base.Merge>
250304-11:14:05,10 nipype.workflow INFO:
	 [Node] Setting-up "qsiprep_1_0_wf.sub_24702_ses_1_wf.dwi_preproc_ses_1_dir_AP_run_01_part_mag_wf.pre_hmc_wf.merge_and_denoise_wf.bias_images" in "/work/qsiprep_1_0_wf/sub_24702_ses_1_wf/dwi_preproc_ses_1_dir_AP_run_01_part_mag_wf/pre_hmc_wf/merge_and_denoise_wf/bias_images".
250304-11:14:05,12 nipype.workflow INFO:
	 [Node] Finished "noise_images", elapsed time 0.000263s.
250304-11:14:05,14 nipype.workflow INFO:
	 [Node] Executing "bias_images" <nipype.interfaces.utility.base.Merge>
250304-11:14:05,17 nipype.workflow INFO:
	 [Node] Finished "bias_images", elapsed time 0.000292s.
250304-11:14:08,487 nipype.workflow INFO:
	 [Node] Setting-up "qsiprep_1_0_wf.sub_24702_ses_1_wf.bidssrc" in "/work/qsiprep_1_0_wf/sub_24702_ses_1_wf/bidssrc".
250304-11:14:08,495 nipype.workflow INFO:
	 [Node] Executing "bidssrc" <qsiprep.interfaces.bids.BIDSDataGrabber>
250304-11:14:08,498 nipype.interface WARNING:
	 No 'flair' images found for sub-<undefined>
250304-11:14:08,498 nipype.interface WARNING:
	 No 'sbref' images found for sub-<undefined>
250304-11:14:08,498 nipype.interface WARNING:
	 No 'roi' images found for sub-<undefined>
250304-11:14:08,499 nipype.workflow INFO:
	 [Node] Finished "bidssrc", elapsed time 0.000635s.
250304-11:14:08,631 nipype.workflow INFO:
	 [Node] Setting-up "qsiprep_1_0_wf.sub_24702_ses_1_wf.anat_preproc_wf.output_grid_wf.voxel_size_chooser" in "/work/qsiprep_1_0_wf/sub_24702_ses_1_wf/anat_preproc_wf/output_grid_wf/voxel_size_chooser".
250304-11:14:08,635 nipype.workflow INFO:
	 [Node] Executing "voxel_size_chooser" <qsiprep.interfaces.anatomical.VoxelSizeChooser>
250304-11:14:08,638 nipype.workflow INFO:
	 [Node] Finished "voxel_size_chooser", elapsed time 0.000118s.
250304-11:14:08,727 nipype.workflow INFO:
	 [Node] Setting-up "qsiprep_1_0_wf.sub_24702_ses_1_wf.dwi_finalize_ses_1_dir_AP_run_01_part_mag_wf.merged_sidecar" in "/work/qsiprep_1_0_wf/sub_24702_ses_1_wf/dwi_finalize_ses_1_dir_AP_run_01_part_mag_wf/merged_sidecar".
250304-11:14:08,737 nipype.workflow INFO:
	 [Node] Executing "merged_sidecar" <qsiprep.interfaces.bids.DerivativesSidecar>
250304-11:14:08,740 nipype.workflow INFO:
	 [Node] Finished "merged_sidecar", elapsed time 0.002527s.
250304-11:14:08,784 nipype.workflow INFO:
	 [Node] Setting-up "qsiprep_1_0_wf.sub_24702_ses_1_wf.dwi_preproc_ses_1_dir_AP_run_01_part_mag_wf.pre_hmc_wf.merge_and_denoise_wf.conform_dwis01" in "/work/qsiprep_1_0_wf/sub_24702_ses_1_wf/dwi_preproc_ses_1_dir_AP_run_01_part_mag_wf/pre_hmc_wf/merge_and_denoise_wf/conform_dwis01".
250304-11:14:08,788 nipype.workflow INFO:
	 [Node] Executing "conform_dwis01" <qsiprep.interfaces.images.ConformDwi>
250304-11:14:08,827 nipype.workflow INFO:
	 [Node] Setting-up "qsiprep_1_0_wf.sub_24702_ses_1_wf.dwi_preproc_ses_1_dir_AP_run_01_part_mag_wf.pre_hmc_wf.merge_and_denoise_wf.conform_phase1" in "/work/qsiprep_1_0_wf/sub_24702_ses_1_wf/dwi_preproc_ses_1_dir_AP_run_01_part_mag_wf/pre_hmc_wf/merge_and_denoise_wf/conform_phase1".
250304-11:14:08,830 nipype.workflow INFO:
	 [Node] Executing "conform_phase1" <qsiprep.interfaces.images.ConformDwi>
250304-11:14:08,889 nipype.workflow INFO:
	 [Node] Setting-up "qsiprep_1_0_wf.sub_24702_ses_1_wf.anat_preproc_wf.get_template_image" in "/work/qsiprep_1_0_wf/sub_24702_ses_1_wf/anat_preproc_wf/get_template_image".
250304-11:14:08,896 nipype.workflow INFO:
	 [Node] Executing "get_template_image" <qsiprep.interfaces.anatomical.GetTemplate>
250304-11:14:08,906 nipype.interface INFO:
	 Not applying reorientation to /data/sub-24702/ses-1/dwi/sub-24702_ses-1_dir-AP_run-01_part-mag_dwi.nii.gz: already in LAS
250304-11:14:08,907 nipype.workflow INFO:
	 [Node] Finished "conform_dwis01", elapsed time 0.116317s.
250304-11:14:09,27 nipype.interface INFO:
	 Not applying reorientation to /data/sub-24702/ses-1/dwi/sub-24702_ses-1_dir-AP_run-01_part-phase_dwi.nii.gz: already in LAS
250304-11:14:09,28 nipype.workflow INFO:
	 [Node] Finished "conform_phase1", elapsed time 0.19651s.
250304-11:14:09,84 nipype.workflow INFO:
	 [Node] Finished "get_template_image", elapsed time 0.185723s.
250304-11:14:09,589 nipype.workflow INFO:
	 [Node] Setting-up "qsiprep_1_0_wf.sub_24702_ses_1_wf.dwi_preproc_ses_1_dir_AP_run_01_part_mag_wf.pre_hmc_wf.merge_and_denoise_wf.conformed_raw_images" in "/work/qsiprep_1_0_wf/sub_24702_ses_1_wf/dwi_preproc_ses_1_dir_AP_run_01_part_mag_wf/pre_hmc_wf/merge_and_denoise_wf/conformed_raw_images".
250304-11:14:09,589 nipype.workflow INFO:
	 [Node] Setting-up "qsiprep_1_0_wf.sub_24702_ses_1_wf.dwi_preproc_ses_1_dir_AP_run_01_part_mag_wf.pre_hmc_wf.merge_and_denoise_wf.conformation_reports" in "/work/qsiprep_1_0_wf/sub_24702_ses_1_wf/dwi_preproc_ses_1_dir_AP_run_01_part_mag_wf/pre_hmc_wf/merge_and_denoise_wf/conformation_reports".
250304-11:14:09,590 nipype.workflow INFO:
	 [Node] Setting-up "qsiprep_1_0_wf.sub_24702_ses_1_wf.dwi_preproc_ses_1_dir_AP_run_01_part_mag_wf.pre_hmc_wf.merge_and_denoise_wf.conformed_bvals" in "/work/qsiprep_1_0_wf/sub_24702_ses_1_wf/dwi_preproc_ses_1_dir_AP_run_01_part_mag_wf/pre_hmc_wf/merge_and_denoise_wf/conformed_bvals".
250304-11:14:09,590 nipype.workflow INFO:
	 [Node] Setting-up "qsiprep_1_0_wf.sub_24702_ses_1_wf.dwi_preproc_ses_1_dir_AP_run_01_part_mag_wf.pre_hmc_wf.merge_and_denoise_wf.conformed_bvecs" in "/work/qsiprep_1_0_wf/sub_24702_ses_1_wf/dwi_preproc_ses_1_dir_AP_run_01_part_mag_wf/pre_hmc_wf/merge_and_denoise_wf/conformed_bvecs".
250304-11:14:09,594 nipype.workflow INFO:
	 [Node] Executing "conformation_reports" <nipype.interfaces.utility.base.Merge>
250304-11:14:09,594 nipype.workflow INFO:
	 [Node] Executing "conformed_bvals" <nipype.interfaces.utility.base.Merge>
250304-11:14:09,595 nipype.workflow INFO:
	 [Node] Finished "conformation_reports", elapsed time 0.000193s.
250304-11:14:09,595 nipype.workflow INFO:
	 [Node] Executing "conformed_bvecs" <nipype.interfaces.utility.base.Merge>
250304-11:14:09,595 nipype.workflow INFO:
	 [Node] Finished "conformed_bvals", elapsed time 0.00017s.
250304-11:14:09,596 nipype.workflow INFO:
	 [Node] Finished "conformed_bvecs", elapsed time 0.000174s.
250304-11:14:09,598 nipype.workflow INFO:
	 [Node] Setting-up "qsiprep_1_0_wf.sub_24702_ses_1_wf.anat_preproc_wf.anat_template_wf.template_dimensions" in "/work/qsiprep_1_0_wf/sub_24702_ses_1_wf/anat_preproc_wf/anat_template_wf/template_dimensions".
250304-11:14:11,205 nipype.workflow INFO:
	 [Node] Setting-up "qsiprep_1_0_wf.sub_24702_ses_1_wf.anat_preproc_wf.reorient_mask_to_lps" in "/work/qsiprep_1_0_wf/sub_24702_ses_1_wf/anat_preproc_wf/reorient_mask_to_lps".
250304-11:14:11,213 nipype.workflow INFO:
	 [Node] Executing "reorient_mask_to_lps" <nipype.interfaces.afni.utils.Resample>
250304-11:14:11,393 nipype.workflow INFO:
	 [Node] Setting-up "qsiprep_1_0_wf.sub_24702_ses_1_wf.anat_preproc_wf.mask_template" in "/work/qsiprep_1_0_wf/sub_24702_ses_1_wf/anat_preproc_wf/mask_template".
250304-11:14:11,401 nipype.workflow INFO:
	 [Node] Executing "mask_template" <nipype.interfaces.afni.utils.Calc>
250304-11:14:11,596 nipype.workflow INFO:
	 [Node] Finished "reorient_mask_to_lps", elapsed time 0.381471s.
250304-11:14:12,830 nipype.workflow INFO:
	 [Node] Finished "mask_template", elapsed time 1.428146s.
250304-11:14:13,202 nipype.workflow INFO:
	 [Node] Setting-up "qsiprep_1_0_wf.sub_24702_ses_1_wf.anat_preproc_wf.reorient_brain_to_lps" in "/work/qsiprep_1_0_wf/sub_24702_ses_1_wf/anat_preproc_wf/reorient_brain_to_lps".
250304-11:14:13,207 nipype.workflow INFO:
	 [Node] Executing "reorient_brain_to_lps" <nipype.interfaces.afni.utils.Resample>
250304-11:14:13,387 nipype.workflow INFO:
	 [Node] Executing "conformed_raw_images" <nipype.interfaces.utility.base.Merge>
250304-11:14:13,389 nipype.workflow INFO:
	 [Node] Executing "template_dimensions" <niworkflows.interfaces.images.TemplateDimensions>
250304-11:14:13,390 nipype.workflow INFO:
	 [Node] Finished "conformed_raw_images", elapsed time 0.000202s.
250304-11:14:13,691 nipype.workflow INFO:
	 [Node] Finished "template_dimensions", elapsed time 0.300444s.
250304-11:14:13,788 nipype.workflow INFO:
	 [Node] Finished "reorient_brain_to_lps", elapsed time 0.579819s.
250304-11:14:15,811 nipype.workflow INFO:
	 [Node] Setting-up "qsiprep_1_0_wf.sub_24702_ses_1_wf.dwi_preproc_ses_1_dir_AP_run_01_part_mag_wf.pre_hmc_wf.merge_and_denoise_wf.dwi_denoise_ses_1_dir_AP_run_01_part_mag_dwi_wf.phase_to_radians" in "/work/qsiprep_1_0_wf/sub_24702_ses_1_wf/dwi_preproc_ses_1_dir_AP_run_01_part_mag_wf/pre_hmc_wf/merge_and_denoise_wf/dwi_denoise_ses_1_dir_AP_run_01_part_mag_dwi_wf/phase_to_radians".
250304-11:14:15,816 nipype.workflow INFO:
	 [Node] Executing "phase_to_radians" <qsiprep.interfaces.dwi_merge.PhaseToRad>
250304-11:14:35,618 nipype.workflow INFO:
	 [Node] Finished "phase_to_radians", elapsed time 19.801244s.
250304-11:14:37,174 nipype.workflow INFO:
	 [Node] Setting-up "qsiprep_1_0_wf.sub_24702_ses_1_wf.anat_preproc_wf.anat_derivatives_wf.t1_name" in "/work/qsiprep_1_0_wf/sub_24702_ses_1_wf/anat_preproc_wf/anat_derivatives_wf/t1_name".
250304-11:14:37,184 nipype.workflow INFO:
	 [Node] Executing "t1_name" <nipype.interfaces.utility.wrappers.Function>
250304-11:14:37,185 nipype.workflow INFO:
	 [Node] Finished "t1_name", elapsed time 0.000595s.
250304-11:14:37,339 nipype.workflow INFO:
	 [Node] Setting-up "qsiprep_1_0_wf.sub_24702_ses_1_wf.anat_preproc_wf.output_grid_wf.autobox_template" in "/work/qsiprep_1_0_wf/sub_24702_ses_1_wf/anat_preproc_wf/output_grid_wf/autobox_template".
250304-11:14:37,340 nipype.workflow INFO:
	 [Node] Setting-up "_anat_conform0" in "/work/qsiprep_1_0_wf/sub_24702_ses_1_wf/anat_preproc_wf/anat_template_wf/anat_conform/mapflow/_anat_conform0".
250304-11:14:37,340 nipype.workflow INFO:
	 [Node] Setting-up "_anat_conform1" in "/work/qsiprep_1_0_wf/sub_24702_ses_1_wf/anat_preproc_wf/anat_template_wf/anat_conform/mapflow/_anat_conform1".
250304-11:14:37,344 nipype.workflow INFO:
	 [Node] Executing "_anat_conform0" <qsiprep.interfaces.images.Conform>
250304-11:14:37,344 nipype.workflow INFO:
	 [Node] Executing "_anat_conform1" <qsiprep.interfaces.images.Conform>
250304-11:14:37,344 nipype.workflow INFO:
	 [Node] Executing "autobox_template" <nipype.interfaces.afni.utils.Autobox>
250304-11:14:38,122 nipype.workflow INFO:
	 [Node] Finished "_anat_conform1", elapsed time 0.776556s.
250304-11:14:38,148 nipype.workflow INFO:
	 [Node] Finished "autobox_template", elapsed time 0.802793s.
250304-11:14:38,195 nipype.workflow INFO:
	 [Node] Finished "_anat_conform0", elapsed time 0.850338s.
250304-11:14:39,178 nipype.workflow INFO:
	 [Node] Setting-up "qsiprep_1_0_wf.sub_24702_ses_1_wf.anat_preproc_wf.output_grid_wf.deoblique_autobox" in "/work/qsiprep_1_0_wf/sub_24702_ses_1_wf/anat_preproc_wf/output_grid_wf/deoblique_autobox".
250304-11:14:39,183 nipype.workflow INFO:
	 [Node] Setting-up "_anat_conform0" in "/work/qsiprep_1_0_wf/sub_24702_ses_1_wf/anat_preproc_wf/anat_template_wf/anat_conform/mapflow/_anat_conform0".
250304-11:14:39,184 nipype.workflow INFO:
	 [Node] Executing "deoblique_autobox" <nipype.interfaces.afni.preprocess.Warp>
250304-11:14:39,184 nipype.workflow INFO:
	 [Node] Cached "_anat_conform0" - collecting precomputed outputs
250304-11:14:39,184 nipype.workflow INFO:
	 [Node] "_anat_conform0" found cached.
250304-11:14:39,185 nipype.workflow INFO:
	 [Node] Setting-up "_anat_conform1" in "/work/qsiprep_1_0_wf/sub_24702_ses_1_wf/anat_preproc_wf/anat_template_wf/anat_conform/mapflow/_anat_conform1".
250304-11:14:39,186 nipype.workflow INFO:
	 [Node] Cached "_anat_conform1" - collecting precomputed outputs
250304-11:14:39,186 nipype.workflow INFO:
	 [Node] "_anat_conform1" found cached.
250304-11:14:40,77 nipype.workflow INFO:
	 [Node] Finished "deoblique_autobox", elapsed time 0.892376s.
250304-11:14:41,241 nipype.workflow INFO:
	 [Node] Setting-up "qsiprep_1_0_wf.sub_24702_ses_1_wf.dwi_preproc_ses_1_dir_AP_run_01_part_mag_wf.pre_hmc_wf.merge_and_denoise_wf.raw_merge" in "/work/qsiprep_1_0_wf/sub_24702_ses_1_wf/dwi_preproc_ses_1_dir_AP_run_01_part_mag_wf/pre_hmc_wf/merge_and_denoise_wf/raw_merge".
250304-11:14:41,247 nipype.workflow INFO:
	 [Node] Executing "raw_merge" <qsiprep.interfaces.nilearn.Merge>
250304-11:14:56,534 nipype.workflow INFO:
	 [Node] Finished "raw_merge", elapsed time 15.285741s.
250304-11:14:57,221 nipype.workflow INFO:
	 [Node] Setting-up "qsiprep_1_0_wf.sub_24702_ses_1_wf.dwi_preproc_ses_1_dir_AP_run_01_part_mag_wf.pre_hmc_wf.merge_and_denoise_wf.dwi_denoise_ses_1_dir_AP_run_01_part_mag_dwi_wf.combine_complex" in "/work/qsiprep_1_0_wf/sub_24702_ses_1_wf/dwi_preproc_ses_1_dir_AP_run_01_part_mag_wf/pre_hmc_wf/merge_and_denoise_wf/dwi_denoise_ses_1_dir_AP_run_01_part_mag_dwi_wf/combine_complex".
250304-11:14:57,226 nipype.workflow INFO:
	 [Node] Executing "combine_complex" <qsiprep.interfaces.mrtrix.PolarToComplex>
250304-11:16:19,133 nipype.workflow INFO:
	 [Node] Finished "combine_complex", elapsed time 81.905923s.
250304-11:16:19,297 nipype.workflow INFO:
	 [Node] Setting-up "qsiprep_1_0_wf.sub_24702_ses_1_wf.dwi_preproc_ses_1_dir_AP_run_01_part_mag_wf.test_pre_hmc_connect" in "/work/qsiprep_1_0_wf/sub_24702_ses_1_wf/dwi_preproc_ses_1_dir_AP_run_01_part_mag_wf/test_pre_hmc_connect".
250304-11:16:19,297 nipype.workflow INFO:
	 [Node] Setting-up "qsiprep_1_0_wf.sub_24702_ses_1_wf.anat_preproc_wf.output_grid_wf.resample_to_voxel_size" in "/work/qsiprep_1_0_wf/sub_24702_ses_1_wf/anat_preproc_wf/output_grid_wf/resample_to_voxel_size".
250304-11:16:19,303 nipype.workflow INFO:
	 [Node] Executing "resample_to_voxel_size" <nipype.interfaces.afni.utils.Resample>
250304-11:16:19,332 nipype.workflow INFO:
	 [Node] Executing "test_pre_hmc_connect" <qsiprep.interfaces.utils.TestInput>
250304-11:16:19,332 nipype.workflow INFO:
	 [Node] Finished "test_pre_hmc_connect", elapsed time 3.3e-05s.
250304-11:16:19,332 nipype.workflow WARNING:
	 Storing result file without outputs
250304-11:16:19,572 nipype.workflow INFO:
	 [Node] Finished "resample_to_voxel_size", elapsed time 0.26834s.
250304-11:16:21,328 nipype.workflow INFO:
	 [Node] Setting-up "qsiprep_1_0_wf.sub_24702_ses_1_wf.dwi_preproc_ses_1_dir_AP_run_01_part_mag_wf.pre_hmc_wf.merge_and_denoise_wf.dwi_denoise_ses_1_dir_AP_run_01_part_mag_dwi_wf.denoiser" in "/work/qsiprep_1_0_wf/sub_24702_ses_1_wf/dwi_preproc_ses_1_dir_AP_run_01_part_mag_wf/pre_hmc_wf/merge_and_denoise_wf/dwi_denoise_ses_1_dir_AP_run_01_part_mag_dwi_wf/denoiser".
250304-11:16:21,333 nipype.workflow INFO:
	 [Node] Executing "denoiser" <qsiprep.interfaces.mrtrix.DWIDenoise>
250304-11:17:51,100 nipype.interface INFO:
	 Generating denoising visual report
250304-11:18:42,803 nipype.workflow INFO:
	 [Node] Finished "denoiser", elapsed time 141.33211s.
250304-11:18:43,727 nipype.workflow INFO:
	 [Node] Setting-up "qsiprep_1_0_wf.sub_24702_ses_1_wf.dwi_preproc_ses_1_dir_AP_run_01_part_mag_wf.pre_hmc_wf.merge_and_denoise_wf.dwi_denoise_ses_1_dir_AP_run_01_part_mag_dwi_wf.merge_confounds" in "/work/qsiprep_1_0_wf/sub_24702_ses_1_wf/dwi_preproc_ses_1_dir_AP_run_01_part_mag_wf/pre_hmc_wf/merge_and_denoise_wf/dwi_denoise_ses_1_dir_AP_run_01_part_mag_dwi_wf/merge_confounds".
250304-11:18:43,756 nipype.workflow INFO:
	 [Node] Executing "merge_confounds" <nipype.interfaces.utility.base.Merge>
250304-11:18:43,757 nipype.workflow INFO:
	 [Node] Finished "merge_confounds", elapsed time 0.000208s.
250304-11:18:45,625 nipype.workflow INFO:
	 [Node] Setting-up "qsiprep_1_0_wf.sub_24702_ses_1_wf.dwi_preproc_ses_1_dir_AP_run_01_part_mag_wf.pre_hmc_wf.merge_and_denoise_wf.dwi_denoise_ses_1_dir_AP_run_01_part_mag_dwi_wf.split_complex" in "/work/qsiprep_1_0_wf/sub_24702_ses_1_wf/dwi_preproc_ses_1_dir_AP_run_01_part_mag_wf/pre_hmc_wf/merge_and_denoise_wf/dwi_denoise_ses_1_dir_AP_run_01_part_mag_dwi_wf/split_complex".
250304-11:18:45,630 nipype.workflow INFO:
	 [Node] Executing "split_complex" <qsiprep.interfaces.mrtrix.ComplexToMagnitude>
250304-11:19:34,859 nipype.workflow INFO:
	 [Node] Finished "split_complex", elapsed time 49.226837s.
250304-11:19:35,573 nipype.workflow INFO:
	 [Node] Setting-up "qsiprep_1_0_wf.sub_24702_ses_1_wf.dwi_preproc_ses_1_dir_AP_run_01_part_mag_wf.pre_hmc_wf.merge_and_denoise_wf.conformed_images" in "/work/qsiprep_1_0_wf/sub_24702_ses_1_wf/dwi_preproc_ses_1_dir_AP_run_01_part_mag_wf/pre_hmc_wf/merge_and_denoise_wf/conformed_images".
250304-11:19:35,603 nipype.workflow INFO:
	 [Node] Executing "conformed_images" <nipype.interfaces.utility.base.Merge>
250304-11:19:35,604 nipype.workflow INFO:
	 [Node] Finished "conformed_images", elapsed time 0.000203s.
250304-11:19:35,977 nipype.workflow INFO:
	 [Node] Setting-up "qsiprep_1_0_wf.sub_24702_ses_1_wf.dwi_preproc_ses_1_dir_AP_run_01_part_mag_wf.pre_hmc_wf.merge_and_denoise_wf.dwi_denoise_ses_1_dir_AP_run_01_part_mag_dwi_wf.hstack_confounds" in "/work/qsiprep_1_0_wf/sub_24702_ses_1_wf/dwi_preproc_ses_1_dir_AP_run_01_part_mag_wf/pre_hmc_wf/merge_and_denoise_wf/dwi_denoise_ses_1_dir_AP_run_01_part_mag_dwi_wf/hstack_confounds".
250304-11:19:35,982 nipype.workflow INFO:
	 [Node] Executing "hstack_confounds" <qsiprep.interfaces.dwi_merge.StackConfounds>
250304-11:19:35,992 nipype.workflow INFO:
	 [Node] Finished "hstack_confounds", elapsed time 0.009566s.
250304-11:19:37,576 nipype.workflow INFO:
	 [Node] Setting-up "qsiprep_1_0_wf.sub_24702_ses_1_wf.dwi_preproc_ses_1_dir_AP_run_01_part_mag_wf.pre_hmc_wf.merge_and_denoise_wf.denoising_confounds" in "/work/qsiprep_1_0_wf/sub_24702_ses_1_wf/dwi_preproc_ses_1_dir_AP_run_01_part_mag_wf/pre_hmc_wf/merge_and_denoise_wf/denoising_confounds".
250304-11:19:37,581 nipype.workflow INFO:
	 [Node] Executing "denoising_confounds" <nipype.interfaces.utility.base.Merge>
250304-11:19:37,582 nipype.workflow INFO:
	 [Node] Finished "denoising_confounds", elapsed time 0.000175s.
250304-11:19:40,92 nipype.workflow INFO:
	 [Node] Setting-up "qsiprep_1_0_wf.sub_24702_ses_1_wf.dwi_preproc_ses_1_dir_AP_run_01_part_mag_wf.pre_hmc_wf.merge_and_denoise_wf.merge_dwis" in "/work/qsiprep_1_0_wf/sub_24702_ses_1_wf/dwi_preproc_ses_1_dir_AP_run_01_part_mag_wf/pre_hmc_wf/merge_and_denoise_wf/merge_dwis".
250304-11:19:40,104 nipype.workflow INFO:
	 [Node] Executing "merge_dwis" <qsiprep.interfaces.dwi_merge.MergeDWIs>
250304-11:19:40,105 nipype.workflow WARNING:
	 [Node] Error on "qsiprep_1_0_wf.sub_24702_ses_1_wf.dwi_preproc_ses_1_dir_AP_run_01_part_mag_wf.pre_hmc_wf.merge_and_denoise_wf.merge_dwis" (/work/qsiprep_1_0_wf/sub_24702_ses_1_wf/dwi_preproc_ses_1_dir_AP_run_01_part_mag_wf/pre_hmc_wf/merge_and_denoise_wf/merge_dwis)
