/cbica/projects/pafin/code/processing
2115fmn015
Tue Mar  4 11:06:40 EST 2025
Running task 2
Commandline: apptainer run --cleanenv       -B /cbica/projects/pafin/dset:/data       -B /cbica/projects/pafin/derivatives:/deriv       -B /cbica/comp_space/pafin/pafin-qsiprep:/work       -B /cbica/projects/pafin/tokens/freesurfer_license.txt:/license.txt       /cbica/projects/pafin/apptainer/qsiprep-1.0.0.sif       /data       /deriv/qsiprep       participant       --participant-label 24053       -w /work/       --omp-nthreads 20       --nprocs 20       --mem 39000       --fs-license-file /license.txt       --skip-bids-validation       --denoise-method dwidenoise       --output-resolution 1.7       --subject-anatomical-reference sessionwise
250304-11:07:12,14 nipype.workflow IMPORTANT:
	 Running QSIPrep version 1.0.1.dev0+gee9aa2e.d20250115

         License NOTICE ##################################################
         QSIPrep 1.0.1.dev0+gee9aa2e.d20250115
         Copyright The PennLINC Developers.
         
         This product includes software developed by
         the NiPreps Community (https://nipreps.org/).
         
         Portions of this software were developed at the Department of
         Psychology at Stanford University, Stanford, CA, US.
         
         This software is also distributed as a Docker container image.
         The bootstrapping file for the image ("Dockerfile") is licensed
         under the MIT License.
         
         This software may be distributed through an add-on package called
         "Docker Wrapper" that is under the BSD 3-clause License.
         #################################################################
250304-11:07:12,109 nipype.workflow IMPORTANT:
	 Building QSIPrep's workflow:
           * BIDS dataset path: /data.
           * Participant list: ['24053'].
           * Run identifier: 20250304-110647_7390e583-77c7-428a-baa3-f2da1f705f3e.
250304-11:07:12,439 nipype.workflow IMPORTANT:
	 Collected data:
dwi:
- /data/sub-24053/ses-1/dwi/sub-24053_ses-1_dir-AP_run-01_part-mag_dwi.nii.gz
flair: []
fmap:
- /data/sub-24053/ses-1/fmap/sub-24053_ses-1_acq-dwi_dir-PA_run-01_part-mag_epi.nii.gz
- /data/sub-24053/ses-1/fmap/sub-24053_ses-1_acq-dwi_dir-PA_run-01_part-phase_epi.nii.gz
- /data/sub-24053/ses-1/fmap/sub-24053_ses-1_acq-func+meepi_dir-AP_run-01_echo-1_part-mag_epi.nii.gz
- /data/sub-24053/ses-1/fmap/sub-24053_ses-1_acq-func+meepi_dir-AP_run-01_echo-1_part-phase_epi.nii.gz
- /data/sub-24053/ses-1/fmap/sub-24053_ses-1_acq-func+meepi_dir-AP_run-01_echo-2_part-mag_epi.nii.gz
- /data/sub-24053/ses-1/fmap/sub-24053_ses-1_acq-func+meepi_dir-AP_run-01_echo-2_part-phase_epi.nii.gz
- /data/sub-24053/ses-1/fmap/sub-24053_ses-1_acq-func+meepi_dir-AP_run-01_echo-3_part-mag_epi.nii.gz
- /data/sub-24053/ses-1/fmap/sub-24053_ses-1_acq-func+meepi_dir-AP_run-01_echo-3_part-phase_epi.nii.gz
- /data/sub-24053/ses-1/fmap/sub-24053_ses-1_acq-func+meepi_dir-AP_run-01_echo-4_part-mag_epi.nii.gz
- /data/sub-24053/ses-1/fmap/sub-24053_ses-1_acq-func+meepi_dir-AP_run-01_echo-4_part-phase_epi.nii.gz
- /data/sub-24053/ses-1/fmap/sub-24053_ses-1_acq-func+meepi_dir-AP_run-01_echo-5_part-mag_epi.nii.gz
- /data/sub-24053/ses-1/fmap/sub-24053_ses-1_acq-func+meepi_dir-AP_run-01_echo-5_part-phase_epi.nii.gz
- /data/sub-24053/ses-1/fmap/sub-24053_ses-1_acq-func+meepi_dir-PA_run-01_echo-1_part-mag_epi.nii.gz
- /data/sub-24053/ses-1/fmap/sub-24053_ses-1_acq-func+meepi_dir-PA_run-01_echo-1_part-phase_epi.nii.gz
- /data/sub-24053/ses-1/fmap/sub-24053_ses-1_acq-func+meepi_dir-PA_run-01_echo-2_part-mag_epi.nii.gz
- /data/sub-24053/ses-1/fmap/sub-24053_ses-1_acq-func+meepi_dir-PA_run-01_echo-2_part-phase_epi.nii.gz
- /data/sub-24053/ses-1/fmap/sub-24053_ses-1_acq-func+meepi_dir-PA_run-01_echo-3_part-mag_epi.nii.gz
- /data/sub-24053/ses-1/fmap/sub-24053_ses-1_acq-func+meepi_dir-PA_run-01_echo-3_part-phase_epi.nii.gz
- /data/sub-24053/ses-1/fmap/sub-24053_ses-1_acq-func+meepi_dir-PA_run-01_echo-4_part-mag_epi.nii.gz
- /data/sub-24053/ses-1/fmap/sub-24053_ses-1_acq-func+meepi_dir-PA_run-01_echo-4_part-phase_epi.nii.gz
- /data/sub-24053/ses-1/fmap/sub-24053_ses-1_acq-func+meepi_dir-PA_run-01_echo-5_part-mag_epi.nii.gz
- /data/sub-24053/ses-1/fmap/sub-24053_ses-1_acq-func+meepi_dir-PA_run-01_echo-5_part-phase_epi.nii.gz
- /data/sub-24053/ses-1/fmap/sub-24053_ses-1_acq-func_dir-AP_run-01_part-mag_epi.nii.gz
- /data/sub-24053/ses-1/fmap/sub-24053_ses-1_acq-func_dir-AP_run-01_part-phase_epi.nii.gz
- /data/sub-24053/ses-1/fmap/sub-24053_ses-1_acq-func_dir-PA_run-01_part-mag_epi.nii.gz
- /data/sub-24053/ses-1/fmap/sub-24053_ses-1_acq-func_dir-PA_run-01_part-phase_epi.nii.gz
roi: []
sbref: []
t1w:
- /data/sub-24053/ses-1/anat/sub-24053_ses-1_T1w.nii.gz
- /data/sub-24053/ses-1/anat/sub-24053_ses-1_rec-norm_T1w.nii.gz
t2w:
- /data/sub-24053/ses-1/anat/sub-24053_ses-1_T2w.nii.gz
- /data/sub-24053/ses-1/anat/sub-24053_ses-1_rec-norm_T2w.nii.gz

250304-11:07:12,471 nipype.workflow INFO:
	 Running nonlinear normalization to template
250304-11:07:12,500 nipype.workflow INFO:
	 Combining all DWI files within each available session and acquisition:
250304-11:07:12,502 nipype.workflow INFO:
	 	- 1 scans in session 1/acquisition None
250304-11:07:12,541 nipype.workflow INFO:
	 [{'dwi_series': ['/data/sub-24053/ses-1/dwi/sub-24053_ses-1_dir-AP_run-01_part-mag_dwi.nii.gz'], 'fieldmap_info': {'suffix': 'epi', 'epi': ['/data/sub-24053/ses-1/fmap/sub-24053_ses-1_acq-dwi_dir-PA_run-01_part-mag_epi.nii.gz']}, 'dwi_series_pedir': 'j-', 'concatenated_bids_name': 'sub-24053_ses-1_dir-AP_run-01_part-mag'}]
250304-11:07:12,842 nipype.workflow INFO:
	 Phase file found for /data/sub-24053/ses-1/dwi/sub-24053_ses-1_dir-AP_run-01_part-mag_dwi.nii.gz
250304-11:07:12,844 nipype.workflow INFO:
	 Automatically using 3, 3, 3 window for dwidenoise
250304-11:07:12,858 nipype.workflow INFO:
	 Using 20 threads in eddy
250304-11:07:12,873 nipype.workflow INFO:
	 Using single-stage SDC, TOPUP-only
250304-11:07:17,420 nipype.workflow INFO:
	 QSIPrep workflow graph with 280 nodes built successfully.
250304-11:07:37,40 nipype.workflow IMPORTANT:
	 QSIPrep started!
250304-11:07:41,199 nipype.workflow INFO:
	 [Node] Setting-up "qsiprep_1_0_wf.sub_24053_ses_1_wf.dwi_preproc_ses_1_dir_AP_run_01_part_mag_wf.pre_hmc_wf.merge_and_denoise_wf.noise_images" in "/work/qsiprep_1_0_wf/sub_24053_ses_1_wf/dwi_preproc_ses_1_dir_AP_run_01_part_mag_wf/pre_hmc_wf/merge_and_denoise_wf/noise_images".
250304-11:07:41,214 nipype.workflow INFO:
	 [Node] Setting-up "qsiprep_1_0_wf.sub_24053_ses_1_wf.dwi_preproc_ses_1_dir_AP_run_01_part_mag_wf.pre_hmc_wf.merge_and_denoise_wf.bias_images" in "/work/qsiprep_1_0_wf/sub_24053_ses_1_wf/dwi_preproc_ses_1_dir_AP_run_01_part_mag_wf/pre_hmc_wf/merge_and_denoise_wf/bias_images".
250304-11:07:41,219 nipype.workflow INFO:
	 [Node] Executing "noise_images" <nipype.interfaces.utility.base.Merge>
250304-11:07:41,225 nipype.workflow INFO:
	 [Node] Finished "noise_images", elapsed time 0.000479s.
250304-11:07:41,239 nipype.workflow INFO:
	 [Node] Executing "bias_images" <nipype.interfaces.utility.base.Merge>
250304-11:07:41,244 nipype.workflow INFO:
	 [Node] Finished "bias_images", elapsed time 0.000298s.
250304-11:07:44,671 nipype.workflow INFO:
	 [Node] Setting-up "qsiprep_1_0_wf.sub_24053_ses_1_wf.bidssrc" in "/work/qsiprep_1_0_wf/sub_24053_ses_1_wf/bidssrc".
250304-11:07:44,682 nipype.workflow INFO:
	 [Node] Executing "bidssrc" <qsiprep.interfaces.bids.BIDSDataGrabber>
250304-11:07:44,685 nipype.interface WARNING:
	 No 'flair' images found for sub-<undefined>
250304-11:07:44,685 nipype.interface WARNING:
	 No 'sbref' images found for sub-<undefined>
250304-11:07:44,685 nipype.interface WARNING:
	 No 'roi' images found for sub-<undefined>
250304-11:07:44,686 nipype.workflow INFO:
	 [Node] Finished "bidssrc", elapsed time 0.000778s.
250304-11:07:45,0 nipype.workflow INFO:
	 [Node] Setting-up "qsiprep_1_0_wf.sub_24053_ses_1_wf.anat_preproc_wf.get_template_image" in "/work/qsiprep_1_0_wf/sub_24053_ses_1_wf/anat_preproc_wf/get_template_image".
250304-11:07:45,8 nipype.workflow INFO:
	 [Node] Executing "get_template_image" <qsiprep.interfaces.anatomical.GetTemplate>
250304-11:07:45,22 nipype.workflow INFO:
	 [Node] Setting-up "qsiprep_1_0_wf.sub_24053_ses_1_wf.dwi_preproc_ses_1_dir_AP_run_01_part_mag_wf.pre_hmc_wf.merge_and_denoise_wf.conform_dwis01" in "/work/qsiprep_1_0_wf/sub_24053_ses_1_wf/dwi_preproc_ses_1_dir_AP_run_01_part_mag_wf/pre_hmc_wf/merge_and_denoise_wf/conform_dwis01".
250304-11:07:45,29 nipype.workflow INFO:
	 [Node] Executing "conform_dwis01" <qsiprep.interfaces.images.ConformDwi>
250304-11:07:45,29 nipype.workflow INFO:
	 [Node] Setting-up "qsiprep_1_0_wf.sub_24053_ses_1_wf.dwi_finalize_ses_1_dir_AP_run_01_part_mag_wf.merged_sidecar" in "/work/qsiprep_1_0_wf/sub_24053_ses_1_wf/dwi_finalize_ses_1_dir_AP_run_01_part_mag_wf/merged_sidecar".
250304-11:07:45,39 nipype.workflow INFO:
	 [Node] Executing "merged_sidecar" <qsiprep.interfaces.bids.DerivativesSidecar>
250304-11:07:45,42 nipype.workflow INFO:
	 [Node] Finished "merged_sidecar", elapsed time 0.002568s.
250304-11:07:45,59 nipype.workflow INFO:
	 [Node] Setting-up "qsiprep_1_0_wf.sub_24053_ses_1_wf.anat_preproc_wf.output_grid_wf.voxel_size_chooser" in "/work/qsiprep_1_0_wf/sub_24053_ses_1_wf/anat_preproc_wf/output_grid_wf/voxel_size_chooser".
250304-11:07:45,64 nipype.workflow INFO:
	 [Node] Executing "voxel_size_chooser" <qsiprep.interfaces.anatomical.VoxelSizeChooser>
250304-11:07:45,69 nipype.workflow INFO:
	 [Node] Finished "voxel_size_chooser", elapsed time 0.000125s.
250304-11:07:45,116 nipype.workflow INFO:
	 [Node] Setting-up "qsiprep_1_0_wf.sub_24053_ses_1_wf.dwi_preproc_ses_1_dir_AP_run_01_part_mag_wf.pre_hmc_wf.merge_and_denoise_wf.conform_phase1" in "/work/qsiprep_1_0_wf/sub_24053_ses_1_wf/dwi_preproc_ses_1_dir_AP_run_01_part_mag_wf/pre_hmc_wf/merge_and_denoise_wf/conform_phase1".
250304-11:07:45,122 nipype.workflow INFO:
	 [Node] Executing "conform_phase1" <qsiprep.interfaces.images.ConformDwi>
250304-11:07:45,148 nipype.interface INFO:
	 Not applying reorientation to /data/sub-24053/ses-1/dwi/sub-24053_ses-1_dir-AP_run-01_part-mag_dwi.nii.gz: already in LAS
250304-11:07:45,149 nipype.workflow INFO:
	 [Node] Finished "conform_dwis01", elapsed time 0.115803s.
250304-11:07:45,305 nipype.workflow INFO:
	 [Node] Finished "get_template_image", elapsed time 0.29263s.
250304-11:07:45,332 nipype.interface INFO:
	 Not applying reorientation to /data/sub-24053/ses-1/dwi/sub-24053_ses-1_dir-AP_run-01_part-phase_dwi.nii.gz: already in LAS
250304-11:07:45,332 nipype.workflow INFO:
	 [Node] Finished "conform_phase1", elapsed time 0.205399s.
250304-11:07:45,744 nipype.workflow INFO:
	 [Node] Setting-up "qsiprep_1_0_wf.sub_24053_ses_1_wf.dwi_preproc_ses_1_dir_AP_run_01_part_mag_wf.pre_hmc_wf.merge_and_denoise_wf.conformed_raw_images" in "/work/qsiprep_1_0_wf/sub_24053_ses_1_wf/dwi_preproc_ses_1_dir_AP_run_01_part_mag_wf/pre_hmc_wf/merge_and_denoise_wf/conformed_raw_images".
250304-11:07:45,745 nipype.workflow INFO:
	 [Node] Setting-up "qsiprep_1_0_wf.sub_24053_ses_1_wf.dwi_preproc_ses_1_dir_AP_run_01_part_mag_wf.pre_hmc_wf.merge_and_denoise_wf.conformation_reports" in "/work/qsiprep_1_0_wf/sub_24053_ses_1_wf/dwi_preproc_ses_1_dir_AP_run_01_part_mag_wf/pre_hmc_wf/merge_and_denoise_wf/conformation_reports".
250304-11:07:45,745 nipype.workflow INFO:
	 [Node] Setting-up "qsiprep_1_0_wf.sub_24053_ses_1_wf.dwi_preproc_ses_1_dir_AP_run_01_part_mag_wf.pre_hmc_wf.merge_and_denoise_wf.conformed_bvals" in "/work/qsiprep_1_0_wf/sub_24053_ses_1_wf/dwi_preproc_ses_1_dir_AP_run_01_part_mag_wf/pre_hmc_wf/merge_and_denoise_wf/conformed_bvals".
250304-11:07:45,753 nipype.workflow INFO:
	 [Node] Executing "conformation_reports" <nipype.interfaces.utility.base.Merge>
250304-11:07:45,755 nipype.workflow INFO:
	 [Node] Finished "conformation_reports", elapsed time 0.000459s.
250304-11:07:45,757 nipype.workflow INFO:
	 [Node] Executing "conformed_bvals" <nipype.interfaces.utility.base.Merge>
250304-11:07:45,758 nipype.workflow INFO:
	 [Node] Finished "conformed_bvals", elapsed time 0.00021s.
250304-11:07:45,790 nipype.workflow INFO:
	 [Node] Setting-up "qsiprep_1_0_wf.sub_24053_ses_1_wf.anat_preproc_wf.anat_template_wf.template_dimensions" in "/work/qsiprep_1_0_wf/sub_24053_ses_1_wf/anat_preproc_wf/anat_template_wf/template_dimensions".
250304-11:07:45,880 nipype.workflow INFO:
	 [Node] Setting-up "qsiprep_1_0_wf.sub_24053_ses_1_wf.dwi_preproc_ses_1_dir_AP_run_01_part_mag_wf.pre_hmc_wf.merge_and_denoise_wf.conformed_bvecs" in "/work/qsiprep_1_0_wf/sub_24053_ses_1_wf/dwi_preproc_ses_1_dir_AP_run_01_part_mag_wf/pre_hmc_wf/merge_and_denoise_wf/conformed_bvecs".
250304-11:07:45,887 nipype.workflow INFO:
	 [Node] Executing "conformed_bvecs" <nipype.interfaces.utility.base.Merge>
250304-11:07:45,887 nipype.workflow INFO:
	 [Node] Finished "conformed_bvecs", elapsed time 0.000173s.
250304-11:07:47,461 nipype.workflow INFO:
	 [Node] Setting-up "qsiprep_1_0_wf.sub_24053_ses_1_wf.anat_preproc_wf.mask_template" in "/work/qsiprep_1_0_wf/sub_24053_ses_1_wf/anat_preproc_wf/mask_template".
250304-11:07:47,461 nipype.workflow INFO:
	 [Node] Setting-up "qsiprep_1_0_wf.sub_24053_ses_1_wf.anat_preproc_wf.reorient_mask_to_lps" in "/work/qsiprep_1_0_wf/sub_24053_ses_1_wf/anat_preproc_wf/reorient_mask_to_lps".
250304-11:07:47,470 nipype.workflow INFO:
	 [Node] Executing "mask_template" <nipype.interfaces.afni.utils.Calc>
250304-11:07:47,471 nipype.workflow INFO:
	 [Node] Executing "reorient_mask_to_lps" <nipype.interfaces.afni.utils.Resample>
250304-11:07:48,149 nipype.workflow INFO:
	 [Node] Finished "reorient_mask_to_lps", elapsed time 0.676762s.
250304-11:07:49,148 nipype.workflow INFO:
	 [Node] Finished "mask_template", elapsed time 1.675819s.
250304-11:07:49,205 nipype.workflow INFO:
	 [Node] Executing "template_dimensions" <niworkflows.interfaces.images.TemplateDimensions>
250304-11:07:49,374 nipype.workflow INFO:
	 [Node] Executing "conformed_raw_images" <nipype.interfaces.utility.base.Merge>
250304-11:07:49,375 nipype.workflow INFO:
	 [Node] Finished "conformed_raw_images", elapsed time 0.000211s.
250304-11:07:49,508 nipype.workflow INFO:
	 [Node] Finished "template_dimensions", elapsed time 0.298404s.
250304-11:07:49,584 nipype.workflow INFO:
	 [Node] Setting-up "qsiprep_1_0_wf.sub_24053_ses_1_wf.anat_preproc_wf.reorient_brain_to_lps" in "/work/qsiprep_1_0_wf/sub_24053_ses_1_wf/anat_preproc_wf/reorient_brain_to_lps".
250304-11:07:49,590 nipype.workflow INFO:
	 [Node] Executing "reorient_brain_to_lps" <nipype.interfaces.afni.utils.Resample>
250304-11:07:50,72 nipype.workflow INFO:
	 [Node] Finished "reorient_brain_to_lps", elapsed time 0.481236s.
250304-11:07:52,83 nipype.workflow INFO:
	 [Node] Setting-up "qsiprep_1_0_wf.sub_24053_ses_1_wf.dwi_preproc_ses_1_dir_AP_run_01_part_mag_wf.pre_hmc_wf.merge_and_denoise_wf.dwi_denoise_ses_1_dir_AP_run_01_part_mag_dwi_wf.phase_to_radians" in "/work/qsiprep_1_0_wf/sub_24053_ses_1_wf/dwi_preproc_ses_1_dir_AP_run_01_part_mag_wf/pre_hmc_wf/merge_and_denoise_wf/dwi_denoise_ses_1_dir_AP_run_01_part_mag_dwi_wf/phase_to_radians".
250304-11:07:52,90 nipype.workflow INFO:
	 [Node] Executing "phase_to_radians" <qsiprep.interfaces.dwi_merge.PhaseToRad>
250304-11:08:09,209 nipype.workflow INFO:
	 [Node] Finished "phase_to_radians", elapsed time 17.118063s.
250304-11:08:09,463 nipype.workflow INFO:
	 [Node] Setting-up "qsiprep_1_0_wf.sub_24053_ses_1_wf.anat_preproc_wf.anat_derivatives_wf.t1_name" in "/work/qsiprep_1_0_wf/sub_24053_ses_1_wf/anat_preproc_wf/anat_derivatives_wf/t1_name".
250304-11:08:09,598 nipype.workflow INFO:
	 [Node] Executing "t1_name" <nipype.interfaces.utility.wrappers.Function>
250304-11:08:09,600 nipype.workflow INFO:
	 [Node] Finished "t1_name", elapsed time 0.000534s.
250304-11:08:09,648 nipype.workflow INFO:
	 [Node] Setting-up "qsiprep_1_0_wf.sub_24053_ses_1_wf.anat_preproc_wf.output_grid_wf.autobox_template" in "/work/qsiprep_1_0_wf/sub_24053_ses_1_wf/anat_preproc_wf/output_grid_wf/autobox_template".
250304-11:08:09,648 nipype.workflow INFO:
	 [Node] Setting-up "_anat_conform0" in "/work/qsiprep_1_0_wf/sub_24053_ses_1_wf/anat_preproc_wf/anat_template_wf/anat_conform/mapflow/_anat_conform0".
250304-11:08:09,649 nipype.workflow INFO:
	 [Node] Setting-up "_anat_conform1" in "/work/qsiprep_1_0_wf/sub_24053_ses_1_wf/anat_preproc_wf/anat_template_wf/anat_conform/mapflow/_anat_conform1".
250304-11:08:09,656 nipype.workflow INFO:
	 [Node] Executing "_anat_conform0" <qsiprep.interfaces.images.Conform>
250304-11:08:09,657 nipype.workflow INFO:
	 [Node] Executing "autobox_template" <nipype.interfaces.afni.utils.Autobox>
250304-11:08:09,658 nipype.workflow INFO:
	 [Node] Executing "_anat_conform1" <qsiprep.interfaces.images.Conform>
250304-11:08:10,417 nipype.workflow INFO:
	 [Node] Finished "_anat_conform1", elapsed time 0.757561s.
250304-11:08:10,469 nipype.workflow INFO:
	 [Node] Finished "_anat_conform0", elapsed time 0.812s.
250304-11:08:10,558 nipype.workflow INFO:
	 [Node] Finished "autobox_template", elapsed time 0.898874s.
250304-11:08:11,469 nipype.workflow INFO:
	 [Node] Setting-up "qsiprep_1_0_wf.sub_24053_ses_1_wf.anat_preproc_wf.output_grid_wf.deoblique_autobox" in "/work/qsiprep_1_0_wf/sub_24053_ses_1_wf/anat_preproc_wf/output_grid_wf/deoblique_autobox".
250304-11:08:11,478 nipype.workflow INFO:
	 [Node] Setting-up "_anat_conform0" in "/work/qsiprep_1_0_wf/sub_24053_ses_1_wf/anat_preproc_wf/anat_template_wf/anat_conform/mapflow/_anat_conform0".
250304-11:08:11,479 nipype.workflow INFO:
	 [Node] Executing "deoblique_autobox" <nipype.interfaces.afni.preprocess.Warp>
250304-11:08:11,481 nipype.workflow INFO:
	 [Node] Cached "_anat_conform0" - collecting precomputed outputs
250304-11:08:11,481 nipype.workflow INFO:
	 [Node] "_anat_conform0" found cached.
250304-11:08:11,482 nipype.workflow INFO:
	 [Node] Setting-up "_anat_conform1" in "/work/qsiprep_1_0_wf/sub_24053_ses_1_wf/anat_preproc_wf/anat_template_wf/anat_conform/mapflow/_anat_conform1".
250304-11:08:11,484 nipype.workflow INFO:
	 [Node] Cached "_anat_conform1" - collecting precomputed outputs
250304-11:08:11,484 nipype.workflow INFO:
	 [Node] "_anat_conform1" found cached.
250304-11:08:12,343 nipype.workflow INFO:
	 [Node] Finished "deoblique_autobox", elapsed time 0.862697s.
250304-11:08:13,540 nipype.workflow INFO:
	 [Node] Setting-up "qsiprep_1_0_wf.sub_24053_ses_1_wf.dwi_preproc_ses_1_dir_AP_run_01_part_mag_wf.pre_hmc_wf.merge_and_denoise_wf.raw_merge" in "/work/qsiprep_1_0_wf/sub_24053_ses_1_wf/dwi_preproc_ses_1_dir_AP_run_01_part_mag_wf/pre_hmc_wf/merge_and_denoise_wf/raw_merge".
250304-11:08:13,546 nipype.workflow INFO:
	 [Node] Executing "raw_merge" <qsiprep.interfaces.nilearn.Merge>
250304-11:08:26,928 nipype.workflow INFO:
	 [Node] Finished "raw_merge", elapsed time 13.380508s.
250304-11:08:27,495 nipype.workflow INFO:
	 [Node] Setting-up "qsiprep_1_0_wf.sub_24053_ses_1_wf.dwi_preproc_ses_1_dir_AP_run_01_part_mag_wf.pre_hmc_wf.merge_and_denoise_wf.dwi_denoise_ses_1_dir_AP_run_01_part_mag_dwi_wf.combine_complex" in "/work/qsiprep_1_0_wf/sub_24053_ses_1_wf/dwi_preproc_ses_1_dir_AP_run_01_part_mag_wf/pre_hmc_wf/merge_and_denoise_wf/dwi_denoise_ses_1_dir_AP_run_01_part_mag_dwi_wf/combine_complex".
250304-11:08:27,504 nipype.workflow INFO:
	 [Node] Executing "combine_complex" <qsiprep.interfaces.mrtrix.PolarToComplex>
250304-11:09:36,28 nipype.workflow INFO:
	 [Node] Finished "combine_complex", elapsed time 68.522989s.
250304-11:09:37,597 nipype.workflow INFO:
	 [Node] Setting-up "qsiprep_1_0_wf.sub_24053_ses_1_wf.dwi_preproc_ses_1_dir_AP_run_01_part_mag_wf.test_pre_hmc_connect" in "/work/qsiprep_1_0_wf/sub_24053_ses_1_wf/dwi_preproc_ses_1_dir_AP_run_01_part_mag_wf/test_pre_hmc_connect".
250304-11:09:37,598 nipype.workflow INFO:
	 [Node] Setting-up "qsiprep_1_0_wf.sub_24053_ses_1_wf.anat_preproc_wf.output_grid_wf.resample_to_voxel_size" in "/work/qsiprep_1_0_wf/sub_24053_ses_1_wf/anat_preproc_wf/output_grid_wf/resample_to_voxel_size".
250304-11:09:37,611 nipype.workflow INFO:
	 [Node] Executing "resample_to_voxel_size" <nipype.interfaces.afni.utils.Resample>
250304-11:09:37,659 nipype.workflow INFO:
	 [Node] Executing "test_pre_hmc_connect" <qsiprep.interfaces.utils.TestInput>
250304-11:09:37,660 nipype.workflow INFO:
	 [Node] Finished "test_pre_hmc_connect", elapsed time 3.5e-05s.
250304-11:09:37,660 nipype.workflow WARNING:
	 Storing result file without outputs
250304-11:09:37,913 nipype.workflow INFO:
	 [Node] Finished "resample_to_voxel_size", elapsed time 0.301009s.
250304-11:09:39,602 nipype.workflow INFO:
	 [Node] Setting-up "qsiprep_1_0_wf.sub_24053_ses_1_wf.dwi_preproc_ses_1_dir_AP_run_01_part_mag_wf.pre_hmc_wf.merge_and_denoise_wf.dwi_denoise_ses_1_dir_AP_run_01_part_mag_dwi_wf.denoiser" in "/work/qsiprep_1_0_wf/sub_24053_ses_1_wf/dwi_preproc_ses_1_dir_AP_run_01_part_mag_wf/pre_hmc_wf/merge_and_denoise_wf/dwi_denoise_ses_1_dir_AP_run_01_part_mag_dwi_wf/denoiser".
250304-11:09:39,608 nipype.workflow INFO:
	 [Node] Executing "denoiser" <qsiprep.interfaces.mrtrix.DWIDenoise>
250304-11:11:05,903 nipype.interface INFO:
	 Generating denoising visual report
250304-11:11:53,683 nipype.workflow INFO:
	 [Node] Finished "denoiser", elapsed time 133.862914s.
250304-11:11:55,904 nipype.workflow INFO:
	 [Node] Setting-up "qsiprep_1_0_wf.sub_24053_ses_1_wf.dwi_preproc_ses_1_dir_AP_run_01_part_mag_wf.pre_hmc_wf.merge_and_denoise_wf.dwi_denoise_ses_1_dir_AP_run_01_part_mag_dwi_wf.merge_confounds" in "/work/qsiprep_1_0_wf/sub_24053_ses_1_wf/dwi_preproc_ses_1_dir_AP_run_01_part_mag_wf/pre_hmc_wf/merge_and_denoise_wf/dwi_denoise_ses_1_dir_AP_run_01_part_mag_dwi_wf/merge_confounds".
250304-11:11:55,950 nipype.workflow INFO:
	 [Node] Executing "merge_confounds" <nipype.interfaces.utility.base.Merge>
250304-11:11:55,951 nipype.workflow INFO:
	 [Node] Finished "merge_confounds", elapsed time 0.000166s.
250304-11:11:57,861 nipype.workflow INFO:
	 [Node] Setting-up "qsiprep_1_0_wf.sub_24053_ses_1_wf.dwi_preproc_ses_1_dir_AP_run_01_part_mag_wf.pre_hmc_wf.merge_and_denoise_wf.dwi_denoise_ses_1_dir_AP_run_01_part_mag_dwi_wf.split_complex" in "/work/qsiprep_1_0_wf/sub_24053_ses_1_wf/dwi_preproc_ses_1_dir_AP_run_01_part_mag_wf/pre_hmc_wf/merge_and_denoise_wf/dwi_denoise_ses_1_dir_AP_run_01_part_mag_dwi_wf/split_complex".
250304-11:11:57,869 nipype.workflow INFO:
	 [Node] Executing "split_complex" <qsiprep.interfaces.mrtrix.ComplexToMagnitude>
250304-11:12:38,912 nipype.workflow INFO:
	 [Node] Finished "split_complex", elapsed time 41.042046s.
250304-11:12:39,772 nipype.workflow INFO:
	 [Node] Setting-up "qsiprep_1_0_wf.sub_24053_ses_1_wf.dwi_preproc_ses_1_dir_AP_run_01_part_mag_wf.pre_hmc_wf.merge_and_denoise_wf.conformed_images" in "/work/qsiprep_1_0_wf/sub_24053_ses_1_wf/dwi_preproc_ses_1_dir_AP_run_01_part_mag_wf/pre_hmc_wf/merge_and_denoise_wf/conformed_images".
250304-11:12:39,819 nipype.workflow INFO:
	 [Node] Executing "conformed_images" <nipype.interfaces.utility.base.Merge>
250304-11:12:39,820 nipype.workflow INFO:
	 [Node] Finished "conformed_images", elapsed time 0.000195s.
250304-11:12:40,276 nipype.workflow INFO:
	 [Node] Setting-up "qsiprep_1_0_wf.sub_24053_ses_1_wf.dwi_preproc_ses_1_dir_AP_run_01_part_mag_wf.pre_hmc_wf.merge_and_denoise_wf.dwi_denoise_ses_1_dir_AP_run_01_part_mag_dwi_wf.hstack_confounds" in "/work/qsiprep_1_0_wf/sub_24053_ses_1_wf/dwi_preproc_ses_1_dir_AP_run_01_part_mag_wf/pre_hmc_wf/merge_and_denoise_wf/dwi_denoise_ses_1_dir_AP_run_01_part_mag_dwi_wf/hstack_confounds".
250304-11:12:40,284 nipype.workflow INFO:
	 [Node] Executing "hstack_confounds" <qsiprep.interfaces.dwi_merge.StackConfounds>
250304-11:12:40,308 nipype.workflow INFO:
	 [Node] Finished "hstack_confounds", elapsed time 0.022605s.
250304-11:12:41,774 nipype.workflow INFO:
	 [Node] Setting-up "qsiprep_1_0_wf.sub_24053_ses_1_wf.dwi_preproc_ses_1_dir_AP_run_01_part_mag_wf.pre_hmc_wf.merge_and_denoise_wf.denoising_confounds" in "/work/qsiprep_1_0_wf/sub_24053_ses_1_wf/dwi_preproc_ses_1_dir_AP_run_01_part_mag_wf/pre_hmc_wf/merge_and_denoise_wf/denoising_confounds".
250304-11:12:41,783 nipype.workflow INFO:
	 [Node] Executing "denoising_confounds" <nipype.interfaces.utility.base.Merge>
250304-11:12:41,785 nipype.workflow INFO:
	 [Node] Finished "denoising_confounds", elapsed time 0.000421s.
250304-11:12:44,272 nipype.workflow INFO:
	 [Node] Setting-up "qsiprep_1_0_wf.sub_24053_ses_1_wf.dwi_preproc_ses_1_dir_AP_run_01_part_mag_wf.pre_hmc_wf.merge_and_denoise_wf.merge_dwis" in "/work/qsiprep_1_0_wf/sub_24053_ses_1_wf/dwi_preproc_ses_1_dir_AP_run_01_part_mag_wf/pre_hmc_wf/merge_and_denoise_wf/merge_dwis".
250304-11:12:44,287 nipype.workflow INFO:
	 [Node] Executing "merge_dwis" <qsiprep.interfaces.dwi_merge.MergeDWIs>
250304-11:12:44,287 nipype.workflow WARNING:
	 [Node] Error on "qsiprep_1_0_wf.sub_24053_ses_1_wf.dwi_preproc_ses_1_dir_AP_run_01_part_mag_wf.pre_hmc_wf.merge_and_denoise_wf.merge_dwis" (/work/qsiprep_1_0_wf/sub_24053_ses_1_wf/dwi_preproc_ses_1_dir_AP_run_01_part_mag_wf/pre_hmc_wf/merge_and_denoise_wf/merge_dwis)
