/cbica/projects/pafin/code/processing
2119fmn034
Tue Mar  4 11:09:56 EST 2025
Running task 8
Commandline: apptainer run --cleanenv       -B /cbica/projects/pafin/dset:/data       -B /cbica/projects/pafin/derivatives:/deriv       -B /cbica/comp_space/pafin/pafin-qsiprep:/work       -B /cbica/projects/pafin/tokens/freesurfer_license.txt:/license.txt       /cbica/projects/pafin/apptainer/qsiprep-1.0.0.sif       /data       /deriv/qsiprep       participant       --participant-label 60295       -w /work/       --omp-nthreads 20       --nprocs 20       --mem 39000       --fs-license-file /license.txt       --skip-bids-validation       --denoise-method dwidenoise       --output-resolution 1.7       --subject-anatomical-reference sessionwise
250304-11:10:28,482 nipype.workflow IMPORTANT:
	 Running QSIPrep version 1.0.1.dev0+gee9aa2e.d20250115

         License NOTICE ##################################################
         QSIPrep 1.0.1.dev0+gee9aa2e.d20250115
         Copyright The PennLINC Developers.
         
         This product includes software developed by
         the NiPreps Community (https://nipreps.org/).
         
         Portions of this software were developed at the Department of
         Psychology at Stanford University, Stanford, CA, US.
         
         This software is also distributed as a Docker container image.
         The bootstrapping file for the image ("Dockerfile") is licensed
         under the MIT License.
         
         This software may be distributed through an add-on package called
         "Docker Wrapper" that is under the BSD 3-clause License.
         #################################################################
250304-11:10:28,565 nipype.workflow IMPORTANT:
	 Building QSIPrep's workflow:
           * BIDS dataset path: /data.
           * Participant list: ['60295'].
           * Run identifier: 20250304-111003_cc2f6470-ad7d-4b49-b316-8cccdd438b8b.
250304-11:10:28,910 nipype.workflow IMPORTANT:
	 Collected data:
dwi:
- /data/sub-60295/ses-1/dwi/sub-60295_ses-1_dir-AP_run-01_part-mag_dwi.nii.gz
flair: []
fmap:
- /data/sub-60295/ses-1/fmap/sub-60295_ses-1_acq-dwi_dir-PA_run-01_part-mag_epi.nii.gz
- /data/sub-60295/ses-1/fmap/sub-60295_ses-1_acq-dwi_dir-PA_run-01_part-phase_epi.nii.gz
- /data/sub-60295/ses-1/fmap/sub-60295_ses-1_acq-func+meepi_dir-AP_run-01_echo-1_part-mag_epi.nii.gz
- /data/sub-60295/ses-1/fmap/sub-60295_ses-1_acq-func+meepi_dir-AP_run-01_echo-1_part-phase_epi.nii.gz
- /data/sub-60295/ses-1/fmap/sub-60295_ses-1_acq-func+meepi_dir-AP_run-01_echo-2_part-mag_epi.nii.gz
- /data/sub-60295/ses-1/fmap/sub-60295_ses-1_acq-func+meepi_dir-AP_run-01_echo-2_part-phase_epi.nii.gz
- /data/sub-60295/ses-1/fmap/sub-60295_ses-1_acq-func+meepi_dir-AP_run-01_echo-3_part-mag_epi.nii.gz
- /data/sub-60295/ses-1/fmap/sub-60295_ses-1_acq-func+meepi_dir-AP_run-01_echo-3_part-phase_epi.nii.gz
- /data/sub-60295/ses-1/fmap/sub-60295_ses-1_acq-func+meepi_dir-AP_run-01_echo-4_part-mag_epi.nii.gz
- /data/sub-60295/ses-1/fmap/sub-60295_ses-1_acq-func+meepi_dir-AP_run-01_echo-4_part-phase_epi.nii.gz
- /data/sub-60295/ses-1/fmap/sub-60295_ses-1_acq-func+meepi_dir-AP_run-01_echo-5_part-mag_epi.nii.gz
- /data/sub-60295/ses-1/fmap/sub-60295_ses-1_acq-func+meepi_dir-AP_run-01_echo-5_part-phase_epi.nii.gz
- /data/sub-60295/ses-1/fmap/sub-60295_ses-1_acq-func+meepi_dir-PA_run-01_echo-1_part-mag_epi.nii.gz
- /data/sub-60295/ses-1/fmap/sub-60295_ses-1_acq-func+meepi_dir-PA_run-01_echo-1_part-phase_epi.nii.gz
- /data/sub-60295/ses-1/fmap/sub-60295_ses-1_acq-func+meepi_dir-PA_run-01_echo-2_part-mag_epi.nii.gz
- /data/sub-60295/ses-1/fmap/sub-60295_ses-1_acq-func+meepi_dir-PA_run-01_echo-2_part-phase_epi.nii.gz
- /data/sub-60295/ses-1/fmap/sub-60295_ses-1_acq-func+meepi_dir-PA_run-01_echo-3_part-mag_epi.nii.gz
- /data/sub-60295/ses-1/fmap/sub-60295_ses-1_acq-func+meepi_dir-PA_run-01_echo-3_part-phase_epi.nii.gz
- /data/sub-60295/ses-1/fmap/sub-60295_ses-1_acq-func+meepi_dir-PA_run-01_echo-4_part-mag_epi.nii.gz
- /data/sub-60295/ses-1/fmap/sub-60295_ses-1_acq-func+meepi_dir-PA_run-01_echo-4_part-phase_epi.nii.gz
- /data/sub-60295/ses-1/fmap/sub-60295_ses-1_acq-func+meepi_dir-PA_run-01_echo-5_part-mag_epi.nii.gz
- /data/sub-60295/ses-1/fmap/sub-60295_ses-1_acq-func+meepi_dir-PA_run-01_echo-5_part-phase_epi.nii.gz
- /data/sub-60295/ses-1/fmap/sub-60295_ses-1_acq-func_dir-AP_run-01_part-mag_epi.nii.gz
- /data/sub-60295/ses-1/fmap/sub-60295_ses-1_acq-func_dir-AP_run-01_part-phase_epi.nii.gz
- /data/sub-60295/ses-1/fmap/sub-60295_ses-1_acq-func_dir-PA_run-01_part-mag_epi.nii.gz
- /data/sub-60295/ses-1/fmap/sub-60295_ses-1_acq-func_dir-PA_run-01_part-phase_epi.nii.gz
roi: []
sbref: []
t1w:
- /data/sub-60295/ses-1/anat/sub-60295_ses-1_T1w.nii.gz
- /data/sub-60295/ses-1/anat/sub-60295_ses-1_rec-norm_T1w.nii.gz
t2w: []

250304-11:10:28,944 nipype.workflow INFO:
	 Running nonlinear normalization to template
250304-11:10:28,974 nipype.workflow INFO:
	 Combining all DWI files within each available session and acquisition:
250304-11:10:28,975 nipype.workflow INFO:
	 	- 1 scans in session 1/acquisition None
250304-11:10:29,18 nipype.workflow INFO:
	 [{'dwi_series': ['/data/sub-60295/ses-1/dwi/sub-60295_ses-1_dir-AP_run-01_part-mag_dwi.nii.gz'], 'fieldmap_info': {'suffix': 'epi', 'epi': ['/data/sub-60295/ses-1/fmap/sub-60295_ses-1_acq-dwi_dir-PA_run-01_part-mag_epi.nii.gz']}, 'dwi_series_pedir': 'j-', 'concatenated_bids_name': 'sub-60295_ses-1_dir-AP_run-01_part-mag'}]
250304-11:10:29,314 nipype.workflow INFO:
	 Phase file found for /data/sub-60295/ses-1/dwi/sub-60295_ses-1_dir-AP_run-01_part-mag_dwi.nii.gz
250304-11:10:29,316 nipype.workflow INFO:
	 Automatically using 3, 3, 3 window for dwidenoise
250304-11:10:29,330 nipype.workflow INFO:
	 Using 20 threads in eddy
250304-11:10:29,345 nipype.workflow INFO:
	 Using single-stage SDC, TOPUP-only
250304-11:10:34,57 nipype.workflow INFO:
	 QSIPrep workflow graph with 280 nodes built successfully.
250304-11:10:54,25 nipype.workflow IMPORTANT:
	 QSIPrep started!
250304-11:10:58,368 nipype.workflow INFO:
	 [Node] Setting-up "qsiprep_1_0_wf.sub_60295_ses_1_wf.dwi_preproc_ses_1_dir_AP_run_01_part_mag_wf.pre_hmc_wf.merge_and_denoise_wf.noise_images" in "/work/qsiprep_1_0_wf/sub_60295_ses_1_wf/dwi_preproc_ses_1_dir_AP_run_01_part_mag_wf/pre_hmc_wf/merge_and_denoise_wf/noise_images".
250304-11:10:58,375 nipype.workflow INFO:
	 [Node] Executing "noise_images" <nipype.interfaces.utility.base.Merge>
250304-11:10:58,380 nipype.workflow INFO:
	 [Node] Finished "noise_images", elapsed time 0.000271s.
250304-11:10:58,385 nipype.workflow INFO:
	 [Node] Setting-up "qsiprep_1_0_wf.sub_60295_ses_1_wf.dwi_preproc_ses_1_dir_AP_run_01_part_mag_wf.pre_hmc_wf.merge_and_denoise_wf.bias_images" in "/work/qsiprep_1_0_wf/sub_60295_ses_1_wf/dwi_preproc_ses_1_dir_AP_run_01_part_mag_wf/pre_hmc_wf/merge_and_denoise_wf/bias_images".
250304-11:10:58,391 nipype.workflow INFO:
	 [Node] Executing "bias_images" <nipype.interfaces.utility.base.Merge>
250304-11:10:58,394 nipype.workflow INFO:
	 [Node] Finished "bias_images", elapsed time 0.00041s.
250304-11:11:02,148 nipype.workflow INFO:
	 [Node] Setting-up "qsiprep_1_0_wf.sub_60295_ses_1_wf.bidssrc" in "/work/qsiprep_1_0_wf/sub_60295_ses_1_wf/bidssrc".
250304-11:11:02,158 nipype.workflow INFO:
	 [Node] Executing "bidssrc" <qsiprep.interfaces.bids.BIDSDataGrabber>
250304-11:11:02,162 nipype.interface INFO:
	 No T2w images found for subject sub-<undefined>, but no problem because --anat-modality T1w was selected.
250304-11:11:02,162 nipype.interface WARNING:
	 No 'flair' images found for sub-<undefined>
250304-11:11:02,162 nipype.interface WARNING:
	 No 'sbref' images found for sub-<undefined>
250304-11:11:02,162 nipype.interface WARNING:
	 No 'roi' images found for sub-<undefined>
250304-11:11:02,163 nipype.workflow INFO:
	 [Node] Finished "bidssrc", elapsed time 0.000856s.
250304-11:11:02,297 nipype.workflow INFO:
	 [Node] Setting-up "qsiprep_1_0_wf.sub_60295_ses_1_wf.anat_preproc_wf.get_template_image" in "/work/qsiprep_1_0_wf/sub_60295_ses_1_wf/anat_preproc_wf/get_template_image".
250304-11:11:02,303 nipype.workflow INFO:
	 [Node] Executing "get_template_image" <qsiprep.interfaces.anatomical.GetTemplate>
250304-11:11:02,337 nipype.workflow INFO:
	 [Node] Setting-up "qsiprep_1_0_wf.sub_60295_ses_1_wf.dwi_preproc_ses_1_dir_AP_run_01_part_mag_wf.pre_hmc_wf.merge_and_denoise_wf.conform_phase1" in "/work/qsiprep_1_0_wf/sub_60295_ses_1_wf/dwi_preproc_ses_1_dir_AP_run_01_part_mag_wf/pre_hmc_wf/merge_and_denoise_wf/conform_phase1".
250304-11:11:02,346 nipype.workflow INFO:
	 [Node] Executing "conform_phase1" <qsiprep.interfaces.images.ConformDwi>
250304-11:11:02,390 nipype.workflow INFO:
	 [Node] Setting-up "qsiprep_1_0_wf.sub_60295_ses_1_wf.anat_preproc_wf.output_grid_wf.voxel_size_chooser" in "/work/qsiprep_1_0_wf/sub_60295_ses_1_wf/anat_preproc_wf/output_grid_wf/voxel_size_chooser".
250304-11:11:02,395 nipype.workflow INFO:
	 [Node] Executing "voxel_size_chooser" <qsiprep.interfaces.anatomical.VoxelSizeChooser>
250304-11:11:02,400 nipype.workflow INFO:
	 [Node] Finished "voxel_size_chooser", elapsed time 0.000144s.
250304-11:11:02,476 nipype.workflow INFO:
	 [Node] Setting-up "qsiprep_1_0_wf.sub_60295_ses_1_wf.dwi_preproc_ses_1_dir_AP_run_01_part_mag_wf.pre_hmc_wf.merge_and_denoise_wf.conform_dwis01" in "/work/qsiprep_1_0_wf/sub_60295_ses_1_wf/dwi_preproc_ses_1_dir_AP_run_01_part_mag_wf/pre_hmc_wf/merge_and_denoise_wf/conform_dwis01".
250304-11:11:02,480 nipype.workflow INFO:
	 [Node] Setting-up "qsiprep_1_0_wf.sub_60295_ses_1_wf.dwi_finalize_ses_1_dir_AP_run_01_part_mag_wf.merged_sidecar" in "/work/qsiprep_1_0_wf/sub_60295_ses_1_wf/dwi_finalize_ses_1_dir_AP_run_01_part_mag_wf/merged_sidecar".
250304-11:11:02,488 nipype.workflow INFO:
	 [Node] Executing "conform_dwis01" <qsiprep.interfaces.images.ConformDwi>
250304-11:11:02,495 nipype.workflow INFO:
	 [Node] Executing "merged_sidecar" <qsiprep.interfaces.bids.DerivativesSidecar>
250304-11:11:02,535 nipype.workflow INFO:
	 [Node] Finished "get_template_image", elapsed time 0.227192s.
250304-11:11:02,588 nipype.interface INFO:
	 Not applying reorientation to /data/sub-60295/ses-1/dwi/sub-60295_ses-1_dir-AP_run-01_part-phase_dwi.nii.gz: already in LAS
250304-11:11:02,589 nipype.workflow INFO:
	 [Node] Finished "conform_phase1", elapsed time 0.238146s.
250304-11:11:02,619 nipype.interface INFO:
	 Not applying reorientation to /data/sub-60295/ses-1/dwi/sub-60295_ses-1_dir-AP_run-01_part-mag_dwi.nii.gz: already in LAS
250304-11:11:02,620 nipype.workflow INFO:
	 [Node] Finished "conform_dwis01", elapsed time 0.126165s.
250304-11:11:02,633 nipype.workflow INFO:
	 [Node] Finished "merged_sidecar", elapsed time 0.002019s.
250304-11:11:02,853 nipype.workflow INFO:
	 [Node] Setting-up "qsiprep_1_0_wf.sub_60295_ses_1_wf.anat_preproc_wf.anat_template_wf.template_dimensions" in "/work/qsiprep_1_0_wf/sub_60295_ses_1_wf/anat_preproc_wf/anat_template_wf/template_dimensions".
250304-11:11:04,475 nipype.workflow INFO:
	 [Node] Setting-up "qsiprep_1_0_wf.sub_60295_ses_1_wf.anat_preproc_wf.reorient_mask_to_lps" in "/work/qsiprep_1_0_wf/sub_60295_ses_1_wf/anat_preproc_wf/reorient_mask_to_lps".
250304-11:11:04,476 nipype.workflow INFO:
	 [Node] Setting-up "qsiprep_1_0_wf.sub_60295_ses_1_wf.dwi_preproc_ses_1_dir_AP_run_01_part_mag_wf.pre_hmc_wf.merge_and_denoise_wf.conformed_raw_images" in "/work/qsiprep_1_0_wf/sub_60295_ses_1_wf/dwi_preproc_ses_1_dir_AP_run_01_part_mag_wf/pre_hmc_wf/merge_and_denoise_wf/conformed_raw_images".
250304-11:11:04,476 nipype.workflow INFO:
	 [Node] Setting-up "qsiprep_1_0_wf.sub_60295_ses_1_wf.dwi_preproc_ses_1_dir_AP_run_01_part_mag_wf.pre_hmc_wf.merge_and_denoise_wf.conformation_reports" in "/work/qsiprep_1_0_wf/sub_60295_ses_1_wf/dwi_preproc_ses_1_dir_AP_run_01_part_mag_wf/pre_hmc_wf/merge_and_denoise_wf/conformation_reports".
250304-11:11:04,484 nipype.workflow INFO:
	 [Node] Executing "conformation_reports" <nipype.interfaces.utility.base.Merge>
250304-11:11:04,487 nipype.workflow INFO:
	 [Node] Finished "conformation_reports", elapsed time 0.000476s.
250304-11:11:04,487 nipype.workflow INFO:
	 [Node] Executing "conformed_raw_images" <nipype.interfaces.utility.base.Merge>
250304-11:11:04,490 nipype.workflow INFO:
	 [Node] Finished "conformed_raw_images", elapsed time 0.000635s.
250304-11:11:04,533 nipype.workflow INFO:
	 [Node] Setting-up "qsiprep_1_0_wf.sub_60295_ses_1_wf.anat_preproc_wf.mask_template" in "/work/qsiprep_1_0_wf/sub_60295_ses_1_wf/anat_preproc_wf/mask_template".
250304-11:11:04,621 nipype.workflow INFO:
	 [Node] Setting-up "qsiprep_1_0_wf.sub_60295_ses_1_wf.dwi_preproc_ses_1_dir_AP_run_01_part_mag_wf.pre_hmc_wf.merge_and_denoise_wf.conformed_bvecs" in "/work/qsiprep_1_0_wf/sub_60295_ses_1_wf/dwi_preproc_ses_1_dir_AP_run_01_part_mag_wf/pre_hmc_wf/merge_and_denoise_wf/conformed_bvecs".
250304-11:11:04,622 nipype.workflow INFO:
	 [Node] Setting-up "qsiprep_1_0_wf.sub_60295_ses_1_wf.dwi_preproc_ses_1_dir_AP_run_01_part_mag_wf.pre_hmc_wf.merge_and_denoise_wf.conformed_bvals" in "/work/qsiprep_1_0_wf/sub_60295_ses_1_wf/dwi_preproc_ses_1_dir_AP_run_01_part_mag_wf/pre_hmc_wf/merge_and_denoise_wf/conformed_bvals".
250304-11:11:04,628 nipype.workflow INFO:
	 [Node] Executing "conformed_bvecs" <nipype.interfaces.utility.base.Merge>
250304-11:11:04,628 nipype.workflow INFO:
	 [Node] Executing "conformed_bvals" <nipype.interfaces.utility.base.Merge>
250304-11:11:04,629 nipype.workflow INFO:
	 [Node] Finished "conformed_bvecs", elapsed time 0.000206s.
250304-11:11:04,629 nipype.workflow INFO:
	 [Node] Executing "reorient_mask_to_lps" <nipype.interfaces.afni.utils.Resample>
250304-11:11:04,631 nipype.workflow INFO:
	 [Node] Finished "conformed_bvals", elapsed time 0.000439s.
250304-11:11:05,172 nipype.workflow INFO:
	 [Node] Finished "reorient_mask_to_lps", elapsed time 0.541543s.
250304-11:11:06,299 nipype.workflow INFO:
	 [Node] Executing "template_dimensions" <niworkflows.interfaces.images.TemplateDimensions>
250304-11:11:06,631 nipype.workflow INFO:
	 [Node] Finished "template_dimensions", elapsed time 0.326359s.
250304-11:11:08,233 nipype.workflow INFO:
	 [Node] Executing "mask_template" <nipype.interfaces.afni.utils.Calc>
250304-11:11:08,473 nipype.workflow INFO:
	 [Node] Setting-up "qsiprep_1_0_wf.sub_60295_ses_1_wf.anat_preproc_wf.anat_derivatives_wf.t1_name" in "/work/qsiprep_1_0_wf/sub_60295_ses_1_wf/anat_preproc_wf/anat_derivatives_wf/t1_name".
250304-11:11:08,494 nipype.workflow INFO:
	 [Node] Executing "t1_name" <nipype.interfaces.utility.wrappers.Function>
250304-11:11:08,496 nipype.workflow INFO:
	 [Node] Finished "t1_name", elapsed time 0.001183s.
250304-11:11:09,564 nipype.workflow INFO:
	 [Node] Finished "mask_template", elapsed time 1.325775s.
250304-11:11:11,32 nipype.workflow INFO:
	 [Node] Setting-up "qsiprep_1_0_wf.sub_60295_ses_1_wf.dwi_preproc_ses_1_dir_AP_run_01_part_mag_wf.pre_hmc_wf.merge_and_denoise_wf.dwi_denoise_ses_1_dir_AP_run_01_part_mag_dwi_wf.phase_to_radians" in "/work/qsiprep_1_0_wf/sub_60295_ses_1_wf/dwi_preproc_ses_1_dir_AP_run_01_part_mag_wf/pre_hmc_wf/merge_and_denoise_wf/dwi_denoise_ses_1_dir_AP_run_01_part_mag_dwi_wf/phase_to_radians".
250304-11:11:11,39 nipype.workflow INFO:
	 [Node] Executing "phase_to_radians" <qsiprep.interfaces.dwi_merge.PhaseToRad>
250304-11:11:29,733 nipype.workflow INFO:
	 [Node] Finished "phase_to_radians", elapsed time 18.693134s.
250304-11:11:30,493 nipype.workflow INFO:
	 [Node] Setting-up "qsiprep_1_0_wf.sub_60295_ses_1_wf.anat_preproc_wf.reorient_brain_to_lps" in "/work/qsiprep_1_0_wf/sub_60295_ses_1_wf/anat_preproc_wf/reorient_brain_to_lps".
250304-11:11:30,494 nipype.workflow INFO:
	 [Node] Setting-up "_anat_conform0" in "/work/qsiprep_1_0_wf/sub_60295_ses_1_wf/anat_preproc_wf/anat_template_wf/anat_conform/mapflow/_anat_conform0".
250304-11:11:30,495 nipype.workflow INFO:
	 [Node] Setting-up "_anat_conform1" in "/work/qsiprep_1_0_wf/sub_60295_ses_1_wf/anat_preproc_wf/anat_template_wf/anat_conform/mapflow/_anat_conform1".
250304-11:11:30,502 nipype.workflow INFO:
	 [Node] Executing "_anat_conform0" <qsiprep.interfaces.images.Conform>
250304-11:11:30,503 nipype.workflow INFO:
	 [Node] Executing "_anat_conform1" <qsiprep.interfaces.images.Conform>
250304-11:11:30,503 nipype.workflow INFO:
	 [Node] Executing "reorient_brain_to_lps" <nipype.interfaces.afni.utils.Resample>
250304-11:11:31,29 nipype.workflow INFO:
	 [Node] Finished "reorient_brain_to_lps", elapsed time 0.524642s.
250304-11:11:31,252 nipype.workflow INFO:
	 [Node] Finished "_anat_conform1", elapsed time 0.748062s.
250304-11:11:31,294 nipype.workflow INFO:
	 [Node] Finished "_anat_conform0", elapsed time 0.790535s.
250304-11:11:32,500 nipype.workflow INFO:
	 [Node] Setting-up "qsiprep_1_0_wf.sub_60295_ses_1_wf.anat_preproc_wf.output_grid_wf.autobox_template" in "/work/qsiprep_1_0_wf/sub_60295_ses_1_wf/anat_preproc_wf/output_grid_wf/autobox_template".
250304-11:11:32,509 nipype.workflow INFO:
	 [Node] Executing "autobox_template" <nipype.interfaces.afni.utils.Autobox>
250304-11:11:32,510 nipype.workflow INFO:
	 [Node] Setting-up "_anat_conform0" in "/work/qsiprep_1_0_wf/sub_60295_ses_1_wf/anat_preproc_wf/anat_template_wf/anat_conform/mapflow/_anat_conform0".
250304-11:11:32,513 nipype.workflow INFO:
	 [Node] Cached "_anat_conform0" - collecting precomputed outputs
250304-11:11:32,513 nipype.workflow INFO:
	 [Node] "_anat_conform0" found cached.
250304-11:11:32,515 nipype.workflow INFO:
	 [Node] Setting-up "_anat_conform1" in "/work/qsiprep_1_0_wf/sub_60295_ses_1_wf/anat_preproc_wf/anat_template_wf/anat_conform/mapflow/_anat_conform1".
250304-11:11:32,517 nipype.workflow INFO:
	 [Node] Cached "_anat_conform1" - collecting precomputed outputs
250304-11:11:32,517 nipype.workflow INFO:
	 [Node] "_anat_conform1" found cached.
250304-11:11:33,339 nipype.workflow INFO:
	 [Node] Finished "autobox_template", elapsed time 0.828281s.
250304-11:11:34,564 nipype.workflow INFO:
	 [Node] Setting-up "qsiprep_1_0_wf.sub_60295_ses_1_wf.dwi_preproc_ses_1_dir_AP_run_01_part_mag_wf.pre_hmc_wf.merge_and_denoise_wf.raw_merge" in "/work/qsiprep_1_0_wf/sub_60295_ses_1_wf/dwi_preproc_ses_1_dir_AP_run_01_part_mag_wf/pre_hmc_wf/merge_and_denoise_wf/raw_merge".
250304-11:11:34,592 nipype.workflow INFO:
	 [Node] Executing "raw_merge" <qsiprep.interfaces.nilearn.Merge>
250304-11:11:48,969 nipype.workflow INFO:
	 [Node] Finished "raw_merge", elapsed time 14.37534s.
250304-11:11:50,561 nipype.workflow INFO:
	 [Node] Setting-up "qsiprep_1_0_wf.sub_60295_ses_1_wf.dwi_preproc_ses_1_dir_AP_run_01_part_mag_wf.pre_hmc_wf.merge_and_denoise_wf.dwi_denoise_ses_1_dir_AP_run_01_part_mag_dwi_wf.combine_complex" in "/work/qsiprep_1_0_wf/sub_60295_ses_1_wf/dwi_preproc_ses_1_dir_AP_run_01_part_mag_wf/pre_hmc_wf/merge_and_denoise_wf/dwi_denoise_ses_1_dir_AP_run_01_part_mag_dwi_wf/combine_complex".
250304-11:11:51,73 nipype.workflow INFO:
	 [Node] Executing "combine_complex" <qsiprep.interfaces.mrtrix.PolarToComplex>
250304-11:13:00,993 nipype.workflow INFO:
	 [Node] Finished "combine_complex", elapsed time 69.918635s.
250304-11:13:02,616 nipype.workflow INFO:
	 [Node] Setting-up "qsiprep_1_0_wf.sub_60295_ses_1_wf.dwi_preproc_ses_1_dir_AP_run_01_part_mag_wf.test_pre_hmc_connect" in "/work/qsiprep_1_0_wf/sub_60295_ses_1_wf/dwi_preproc_ses_1_dir_AP_run_01_part_mag_wf/test_pre_hmc_connect".
250304-11:13:02,617 nipype.workflow INFO:
	 [Node] Setting-up "qsiprep_1_0_wf.sub_60295_ses_1_wf.anat_preproc_wf.output_grid_wf.deoblique_autobox" in "/work/qsiprep_1_0_wf/sub_60295_ses_1_wf/anat_preproc_wf/output_grid_wf/deoblique_autobox".
250304-11:13:02,628 nipype.workflow INFO:
	 [Node] Executing "deoblique_autobox" <nipype.interfaces.afni.preprocess.Warp>
250304-11:13:02,679 nipype.workflow INFO:
	 [Node] Executing "test_pre_hmc_connect" <qsiprep.interfaces.utils.TestInput>
250304-11:13:02,680 nipype.workflow INFO:
	 [Node] Finished "test_pre_hmc_connect", elapsed time 4.2e-05s.
250304-11:13:02,680 nipype.workflow WARNING:
	 Storing result file without outputs
250304-11:13:03,509 nipype.workflow INFO:
	 [Node] Finished "deoblique_autobox", elapsed time 0.878828s.
250304-11:13:04,660 nipype.workflow INFO:
	 [Node] Setting-up "qsiprep_1_0_wf.sub_60295_ses_1_wf.dwi_preproc_ses_1_dir_AP_run_01_part_mag_wf.pre_hmc_wf.merge_and_denoise_wf.dwi_denoise_ses_1_dir_AP_run_01_part_mag_dwi_wf.denoiser" in "/work/qsiprep_1_0_wf/sub_60295_ses_1_wf/dwi_preproc_ses_1_dir_AP_run_01_part_mag_wf/pre_hmc_wf/merge_and_denoise_wf/dwi_denoise_ses_1_dir_AP_run_01_part_mag_dwi_wf/denoiser".
250304-11:13:04,667 nipype.workflow INFO:
	 [Node] Executing "denoiser" <qsiprep.interfaces.mrtrix.DWIDenoise>
250304-11:14:32,762 nipype.interface INFO:
	 Generating denoising visual report
250304-11:15:24,991 nipype.workflow INFO:
	 [Node] Finished "denoiser", elapsed time 140.094747s.
250304-11:15:26,996 nipype.workflow INFO:
	 [Node] Setting-up "qsiprep_1_0_wf.sub_60295_ses_1_wf.dwi_preproc_ses_1_dir_AP_run_01_part_mag_wf.pre_hmc_wf.merge_and_denoise_wf.dwi_denoise_ses_1_dir_AP_run_01_part_mag_dwi_wf.merge_confounds" in "/work/qsiprep_1_0_wf/sub_60295_ses_1_wf/dwi_preproc_ses_1_dir_AP_run_01_part_mag_wf/pre_hmc_wf/merge_and_denoise_wf/dwi_denoise_ses_1_dir_AP_run_01_part_mag_dwi_wf/merge_confounds".
250304-11:15:26,996 nipype.workflow INFO:
	 [Node] Setting-up "qsiprep_1_0_wf.sub_60295_ses_1_wf.anat_preproc_wf.output_grid_wf.resample_to_voxel_size" in "/work/qsiprep_1_0_wf/sub_60295_ses_1_wf/anat_preproc_wf/output_grid_wf/resample_to_voxel_size".
250304-11:15:27,9 nipype.workflow INFO:
	 [Node] Executing "resample_to_voxel_size" <nipype.interfaces.afni.utils.Resample>
250304-11:15:27,44 nipype.workflow INFO:
	 [Node] Executing "merge_confounds" <nipype.interfaces.utility.base.Merge>
250304-11:15:27,45 nipype.workflow INFO:
	 [Node] Finished "merge_confounds", elapsed time 0.00019s.
250304-11:15:27,274 nipype.workflow INFO:
	 [Node] Finished "resample_to_voxel_size", elapsed time 0.263651s.
250304-11:15:28,839 nipype.workflow INFO:
	 [Node] Setting-up "qsiprep_1_0_wf.sub_60295_ses_1_wf.dwi_preproc_ses_1_dir_AP_run_01_part_mag_wf.pre_hmc_wf.merge_and_denoise_wf.dwi_denoise_ses_1_dir_AP_run_01_part_mag_dwi_wf.split_complex" in "/work/qsiprep_1_0_wf/sub_60295_ses_1_wf/dwi_preproc_ses_1_dir_AP_run_01_part_mag_wf/pre_hmc_wf/merge_and_denoise_wf/dwi_denoise_ses_1_dir_AP_run_01_part_mag_dwi_wf/split_complex".
250304-11:15:28,845 nipype.workflow INFO:
	 [Node] Executing "split_complex" <qsiprep.interfaces.mrtrix.ComplexToMagnitude>
250304-11:16:11,72 nipype.workflow INFO:
	 [Node] Finished "split_complex", elapsed time 42.225822s.
250304-11:16:12,859 nipype.workflow INFO:
	 [Node] Setting-up "qsiprep_1_0_wf.sub_60295_ses_1_wf.dwi_preproc_ses_1_dir_AP_run_01_part_mag_wf.pre_hmc_wf.merge_and_denoise_wf.conformed_images" in "/work/qsiprep_1_0_wf/sub_60295_ses_1_wf/dwi_preproc_ses_1_dir_AP_run_01_part_mag_wf/pre_hmc_wf/merge_and_denoise_wf/conformed_images".
250304-11:16:12,868 nipype.workflow INFO:
	 [Node] Executing "conformed_images" <nipype.interfaces.utility.base.Merge>
250304-11:16:12,871 nipype.workflow INFO:
	 [Node] Finished "conformed_images", elapsed time 0.000469s.
250304-11:16:13,433 nipype.workflow INFO:
	 [Node] Setting-up "qsiprep_1_0_wf.sub_60295_ses_1_wf.dwi_preproc_ses_1_dir_AP_run_01_part_mag_wf.pre_hmc_wf.merge_and_denoise_wf.dwi_denoise_ses_1_dir_AP_run_01_part_mag_dwi_wf.hstack_confounds" in "/work/qsiprep_1_0_wf/sub_60295_ses_1_wf/dwi_preproc_ses_1_dir_AP_run_01_part_mag_wf/pre_hmc_wf/merge_and_denoise_wf/dwi_denoise_ses_1_dir_AP_run_01_part_mag_dwi_wf/hstack_confounds".
250304-11:16:13,440 nipype.workflow INFO:
	 [Node] Executing "hstack_confounds" <qsiprep.interfaces.dwi_merge.StackConfounds>
250304-11:16:13,458 nipype.workflow INFO:
	 [Node] Finished "hstack_confounds", elapsed time 0.016436s.
250304-11:16:14,862 nipype.workflow INFO:
	 [Node] Setting-up "qsiprep_1_0_wf.sub_60295_ses_1_wf.dwi_preproc_ses_1_dir_AP_run_01_part_mag_wf.pre_hmc_wf.merge_and_denoise_wf.denoising_confounds" in "/work/qsiprep_1_0_wf/sub_60295_ses_1_wf/dwi_preproc_ses_1_dir_AP_run_01_part_mag_wf/pre_hmc_wf/merge_and_denoise_wf/denoising_confounds".
250304-11:16:14,871 nipype.workflow INFO:
	 [Node] Executing "denoising_confounds" <nipype.interfaces.utility.base.Merge>
250304-11:16:14,874 nipype.workflow INFO:
	 [Node] Finished "denoising_confounds", elapsed time 0.000499s.
250304-11:16:17,475 nipype.workflow INFO:
	 [Node] Setting-up "qsiprep_1_0_wf.sub_60295_ses_1_wf.dwi_preproc_ses_1_dir_AP_run_01_part_mag_wf.pre_hmc_wf.merge_and_denoise_wf.merge_dwis" in "/work/qsiprep_1_0_wf/sub_60295_ses_1_wf/dwi_preproc_ses_1_dir_AP_run_01_part_mag_wf/pre_hmc_wf/merge_and_denoise_wf/merge_dwis".
250304-11:16:17,486 nipype.workflow INFO:
	 [Node] Executing "merge_dwis" <qsiprep.interfaces.dwi_merge.MergeDWIs>
250304-11:16:17,486 nipype.workflow WARNING:
	 [Node] Error on "qsiprep_1_0_wf.sub_60295_ses_1_wf.dwi_preproc_ses_1_dir_AP_run_01_part_mag_wf.pre_hmc_wf.merge_and_denoise_wf.merge_dwis" (/work/qsiprep_1_0_wf/sub_60295_ses_1_wf/dwi_preproc_ses_1_dir_AP_run_01_part_mag_wf/pre_hmc_wf/merge_and_denoise_wf/merge_dwis)
