/cbica/projects/pafin/code/processing
2115fmn032
Tue Mar  4 11:08:18 EST 2025
Running task 5
Commandline: apptainer run --cleanenv       -B /cbica/projects/pafin/dset:/data       -B /cbica/projects/pafin/derivatives:/deriv       -B /cbica/comp_space/pafin/pafin-qsiprep:/work       -B /cbica/projects/pafin/tokens/freesurfer_license.txt:/license.txt       /cbica/projects/pafin/apptainer/qsiprep-1.0.0.sif       /data       /deriv/qsiprep       participant       --participant-label 24663       -w /work/       --omp-nthreads 20       --nprocs 20       --mem 39000       --fs-license-file /license.txt       --skip-bids-validation       --denoise-method dwidenoise       --output-resolution 1.7       --subject-anatomical-reference sessionwise
250304-11:08:49,790 nipype.workflow IMPORTANT:
	 Running QSIPrep version 1.0.1.dev0+gee9aa2e.d20250115

         License NOTICE ##################################################
         QSIPrep 1.0.1.dev0+gee9aa2e.d20250115
         Copyright The PennLINC Developers.
         
         This product includes software developed by
         the NiPreps Community (https://nipreps.org/).
         
         Portions of this software were developed at the Department of
         Psychology at Stanford University, Stanford, CA, US.
         
         This software is also distributed as a Docker container image.
         The bootstrapping file for the image ("Dockerfile") is licensed
         under the MIT License.
         
         This software may be distributed through an add-on package called
         "Docker Wrapper" that is under the BSD 3-clause License.
         #################################################################
250304-11:08:49,886 nipype.workflow IMPORTANT:
	 Building QSIPrep's workflow:
           * BIDS dataset path: /data.
           * Participant list: ['24663'].
           * Run identifier: 20250304-110825_4154bdd2-218b-430f-be75-7ad50e193d70.
250304-11:08:50,217 nipype.workflow IMPORTANT:
	 Collected data:
dwi:
- /data/sub-24663/ses-1/dwi/sub-24663_ses-1_dir-AP_run-01_part-mag_dwi.nii.gz
flair: []
fmap:
- /data/sub-24663/ses-1/fmap/sub-24663_ses-1_acq-dwi_dir-PA_run-01_part-mag_epi.nii.gz
- /data/sub-24663/ses-1/fmap/sub-24663_ses-1_acq-dwi_dir-PA_run-01_part-phase_epi.nii.gz
- /data/sub-24663/ses-1/fmap/sub-24663_ses-1_acq-func+meepi_dir-AP_run-01_echo-1_part-mag_epi.nii.gz
- /data/sub-24663/ses-1/fmap/sub-24663_ses-1_acq-func+meepi_dir-AP_run-01_echo-1_part-phase_epi.nii.gz
- /data/sub-24663/ses-1/fmap/sub-24663_ses-1_acq-func+meepi_dir-AP_run-01_echo-2_part-mag_epi.nii.gz
- /data/sub-24663/ses-1/fmap/sub-24663_ses-1_acq-func+meepi_dir-AP_run-01_echo-2_part-phase_epi.nii.gz
- /data/sub-24663/ses-1/fmap/sub-24663_ses-1_acq-func+meepi_dir-AP_run-01_echo-3_part-mag_epi.nii.gz
- /data/sub-24663/ses-1/fmap/sub-24663_ses-1_acq-func+meepi_dir-AP_run-01_echo-3_part-phase_epi.nii.gz
- /data/sub-24663/ses-1/fmap/sub-24663_ses-1_acq-func+meepi_dir-AP_run-01_echo-4_part-mag_epi.nii.gz
- /data/sub-24663/ses-1/fmap/sub-24663_ses-1_acq-func+meepi_dir-AP_run-01_echo-4_part-phase_epi.nii.gz
- /data/sub-24663/ses-1/fmap/sub-24663_ses-1_acq-func+meepi_dir-AP_run-01_echo-5_part-mag_epi.nii.gz
- /data/sub-24663/ses-1/fmap/sub-24663_ses-1_acq-func+meepi_dir-AP_run-01_echo-5_part-phase_epi.nii.gz
- /data/sub-24663/ses-1/fmap/sub-24663_ses-1_acq-func+meepi_dir-PA_run-01_echo-1_part-mag_epi.nii.gz
- /data/sub-24663/ses-1/fmap/sub-24663_ses-1_acq-func+meepi_dir-PA_run-01_echo-1_part-phase_epi.nii.gz
- /data/sub-24663/ses-1/fmap/sub-24663_ses-1_acq-func+meepi_dir-PA_run-01_echo-2_part-mag_epi.nii.gz
- /data/sub-24663/ses-1/fmap/sub-24663_ses-1_acq-func+meepi_dir-PA_run-01_echo-2_part-phase_epi.nii.gz
- /data/sub-24663/ses-1/fmap/sub-24663_ses-1_acq-func+meepi_dir-PA_run-01_echo-3_part-mag_epi.nii.gz
- /data/sub-24663/ses-1/fmap/sub-24663_ses-1_acq-func+meepi_dir-PA_run-01_echo-3_part-phase_epi.nii.gz
- /data/sub-24663/ses-1/fmap/sub-24663_ses-1_acq-func+meepi_dir-PA_run-01_echo-4_part-mag_epi.nii.gz
- /data/sub-24663/ses-1/fmap/sub-24663_ses-1_acq-func+meepi_dir-PA_run-01_echo-4_part-phase_epi.nii.gz
- /data/sub-24663/ses-1/fmap/sub-24663_ses-1_acq-func+meepi_dir-PA_run-01_echo-5_part-mag_epi.nii.gz
- /data/sub-24663/ses-1/fmap/sub-24663_ses-1_acq-func+meepi_dir-PA_run-01_echo-5_part-phase_epi.nii.gz
- /data/sub-24663/ses-1/fmap/sub-24663_ses-1_acq-func_dir-AP_run-01_part-mag_epi.nii.gz
- /data/sub-24663/ses-1/fmap/sub-24663_ses-1_acq-func_dir-AP_run-01_part-phase_epi.nii.gz
- /data/sub-24663/ses-1/fmap/sub-24663_ses-1_acq-func_dir-PA_run-01_part-mag_epi.nii.gz
- /data/sub-24663/ses-1/fmap/sub-24663_ses-1_acq-func_dir-PA_run-01_part-phase_epi.nii.gz
roi: []
sbref: []
t1w:
- /data/sub-24663/ses-1/anat/sub-24663_ses-1_T1w.nii.gz
- /data/sub-24663/ses-1/anat/sub-24663_ses-1_rec-norm_T1w.nii.gz
t2w:
- /data/sub-24663/ses-1/anat/sub-24663_ses-1_T2w.nii.gz
- /data/sub-24663/ses-1/anat/sub-24663_ses-1_rec-norm_T2w.nii.gz

250304-11:08:50,251 nipype.workflow INFO:
	 Running nonlinear normalization to template
250304-11:08:50,281 nipype.workflow INFO:
	 Combining all DWI files within each available session and acquisition:
250304-11:08:50,283 nipype.workflow INFO:
	 	- 1 scans in session 1/acquisition None
250304-11:08:50,322 nipype.workflow INFO:
	 [{'dwi_series': ['/data/sub-24663/ses-1/dwi/sub-24663_ses-1_dir-AP_run-01_part-mag_dwi.nii.gz'], 'fieldmap_info': {'suffix': 'epi', 'epi': ['/data/sub-24663/ses-1/fmap/sub-24663_ses-1_acq-dwi_dir-PA_run-01_part-mag_epi.nii.gz']}, 'dwi_series_pedir': 'j-', 'concatenated_bids_name': 'sub-24663_ses-1_dir-AP_run-01_part-mag'}]
250304-11:08:50,630 nipype.workflow INFO:
	 Phase file found for /data/sub-24663/ses-1/dwi/sub-24663_ses-1_dir-AP_run-01_part-mag_dwi.nii.gz
250304-11:08:50,632 nipype.workflow INFO:
	 Automatically using 3, 3, 3 window for dwidenoise
250304-11:08:50,646 nipype.workflow INFO:
	 Using 20 threads in eddy
250304-11:08:50,661 nipype.workflow INFO:
	 Using single-stage SDC, TOPUP-only
250304-11:08:55,482 nipype.workflow INFO:
	 QSIPrep workflow graph with 280 nodes built successfully.
250304-11:09:13,311 nipype.workflow IMPORTANT:
	 QSIPrep started!
250304-11:09:17,838 nipype.workflow INFO:
	 [Node] Setting-up "qsiprep_1_0_wf.sub_24663_ses_1_wf.dwi_preproc_ses_1_dir_AP_run_01_part_mag_wf.pre_hmc_wf.merge_and_denoise_wf.noise_images" in "/work/qsiprep_1_0_wf/sub_24663_ses_1_wf/dwi_preproc_ses_1_dir_AP_run_01_part_mag_wf/pre_hmc_wf/merge_and_denoise_wf/noise_images".
250304-11:09:17,842 nipype.workflow INFO:
	 [Node] Setting-up "qsiprep_1_0_wf.sub_24663_ses_1_wf.dwi_preproc_ses_1_dir_AP_run_01_part_mag_wf.pre_hmc_wf.merge_and_denoise_wf.bias_images" in "/work/qsiprep_1_0_wf/sub_24663_ses_1_wf/dwi_preproc_ses_1_dir_AP_run_01_part_mag_wf/pre_hmc_wf/merge_and_denoise_wf/bias_images".
250304-11:09:17,847 nipype.workflow INFO:
	 [Node] Executing "bias_images" <nipype.interfaces.utility.base.Merge>
250304-11:09:17,847 nipype.workflow INFO:
	 [Node] Executing "noise_images" <nipype.interfaces.utility.base.Merge>
250304-11:09:17,852 nipype.workflow INFO:
	 [Node] Finished "bias_images", elapsed time 0.00023s.
250304-11:09:17,853 nipype.workflow INFO:
	 [Node] Finished "noise_images", elapsed time 0.000514s.
250304-11:09:21,602 nipype.workflow INFO:
	 [Node] Setting-up "qsiprep_1_0_wf.sub_24663_ses_1_wf.dwi_preproc_ses_1_dir_AP_run_01_part_mag_wf.pre_hmc_wf.merge_and_denoise_wf.conform_dwis01" in "/work/qsiprep_1_0_wf/sub_24663_ses_1_wf/dwi_preproc_ses_1_dir_AP_run_01_part_mag_wf/pre_hmc_wf/merge_and_denoise_wf/conform_dwis01".
250304-11:09:21,607 nipype.workflow INFO:
	 [Node] Executing "conform_dwis01" <qsiprep.interfaces.images.ConformDwi>
250304-11:09:21,657 nipype.workflow INFO:
	 [Node] Setting-up "qsiprep_1_0_wf.sub_24663_ses_1_wf.anat_preproc_wf.get_template_image" in "/work/qsiprep_1_0_wf/sub_24663_ses_1_wf/anat_preproc_wf/get_template_image".
250304-11:09:21,662 nipype.workflow INFO:
	 [Node] Executing "get_template_image" <qsiprep.interfaces.anatomical.GetTemplate>
250304-11:09:21,704 nipype.workflow INFO:
	 [Node] Setting-up "qsiprep_1_0_wf.sub_24663_ses_1_wf.bidssrc" in "/work/qsiprep_1_0_wf/sub_24663_ses_1_wf/bidssrc".
250304-11:09:21,713 nipype.workflow INFO:
	 [Node] Executing "bidssrc" <qsiprep.interfaces.bids.BIDSDataGrabber>
250304-11:09:21,717 nipype.interface WARNING:
	 No 'flair' images found for sub-<undefined>
250304-11:09:21,717 nipype.interface WARNING:
	 No 'sbref' images found for sub-<undefined>
250304-11:09:21,717 nipype.interface WARNING:
	 No 'roi' images found for sub-<undefined>
250304-11:09:21,718 nipype.workflow INFO:
	 [Node] Finished "bidssrc", elapsed time 0.000649s.
250304-11:09:21,724 nipype.workflow INFO:
	 [Node] Setting-up "qsiprep_1_0_wf.sub_24663_ses_1_wf.anat_preproc_wf.output_grid_wf.voxel_size_chooser" in "/work/qsiprep_1_0_wf/sub_24663_ses_1_wf/anat_preproc_wf/output_grid_wf/voxel_size_chooser".
250304-11:09:21,729 nipype.workflow INFO:
	 [Node] Executing "voxel_size_chooser" <qsiprep.interfaces.anatomical.VoxelSizeChooser>
250304-11:09:21,733 nipype.workflow INFO:
	 [Node] Finished "voxel_size_chooser", elapsed time 0.000124s.
250304-11:09:21,744 nipype.interface INFO:
	 Not applying reorientation to /data/sub-24663/ses-1/dwi/sub-24663_ses-1_dir-AP_run-01_part-mag_dwi.nii.gz: already in LAS
250304-11:09:21,745 nipype.workflow INFO:
	 [Node] Finished "conform_dwis01", elapsed time 0.133481s.
250304-11:09:21,758 nipype.workflow INFO:
	 [Node] Setting-up "qsiprep_1_0_wf.sub_24663_ses_1_wf.dwi_finalize_ses_1_dir_AP_run_01_part_mag_wf.merged_sidecar" in "/work/qsiprep_1_0_wf/sub_24663_ses_1_wf/dwi_finalize_ses_1_dir_AP_run_01_part_mag_wf/merged_sidecar".
250304-11:09:21,768 nipype.workflow INFO:
	 [Node] Setting-up "qsiprep_1_0_wf.sub_24663_ses_1_wf.dwi_preproc_ses_1_dir_AP_run_01_part_mag_wf.pre_hmc_wf.merge_and_denoise_wf.conform_phase1" in "/work/qsiprep_1_0_wf/sub_24663_ses_1_wf/dwi_preproc_ses_1_dir_AP_run_01_part_mag_wf/pre_hmc_wf/merge_and_denoise_wf/conform_phase1".
250304-11:09:21,769 nipype.workflow INFO:
	 [Node] Executing "merged_sidecar" <qsiprep.interfaces.bids.DerivativesSidecar>
250304-11:09:21,772 nipype.workflow INFO:
	 [Node] Finished "merged_sidecar", elapsed time 0.002678s.
250304-11:09:21,773 nipype.workflow INFO:
	 [Node] Executing "conform_phase1" <qsiprep.interfaces.images.ConformDwi>
250304-11:09:21,897 nipype.workflow INFO:
	 [Node] Finished "get_template_image", elapsed time 0.230778s.
250304-11:09:21,998 nipype.interface INFO:
	 Not applying reorientation to /data/sub-24663/ses-1/dwi/sub-24663_ses-1_dir-AP_run-01_part-phase_dwi.nii.gz: already in LAS
250304-11:09:21,999 nipype.workflow INFO:
	 [Node] Finished "conform_phase1", elapsed time 0.225041s.
250304-11:09:24,55 nipype.workflow INFO:
	 [Node] Setting-up "qsiprep_1_0_wf.sub_24663_ses_1_wf.anat_preproc_wf.reorient_mask_to_lps" in "/work/qsiprep_1_0_wf/sub_24663_ses_1_wf/anat_preproc_wf/reorient_mask_to_lps".
250304-11:09:24,57 nipype.workflow INFO:
	 [Node] Setting-up "qsiprep_1_0_wf.sub_24663_ses_1_wf.dwi_preproc_ses_1_dir_AP_run_01_part_mag_wf.pre_hmc_wf.merge_and_denoise_wf.conformation_reports" in "/work/qsiprep_1_0_wf/sub_24663_ses_1_wf/dwi_preproc_ses_1_dir_AP_run_01_part_mag_wf/pre_hmc_wf/merge_and_denoise_wf/conformation_reports".
250304-11:09:24,58 nipype.workflow INFO:
	 [Node] Setting-up "qsiprep_1_0_wf.sub_24663_ses_1_wf.dwi_preproc_ses_1_dir_AP_run_01_part_mag_wf.pre_hmc_wf.merge_and_denoise_wf.conformed_bvals" in "/work/qsiprep_1_0_wf/sub_24663_ses_1_wf/dwi_preproc_ses_1_dir_AP_run_01_part_mag_wf/pre_hmc_wf/merge_and_denoise_wf/conformed_bvals".
250304-11:09:24,58 nipype.workflow INFO:
	 [Node] Setting-up "qsiprep_1_0_wf.sub_24663_ses_1_wf.dwi_preproc_ses_1_dir_AP_run_01_part_mag_wf.pre_hmc_wf.merge_and_denoise_wf.conformed_bvecs" in "/work/qsiprep_1_0_wf/sub_24663_ses_1_wf/dwi_preproc_ses_1_dir_AP_run_01_part_mag_wf/pre_hmc_wf/merge_and_denoise_wf/conformed_bvecs".
250304-11:09:24,63 nipype.workflow INFO:
	 [Node] Executing "conformed_bvals" <nipype.interfaces.utility.base.Merge>
250304-11:09:24,64 nipype.workflow INFO:
	 [Node] Finished "conformed_bvals", elapsed time 0.000176s.
250304-11:09:24,64 nipype.workflow INFO:
	 [Node] Executing "conformation_reports" <nipype.interfaces.utility.base.Merge>
250304-11:09:24,66 nipype.workflow INFO:
	 [Node] Finished "conformation_reports", elapsed time 0.000318s.
250304-11:09:24,66 nipype.workflow INFO:
	 [Node] Executing "conformed_bvecs" <nipype.interfaces.utility.base.Merge>
250304-11:09:24,67 nipype.workflow INFO:
	 [Node] Finished "conformed_bvecs", elapsed time 0.00018s.
250304-11:09:24,110 nipype.workflow INFO:
	 [Node] Setting-up "qsiprep_1_0_wf.sub_24663_ses_1_wf.anat_preproc_wf.mask_template" in "/work/qsiprep_1_0_wf/sub_24663_ses_1_wf/anat_preproc_wf/mask_template".
250304-11:09:24,112 nipype.workflow INFO:
	 [Node] Setting-up "qsiprep_1_0_wf.sub_24663_ses_1_wf.anat_preproc_wf.anat_template_wf.template_dimensions" in "/work/qsiprep_1_0_wf/sub_24663_ses_1_wf/anat_preproc_wf/anat_template_wf/template_dimensions".
250304-11:09:24,194 nipype.workflow INFO:
	 [Node] Setting-up "qsiprep_1_0_wf.sub_24663_ses_1_wf.dwi_preproc_ses_1_dir_AP_run_01_part_mag_wf.pre_hmc_wf.merge_and_denoise_wf.conformed_raw_images" in "/work/qsiprep_1_0_wf/sub_24663_ses_1_wf/dwi_preproc_ses_1_dir_AP_run_01_part_mag_wf/pre_hmc_wf/merge_and_denoise_wf/conformed_raw_images".
250304-11:09:24,200 nipype.workflow INFO:
	 [Node] Executing "conformed_raw_images" <nipype.interfaces.utility.base.Merge>
250304-11:09:24,201 nipype.workflow INFO:
	 [Node] Finished "conformed_raw_images", elapsed time 0.000188s.
250304-11:09:24,203 nipype.workflow INFO:
	 [Node] Executing "reorient_mask_to_lps" <nipype.interfaces.afni.utils.Resample>
250304-11:09:24,737 nipype.workflow INFO:
	 [Node] Finished "reorient_mask_to_lps", elapsed time 0.532249s.
250304-11:09:27,495 nipype.workflow INFO:
	 [Node] Executing "template_dimensions" <niworkflows.interfaces.images.TemplateDimensions>
250304-11:09:27,590 nipype.workflow INFO:
	 [Node] Executing "mask_template" <nipype.interfaces.afni.utils.Calc>
250304-11:09:27,827 nipype.workflow INFO:
	 [Node] Finished "template_dimensions", elapsed time 0.327832s.
250304-11:09:28,918 nipype.workflow INFO:
	 [Node] Finished "mask_template", elapsed time 1.3230330000000001s.
250304-11:09:30,388 nipype.workflow INFO:
	 [Node] Setting-up "qsiprep_1_0_wf.sub_24663_ses_1_wf.dwi_preproc_ses_1_dir_AP_run_01_part_mag_wf.pre_hmc_wf.merge_and_denoise_wf.dwi_denoise_ses_1_dir_AP_run_01_part_mag_dwi_wf.phase_to_radians" in "/work/qsiprep_1_0_wf/sub_24663_ses_1_wf/dwi_preproc_ses_1_dir_AP_run_01_part_mag_wf/pre_hmc_wf/merge_and_denoise_wf/dwi_denoise_ses_1_dir_AP_run_01_part_mag_dwi_wf/phase_to_radians".
250304-11:09:30,394 nipype.workflow INFO:
	 [Node] Executing "phase_to_radians" <qsiprep.interfaces.dwi_merge.PhaseToRad>
250304-11:09:48,563 nipype.workflow INFO:
	 [Node] Finished "phase_to_radians", elapsed time 18.168395s.
250304-11:09:49,766 nipype.workflow INFO:
	 [Node] Setting-up "qsiprep_1_0_wf.sub_24663_ses_1_wf.anat_preproc_wf.anat_derivatives_wf.t1_name" in "/work/qsiprep_1_0_wf/sub_24663_ses_1_wf/anat_preproc_wf/anat_derivatives_wf/t1_name".
250304-11:09:49,784 nipype.workflow INFO:
	 [Node] Executing "t1_name" <nipype.interfaces.utility.wrappers.Function>
250304-11:09:49,787 nipype.workflow INFO:
	 [Node] Finished "t1_name", elapsed time 0.00099s.
250304-11:09:50,77 nipype.workflow INFO:
	 [Node] Setting-up "qsiprep_1_0_wf.sub_24663_ses_1_wf.anat_preproc_wf.reorient_brain_to_lps" in "/work/qsiprep_1_0_wf/sub_24663_ses_1_wf/anat_preproc_wf/reorient_brain_to_lps".
250304-11:09:50,78 nipype.workflow INFO:
	 [Node] Setting-up "_anat_conform0" in "/work/qsiprep_1_0_wf/sub_24663_ses_1_wf/anat_preproc_wf/anat_template_wf/anat_conform/mapflow/_anat_conform0".
250304-11:09:50,78 nipype.workflow INFO:
	 [Node] Setting-up "_anat_conform1" in "/work/qsiprep_1_0_wf/sub_24663_ses_1_wf/anat_preproc_wf/anat_template_wf/anat_conform/mapflow/_anat_conform1".
250304-11:09:50,84 nipype.workflow INFO:
	 [Node] Executing "reorient_brain_to_lps" <nipype.interfaces.afni.utils.Resample>
250304-11:09:50,85 nipype.workflow INFO:
	 [Node] Executing "_anat_conform0" <qsiprep.interfaces.images.Conform>
250304-11:09:50,86 nipype.workflow INFO:
	 [Node] Executing "_anat_conform1" <qsiprep.interfaces.images.Conform>
250304-11:09:50,625 nipype.workflow INFO:
	 [Node] Finished "reorient_brain_to_lps", elapsed time 0.540378s.
250304-11:09:50,841 nipype.workflow INFO:
	 [Node] Finished "_anat_conform1", elapsed time 0.75344s.
250304-11:09:50,926 nipype.workflow INFO:
	 [Node] Finished "_anat_conform0", elapsed time 0.839254s.
250304-11:09:51,765 nipype.workflow INFO:
	 [Node] Setting-up "qsiprep_1_0_wf.sub_24663_ses_1_wf.anat_preproc_wf.output_grid_wf.autobox_template" in "/work/qsiprep_1_0_wf/sub_24663_ses_1_wf/anat_preproc_wf/output_grid_wf/autobox_template".
250304-11:09:51,770 nipype.workflow INFO:
	 [Node] Setting-up "_anat_conform0" in "/work/qsiprep_1_0_wf/sub_24663_ses_1_wf/anat_preproc_wf/anat_template_wf/anat_conform/mapflow/_anat_conform0".
250304-11:09:51,771 nipype.workflow INFO:
	 [Node] Cached "_anat_conform0" - collecting precomputed outputs
250304-11:09:51,771 nipype.workflow INFO:
	 [Node] "_anat_conform0" found cached.
250304-11:09:51,772 nipype.workflow INFO:
	 [Node] Setting-up "_anat_conform1" in "/work/qsiprep_1_0_wf/sub_24663_ses_1_wf/anat_preproc_wf/anat_template_wf/anat_conform/mapflow/_anat_conform1".
250304-11:09:51,773 nipype.workflow INFO:
	 [Node] Cached "_anat_conform1" - collecting precomputed outputs
250304-11:09:51,773 nipype.workflow INFO:
	 [Node] "_anat_conform1" found cached.
250304-11:09:51,775 nipype.workflow INFO:
	 [Node] Executing "autobox_template" <nipype.interfaces.afni.utils.Autobox>
250304-11:09:52,581 nipype.workflow INFO:
	 [Node] Finished "autobox_template", elapsed time 0.804506s.
250304-11:09:53,820 nipype.workflow INFO:
	 [Node] Setting-up "qsiprep_1_0_wf.sub_24663_ses_1_wf.dwi_preproc_ses_1_dir_AP_run_01_part_mag_wf.pre_hmc_wf.merge_and_denoise_wf.raw_merge" in "/work/qsiprep_1_0_wf/sub_24663_ses_1_wf/dwi_preproc_ses_1_dir_AP_run_01_part_mag_wf/pre_hmc_wf/merge_and_denoise_wf/raw_merge".
250304-11:09:53,827 nipype.workflow INFO:
	 [Node] Executing "raw_merge" <qsiprep.interfaces.nilearn.Merge>
250304-11:10:07,449 nipype.workflow INFO:
	 [Node] Finished "raw_merge", elapsed time 13.621652s.
250304-11:10:07,803 nipype.workflow INFO:
	 [Node] Setting-up "qsiprep_1_0_wf.sub_24663_ses_1_wf.dwi_preproc_ses_1_dir_AP_run_01_part_mag_wf.pre_hmc_wf.merge_and_denoise_wf.dwi_denoise_ses_1_dir_AP_run_01_part_mag_dwi_wf.combine_complex" in "/work/qsiprep_1_0_wf/sub_24663_ses_1_wf/dwi_preproc_ses_1_dir_AP_run_01_part_mag_wf/pre_hmc_wf/merge_and_denoise_wf/dwi_denoise_ses_1_dir_AP_run_01_part_mag_dwi_wf/combine_complex".
250304-11:10:07,812 nipype.workflow INFO:
	 [Node] Executing "combine_complex" <qsiprep.interfaces.mrtrix.PolarToComplex>
250304-11:11:17,521 nipype.workflow INFO:
	 [Node] Finished "combine_complex", elapsed time 69.707778s.
250304-11:11:17,872 nipype.workflow INFO:
	 [Node] Setting-up "qsiprep_1_0_wf.sub_24663_ses_1_wf.dwi_preproc_ses_1_dir_AP_run_01_part_mag_wf.test_pre_hmc_connect" in "/work/qsiprep_1_0_wf/sub_24663_ses_1_wf/dwi_preproc_ses_1_dir_AP_run_01_part_mag_wf/test_pre_hmc_connect".
250304-11:11:17,873 nipype.workflow INFO:
	 [Node] Setting-up "qsiprep_1_0_wf.sub_24663_ses_1_wf.anat_preproc_wf.output_grid_wf.deoblique_autobox" in "/work/qsiprep_1_0_wf/sub_24663_ses_1_wf/anat_preproc_wf/output_grid_wf/deoblique_autobox".
250304-11:11:17,884 nipype.workflow INFO:
	 [Node] Executing "deoblique_autobox" <nipype.interfaces.afni.preprocess.Warp>
250304-11:11:17,929 nipype.workflow INFO:
	 [Node] Executing "test_pre_hmc_connect" <qsiprep.interfaces.utils.TestInput>
250304-11:11:17,930 nipype.workflow INFO:
	 [Node] Finished "test_pre_hmc_connect", elapsed time 3.4e-05s.
250304-11:11:17,930 nipype.workflow WARNING:
	 Storing result file without outputs
250304-11:11:18,779 nipype.workflow INFO:
	 [Node] Finished "deoblique_autobox", elapsed time 0.892988s.
250304-11:11:19,914 nipype.workflow INFO:
	 [Node] Setting-up "qsiprep_1_0_wf.sub_24663_ses_1_wf.dwi_preproc_ses_1_dir_AP_run_01_part_mag_wf.pre_hmc_wf.merge_and_denoise_wf.dwi_denoise_ses_1_dir_AP_run_01_part_mag_dwi_wf.denoiser" in "/work/qsiprep_1_0_wf/sub_24663_ses_1_wf/dwi_preproc_ses_1_dir_AP_run_01_part_mag_wf/pre_hmc_wf/merge_and_denoise_wf/dwi_denoise_ses_1_dir_AP_run_01_part_mag_dwi_wf/denoiser".
250304-11:11:19,919 nipype.workflow INFO:
	 [Node] Executing "denoiser" <qsiprep.interfaces.mrtrix.DWIDenoise>
250304-11:12:49,742 nipype.interface INFO:
	 Generating denoising visual report
250304-11:13:39,769 nipype.workflow INFO:
	 [Node] Finished "denoiser", elapsed time 139.653281s.
250304-11:13:40,272 nipype.workflow INFO:
	 [Node] Setting-up "qsiprep_1_0_wf.sub_24663_ses_1_wf.dwi_preproc_ses_1_dir_AP_run_01_part_mag_wf.pre_hmc_wf.merge_and_denoise_wf.dwi_denoise_ses_1_dir_AP_run_01_part_mag_dwi_wf.merge_confounds" in "/work/qsiprep_1_0_wf/sub_24663_ses_1_wf/dwi_preproc_ses_1_dir_AP_run_01_part_mag_wf/pre_hmc_wf/merge_and_denoise_wf/dwi_denoise_ses_1_dir_AP_run_01_part_mag_dwi_wf/merge_confounds".
250304-11:13:40,273 nipype.workflow INFO:
	 [Node] Setting-up "qsiprep_1_0_wf.sub_24663_ses_1_wf.anat_preproc_wf.output_grid_wf.resample_to_voxel_size" in "/work/qsiprep_1_0_wf/sub_24663_ses_1_wf/anat_preproc_wf/output_grid_wf/resample_to_voxel_size".
250304-11:13:40,280 nipype.workflow INFO:
	 [Node] Executing "resample_to_voxel_size" <nipype.interfaces.afni.utils.Resample>
250304-11:13:40,318 nipype.workflow INFO:
	 [Node] Executing "merge_confounds" <nipype.interfaces.utility.base.Merge>
250304-11:13:40,318 nipype.workflow INFO:
	 [Node] Finished "merge_confounds", elapsed time 0.000171s.
250304-11:13:40,552 nipype.workflow INFO:
	 [Node] Finished "resample_to_voxel_size", elapsed time 0.270768s.
250304-11:13:42,69 nipype.workflow INFO:
	 [Node] Setting-up "qsiprep_1_0_wf.sub_24663_ses_1_wf.dwi_preproc_ses_1_dir_AP_run_01_part_mag_wf.pre_hmc_wf.merge_and_denoise_wf.dwi_denoise_ses_1_dir_AP_run_01_part_mag_dwi_wf.split_complex" in "/work/qsiprep_1_0_wf/sub_24663_ses_1_wf/dwi_preproc_ses_1_dir_AP_run_01_part_mag_wf/pre_hmc_wf/merge_and_denoise_wf/dwi_denoise_ses_1_dir_AP_run_01_part_mag_dwi_wf/split_complex".
250304-11:13:42,75 nipype.workflow INFO:
	 [Node] Executing "split_complex" <qsiprep.interfaces.mrtrix.ComplexToMagnitude>
250304-11:14:24,532 nipype.workflow INFO:
	 [Node] Finished "split_complex", elapsed time 42.455595s.
250304-11:14:26,79 nipype.workflow INFO:
	 [Node] Setting-up "qsiprep_1_0_wf.sub_24663_ses_1_wf.dwi_preproc_ses_1_dir_AP_run_01_part_mag_wf.pre_hmc_wf.merge_and_denoise_wf.conformed_images" in "/work/qsiprep_1_0_wf/sub_24663_ses_1_wf/dwi_preproc_ses_1_dir_AP_run_01_part_mag_wf/pre_hmc_wf/merge_and_denoise_wf/conformed_images".
250304-11:14:26,88 nipype.workflow INFO:
	 [Node] Executing "conformed_images" <nipype.interfaces.utility.base.Merge>
250304-11:14:26,90 nipype.workflow INFO:
	 [Node] Finished "conformed_images", elapsed time 0.000453s.
250304-11:14:26,652 nipype.workflow INFO:
	 [Node] Setting-up "qsiprep_1_0_wf.sub_24663_ses_1_wf.dwi_preproc_ses_1_dir_AP_run_01_part_mag_wf.pre_hmc_wf.merge_and_denoise_wf.dwi_denoise_ses_1_dir_AP_run_01_part_mag_dwi_wf.hstack_confounds" in "/work/qsiprep_1_0_wf/sub_24663_ses_1_wf/dwi_preproc_ses_1_dir_AP_run_01_part_mag_wf/pre_hmc_wf/merge_and_denoise_wf/dwi_denoise_ses_1_dir_AP_run_01_part_mag_dwi_wf/hstack_confounds".
250304-11:14:26,658 nipype.workflow INFO:
	 [Node] Executing "hstack_confounds" <qsiprep.interfaces.dwi_merge.StackConfounds>
250304-11:14:26,674 nipype.workflow INFO:
	 [Node] Finished "hstack_confounds", elapsed time 0.015547s.
250304-11:14:28,87 nipype.workflow INFO:
	 [Node] Setting-up "qsiprep_1_0_wf.sub_24663_ses_1_wf.dwi_preproc_ses_1_dir_AP_run_01_part_mag_wf.pre_hmc_wf.merge_and_denoise_wf.denoising_confounds" in "/work/qsiprep_1_0_wf/sub_24663_ses_1_wf/dwi_preproc_ses_1_dir_AP_run_01_part_mag_wf/pre_hmc_wf/merge_and_denoise_wf/denoising_confounds".
250304-11:14:28,628 nipype.workflow INFO:
	 [Node] Executing "denoising_confounds" <nipype.interfaces.utility.base.Merge>
250304-11:14:28,629 nipype.workflow INFO:
	 [Node] Finished "denoising_confounds", elapsed time 0.000162s.
250304-11:14:30,616 nipype.workflow INFO:
	 [Node] Setting-up "qsiprep_1_0_wf.sub_24663_ses_1_wf.dwi_preproc_ses_1_dir_AP_run_01_part_mag_wf.pre_hmc_wf.merge_and_denoise_wf.merge_dwis" in "/work/qsiprep_1_0_wf/sub_24663_ses_1_wf/dwi_preproc_ses_1_dir_AP_run_01_part_mag_wf/pre_hmc_wf/merge_and_denoise_wf/merge_dwis".
250304-11:14:30,625 nipype.workflow INFO:
	 [Node] Executing "merge_dwis" <qsiprep.interfaces.dwi_merge.MergeDWIs>
250304-11:14:30,625 nipype.workflow WARNING:
	 [Node] Error on "qsiprep_1_0_wf.sub_24663_ses_1_wf.dwi_preproc_ses_1_dir_AP_run_01_part_mag_wf.pre_hmc_wf.merge_and_denoise_wf.merge_dwis" (/work/qsiprep_1_0_wf/sub_24663_ses_1_wf/dwi_preproc_ses_1_dir_AP_run_01_part_mag_wf/pre_hmc_wf/merge_and_denoise_wf/merge_dwis)
