/cbica/projects/pafin/code/processing
2115fmn001
Tue Mar  4 11:12:39 EST 2025
Running task 11
Commandline: apptainer run --cleanenv       -B /cbica/projects/pafin/dset:/data       -B /cbica/projects/pafin/derivatives:/deriv       -B /cbica/comp_space/pafin/pafin-qsiprep:/work       -B /cbica/projects/pafin/tokens/freesurfer_license.txt:/license.txt       /cbica/projects/pafin/apptainer/qsiprep-1.0.0.sif       /data       /deriv/qsiprep       participant       --participant-label 24697       -w /work/       --omp-nthreads 20       --nprocs 20       --mem 39000       --fs-license-file /license.txt       --skip-bids-validation       --denoise-method dwidenoise       --output-resolution 1.7       --subject-anatomical-reference sessionwise
250304-11:13:10,638 nipype.workflow IMPORTANT:
	 Running QSIPrep version 1.0.1.dev0+gee9aa2e.d20250115

         License NOTICE ##################################################
         QSIPrep 1.0.1.dev0+gee9aa2e.d20250115
         Copyright The PennLINC Developers.
         
         This product includes software developed by
         the NiPreps Community (https://nipreps.org/).
         
         Portions of this software were developed at the Department of
         Psychology at Stanford University, Stanford, CA, US.
         
         This software is also distributed as a Docker container image.
         The bootstrapping file for the image ("Dockerfile") is licensed
         under the MIT License.
         
         This software may be distributed through an add-on package called
         "Docker Wrapper" that is under the BSD 3-clause License.
         #################################################################
250304-11:13:10,754 nipype.workflow IMPORTANT:
	 Building QSIPrep's workflow:
           * BIDS dataset path: /data.
           * Participant list: ['24697'].
           * Run identifier: 20250304-111246_35da4b3e-54a3-49db-b4b9-ee8ac15d098b.
250304-11:13:11,96 nipype.workflow IMPORTANT:
	 Collected data:
dwi:
- /data/sub-24697/ses-1/dwi/sub-24697_ses-1_dir-AP_run-01_part-mag_dwi.nii.gz
flair: []
fmap:
- /data/sub-24697/ses-1/fmap/sub-24697_ses-1_acq-dwi_dir-PA_run-01_part-mag_epi.nii.gz
- /data/sub-24697/ses-1/fmap/sub-24697_ses-1_acq-dwi_dir-PA_run-01_part-phase_epi.nii.gz
- /data/sub-24697/ses-1/fmap/sub-24697_ses-1_acq-func+meepi_dir-AP_run-01_echo-1_part-mag_epi.nii.gz
- /data/sub-24697/ses-1/fmap/sub-24697_ses-1_acq-func+meepi_dir-AP_run-01_echo-1_part-phase_epi.nii.gz
- /data/sub-24697/ses-1/fmap/sub-24697_ses-1_acq-func+meepi_dir-AP_run-01_echo-2_part-mag_epi.nii.gz
- /data/sub-24697/ses-1/fmap/sub-24697_ses-1_acq-func+meepi_dir-AP_run-01_echo-2_part-phase_epi.nii.gz
- /data/sub-24697/ses-1/fmap/sub-24697_ses-1_acq-func+meepi_dir-AP_run-01_echo-3_part-mag_epi.nii.gz
- /data/sub-24697/ses-1/fmap/sub-24697_ses-1_acq-func+meepi_dir-AP_run-01_echo-3_part-phase_epi.nii.gz
- /data/sub-24697/ses-1/fmap/sub-24697_ses-1_acq-func+meepi_dir-AP_run-01_echo-4_part-mag_epi.nii.gz
- /data/sub-24697/ses-1/fmap/sub-24697_ses-1_acq-func+meepi_dir-AP_run-01_echo-4_part-phase_epi.nii.gz
- /data/sub-24697/ses-1/fmap/sub-24697_ses-1_acq-func+meepi_dir-AP_run-01_echo-5_part-mag_epi.nii.gz
- /data/sub-24697/ses-1/fmap/sub-24697_ses-1_acq-func+meepi_dir-AP_run-01_echo-5_part-phase_epi.nii.gz
- /data/sub-24697/ses-1/fmap/sub-24697_ses-1_acq-func+meepi_dir-PA_run-01_echo-1_part-mag_epi.nii.gz
- /data/sub-24697/ses-1/fmap/sub-24697_ses-1_acq-func+meepi_dir-PA_run-01_echo-1_part-phase_epi.nii.gz
- /data/sub-24697/ses-1/fmap/sub-24697_ses-1_acq-func+meepi_dir-PA_run-01_echo-2_part-mag_epi.nii.gz
- /data/sub-24697/ses-1/fmap/sub-24697_ses-1_acq-func+meepi_dir-PA_run-01_echo-2_part-phase_epi.nii.gz
- /data/sub-24697/ses-1/fmap/sub-24697_ses-1_acq-func+meepi_dir-PA_run-01_echo-3_part-mag_epi.nii.gz
- /data/sub-24697/ses-1/fmap/sub-24697_ses-1_acq-func+meepi_dir-PA_run-01_echo-3_part-phase_epi.nii.gz
- /data/sub-24697/ses-1/fmap/sub-24697_ses-1_acq-func+meepi_dir-PA_run-01_echo-4_part-mag_epi.nii.gz
- /data/sub-24697/ses-1/fmap/sub-24697_ses-1_acq-func+meepi_dir-PA_run-01_echo-4_part-phase_epi.nii.gz
- /data/sub-24697/ses-1/fmap/sub-24697_ses-1_acq-func+meepi_dir-PA_run-01_echo-5_part-mag_epi.nii.gz
- /data/sub-24697/ses-1/fmap/sub-24697_ses-1_acq-func+meepi_dir-PA_run-01_echo-5_part-phase_epi.nii.gz
- /data/sub-24697/ses-1/fmap/sub-24697_ses-1_acq-func_dir-AP_run-01_part-mag_epi.nii.gz
- /data/sub-24697/ses-1/fmap/sub-24697_ses-1_acq-func_dir-AP_run-01_part-phase_epi.nii.gz
- /data/sub-24697/ses-1/fmap/sub-24697_ses-1_acq-func_dir-PA_run-01_part-mag_epi.nii.gz
- /data/sub-24697/ses-1/fmap/sub-24697_ses-1_acq-func_dir-PA_run-01_part-phase_epi.nii.gz
roi: []
sbref: []
t1w:
- /data/sub-24697/ses-1/anat/sub-24697_ses-1_T1w.nii.gz
- /data/sub-24697/ses-1/anat/sub-24697_ses-1_rec-norm_T1w.nii.gz
t2w: []

250304-11:13:11,130 nipype.workflow INFO:
	 Running nonlinear normalization to template
250304-11:13:11,159 nipype.workflow INFO:
	 Combining all DWI files within each available session and acquisition:
250304-11:13:11,161 nipype.workflow INFO:
	 	- 1 scans in session 1/acquisition None
250304-11:13:11,200 nipype.workflow INFO:
	 [{'dwi_series': ['/data/sub-24697/ses-1/dwi/sub-24697_ses-1_dir-AP_run-01_part-mag_dwi.nii.gz'], 'fieldmap_info': {'suffix': 'epi', 'epi': ['/data/sub-24697/ses-1/fmap/sub-24697_ses-1_acq-dwi_dir-PA_run-01_part-mag_epi.nii.gz']}, 'dwi_series_pedir': 'j-', 'concatenated_bids_name': 'sub-24697_ses-1_dir-AP_run-01_part-mag'}]
250304-11:13:11,516 nipype.workflow INFO:
	 Phase file found for /data/sub-24697/ses-1/dwi/sub-24697_ses-1_dir-AP_run-01_part-mag_dwi.nii.gz
250304-11:13:11,519 nipype.workflow INFO:
	 Automatically using 3, 3, 3 window for dwidenoise
250304-11:13:11,533 nipype.workflow INFO:
	 Using 20 threads in eddy
250304-11:13:11,547 nipype.workflow INFO:
	 Using single-stage SDC, TOPUP-only
250304-11:13:16,399 nipype.workflow INFO:
	 QSIPrep workflow graph with 280 nodes built successfully.
250304-11:13:36,750 nipype.workflow IMPORTANT:
	 QSIPrep started!
250304-11:13:42,686 nipype.workflow INFO:
	 [Node] Setting-up "qsiprep_1_0_wf.sub_24697_ses_1_wf.dwi_preproc_ses_1_dir_AP_run_01_part_mag_wf.pre_hmc_wf.merge_and_denoise_wf.noise_images" in "/work/qsiprep_1_0_wf/sub_24697_ses_1_wf/dwi_preproc_ses_1_dir_AP_run_01_part_mag_wf/pre_hmc_wf/merge_and_denoise_wf/noise_images".
250304-11:13:42,693 nipype.workflow INFO:
	 [Node] Executing "noise_images" <nipype.interfaces.utility.base.Merge>
250304-11:13:42,699 nipype.workflow INFO:
	 [Node] Finished "noise_images", elapsed time 0.000577s.
250304-11:13:42,707 nipype.workflow INFO:
	 [Node] Setting-up "qsiprep_1_0_wf.sub_24697_ses_1_wf.dwi_preproc_ses_1_dir_AP_run_01_part_mag_wf.pre_hmc_wf.merge_and_denoise_wf.bias_images" in "/work/qsiprep_1_0_wf/sub_24697_ses_1_wf/dwi_preproc_ses_1_dir_AP_run_01_part_mag_wf/pre_hmc_wf/merge_and_denoise_wf/bias_images".
250304-11:13:42,714 nipype.workflow INFO:
	 [Node] Executing "bias_images" <nipype.interfaces.utility.base.Merge>
250304-11:13:42,716 nipype.workflow INFO:
	 [Node] Finished "bias_images", elapsed time 0.000412s.
250304-11:13:43,932 nipype.workflow INFO:
	 [Node] Setting-up "qsiprep_1_0_wf.sub_24697_ses_1_wf.bidssrc" in "/work/qsiprep_1_0_wf/sub_24697_ses_1_wf/bidssrc".
250304-11:13:43,941 nipype.workflow INFO:
	 [Node] Executing "bidssrc" <qsiprep.interfaces.bids.BIDSDataGrabber>
250304-11:13:43,946 nipype.interface INFO:
	 No T2w images found for subject sub-<undefined>, but no problem because --anat-modality T1w was selected.
250304-11:13:43,946 nipype.interface WARNING:
	 No 'flair' images found for sub-<undefined>
250304-11:13:43,946 nipype.interface WARNING:
	 No 'sbref' images found for sub-<undefined>
250304-11:13:43,946 nipype.interface WARNING:
	 No 'roi' images found for sub-<undefined>
250304-11:13:43,947 nipype.workflow INFO:
	 [Node] Finished "bidssrc", elapsed time 0.000858s.
250304-11:13:44,550 nipype.workflow INFO:
	 [Node] Setting-up "qsiprep_1_0_wf.sub_24697_ses_1_wf.anat_preproc_wf.get_template_image" in "/work/qsiprep_1_0_wf/sub_24697_ses_1_wf/anat_preproc_wf/get_template_image".
250304-11:13:44,557 nipype.workflow INFO:
	 [Node] Executing "get_template_image" <qsiprep.interfaces.anatomical.GetTemplate>
250304-11:13:44,838 nipype.workflow INFO:
	 [Node] Finished "get_template_image", elapsed time 0.276349s.
250304-11:13:45,35 nipype.workflow INFO:
	 [Node] Setting-up "qsiprep_1_0_wf.sub_24697_ses_1_wf.anat_preproc_wf.output_grid_wf.voxel_size_chooser" in "/work/qsiprep_1_0_wf/sub_24697_ses_1_wf/anat_preproc_wf/output_grid_wf/voxel_size_chooser".
250304-11:13:45,40 nipype.workflow INFO:
	 [Node] Executing "voxel_size_chooser" <qsiprep.interfaces.anatomical.VoxelSizeChooser>
250304-11:13:45,46 nipype.workflow INFO:
	 [Node] Finished "voxel_size_chooser", elapsed time 0.000342s.
250304-11:13:45,272 nipype.workflow INFO:
	 [Node] Setting-up "qsiprep_1_0_wf.sub_24697_ses_1_wf.dwi_preproc_ses_1_dir_AP_run_01_part_mag_wf.pre_hmc_wf.merge_and_denoise_wf.conform_dwis01" in "/work/qsiprep_1_0_wf/sub_24697_ses_1_wf/dwi_preproc_ses_1_dir_AP_run_01_part_mag_wf/pre_hmc_wf/merge_and_denoise_wf/conform_dwis01".
250304-11:13:45,278 nipype.workflow INFO:
	 [Node] Executing "conform_dwis01" <qsiprep.interfaces.images.ConformDwi>
250304-11:13:45,402 nipype.interface INFO:
	 Not applying reorientation to /data/sub-24697/ses-1/dwi/sub-24697_ses-1_dir-AP_run-01_part-mag_dwi.nii.gz: already in LAS
250304-11:13:45,403 nipype.workflow INFO:
	 [Node] Finished "conform_dwis01", elapsed time 0.121112s.
250304-11:13:45,575 nipype.workflow INFO:
	 [Node] Setting-up "qsiprep_1_0_wf.sub_24697_ses_1_wf.anat_preproc_wf.reorient_mask_to_lps" in "/work/qsiprep_1_0_wf/sub_24697_ses_1_wf/anat_preproc_wf/reorient_mask_to_lps".
250304-11:13:45,587 nipype.workflow INFO:
	 [Node] Setting-up "qsiprep_1_0_wf.sub_24697_ses_1_wf.anat_preproc_wf.anat_template_wf.template_dimensions" in "/work/qsiprep_1_0_wf/sub_24697_ses_1_wf/anat_preproc_wf/anat_template_wf/template_dimensions".
250304-11:13:45,628 nipype.workflow INFO:
	 [Node] Setting-up "qsiprep_1_0_wf.sub_24697_ses_1_wf.anat_preproc_wf.mask_template" in "/work/qsiprep_1_0_wf/sub_24697_ses_1_wf/anat_preproc_wf/mask_template".
250304-11:13:45,734 nipype.workflow INFO:
	 [Node] Executing "reorient_mask_to_lps" <nipype.interfaces.afni.utils.Resample>
250304-11:13:46,238 nipype.workflow INFO:
	 [Node] Finished "reorient_mask_to_lps", elapsed time 0.503713s.
250304-11:13:46,529 nipype.workflow INFO:
	 [Node] Setting-up "qsiprep_1_0_wf.sub_24697_ses_1_wf.dwi_finalize_ses_1_dir_AP_run_01_part_mag_wf.merged_sidecar" in "/work/qsiprep_1_0_wf/sub_24697_ses_1_wf/dwi_finalize_ses_1_dir_AP_run_01_part_mag_wf/merged_sidecar".
250304-11:13:46,534 nipype.workflow INFO:
	 [Node] Setting-up "qsiprep_1_0_wf.sub_24697_ses_1_wf.dwi_preproc_ses_1_dir_AP_run_01_part_mag_wf.pre_hmc_wf.merge_and_denoise_wf.conform_phase1" in "/work/qsiprep_1_0_wf/sub_24697_ses_1_wf/dwi_preproc_ses_1_dir_AP_run_01_part_mag_wf/pre_hmc_wf/merge_and_denoise_wf/conform_phase1".
250304-11:13:46,541 nipype.workflow INFO:
	 [Node] Executing "conform_phase1" <qsiprep.interfaces.images.ConformDwi>
250304-11:13:46,673 nipype.workflow INFO:
	 [Node] Executing "merged_sidecar" <qsiprep.interfaces.bids.DerivativesSidecar>
250304-11:13:46,683 nipype.workflow INFO:
	 [Node] Finished "merged_sidecar", elapsed time 0.004041s.
250304-11:13:46,748 nipype.interface INFO:
	 Not applying reorientation to /data/sub-24697/ses-1/dwi/sub-24697_ses-1_dir-AP_run-01_part-phase_dwi.nii.gz: already in LAS
250304-11:13:46,749 nipype.workflow INFO:
	 [Node] Finished "conform_phase1", elapsed time 0.206698s.
250304-11:13:47,232 nipype.workflow INFO:
	 [Node] Setting-up "qsiprep_1_0_wf.sub_24697_ses_1_wf.dwi_preproc_ses_1_dir_AP_run_01_part_mag_wf.pre_hmc_wf.merge_and_denoise_wf.conformed_raw_images" in "/work/qsiprep_1_0_wf/sub_24697_ses_1_wf/dwi_preproc_ses_1_dir_AP_run_01_part_mag_wf/pre_hmc_wf/merge_and_denoise_wf/conformed_raw_images".
250304-11:13:47,233 nipype.workflow INFO:
	 [Node] Setting-up "qsiprep_1_0_wf.sub_24697_ses_1_wf.dwi_preproc_ses_1_dir_AP_run_01_part_mag_wf.pre_hmc_wf.merge_and_denoise_wf.conformation_reports" in "/work/qsiprep_1_0_wf/sub_24697_ses_1_wf/dwi_preproc_ses_1_dir_AP_run_01_part_mag_wf/pre_hmc_wf/merge_and_denoise_wf/conformation_reports".
250304-11:13:47,234 nipype.workflow INFO:
	 [Node] Setting-up "qsiprep_1_0_wf.sub_24697_ses_1_wf.dwi_preproc_ses_1_dir_AP_run_01_part_mag_wf.pre_hmc_wf.merge_and_denoise_wf.conformed_bvecs" in "/work/qsiprep_1_0_wf/sub_24697_ses_1_wf/dwi_preproc_ses_1_dir_AP_run_01_part_mag_wf/pre_hmc_wf/merge_and_denoise_wf/conformed_bvecs".
250304-11:13:47,241 nipype.workflow INFO:
	 [Node] Executing "conformation_reports" <nipype.interfaces.utility.base.Merge>
250304-11:13:47,242 nipype.workflow INFO:
	 [Node] Finished "conformation_reports", elapsed time 0.000323s.
250304-11:13:47,243 nipype.workflow INFO:
	 [Node] Executing "conformed_bvecs" <nipype.interfaces.utility.base.Merge>
250304-11:13:47,245 nipype.workflow INFO:
	 [Node] Finished "conformed_bvecs", elapsed time 0.000434s.
250304-11:13:47,250 nipype.workflow INFO:
	 [Node] Executing "conformed_raw_images" <nipype.interfaces.utility.base.Merge>
250304-11:13:47,254 nipype.workflow INFO:
	 [Node] Finished "conformed_raw_images", elapsed time 0.000744s.
250304-11:13:47,420 nipype.workflow INFO:
	 [Node] Setting-up "qsiprep_1_0_wf.sub_24697_ses_1_wf.dwi_preproc_ses_1_dir_AP_run_01_part_mag_wf.pre_hmc_wf.merge_and_denoise_wf.conformed_bvals" in "/work/qsiprep_1_0_wf/sub_24697_ses_1_wf/dwi_preproc_ses_1_dir_AP_run_01_part_mag_wf/pre_hmc_wf/merge_and_denoise_wf/conformed_bvals".
250304-11:13:47,425 nipype.workflow INFO:
	 [Node] Executing "conformed_bvals" <nipype.interfaces.utility.base.Merge>
250304-11:13:47,426 nipype.workflow INFO:
	 [Node] Finished "conformed_bvals", elapsed time 0.000188s.
250304-11:13:49,191 nipype.workflow INFO:
	 [Node] Executing "template_dimensions" <niworkflows.interfaces.images.TemplateDimensions>
250304-11:13:49,210 nipype.workflow INFO:
	 [Node] Executing "mask_template" <nipype.interfaces.afni.utils.Calc>
250304-11:13:49,541 nipype.workflow INFO:
	 [Node] Finished "template_dimensions", elapsed time 0.344831s.
250304-11:13:50,542 nipype.workflow INFO:
	 [Node] Finished "mask_template", elapsed time 1.328305s.
250304-11:13:51,792 nipype.workflow INFO:
	 [Node] Setting-up "qsiprep_1_0_wf.sub_24697_ses_1_wf.dwi_preproc_ses_1_dir_AP_run_01_part_mag_wf.pre_hmc_wf.merge_and_denoise_wf.dwi_denoise_ses_1_dir_AP_run_01_part_mag_dwi_wf.phase_to_radians" in "/work/qsiprep_1_0_wf/sub_24697_ses_1_wf/dwi_preproc_ses_1_dir_AP_run_01_part_mag_wf/pre_hmc_wf/merge_and_denoise_wf/dwi_denoise_ses_1_dir_AP_run_01_part_mag_dwi_wf/phase_to_radians".
250304-11:13:51,799 nipype.workflow INFO:
	 [Node] Executing "phase_to_radians" <qsiprep.interfaces.dwi_merge.PhaseToRad>
250304-11:14:08,404 nipype.workflow INFO:
	 [Node] Finished "phase_to_radians", elapsed time 16.603497s.
250304-11:14:09,275 nipype.workflow INFO:
	 [Node] Setting-up "qsiprep_1_0_wf.sub_24697_ses_1_wf.anat_preproc_wf.anat_derivatives_wf.t1_name" in "/work/qsiprep_1_0_wf/sub_24697_ses_1_wf/anat_preproc_wf/anat_derivatives_wf/t1_name".
250304-11:14:09,448 nipype.workflow INFO:
	 [Node] Setting-up "qsiprep_1_0_wf.sub_24697_ses_1_wf.anat_preproc_wf.reorient_brain_to_lps" in "/work/qsiprep_1_0_wf/sub_24697_ses_1_wf/anat_preproc_wf/reorient_brain_to_lps".
250304-11:14:09,453 nipype.workflow INFO:
	 [Node] Executing "t1_name" <nipype.interfaces.utility.wrappers.Function>
250304-11:14:09,454 nipype.workflow INFO:
	 [Node] Finished "t1_name", elapsed time 0.000624s.
250304-11:14:09,459 nipype.workflow INFO:
	 [Node] Executing "reorient_brain_to_lps" <nipype.interfaces.afni.utils.Resample>
250304-11:14:09,628 nipype.workflow INFO:
	 [Node] Setting-up "_anat_conform0" in "/work/qsiprep_1_0_wf/sub_24697_ses_1_wf/anat_preproc_wf/anat_template_wf/anat_conform/mapflow/_anat_conform0".
250304-11:14:09,628 nipype.workflow INFO:
	 [Node] Setting-up "_anat_conform1" in "/work/qsiprep_1_0_wf/sub_24697_ses_1_wf/anat_preproc_wf/anat_template_wf/anat_conform/mapflow/_anat_conform1".
250304-11:14:09,634 nipype.workflow INFO:
	 [Node] Executing "_anat_conform0" <qsiprep.interfaces.images.Conform>
250304-11:14:09,634 nipype.workflow INFO:
	 [Node] Executing "_anat_conform1" <qsiprep.interfaces.images.Conform>
250304-11:14:10,27 nipype.workflow INFO:
	 [Node] Finished "reorient_brain_to_lps", elapsed time 0.56747s.
250304-11:14:10,335 nipype.workflow INFO:
	 [Node] Finished "_anat_conform1", elapsed time 0.699471s.
250304-11:14:10,392 nipype.workflow INFO:
	 [Node] Finished "_anat_conform0", elapsed time 0.757365s.
250304-11:14:11,269 nipype.workflow INFO:
	 [Node] Setting-up "qsiprep_1_0_wf.sub_24697_ses_1_wf.anat_preproc_wf.output_grid_wf.autobox_template" in "/work/qsiprep_1_0_wf/sub_24697_ses_1_wf/anat_preproc_wf/output_grid_wf/autobox_template".
250304-11:14:11,275 nipype.workflow INFO:
	 [Node] Executing "autobox_template" <nipype.interfaces.afni.utils.Autobox>
250304-11:14:11,279 nipype.workflow INFO:
	 [Node] Setting-up "_anat_conform0" in "/work/qsiprep_1_0_wf/sub_24697_ses_1_wf/anat_preproc_wf/anat_template_wf/anat_conform/mapflow/_anat_conform0".
250304-11:14:11,281 nipype.workflow INFO:
	 [Node] Cached "_anat_conform0" - collecting precomputed outputs
250304-11:14:11,282 nipype.workflow INFO:
	 [Node] "_anat_conform0" found cached.
250304-11:14:11,283 nipype.workflow INFO:
	 [Node] Setting-up "_anat_conform1" in "/work/qsiprep_1_0_wf/sub_24697_ses_1_wf/anat_preproc_wf/anat_template_wf/anat_conform/mapflow/_anat_conform1".
250304-11:14:11,285 nipype.workflow INFO:
	 [Node] Cached "_anat_conform1" - collecting precomputed outputs
250304-11:14:11,285 nipype.workflow INFO:
	 [Node] "_anat_conform1" found cached.
250304-11:14:12,290 nipype.workflow INFO:
	 [Node] Finished "autobox_template", elapsed time 1.013475s.
250304-11:14:13,325 nipype.workflow INFO:
	 [Node] Setting-up "qsiprep_1_0_wf.sub_24697_ses_1_wf.dwi_preproc_ses_1_dir_AP_run_01_part_mag_wf.pre_hmc_wf.merge_and_denoise_wf.raw_merge" in "/work/qsiprep_1_0_wf/sub_24697_ses_1_wf/dwi_preproc_ses_1_dir_AP_run_01_part_mag_wf/pre_hmc_wf/merge_and_denoise_wf/raw_merge".
250304-11:14:13,331 nipype.workflow INFO:
	 [Node] Executing "raw_merge" <qsiprep.interfaces.nilearn.Merge>
250304-11:14:27,1 nipype.workflow INFO:
	 [Node] Finished "raw_merge", elapsed time 13.668417999999999s.
250304-11:14:27,347 nipype.workflow INFO:
	 [Node] Setting-up "qsiprep_1_0_wf.sub_24697_ses_1_wf.dwi_preproc_ses_1_dir_AP_run_01_part_mag_wf.pre_hmc_wf.merge_and_denoise_wf.dwi_denoise_ses_1_dir_AP_run_01_part_mag_dwi_wf.combine_complex" in "/work/qsiprep_1_0_wf/sub_24697_ses_1_wf/dwi_preproc_ses_1_dir_AP_run_01_part_mag_wf/pre_hmc_wf/merge_and_denoise_wf/dwi_denoise_ses_1_dir_AP_run_01_part_mag_dwi_wf/combine_complex".
250304-11:14:27,356 nipype.workflow INFO:
	 [Node] Executing "combine_complex" <qsiprep.interfaces.mrtrix.PolarToComplex>
250304-11:15:35,175 nipype.workflow INFO:
	 [Node] Finished "combine_complex", elapsed time 67.81798s.
250304-11:15:35,426 nipype.workflow INFO:
	 [Node] Setting-up "qsiprep_1_0_wf.sub_24697_ses_1_wf.dwi_preproc_ses_1_dir_AP_run_01_part_mag_wf.test_pre_hmc_connect" in "/work/qsiprep_1_0_wf/sub_24697_ses_1_wf/dwi_preproc_ses_1_dir_AP_run_01_part_mag_wf/test_pre_hmc_connect".
250304-11:15:35,426 nipype.workflow INFO:
	 [Node] Setting-up "qsiprep_1_0_wf.sub_24697_ses_1_wf.anat_preproc_wf.output_grid_wf.deoblique_autobox" in "/work/qsiprep_1_0_wf/sub_24697_ses_1_wf/anat_preproc_wf/output_grid_wf/deoblique_autobox".
250304-11:15:35,436 nipype.workflow INFO:
	 [Node] Executing "deoblique_autobox" <nipype.interfaces.afni.preprocess.Warp>
250304-11:15:35,473 nipype.workflow INFO:
	 [Node] Executing "test_pre_hmc_connect" <qsiprep.interfaces.utils.TestInput>
250304-11:15:35,474 nipype.workflow INFO:
	 [Node] Finished "test_pre_hmc_connect", elapsed time 3.8e-05s.
250304-11:15:35,474 nipype.workflow WARNING:
	 Storing result file without outputs
250304-11:15:36,396 nipype.workflow INFO:
	 [Node] Finished "deoblique_autobox", elapsed time 0.958576s.
250304-11:15:37,466 nipype.workflow INFO:
	 [Node] Setting-up "qsiprep_1_0_wf.sub_24697_ses_1_wf.dwi_preproc_ses_1_dir_AP_run_01_part_mag_wf.pre_hmc_wf.merge_and_denoise_wf.dwi_denoise_ses_1_dir_AP_run_01_part_mag_dwi_wf.denoiser" in "/work/qsiprep_1_0_wf/sub_24697_ses_1_wf/dwi_preproc_ses_1_dir_AP_run_01_part_mag_wf/pre_hmc_wf/merge_and_denoise_wf/dwi_denoise_ses_1_dir_AP_run_01_part_mag_dwi_wf/denoiser".
250304-11:15:37,471 nipype.workflow INFO:
	 [Node] Executing "denoiser" <qsiprep.interfaces.mrtrix.DWIDenoise>
250304-11:17:01,497 nipype.interface INFO:
	 Generating denoising visual report
250304-11:17:48,442 nipype.workflow INFO:
	 [Node] Finished "denoiser", elapsed time 130.715198s.
250304-11:17:49,901 nipype.workflow INFO:
	 [Node] Setting-up "qsiprep_1_0_wf.sub_24697_ses_1_wf.dwi_preproc_ses_1_dir_AP_run_01_part_mag_wf.pre_hmc_wf.merge_and_denoise_wf.dwi_denoise_ses_1_dir_AP_run_01_part_mag_dwi_wf.merge_confounds" in "/work/qsiprep_1_0_wf/sub_24697_ses_1_wf/dwi_preproc_ses_1_dir_AP_run_01_part_mag_wf/pre_hmc_wf/merge_and_denoise_wf/dwi_denoise_ses_1_dir_AP_run_01_part_mag_dwi_wf/merge_confounds".
250304-11:17:49,902 nipype.workflow INFO:
	 [Node] Setting-up "qsiprep_1_0_wf.sub_24697_ses_1_wf.anat_preproc_wf.output_grid_wf.resample_to_voxel_size" in "/work/qsiprep_1_0_wf/sub_24697_ses_1_wf/anat_preproc_wf/output_grid_wf/resample_to_voxel_size".
250304-11:17:49,912 nipype.workflow INFO:
	 [Node] Executing "resample_to_voxel_size" <nipype.interfaces.afni.utils.Resample>
250304-11:17:49,945 nipype.workflow INFO:
	 [Node] Executing "merge_confounds" <nipype.interfaces.utility.base.Merge>
250304-11:17:49,946 nipype.workflow INFO:
	 [Node] Finished "merge_confounds", elapsed time 0.000171s.
250304-11:17:50,249 nipype.workflow INFO:
	 [Node] Finished "resample_to_voxel_size", elapsed time 0.336569s.
250304-11:17:51,743 nipype.workflow INFO:
	 [Node] Setting-up "qsiprep_1_0_wf.sub_24697_ses_1_wf.dwi_preproc_ses_1_dir_AP_run_01_part_mag_wf.pre_hmc_wf.merge_and_denoise_wf.dwi_denoise_ses_1_dir_AP_run_01_part_mag_dwi_wf.split_complex" in "/work/qsiprep_1_0_wf/sub_24697_ses_1_wf/dwi_preproc_ses_1_dir_AP_run_01_part_mag_wf/pre_hmc_wf/merge_and_denoise_wf/dwi_denoise_ses_1_dir_AP_run_01_part_mag_dwi_wf/split_complex".
250304-11:17:51,752 nipype.workflow INFO:
	 [Node] Executing "split_complex" <qsiprep.interfaces.mrtrix.ComplexToMagnitude>
250304-11:18:36,52 nipype.workflow INFO:
	 [Node] Finished "split_complex", elapsed time 44.298602s.
250304-11:18:37,821 nipype.workflow INFO:
	 [Node] Setting-up "qsiprep_1_0_wf.sub_24697_ses_1_wf.dwi_preproc_ses_1_dir_AP_run_01_part_mag_wf.pre_hmc_wf.merge_and_denoise_wf.conformed_images" in "/work/qsiprep_1_0_wf/sub_24697_ses_1_wf/dwi_preproc_ses_1_dir_AP_run_01_part_mag_wf/pre_hmc_wf/merge_and_denoise_wf/conformed_images".
250304-11:18:37,831 nipype.workflow INFO:
	 [Node] Executing "conformed_images" <nipype.interfaces.utility.base.Merge>
250304-11:18:37,834 nipype.workflow INFO:
	 [Node] Finished "conformed_images", elapsed time 0.000471s.
250304-11:18:38,485 nipype.workflow INFO:
	 [Node] Setting-up "qsiprep_1_0_wf.sub_24697_ses_1_wf.dwi_preproc_ses_1_dir_AP_run_01_part_mag_wf.pre_hmc_wf.merge_and_denoise_wf.dwi_denoise_ses_1_dir_AP_run_01_part_mag_dwi_wf.hstack_confounds" in "/work/qsiprep_1_0_wf/sub_24697_ses_1_wf/dwi_preproc_ses_1_dir_AP_run_01_part_mag_wf/pre_hmc_wf/merge_and_denoise_wf/dwi_denoise_ses_1_dir_AP_run_01_part_mag_dwi_wf/hstack_confounds".
250304-11:18:38,491 nipype.workflow INFO:
	 [Node] Executing "hstack_confounds" <qsiprep.interfaces.dwi_merge.StackConfounds>
250304-11:18:38,510 nipype.workflow INFO:
	 [Node] Finished "hstack_confounds", elapsed time 0.018347s.
250304-11:18:39,821 nipype.workflow INFO:
	 [Node] Setting-up "qsiprep_1_0_wf.sub_24697_ses_1_wf.dwi_preproc_ses_1_dir_AP_run_01_part_mag_wf.pre_hmc_wf.merge_and_denoise_wf.denoising_confounds" in "/work/qsiprep_1_0_wf/sub_24697_ses_1_wf/dwi_preproc_ses_1_dir_AP_run_01_part_mag_wf/pre_hmc_wf/merge_and_denoise_wf/denoising_confounds".
250304-11:18:40,403 nipype.workflow INFO:
	 [Node] Executing "denoising_confounds" <nipype.interfaces.utility.base.Merge>
250304-11:18:40,404 nipype.workflow INFO:
	 [Node] Finished "denoising_confounds", elapsed time 0.000179s.
250304-11:18:42,415 nipype.workflow INFO:
	 [Node] Setting-up "qsiprep_1_0_wf.sub_24697_ses_1_wf.dwi_preproc_ses_1_dir_AP_run_01_part_mag_wf.pre_hmc_wf.merge_and_denoise_wf.merge_dwis" in "/work/qsiprep_1_0_wf/sub_24697_ses_1_wf/dwi_preproc_ses_1_dir_AP_run_01_part_mag_wf/pre_hmc_wf/merge_and_denoise_wf/merge_dwis".
250304-11:18:42,425 nipype.workflow INFO:
	 [Node] Executing "merge_dwis" <qsiprep.interfaces.dwi_merge.MergeDWIs>
250304-11:18:42,425 nipype.workflow WARNING:
	 [Node] Error on "qsiprep_1_0_wf.sub_24697_ses_1_wf.dwi_preproc_ses_1_dir_AP_run_01_part_mag_wf.pre_hmc_wf.merge_and_denoise_wf.merge_dwis" (/work/qsiprep_1_0_wf/sub_24697_ses_1_wf/dwi_preproc_ses_1_dir_AP_run_01_part_mag_wf/pre_hmc_wf/merge_and_denoise_wf/merge_dwis)
