/cbica/projects/pafin/code/processing
211affn002
Tue Mar  4 11:12:39 EST 2025
Running task 10
Commandline: apptainer run --cleanenv       -B /cbica/projects/pafin/dset:/data       -B /cbica/projects/pafin/derivatives:/deriv       -B /cbica/comp_space/pafin/pafin-qsiprep:/work       -B /cbica/projects/pafin/tokens/freesurfer_license.txt:/license.txt       /cbica/projects/pafin/apptainer/qsiprep-1.0.0.sif       /data       /deriv/qsiprep       participant       --participant-label 24696       -w /work/       --omp-nthreads 20       --nprocs 20       --mem 39000       --fs-license-file /license.txt       --skip-bids-validation       --denoise-method dwidenoise       --output-resolution 1.7       --subject-anatomical-reference sessionwise
250304-11:13:04,640 nipype.workflow IMPORTANT:
	 Running QSIPrep version 1.0.1.dev0+gee9aa2e.d20250115

         License NOTICE ##################################################
         QSIPrep 1.0.1.dev0+gee9aa2e.d20250115
         Copyright The PennLINC Developers.
         
         This product includes software developed by
         the NiPreps Community (https://nipreps.org/).
         
         Portions of this software were developed at the Department of
         Psychology at Stanford University, Stanford, CA, US.
         
         This software is also distributed as a Docker container image.
         The bootstrapping file for the image ("Dockerfile") is licensed
         under the MIT License.
         
         This software may be distributed through an add-on package called
         "Docker Wrapper" that is under the BSD 3-clause License.
         #################################################################
250304-11:13:04,750 nipype.workflow IMPORTANT:
	 Building QSIPrep's workflow:
           * BIDS dataset path: /data.
           * Participant list: ['24696'].
           * Run identifier: 20250304-111244_eea79daf-276e-4671-beb4-aae3c16f448c.
250304-11:13:04,934 nipype.workflow IMPORTANT:
	 Collected data:
dwi:
- /data/sub-24696/ses-1/dwi/sub-24696_ses-1_dir-AP_run-01_part-mag_dwi.nii.gz
flair: []
fmap:
- /data/sub-24696/ses-1/fmap/sub-24696_ses-1_acq-dwi_dir-PA_run-01_part-mag_epi.nii.gz
- /data/sub-24696/ses-1/fmap/sub-24696_ses-1_acq-dwi_dir-PA_run-01_part-phase_epi.nii.gz
- /data/sub-24696/ses-1/fmap/sub-24696_ses-1_acq-func+meepi_dir-AP_run-01_echo-1_part-mag_epi.nii.gz
- /data/sub-24696/ses-1/fmap/sub-24696_ses-1_acq-func+meepi_dir-AP_run-01_echo-1_part-phase_epi.nii.gz
- /data/sub-24696/ses-1/fmap/sub-24696_ses-1_acq-func+meepi_dir-AP_run-01_echo-2_part-mag_epi.nii.gz
- /data/sub-24696/ses-1/fmap/sub-24696_ses-1_acq-func+meepi_dir-AP_run-01_echo-2_part-phase_epi.nii.gz
- /data/sub-24696/ses-1/fmap/sub-24696_ses-1_acq-func+meepi_dir-AP_run-01_echo-3_part-mag_epi.nii.gz
- /data/sub-24696/ses-1/fmap/sub-24696_ses-1_acq-func+meepi_dir-AP_run-01_echo-3_part-phase_epi.nii.gz
- /data/sub-24696/ses-1/fmap/sub-24696_ses-1_acq-func+meepi_dir-AP_run-01_echo-4_part-mag_epi.nii.gz
- /data/sub-24696/ses-1/fmap/sub-24696_ses-1_acq-func+meepi_dir-AP_run-01_echo-4_part-phase_epi.nii.gz
- /data/sub-24696/ses-1/fmap/sub-24696_ses-1_acq-func+meepi_dir-AP_run-01_echo-5_part-mag_epi.nii.gz
- /data/sub-24696/ses-1/fmap/sub-24696_ses-1_acq-func+meepi_dir-AP_run-01_echo-5_part-phase_epi.nii.gz
- /data/sub-24696/ses-1/fmap/sub-24696_ses-1_acq-func+meepi_dir-PA_run-01_echo-1_part-mag_epi.nii.gz
- /data/sub-24696/ses-1/fmap/sub-24696_ses-1_acq-func+meepi_dir-PA_run-01_echo-1_part-phase_epi.nii.gz
- /data/sub-24696/ses-1/fmap/sub-24696_ses-1_acq-func+meepi_dir-PA_run-01_echo-2_part-mag_epi.nii.gz
- /data/sub-24696/ses-1/fmap/sub-24696_ses-1_acq-func+meepi_dir-PA_run-01_echo-2_part-phase_epi.nii.gz
- /data/sub-24696/ses-1/fmap/sub-24696_ses-1_acq-func+meepi_dir-PA_run-01_echo-3_part-mag_epi.nii.gz
- /data/sub-24696/ses-1/fmap/sub-24696_ses-1_acq-func+meepi_dir-PA_run-01_echo-3_part-phase_epi.nii.gz
- /data/sub-24696/ses-1/fmap/sub-24696_ses-1_acq-func+meepi_dir-PA_run-01_echo-4_part-mag_epi.nii.gz
- /data/sub-24696/ses-1/fmap/sub-24696_ses-1_acq-func+meepi_dir-PA_run-01_echo-4_part-phase_epi.nii.gz
- /data/sub-24696/ses-1/fmap/sub-24696_ses-1_acq-func+meepi_dir-PA_run-01_echo-5_part-mag_epi.nii.gz
- /data/sub-24696/ses-1/fmap/sub-24696_ses-1_acq-func+meepi_dir-PA_run-01_echo-5_part-phase_epi.nii.gz
- /data/sub-24696/ses-1/fmap/sub-24696_ses-1_acq-func_dir-AP_run-01_part-mag_epi.nii.gz
- /data/sub-24696/ses-1/fmap/sub-24696_ses-1_acq-func_dir-AP_run-01_part-phase_epi.nii.gz
- /data/sub-24696/ses-1/fmap/sub-24696_ses-1_acq-func_dir-PA_run-01_part-mag_epi.nii.gz
- /data/sub-24696/ses-1/fmap/sub-24696_ses-1_acq-func_dir-PA_run-01_part-phase_epi.nii.gz
roi: []
sbref: []
t1w:
- /data/sub-24696/ses-1/anat/sub-24696_ses-1_T1w.nii.gz
- /data/sub-24696/ses-1/anat/sub-24696_ses-1_rec-norm_T1w.nii.gz
t2w:
- /data/sub-24696/ses-1/anat/sub-24696_ses-1_T2w.nii.gz
- /data/sub-24696/ses-1/anat/sub-24696_ses-1_rec-norm_T2w.nii.gz

250304-11:13:04,968 nipype.workflow INFO:
	 Running nonlinear normalization to template
250304-11:13:05,1 nipype.workflow INFO:
	 Combining all DWI files within each available session and acquisition:
250304-11:13:05,3 nipype.workflow INFO:
	 	- 1 scans in session 1/acquisition None
250304-11:13:05,48 nipype.workflow INFO:
	 [{'dwi_series': ['/data/sub-24696/ses-1/dwi/sub-24696_ses-1_dir-AP_run-01_part-mag_dwi.nii.gz'], 'fieldmap_info': {'suffix': 'epi', 'epi': ['/data/sub-24696/ses-1/fmap/sub-24696_ses-1_acq-dwi_dir-PA_run-01_part-mag_epi.nii.gz']}, 'dwi_series_pedir': 'j-', 'concatenated_bids_name': 'sub-24696_ses-1_dir-AP_run-01_part-mag'}]
250304-11:13:05,311 nipype.workflow INFO:
	 Phase file found for /data/sub-24696/ses-1/dwi/sub-24696_ses-1_dir-AP_run-01_part-mag_dwi.nii.gz
250304-11:13:05,314 nipype.workflow INFO:
	 Automatically using 3, 3, 3 window for dwidenoise
250304-11:13:05,329 nipype.workflow INFO:
	 Using 20 threads in eddy
250304-11:13:05,349 nipype.workflow INFO:
	 Using single-stage SDC, TOPUP-only
250304-11:13:10,68 nipype.workflow INFO:
	 QSIPrep workflow graph with 280 nodes built successfully.
250304-11:13:30,266 nipype.workflow IMPORTANT:
	 QSIPrep started!
250304-11:13:34,594 nipype.workflow INFO:
	 [Node] Setting-up "qsiprep_1_0_wf.sub_24696_ses_1_wf.dwi_preproc_ses_1_dir_AP_run_01_part_mag_wf.pre_hmc_wf.merge_and_denoise_wf.noise_images" in "/work/qsiprep_1_0_wf/sub_24696_ses_1_wf/dwi_preproc_ses_1_dir_AP_run_01_part_mag_wf/pre_hmc_wf/merge_and_denoise_wf/noise_images".
250304-11:13:34,597 nipype.workflow INFO:
	 [Node] Setting-up "qsiprep_1_0_wf.sub_24696_ses_1_wf.dwi_preproc_ses_1_dir_AP_run_01_part_mag_wf.pre_hmc_wf.merge_and_denoise_wf.bias_images" in "/work/qsiprep_1_0_wf/sub_24696_ses_1_wf/dwi_preproc_ses_1_dir_AP_run_01_part_mag_wf/pre_hmc_wf/merge_and_denoise_wf/bias_images".
250304-11:13:34,598 nipype.workflow INFO:
	 [Node] Executing "noise_images" <nipype.interfaces.utility.base.Merge>
250304-11:13:34,601 nipype.workflow INFO:
	 [Node] Finished "noise_images", elapsed time 0.000211s.
250304-11:13:34,601 nipype.workflow INFO:
	 [Node] Executing "bias_images" <nipype.interfaces.utility.base.Merge>
250304-11:13:34,604 nipype.workflow INFO:
	 [Node] Finished "bias_images", elapsed time 0.000288s.
250304-11:13:38,50 nipype.workflow INFO:
	 [Node] Setting-up "qsiprep_1_0_wf.sub_24696_ses_1_wf.bidssrc" in "/work/qsiprep_1_0_wf/sub_24696_ses_1_wf/bidssrc".
250304-11:13:38,59 nipype.workflow INFO:
	 [Node] Executing "bidssrc" <qsiprep.interfaces.bids.BIDSDataGrabber>
250304-11:13:38,62 nipype.interface WARNING:
	 No 'flair' images found for sub-<undefined>
250304-11:13:38,62 nipype.interface WARNING:
	 No 'sbref' images found for sub-<undefined>
250304-11:13:38,62 nipype.interface WARNING:
	 No 'roi' images found for sub-<undefined>
250304-11:13:38,62 nipype.workflow INFO:
	 [Node] Finished "bidssrc", elapsed time 0.000612s.
250304-11:13:38,310 nipype.workflow INFO:
	 [Node] Setting-up "qsiprep_1_0_wf.sub_24696_ses_1_wf.anat_preproc_wf.output_grid_wf.voxel_size_chooser" in "/work/qsiprep_1_0_wf/sub_24696_ses_1_wf/anat_preproc_wf/output_grid_wf/voxel_size_chooser".
250304-11:13:38,314 nipype.workflow INFO:
	 [Node] Executing "voxel_size_chooser" <qsiprep.interfaces.anatomical.VoxelSizeChooser>
250304-11:13:38,317 nipype.workflow INFO:
	 [Node] Finished "voxel_size_chooser", elapsed time 0.00012s.
250304-11:13:38,319 nipype.workflow INFO:
	 [Node] Setting-up "qsiprep_1_0_wf.sub_24696_ses_1_wf.dwi_preproc_ses_1_dir_AP_run_01_part_mag_wf.pre_hmc_wf.merge_and_denoise_wf.conform_dwis01" in "/work/qsiprep_1_0_wf/sub_24696_ses_1_wf/dwi_preproc_ses_1_dir_AP_run_01_part_mag_wf/pre_hmc_wf/merge_and_denoise_wf/conform_dwis01".
250304-11:13:38,324 nipype.workflow INFO:
	 [Node] Executing "conform_dwis01" <qsiprep.interfaces.images.ConformDwi>
250304-11:13:38,328 nipype.workflow INFO:
	 [Node] Setting-up "qsiprep_1_0_wf.sub_24696_ses_1_wf.anat_preproc_wf.get_template_image" in "/work/qsiprep_1_0_wf/sub_24696_ses_1_wf/anat_preproc_wf/get_template_image".
250304-11:13:38,331 nipype.workflow INFO:
	 [Node] Executing "get_template_image" <qsiprep.interfaces.anatomical.GetTemplate>
250304-11:13:38,353 nipype.workflow INFO:
	 [Node] Setting-up "qsiprep_1_0_wf.sub_24696_ses_1_wf.dwi_finalize_ses_1_dir_AP_run_01_part_mag_wf.merged_sidecar" in "/work/qsiprep_1_0_wf/sub_24696_ses_1_wf/dwi_finalize_ses_1_dir_AP_run_01_part_mag_wf/merged_sidecar".
250304-11:13:38,362 nipype.workflow INFO:
	 [Node] Executing "merged_sidecar" <qsiprep.interfaces.bids.DerivativesSidecar>
250304-11:13:38,366 nipype.workflow INFO:
	 [Node] Finished "merged_sidecar", elapsed time 0.002644s.
250304-11:13:38,367 nipype.workflow INFO:
	 [Node] Setting-up "qsiprep_1_0_wf.sub_24696_ses_1_wf.dwi_preproc_ses_1_dir_AP_run_01_part_mag_wf.pre_hmc_wf.merge_and_denoise_wf.conform_phase1" in "/work/qsiprep_1_0_wf/sub_24696_ses_1_wf/dwi_preproc_ses_1_dir_AP_run_01_part_mag_wf/pre_hmc_wf/merge_and_denoise_wf/conform_phase1".
250304-11:13:38,371 nipype.workflow INFO:
	 [Node] Executing "conform_phase1" <qsiprep.interfaces.images.ConformDwi>
250304-11:13:38,445 nipype.interface INFO:
	 Not applying reorientation to /data/sub-24696/ses-1/dwi/sub-24696_ses-1_dir-AP_run-01_part-mag_dwi.nii.gz: already in LAS
250304-11:13:38,446 nipype.workflow INFO:
	 [Node] Finished "conform_dwis01", elapsed time 0.120089s.
250304-11:13:38,540 nipype.workflow INFO:
	 [Node] Finished "get_template_image", elapsed time 0.20659s.
250304-11:13:38,575 nipype.interface INFO:
	 Not applying reorientation to /data/sub-24696/ses-1/dwi/sub-24696_ses-1_dir-AP_run-01_part-phase_dwi.nii.gz: already in LAS
250304-11:13:38,576 nipype.workflow INFO:
	 [Node] Finished "conform_phase1", elapsed time 0.204575s.
250304-11:13:39,94 nipype.workflow INFO:
	 [Node] Setting-up "qsiprep_1_0_wf.sub_24696_ses_1_wf.anat_preproc_wf.anat_template_wf.template_dimensions" in "/work/qsiprep_1_0_wf/sub_24696_ses_1_wf/anat_preproc_wf/anat_template_wf/template_dimensions".
250304-11:13:39,116 nipype.workflow INFO:
	 [Node] Setting-up "qsiprep_1_0_wf.sub_24696_ses_1_wf.dwi_preproc_ses_1_dir_AP_run_01_part_mag_wf.pre_hmc_wf.merge_and_denoise_wf.conformed_raw_images" in "/work/qsiprep_1_0_wf/sub_24696_ses_1_wf/dwi_preproc_ses_1_dir_AP_run_01_part_mag_wf/pre_hmc_wf/merge_and_denoise_wf/conformed_raw_images".
250304-11:13:39,116 nipype.workflow INFO:
	 [Node] Setting-up "qsiprep_1_0_wf.sub_24696_ses_1_wf.dwi_preproc_ses_1_dir_AP_run_01_part_mag_wf.pre_hmc_wf.merge_and_denoise_wf.conformation_reports" in "/work/qsiprep_1_0_wf/sub_24696_ses_1_wf/dwi_preproc_ses_1_dir_AP_run_01_part_mag_wf/pre_hmc_wf/merge_and_denoise_wf/conformation_reports".
250304-11:13:39,117 nipype.workflow INFO:
	 [Node] Setting-up "qsiprep_1_0_wf.sub_24696_ses_1_wf.dwi_preproc_ses_1_dir_AP_run_01_part_mag_wf.pre_hmc_wf.merge_and_denoise_wf.conformed_bvals" in "/work/qsiprep_1_0_wf/sub_24696_ses_1_wf/dwi_preproc_ses_1_dir_AP_run_01_part_mag_wf/pre_hmc_wf/merge_and_denoise_wf/conformed_bvals".
250304-11:13:39,117 nipype.workflow INFO:
	 [Node] Setting-up "qsiprep_1_0_wf.sub_24696_ses_1_wf.dwi_preproc_ses_1_dir_AP_run_01_part_mag_wf.pre_hmc_wf.merge_and_denoise_wf.conformed_bvecs" in "/work/qsiprep_1_0_wf/sub_24696_ses_1_wf/dwi_preproc_ses_1_dir_AP_run_01_part_mag_wf/pre_hmc_wf/merge_and_denoise_wf/conformed_bvecs".
250304-11:13:39,121 nipype.workflow INFO:
	 [Node] Executing "conformed_bvals" <nipype.interfaces.utility.base.Merge>
250304-11:13:39,121 nipype.workflow INFO:
	 [Node] Executing "conformation_reports" <nipype.interfaces.utility.base.Merge>
250304-11:13:39,122 nipype.workflow INFO:
	 [Node] Finished "conformed_bvals", elapsed time 0.000171s.
250304-11:13:39,122 nipype.workflow INFO:
	 [Node] Executing "conformed_bvecs" <nipype.interfaces.utility.base.Merge>
250304-11:13:39,122 nipype.workflow INFO:
	 [Node] Finished "conformation_reports", elapsed time 0.000186s.
250304-11:13:39,123 nipype.workflow INFO:
	 [Node] Finished "conformed_bvecs", elapsed time 0.00017s.
250304-11:13:40,741 nipype.workflow INFO:
	 [Node] Setting-up "qsiprep_1_0_wf.sub_24696_ses_1_wf.anat_preproc_wf.reorient_mask_to_lps" in "/work/qsiprep_1_0_wf/sub_24696_ses_1_wf/anat_preproc_wf/reorient_mask_to_lps".
250304-11:13:40,746 nipype.workflow INFO:
	 [Node] Executing "reorient_mask_to_lps" <nipype.interfaces.afni.utils.Resample>
250304-11:13:40,892 nipype.workflow INFO:
	 [Node] Setting-up "qsiprep_1_0_wf.sub_24696_ses_1_wf.anat_preproc_wf.mask_template" in "/work/qsiprep_1_0_wf/sub_24696_ses_1_wf/anat_preproc_wf/mask_template".
250304-11:13:40,899 nipype.workflow INFO:
	 [Node] Executing "mask_template" <nipype.interfaces.afni.utils.Calc>
250304-11:13:41,139 nipype.workflow INFO:
	 [Node] Finished "reorient_mask_to_lps", elapsed time 0.391533s.
250304-11:13:42,323 nipype.workflow INFO:
	 [Node] Finished "mask_template", elapsed time 1.42348s.
250304-11:13:42,727 nipype.workflow INFO:
	 [Node] Executing "template_dimensions" <niworkflows.interfaces.images.TemplateDimensions>
250304-11:13:42,746 nipype.workflow INFO:
	 [Node] Setting-up "qsiprep_1_0_wf.sub_24696_ses_1_wf.anat_preproc_wf.reorient_brain_to_lps" in "/work/qsiprep_1_0_wf/sub_24696_ses_1_wf/anat_preproc_wf/reorient_brain_to_lps".
250304-11:13:42,751 nipype.workflow INFO:
	 [Node] Executing "reorient_brain_to_lps" <nipype.interfaces.afni.utils.Resample>
250304-11:13:42,986 nipype.workflow INFO:
	 [Node] Executing "conformed_raw_images" <nipype.interfaces.utility.base.Merge>
250304-11:13:42,989 nipype.workflow INFO:
	 [Node] Finished "conformed_raw_images", elapsed time 0.000213s.
250304-11:13:43,25 nipype.workflow INFO:
	 [Node] Finished "template_dimensions", elapsed time 0.294992s.
250304-11:13:43,282 nipype.workflow INFO:
	 [Node] Finished "reorient_brain_to_lps", elapsed time 0.530202s.
250304-11:13:45,249 nipype.workflow INFO:
	 [Node] Setting-up "qsiprep_1_0_wf.sub_24696_ses_1_wf.dwi_preproc_ses_1_dir_AP_run_01_part_mag_wf.pre_hmc_wf.merge_and_denoise_wf.dwi_denoise_ses_1_dir_AP_run_01_part_mag_dwi_wf.phase_to_radians" in "/work/qsiprep_1_0_wf/sub_24696_ses_1_wf/dwi_preproc_ses_1_dir_AP_run_01_part_mag_wf/pre_hmc_wf/merge_and_denoise_wf/dwi_denoise_ses_1_dir_AP_run_01_part_mag_dwi_wf/phase_to_radians".
250304-11:13:45,254 nipype.workflow INFO:
	 [Node] Executing "phase_to_radians" <qsiprep.interfaces.dwi_merge.PhaseToRad>
250304-11:14:07,198 nipype.workflow INFO:
	 [Node] Finished "phase_to_radians", elapsed time 21.942544s.
250304-11:14:08,757 nipype.workflow INFO:
	 [Node] Setting-up "qsiprep_1_0_wf.sub_24696_ses_1_wf.anat_preproc_wf.anat_derivatives_wf.t1_name" in "/work/qsiprep_1_0_wf/sub_24696_ses_1_wf/anat_preproc_wf/anat_derivatives_wf/t1_name".
250304-11:14:08,901 nipype.workflow INFO:
	 [Node] Executing "t1_name" <nipype.interfaces.utility.wrappers.Function>
250304-11:14:08,902 nipype.workflow INFO:
	 [Node] Finished "t1_name", elapsed time 0.000612s.
250304-11:14:09,37 nipype.workflow INFO:
	 [Node] Setting-up "qsiprep_1_0_wf.sub_24696_ses_1_wf.anat_preproc_wf.output_grid_wf.autobox_template" in "/work/qsiprep_1_0_wf/sub_24696_ses_1_wf/anat_preproc_wf/output_grid_wf/autobox_template".
250304-11:14:09,38 nipype.workflow INFO:
	 [Node] Setting-up "_anat_conform0" in "/work/qsiprep_1_0_wf/sub_24696_ses_1_wf/anat_preproc_wf/anat_template_wf/anat_conform/mapflow/_anat_conform0".
250304-11:14:09,38 nipype.workflow INFO:
	 [Node] Setting-up "_anat_conform1" in "/work/qsiprep_1_0_wf/sub_24696_ses_1_wf/anat_preproc_wf/anat_template_wf/anat_conform/mapflow/_anat_conform1".
250304-11:14:09,41 nipype.workflow INFO:
	 [Node] Executing "_anat_conform0" <qsiprep.interfaces.images.Conform>
250304-11:14:09,42 nipype.workflow INFO:
	 [Node] Executing "autobox_template" <nipype.interfaces.afni.utils.Autobox>
250304-11:14:09,42 nipype.workflow INFO:
	 [Node] Executing "_anat_conform1" <qsiprep.interfaces.images.Conform>
250304-11:14:09,858 nipype.workflow INFO:
	 [Node] Finished "_anat_conform1", elapsed time 0.815518s.
250304-11:14:09,888 nipype.workflow INFO:
	 [Node] Finished "autobox_template", elapsed time 0.845598s.
250304-11:14:09,918 nipype.workflow INFO:
	 [Node] Finished "_anat_conform0", elapsed time 0.87536s.
250304-11:14:10,761 nipype.workflow INFO:
	 [Node] Setting-up "qsiprep_1_0_wf.sub_24696_ses_1_wf.anat_preproc_wf.output_grid_wf.deoblique_autobox" in "/work/qsiprep_1_0_wf/sub_24696_ses_1_wf/anat_preproc_wf/output_grid_wf/deoblique_autobox".
250304-11:14:10,776 nipype.workflow INFO:
	 [Node] Setting-up "_anat_conform0" in "/work/qsiprep_1_0_wf/sub_24696_ses_1_wf/anat_preproc_wf/anat_template_wf/anat_conform/mapflow/_anat_conform0".
250304-11:14:10,776 nipype.workflow INFO:
	 [Node] Executing "deoblique_autobox" <nipype.interfaces.afni.preprocess.Warp>
250304-11:14:10,777 nipype.workflow INFO:
	 [Node] Cached "_anat_conform0" - collecting precomputed outputs
250304-11:14:10,777 nipype.workflow INFO:
	 [Node] "_anat_conform0" found cached.
250304-11:14:10,778 nipype.workflow INFO:
	 [Node] Setting-up "_anat_conform1" in "/work/qsiprep_1_0_wf/sub_24696_ses_1_wf/anat_preproc_wf/anat_template_wf/anat_conform/mapflow/_anat_conform1".
250304-11:14:10,778 nipype.workflow INFO:
	 [Node] Cached "_anat_conform1" - collecting precomputed outputs
250304-11:14:10,778 nipype.workflow INFO:
	 [Node] "_anat_conform1" found cached.
250304-11:14:11,687 nipype.workflow INFO:
	 [Node] Finished "deoblique_autobox", elapsed time 0.910384s.
250304-11:14:12,759 nipype.workflow INFO:
	 [Node] Setting-up "qsiprep_1_0_wf.sub_24696_ses_1_wf.dwi_preproc_ses_1_dir_AP_run_01_part_mag_wf.pre_hmc_wf.merge_and_denoise_wf.raw_merge" in "/work/qsiprep_1_0_wf/sub_24696_ses_1_wf/dwi_preproc_ses_1_dir_AP_run_01_part_mag_wf/pre_hmc_wf/merge_and_denoise_wf/raw_merge".
250304-11:14:12,763 nipype.workflow INFO:
	 [Node] Executing "raw_merge" <qsiprep.interfaces.nilearn.Merge>
250304-11:14:29,453 nipype.workflow INFO:
	 [Node] Finished "raw_merge", elapsed time 16.688593s.
250304-11:14:30,832 nipype.workflow INFO:
	 [Node] Setting-up "qsiprep_1_0_wf.sub_24696_ses_1_wf.dwi_preproc_ses_1_dir_AP_run_01_part_mag_wf.pre_hmc_wf.merge_and_denoise_wf.dwi_denoise_ses_1_dir_AP_run_01_part_mag_dwi_wf.combine_complex" in "/work/qsiprep_1_0_wf/sub_24696_ses_1_wf/dwi_preproc_ses_1_dir_AP_run_01_part_mag_wf/pre_hmc_wf/merge_and_denoise_wf/dwi_denoise_ses_1_dir_AP_run_01_part_mag_dwi_wf/combine_complex".
250304-11:14:30,839 nipype.workflow INFO:
	 [Node] Executing "combine_complex" <qsiprep.interfaces.mrtrix.PolarToComplex>
250304-11:15:54,383 nipype.workflow INFO:
	 [Node] Finished "combine_complex", elapsed time 83.542678s.
250304-11:15:54,906 nipype.workflow INFO:
	 [Node] Setting-up "qsiprep_1_0_wf.sub_24696_ses_1_wf.dwi_preproc_ses_1_dir_AP_run_01_part_mag_wf.test_pre_hmc_connect" in "/work/qsiprep_1_0_wf/sub_24696_ses_1_wf/dwi_preproc_ses_1_dir_AP_run_01_part_mag_wf/test_pre_hmc_connect".
250304-11:15:54,907 nipype.workflow INFO:
	 [Node] Setting-up "qsiprep_1_0_wf.sub_24696_ses_1_wf.anat_preproc_wf.output_grid_wf.resample_to_voxel_size" in "/work/qsiprep_1_0_wf/sub_24696_ses_1_wf/anat_preproc_wf/output_grid_wf/resample_to_voxel_size".
250304-11:15:54,912 nipype.workflow INFO:
	 [Node] Executing "resample_to_voxel_size" <nipype.interfaces.afni.utils.Resample>
250304-11:15:54,941 nipype.workflow INFO:
	 [Node] Executing "test_pre_hmc_connect" <qsiprep.interfaces.utils.TestInput>
250304-11:15:54,942 nipype.workflow INFO:
	 [Node] Finished "test_pre_hmc_connect", elapsed time 3.6e-05s.
250304-11:15:54,942 nipype.workflow WARNING:
	 Storing result file without outputs
250304-11:15:55,165 nipype.workflow INFO:
	 [Node] Finished "resample_to_voxel_size", elapsed time 0.251949s.
250304-11:15:56,911 nipype.workflow INFO:
	 [Node] Setting-up "qsiprep_1_0_wf.sub_24696_ses_1_wf.dwi_preproc_ses_1_dir_AP_run_01_part_mag_wf.pre_hmc_wf.merge_and_denoise_wf.dwi_denoise_ses_1_dir_AP_run_01_part_mag_dwi_wf.denoiser" in "/work/qsiprep_1_0_wf/sub_24696_ses_1_wf/dwi_preproc_ses_1_dir_AP_run_01_part_mag_wf/pre_hmc_wf/merge_and_denoise_wf/dwi_denoise_ses_1_dir_AP_run_01_part_mag_dwi_wf/denoiser".
250304-11:15:56,915 nipype.workflow INFO:
	 [Node] Executing "denoiser" <qsiprep.interfaces.mrtrix.DWIDenoise>
250304-11:17:29,667 nipype.interface INFO:
	 Generating denoising visual report
250304-11:18:28,511 nipype.workflow INFO:
	 [Node] Finished "denoiser", elapsed time 151.460225s.
250304-11:18:29,468 nipype.workflow INFO:
	 [Node] Setting-up "qsiprep_1_0_wf.sub_24696_ses_1_wf.dwi_preproc_ses_1_dir_AP_run_01_part_mag_wf.pre_hmc_wf.merge_and_denoise_wf.dwi_denoise_ses_1_dir_AP_run_01_part_mag_dwi_wf.merge_confounds" in "/work/qsiprep_1_0_wf/sub_24696_ses_1_wf/dwi_preproc_ses_1_dir_AP_run_01_part_mag_wf/pre_hmc_wf/merge_and_denoise_wf/dwi_denoise_ses_1_dir_AP_run_01_part_mag_dwi_wf/merge_confounds".
250304-11:18:29,494 nipype.workflow INFO:
	 [Node] Executing "merge_confounds" <nipype.interfaces.utility.base.Merge>
250304-11:18:29,494 nipype.workflow INFO:
	 [Node] Finished "merge_confounds", elapsed time 0.00017s.
250304-11:18:31,486 nipype.workflow INFO:
	 [Node] Setting-up "qsiprep_1_0_wf.sub_24696_ses_1_wf.dwi_preproc_ses_1_dir_AP_run_01_part_mag_wf.pre_hmc_wf.merge_and_denoise_wf.dwi_denoise_ses_1_dir_AP_run_01_part_mag_dwi_wf.split_complex" in "/work/qsiprep_1_0_wf/sub_24696_ses_1_wf/dwi_preproc_ses_1_dir_AP_run_01_part_mag_wf/pre_hmc_wf/merge_and_denoise_wf/dwi_denoise_ses_1_dir_AP_run_01_part_mag_dwi_wf/split_complex".
250304-11:18:31,491 nipype.workflow INFO:
	 [Node] Executing "split_complex" <qsiprep.interfaces.mrtrix.ComplexToMagnitude>
250304-11:19:22,212 nipype.workflow INFO:
	 [Node] Finished "split_complex", elapsed time 50.719749s.
250304-11:19:23,297 nipype.workflow INFO:
	 [Node] Setting-up "qsiprep_1_0_wf.sub_24696_ses_1_wf.dwi_preproc_ses_1_dir_AP_run_01_part_mag_wf.pre_hmc_wf.merge_and_denoise_wf.conformed_images" in "/work/qsiprep_1_0_wf/sub_24696_ses_1_wf/dwi_preproc_ses_1_dir_AP_run_01_part_mag_wf/pre_hmc_wf/merge_and_denoise_wf/conformed_images".
250304-11:19:23,327 nipype.workflow INFO:
	 [Node] Executing "conformed_images" <nipype.interfaces.utility.base.Merge>
250304-11:19:23,328 nipype.workflow INFO:
	 [Node] Finished "conformed_images", elapsed time 0.000195s.
250304-11:19:23,697 nipype.workflow INFO:
	 [Node] Setting-up "qsiprep_1_0_wf.sub_24696_ses_1_wf.dwi_preproc_ses_1_dir_AP_run_01_part_mag_wf.pre_hmc_wf.merge_and_denoise_wf.dwi_denoise_ses_1_dir_AP_run_01_part_mag_dwi_wf.hstack_confounds" in "/work/qsiprep_1_0_wf/sub_24696_ses_1_wf/dwi_preproc_ses_1_dir_AP_run_01_part_mag_wf/pre_hmc_wf/merge_and_denoise_wf/dwi_denoise_ses_1_dir_AP_run_01_part_mag_dwi_wf/hstack_confounds".
250304-11:19:23,701 nipype.workflow INFO:
	 [Node] Executing "hstack_confounds" <qsiprep.interfaces.dwi_merge.StackConfounds>
250304-11:19:23,711 nipype.workflow INFO:
	 [Node] Finished "hstack_confounds", elapsed time 0.009341s.
250304-11:19:25,295 nipype.workflow INFO:
	 [Node] Setting-up "qsiprep_1_0_wf.sub_24696_ses_1_wf.dwi_preproc_ses_1_dir_AP_run_01_part_mag_wf.pre_hmc_wf.merge_and_denoise_wf.denoising_confounds" in "/work/qsiprep_1_0_wf/sub_24696_ses_1_wf/dwi_preproc_ses_1_dir_AP_run_01_part_mag_wf/pre_hmc_wf/merge_and_denoise_wf/denoising_confounds".
250304-11:19:25,299 nipype.workflow INFO:
	 [Node] Executing "denoising_confounds" <nipype.interfaces.utility.base.Merge>
250304-11:19:25,300 nipype.workflow INFO:
	 [Node] Finished "denoising_confounds", elapsed time 0.000175s.
250304-11:19:27,690 nipype.workflow INFO:
	 [Node] Setting-up "qsiprep_1_0_wf.sub_24696_ses_1_wf.dwi_preproc_ses_1_dir_AP_run_01_part_mag_wf.pre_hmc_wf.merge_and_denoise_wf.merge_dwis" in "/work/qsiprep_1_0_wf/sub_24696_ses_1_wf/dwi_preproc_ses_1_dir_AP_run_01_part_mag_wf/pre_hmc_wf/merge_and_denoise_wf/merge_dwis".
250304-11:19:27,699 nipype.workflow INFO:
	 [Node] Executing "merge_dwis" <qsiprep.interfaces.dwi_merge.MergeDWIs>
250304-11:19:27,699 nipype.workflow WARNING:
	 [Node] Error on "qsiprep_1_0_wf.sub_24696_ses_1_wf.dwi_preproc_ses_1_dir_AP_run_01_part_mag_wf.pre_hmc_wf.merge_and_denoise_wf.merge_dwis" (/work/qsiprep_1_0_wf/sub_24696_ses_1_wf/dwi_preproc_ses_1_dir_AP_run_01_part_mag_wf/pre_hmc_wf/merge_and_denoise_wf/merge_dwis)
